{"numTotalTestSuites":74,"numPassedTestSuites":74,"numFailedTestSuites":0,"numPendingTestSuites":0,"numTotalTests":130,"numPassedTests":130,"numFailedTests":0,"numPendingTests":0,"numTodoTests":0,"snapshot":{"added":0,"failure":false,"filesAdded":0,"filesRemoved":0,"filesRemovedList":[],"filesUnmatched":0,"filesUpdated":0,"matched":0,"total":0,"unchecked":0,"uncheckedKeysByFile":[],"unmatched":0,"updated":0,"didUpdate":false},"startTime":1771775356118,"success":true,"testResults":[{"assertionResults":[{"ancestorTitles":["Audit Logs Actions","getAuditLogsAction"],"fullName":"Audit Logs Actions getAuditLogsAction should return paginated audit logs successfully","status":"passed","title":"should return paginated audit logs successfully","duration":6.686000000000604,"failureMessages":[],"meta":{}},{"ancestorTitles":["Audit Logs Actions","getAuditLogsAction"],"fullName":"Audit Logs Actions getAuditLogsAction should apply filters to the query","status":"passed","title":"should apply filters to the query","duration":2.94800000000032,"failureMessages":[],"meta":{}},{"ancestorTitles":["Audit Logs Actions","getAuditLogsAction"],"fullName":"Audit Logs Actions getAuditLogsAction should handle unauthenticated user","status":"passed","title":"should handle unauthenticated user","duration":0.662399999999252,"failureMessages":[],"meta":{}},{"ancestorTitles":["Audit Logs Actions","getAuditLogsAction"],"fullName":"Audit Logs Actions getAuditLogsAction should enforce permission check","status":"passed","title":"should enforce permission check","duration":7.77599999999984,"failureMessages":[],"meta":{}},{"ancestorTitles":["Audit Logs Actions","getAuditTableNamesAction"],"fullName":"Audit Logs Actions getAuditTableNamesAction should return distinct table names","status":"passed","title":"should return distinct table names","duration":2.1765999999997803,"failureMessages":[],"meta":{}},{"ancestorTitles":["Audit Logs Actions","getAuditTableNamesAction"],"fullName":"Audit Logs Actions getAuditTableNamesAction should enforce permission check","status":"passed","title":"should enforce permission check","duration":1.4501000000000204,"failureMessages":[],"meta":{}}],"startTime":1771775361261,"endTime":1771775361283.4502,"status":"passed","message":"","name":"C:/Users/bigey/Documents/Antigravity/L2C/src/features/settings/__tests__/audit-logs.test.ts"},{"assertionResults":[{"ancestorTitles":["Channel Actions - Task 4: Channel CRUD & Cascade Delete","getChannelCategories"],"fullName":"Channel Actions - Task 4: Channel CRUD & Cascade Delete getChannelCategories 应该返回所有顶级渠道分类","status":"passed","title":"应该返回所有顶级渠道分类","duration":4.80409999999938,"failureMessages":[],"meta":{}},{"ancestorTitles":["Channel Actions - Task 4: Channel CRUD & Cascade Delete","getChannels"],"fullName":"Channel Actions - Task 4: Channel CRUD & Cascade Delete getChannels 应该返回当前租户的渠道列表","status":"passed","title":"应该返回当前租户的渠道列表","duration":1.604099999999562,"failureMessages":[],"meta":{}},{"ancestorTitles":["Channel Actions - Task 4: Channel CRUD & Cascade Delete","createChannel"],"fullName":"Channel Actions - Task 4: Channel CRUD & Cascade Delete createChannel 有效数据应成功创建渠道","status":"passed","title":"有效数据应成功创建渠道","duration":3.4551999999994223,"failureMessages":[],"meta":{}},{"ancestorTitles":["Channel Actions - Task 4: Channel CRUD & Cascade Delete","createChannel"],"fullName":"Channel Actions - Task 4: Channel CRUD & Cascade Delete createChannel 无权限应返回错误","status":"passed","title":"无权限应返回错误","duration":0.7516000000005079,"failureMessages":[],"meta":{}},{"ancestorTitles":["Channel Actions - Task 4: Channel CRUD & Cascade Delete","deleteChannel"],"fullName":"Channel Actions - Task 4: Channel CRUD & Cascade Delete deleteChannel 存在子渠道时应禁止删除","status":"passed","title":"存在子渠道时应禁止删除","duration":1.4119000000000597,"failureMessages":[],"meta":{}},{"ancestorTitles":["Channel Actions - Task 4: Channel CRUD & Cascade Delete","deleteChannel"],"fullName":"Channel Actions - Task 4: Channel CRUD & Cascade Delete deleteChannel 无子渠道且存在时应成功删除","status":"passed","title":"无子渠道且存在时应成功删除","duration":4.580500000000029,"failureMessages":[],"meta":{}},{"ancestorTitles":["Channel Actions - Task 4: Channel CRUD & Cascade Delete","deleteChannel"],"fullName":"Channel Actions - Task 4: Channel CRUD & Cascade Delete deleteChannel 渠道不存在时应返回错误","status":"passed","title":"渠道不存在时应返回错误","duration":0.5540000000000873,"failureMessages":[],"meta":{}}],"startTime":1771775361191,"endTime":1771775361209.554,"status":"passed","message":"","name":"C:/Users/bigey/Documents/Antigravity/L2C/src/features/settings/__tests__/channel-actions.test.ts"},{"assertionResults":[{"ancestorTitles":["Invite Actions","createEmployeeInviteLink"],"fullName":"Invite Actions createEmployeeInviteLink should create link successfully","status":"passed","title":"should create link successfully","duration":7.6828999999997905,"failureMessages":[],"meta":{}},{"ancestorTitles":["Invite Actions","createEmployeeInviteLink"],"fullName":"Invite Actions createEmployeeInviteLink should handle unauthenticated session","status":"passed","title":"should handle unauthenticated session","duration":0.7494000000001506,"failureMessages":[],"meta":{}},{"ancestorTitles":["Invite Actions","createEmployeeInviteLink"],"fullName":"Invite Actions createEmployeeInviteLink should handle unauthorized user","status":"passed","title":"should handle unauthorized user","duration":1.419499999999971,"failureMessages":[],"meta":{}},{"ancestorTitles":["Invite Actions","createEmployeeInviteLink"],"fullName":"Invite Actions createEmployeeInviteLink should handle link generation error","status":"passed","title":"should handle link generation error","duration":13.792500000000018,"failureMessages":[],"meta":{}},{"ancestorTitles":["Invite Actions","createCustomerInviteLink"],"fullName":"Invite Actions createCustomerInviteLink should create link successfully","status":"passed","title":"should create link successfully","duration":0.8924999999999272,"failureMessages":[],"meta":{}},{"ancestorTitles":["Invite Actions","createCustomerInviteLink"],"fullName":"Invite Actions createCustomerInviteLink should handle unauthenticated session","status":"passed","title":"should handle unauthenticated session","duration":0.7011999999999716,"failureMessages":[],"meta":{}},{"ancestorTitles":["Invite Actions","createCustomerInviteLink"],"fullName":"Invite Actions createCustomerInviteLink should handle link generation error","status":"passed","title":"should handle link generation error","duration":2.0241000000000895,"failureMessages":[],"meta":{}},{"ancestorTitles":["Invite Actions","validateInviteToken"],"fullName":"Invite Actions validateInviteToken should validate correctly","status":"passed","title":"should validate correctly","duration":2.1887000000001535,"failureMessages":[],"meta":{}},{"ancestorTitles":["Invite Actions","validateInviteToken"],"fullName":"Invite Actions validateInviteToken should handle verification failure","status":"passed","title":"should handle verification failure","duration":0.5505000000002838,"failureMessages":[],"meta":{}},{"ancestorTitles":["Invite Actions","registerEmployee"],"fullName":"Invite Actions registerEmployee should register successfully","status":"passed","title":"should register successfully","duration":9.676100000000133,"failureMessages":[],"meta":{}},{"ancestorTitles":["Invite Actions","registerEmployee"],"fullName":"Invite Actions registerEmployee should handle validation error","status":"passed","title":"should handle validation error","duration":2.2300999999997657,"failureMessages":[],"meta":{}},{"ancestorTitles":["Invite Actions","registerCustomer"],"fullName":"Invite Actions registerCustomer should register sequence correctly","status":"passed","title":"should register sequence correctly","duration":1.2183999999997468,"failureMessages":[],"meta":{}},{"ancestorTitles":["Invite Actions","registerCustomer"],"fullName":"Invite Actions registerCustomer should handle schema validation error","status":"passed","title":"should handle schema validation error","duration":0.7605000000003201,"failureMessages":[],"meta":{}}],"startTime":1771775359451,"endTime":1771775359496.7605,"status":"passed","message":"","name":"C:/Users/bigey/Documents/Antigravity/L2C/src/features/settings/__tests__/invite.test.ts"},{"assertionResults":[{"ancestorTitles":["PreferenceActions","getUserPreferences"],"fullName":"PreferenceActions getUserPreferences 应成功获取用户偏好","status":"passed","title":"应成功获取用户偏好","duration":4.7862999999997555,"failureMessages":[],"meta":{}},{"ancestorTitles":["PreferenceActions","getUserPreferences"],"fullName":"PreferenceActions getUserPreferences 当用户无偏好时应返回默认值","status":"passed","title":"当用户无偏好时应返回默认值","duration":0.5021999999999025,"failureMessages":[],"meta":{}},{"ancestorTitles":["PreferenceActions","getUserPreferences"],"fullName":"PreferenceActions getUserPreferences 未登录时应返回默认值","status":"passed","title":"未登录时应返回默认值","duration":0.2476000000001477,"failureMessages":[],"meta":{}},{"ancestorTitles":["PreferenceActions","getUserPreferences"],"fullName":"PreferenceActions getUserPreferences DB 查询异常时应返回默认值并记录错误","status":"passed","title":"DB 查询异常时应返回默认值并记录错误","duration":0.841899999999896,"failureMessages":[],"meta":{}},{"ancestorTitles":["PreferenceActions","updateUserPreferences"],"fullName":"PreferenceActions updateUserPreferences 应成功更新用户偏好并记录审计","status":"passed","title":"应成功更新用户偏好并记录审计","duration":6.541699999999764,"failureMessages":[],"meta":{}},{"ancestorTitles":["PreferenceActions","updateUserPreferences"],"fullName":"PreferenceActions updateUserPreferences 未登录时应返回未授权错误","status":"passed","title":"未登录时应返回未授权错误","duration":0.743199999999888,"failureMessages":[],"meta":{}},{"ancestorTitles":["PreferenceActions","updateUserPreferences"],"fullName":"PreferenceActions updateUserPreferences 输入参数格式错误应被 Zod 拦截","status":"passed","title":"输入参数格式错误应被 Zod 拦截","duration":1.9594999999999345,"failureMessages":[],"meta":{}},{"ancestorTitles":["PreferenceActions","updateUserPreferences"],"fullName":"PreferenceActions updateUserPreferences 更新失败时应返回错误信息","status":"passed","title":"更新失败时应返回错误信息","duration":0.6885999999999513,"failureMessages":[],"meta":{}}],"startTime":1771775359374,"endTime":1771775359391.6887,"status":"passed","message":"","name":"C:/Users/bigey/Documents/Antigravity/L2C/src/features/settings/__tests__/preference-actions.test.ts"},{"assertionResults":[{"ancestorTitles":["ProfileActions","updateProfile"],"fullName":"ProfileActions updateProfile 应成功更新个人信息并记录审计","status":"passed","title":"应成功更新个人信息并记录审计","duration":12.827000000000226,"failureMessages":[],"meta":{}},{"ancestorTitles":["ProfileActions","updateProfile"],"fullName":"ProfileActions updateProfile 手机号冲突时应返回错误","status":"passed","title":"手机号冲突时应返回错误","duration":0.8936000000003332,"failureMessages":[],"meta":{}},{"ancestorTitles":["ProfileActions","updateProfile"],"fullName":"ProfileActions updateProfile 未登录时应被拦截","status":"passed","title":"未登录时应被拦截","duration":0.33849999999983993,"failureMessages":[],"meta":{}},{"ancestorTitles":["ProfileActions","changePassword"],"fullName":"ProfileActions changePassword 应成功修改密码","status":"passed","title":"应成功修改密码","duration":1.6025999999997111,"failureMessages":[],"meta":{}},{"ancestorTitles":["ProfileActions","changePassword"],"fullName":"ProfileActions changePassword 旧密码错误时应返回错误","status":"passed","title":"旧密码错误时应返回错误","duration":0.41140000000041255,"failureMessages":[],"meta":{}},{"ancestorTitles":["ProfileActions","changePassword"],"fullName":"ProfileActions changePassword 新旧密码相同时应被 Zod 拦截","status":"passed","title":"新旧密码相同时应被 Zod 拦截","duration":1.0625,"failureMessages":[],"meta":{}},{"ancestorTitles":["ProfileActions","changePassword"],"fullName":"ProfileActions changePassword 确认密码不一致应被 Zod 拦截","status":"passed","title":"确认密码不一致应被 Zod 拦截","duration":0.5918000000001484,"failureMessages":[],"meta":{}}],"startTime":1771775359419,"endTime":1771775359437.5918,"status":"passed","message":"","name":"C:/Users/bigey/Documents/Antigravity/L2C/src/features/settings/__tests__/profile-actions.test.ts"},{"assertionResults":[{"ancestorTitles":["Quote Config Actions","getQuoteModeConfig"],"fullName":"Quote Config Actions getQuoteModeConfig should return default config if none set","status":"passed","title":"should return default config if none set","duration":4.089300000000549,"failureMessages":[],"meta":{}},{"ancestorTitles":["Quote Config Actions","getQuoteModeConfig"],"fullName":"Quote Config Actions getQuoteModeConfig should return tenant specific config if set","status":"passed","title":"should return tenant specific config if set","duration":0.4052000000001499,"failureMessages":[],"meta":{}},{"ancestorTitles":["Quote Config Actions","getQuoteModeConfig"],"fullName":"Quote Config Actions getQuoteModeConfig should handle missing tenant info","status":"passed","title":"should handle missing tenant info","duration":0.4107000000003609,"failureMessages":[],"meta":{}},{"ancestorTitles":["Quote Config Actions","getQuoteModeConfig"],"fullName":"Quote Config Actions getQuoteModeConfig should handle tenant not found","status":"passed","title":"should handle tenant not found","duration":0.2327000000004773,"failureMessages":[],"meta":{}},{"ancestorTitles":["Quote Config Actions","saveQuoteModeConfig"],"fullName":"Quote Config Actions saveQuoteModeConfig should save config successfully","status":"passed","title":"should save config successfully","duration":3.106499999999869,"failureMessages":[],"meta":{}},{"ancestorTitles":["Quote Config Actions","saveQuoteModeConfig"],"fullName":"Quote Config Actions saveQuoteModeConfig should validate input config","status":"passed","title":"should validate input config","duration":1.5893000000005486,"failureMessages":[],"meta":{}},{"ancestorTitles":["Quote Config Actions","saveQuoteModeConfig"],"fullName":"Quote Config Actions saveQuoteModeConfig should handle unauthorized user","status":"passed","title":"should handle unauthorized user","duration":0.49139999999988504,"failureMessages":[],"meta":{}},{"ancestorTitles":["Quote Config Actions","saveQuoteModeConfig"],"fullName":"Quote Config Actions saveQuoteModeConfig should handle missing tenant info","status":"passed","title":"should handle missing tenant info","duration":0.24049999999988358,"failureMessages":[],"meta":{}}],"startTime":1771775361315,"endTime":1771775361326.4915,"status":"passed","message":"","name":"C:/Users/bigey/Documents/Antigravity/L2C/src/features/settings/__tests__/quote-config-actions.test.ts"},{"assertionResults":[{"ancestorTitles":["ReminderActions","getReminderRules"],"fullName":"ReminderActions getReminderRules 应返回规则列表","status":"passed","title":"应返回规则列表","duration":5.559600000000046,"failureMessages":[],"meta":{}},{"ancestorTitles":["ReminderActions","getReminderRules"],"fullName":"ReminderActions getReminderRules 规则不存在时返回空数组","status":"passed","title":"规则不存在时返回空数组","duration":2.02370000000019,"failureMessages":[],"meta":{}},{"ancestorTitles":["ReminderActions","createReminderRule"],"fullName":"ReminderActions createReminderRule 应成功创建提醒规则","status":"passed","title":"应成功创建提醒规则","duration":2.4679000000000997,"failureMessages":[],"meta":{}},{"ancestorTitles":["ReminderActions","createReminderRule"],"fullName":"ReminderActions createReminderRule 未授权时应返回错误","status":"passed","title":"未授权时应返回错误","duration":0.3439000000003034,"failureMessages":[],"meta":{}},{"ancestorTitles":["ReminderActions","updateReminderRule"],"fullName":"ReminderActions updateReminderRule 应成功更新提醒规则","status":"passed","title":"应成功更新提醒规则","duration":0.9039999999999964,"failureMessages":[],"meta":{}},{"ancestorTitles":["ReminderActions","updateReminderRule"],"fullName":"ReminderActions updateReminderRule 规则不存在时应返回错误","status":"passed","title":"规则不存在时应返回错误","duration":0.6158999999997832,"failureMessages":[],"meta":{}},{"ancestorTitles":["ReminderActions","deleteReminderRule"],"fullName":"ReminderActions deleteReminderRule 应成功删除提醒规则","status":"passed","title":"应成功删除提醒规则","duration":0.7324000000003252,"failureMessages":[],"meta":{}}],"startTime":1771775360075,"endTime":1771775360088.7324,"status":"passed","message":"","name":"C:/Users/bigey/Documents/Antigravity/L2C/src/features/settings/__tests__/reminder-actions.test.ts"},{"assertionResults":[{"ancestorTitles":["RolesManagement Actions","getRolesAction"],"fullName":"RolesManagement Actions getRolesAction 应返回租户下所有角色","status":"passed","title":"应返回租户下所有角色","duration":4.486499999999978,"failureMessages":[],"meta":{}},{"ancestorTitles":["RolesManagement Actions","getRolesAction"],"fullName":"RolesManagement Actions getRolesAction 未授权时应抛出错误","status":"passed","title":"未授权时应抛出错误","duration":2.317599999999402,"failureMessages":[],"meta":{}},{"ancestorTitles":["RolesManagement Actions","createRole"],"fullName":"RolesManagement Actions createRole 应成功创建自定义角色","status":"passed","title":"应成功创建自定义角色","duration":3.7403999999996813,"failureMessages":[],"meta":{}},{"ancestorTitles":["RolesManagement Actions","createRole"],"fullName":"RolesManagement Actions createRole 角色代码重复时应返回错误","status":"passed","title":"角色代码重复时应返回错误","duration":9.690800000000309,"failureMessages":[],"meta":{}},{"ancestorTitles":["RolesManagement Actions","createRole"],"fullName":"RolesManagement Actions createRole 无效权限代码应返回错误","status":"passed","title":"无效权限代码应返回错误","duration":0.632499999999709,"failureMessages":[],"meta":{}},{"ancestorTitles":["RolesManagement Actions","updateRole"],"fullName":"RolesManagement Actions updateRole 应成功更新自定义角色","status":"passed","title":"应成功更新自定义角色","duration":1.1585000000004584,"failureMessages":[],"meta":{}},{"ancestorTitles":["RolesManagement Actions","updateRole"],"fullName":"RolesManagement Actions updateRole 角色不存在时应返回错误","status":"passed","title":"角色不存在时应返回错误","duration":0.5111000000006243,"failureMessages":[],"meta":{}},{"ancestorTitles":["RolesManagement Actions","deleteRole"],"fullName":"RolesManagement Actions deleteRole 应成功删除自定义角色","status":"passed","title":"应成功删除自定义角色","duration":1.1739000000006854,"failureMessages":[],"meta":{}},{"ancestorTitles":["RolesManagement Actions","deleteRole"],"fullName":"RolesManagement Actions deleteRole 系统角色不能删除","status":"passed","title":"系统角色不能删除","duration":1.436200000000099,"failureMessages":[],"meta":{}}],"startTime":1771775361315,"endTime":1771775361341.4363,"status":"passed","message":"","name":"C:/Users/bigey/Documents/Antigravity/L2C/src/features/settings/__tests__/roles-management.test.ts"},{"assertionResults":[{"ancestorTitles":["Roles Actions"],"fullName":"Roles Actions should return available roles from database","status":"passed","title":"should return available roles from database","duration":4.603399999999965,"failureMessages":[],"meta":{}},{"ancestorTitles":["Roles Actions"],"fullName":"Roles Actions should initialize default roles if none exist","status":"passed","title":"should initialize default roles if none exist","duration":2.5609999999996944,"failureMessages":[],"meta":{}},{"ancestorTitles":["Roles Actions"],"fullName":"Roles Actions should handle unauthenticated user","status":"passed","title":"should handle unauthenticated user","duration":0.24899999999979627,"failureMessages":[],"meta":{}},{"ancestorTitles":["Roles Actions"],"fullName":"Roles Actions should handle database error gracefully","status":"passed","title":"should handle database error gracefully","duration":4.821600000000217,"failureMessages":[],"meta":{}}],"startTime":1771775361226,"endTime":1771775361238.8215,"status":"passed","message":"","name":"C:/Users/bigey/Documents/Antigravity/L2C/src/features/settings/__tests__/roles.test.ts"},{"assertionResults":[{"ancestorTitles":["SystemSettingsActions - Task 1: 纯函数单元测试","parseSettingValue"],"fullName":"SystemSettingsActions - Task 1: 纯函数单元测试 parseSettingValue 应将 \"true\" 解析为 boolean true","status":"passed","title":"应将 \"true\" 解析为 boolean true","duration":2.726300000000265,"failureMessages":[],"meta":{}},{"ancestorTitles":["SystemSettingsActions - Task 1: 纯函数单元测试","parseSettingValue"],"fullName":"SystemSettingsActions - Task 1: 纯函数单元测试 parseSettingValue 应将 \"false\" 解析为 boolean false","status":"passed","title":"应将 \"false\" 解析为 boolean false","duration":0.2397000000000844,"failureMessages":[],"meta":{}},{"ancestorTitles":["SystemSettingsActions - Task 1: 纯函数单元测试","parseSettingValue"],"fullName":"SystemSettingsActions - Task 1: 纯函数单元测试 parseSettingValue 应将数字字符串解析为 INTEGER","status":"passed","title":"应将数字字符串解析为 INTEGER","duration":0.1663999999996122,"failureMessages":[],"meta":{}},{"ancestorTitles":["SystemSettingsActions - Task 1: 纯函数单元测试","parseSettingValue"],"fullName":"SystemSettingsActions - Task 1: 纯函数单元测试 parseSettingValue 应将小数字符串解析为 DECIMAL","status":"passed","title":"应将小数字符串解析为 DECIMAL","duration":0.2877000000003136,"failureMessages":[],"meta":{}},{"ancestorTitles":["SystemSettingsActions - Task 1: 纯函数单元测试","parseSettingValue"],"fullName":"SystemSettingsActions - Task 1: 纯函数单元测试 parseSettingValue 应将 JSON 字符串解析为对象","status":"passed","title":"应将 JSON 字符串解析为对象","duration":1.2033999999998741,"failureMessages":[],"meta":{}},{"ancestorTitles":["SystemSettingsActions - Task 1: 纯函数单元测试","parseSettingValue"],"fullName":"SystemSettingsActions - Task 1: 纯函数单元测试 parseSettingValue 应在 JSON 解析失败时返回原始字符串","status":"passed","title":"应在 JSON 解析失败时返回原始字符串","duration":0.24659999999994398,"failureMessages":[],"meta":{}},{"ancestorTitles":["SystemSettingsActions - Task 1: 纯函数单元测试","parseSettingValue"],"fullName":"SystemSettingsActions - Task 1: 纯函数单元测试 parseSettingValue 应将 ENUM 值原样返回","status":"passed","title":"应将 ENUM 值原样返回","duration":0.15180000000009386,"failureMessages":[],"meta":{}},{"ancestorTitles":["SystemSettingsActions - Task 1: 纯函数单元测试","parseSettingValue"],"fullName":"SystemSettingsActions - Task 1: 纯函数单元测试 parseSettingValue 应将未知类型原样返回","status":"passed","title":"应将未知类型原样返回","duration":0.15619999999989886,"failureMessages":[],"meta":{}},{"ancestorTitles":["SystemSettingsActions - Task 1: 纯函数单元测试","validateValueType"],"fullName":"SystemSettingsActions - Task 1: 纯函数单元测试 validateValueType 应接受 boolean 类型的 BOOLEAN 值","status":"passed","title":"应接受 boolean 类型的 BOOLEAN 值","duration":0.25540000000000873,"failureMessages":[],"meta":{}},{"ancestorTitles":["SystemSettingsActions - Task 1: 纯函数单元测试","validateValueType"],"fullName":"SystemSettingsActions - Task 1: 纯函数单元测试 validateValueType 应拒绝非 boolean 类型的 BOOLEAN 值","status":"passed","title":"应拒绝非 boolean 类型的 BOOLEAN 值","duration":0.17599999999993088,"failureMessages":[],"meta":{}},{"ancestorTitles":["SystemSettingsActions - Task 1: 纯函数单元测试","validateValueType"],"fullName":"SystemSettingsActions - Task 1: 纯函数单元测试 validateValueType 应接受整数的 INTEGER 值","status":"passed","title":"应接受整数的 INTEGER 值","duration":0.13909999999987122,"failureMessages":[],"meta":{}},{"ancestorTitles":["SystemSettingsActions - Task 1: 纯函数单元测试","validateValueType"],"fullName":"SystemSettingsActions - Task 1: 纯函数单元测试 validateValueType 应拒绝小数的 INTEGER 值","status":"passed","title":"应拒绝小数的 INTEGER 值","duration":0.1275999999998021,"failureMessages":[],"meta":{}},{"ancestorTitles":["SystemSettingsActions - Task 1: 纯函数单元测试","validateValueType"],"fullName":"SystemSettingsActions - Task 1: 纯函数单元测试 validateValueType 应接受数字的 DECIMAL 值","status":"passed","title":"应接受数字的 DECIMAL 值","duration":0.125,"failureMessages":[],"meta":{}},{"ancestorTitles":["SystemSettingsActions - Task 1: 纯函数单元测试","validateValueType"],"fullName":"SystemSettingsActions - Task 1: 纯函数单元测试 validateValueType 应拒绝非数字的 DECIMAL 值","status":"passed","title":"应拒绝非数字的 DECIMAL 值","duration":0.12279999999964275,"failureMessages":[],"meta":{}},{"ancestorTitles":["SystemSettingsActions - Task 1: 纯函数单元测试","validateValueType"],"fullName":"SystemSettingsActions - Task 1: 纯函数单元测试 validateValueType 应接受对象和字符串的 JSON 值","status":"passed","title":"应接受对象和字符串的 JSON 值","duration":0.15999999999985448,"failureMessages":[],"meta":{}},{"ancestorTitles":["SystemSettingsActions - Task 1: 纯函数单元测试","validateValueType"],"fullName":"SystemSettingsActions - Task 1: 纯函数单元测试 validateValueType 应接受字符串的 ENUM 值","status":"passed","title":"应接受字符串的 ENUM 值","duration":0.12380000000030122,"failureMessages":[],"meta":{}},{"ancestorTitles":["SystemSettingsActions - Task 1: 纯函数单元测试","validateValueType"],"fullName":"SystemSettingsActions - Task 1: 纯函数单元测试 validateValueType 应对未知类型返回 true","status":"passed","title":"应对未知类型返回 true","duration":0.12550000000010186,"failureMessages":[],"meta":{}},{"ancestorTitles":["SystemSettingsActions - Task 1: 纯函数单元测试","getSettingsByCategory"],"fullName":"SystemSettingsActions - Task 1: 纯函数单元测试 getSettingsByCategory 应返回按 key 分组的配置","status":"passed","title":"应返回按 key 分组的配置","duration":2.2962000000002263,"failureMessages":[],"meta":{}},{"ancestorTitles":["SystemSettingsActions - Task 1: 纯函数单元测试","getSettingsByCategory"],"fullName":"SystemSettingsActions - Task 1: 纯函数单元测试 getSettingsByCategory 未授权时应抛出错误","status":"passed","title":"未授权时应抛出错误","duration":2.591200000000299,"failureMessages":[],"meta":{}},{"ancestorTitles":["SystemSettingsActions - Task 1: 纯函数单元测试","getSettingInternal"],"fullName":"SystemSettingsActions - Task 1: 纯函数单元测试 getSettingInternal 应返回已存在的配置值","status":"passed","title":"应返回已存在的配置值","duration":0.6053999999999178,"failureMessages":[],"meta":{}},{"ancestorTitles":["SystemSettingsActions - Task 1: 纯函数单元测试","getSettingInternal"],"fullName":"SystemSettingsActions - Task 1: 纯函数单元测试 getSettingInternal 配置不存在时应回退到默认值","status":"passed","title":"配置不存在时应回退到默认值","duration":0.4113999999999578,"failureMessages":[],"meta":{}},{"ancestorTitles":["SystemSettingsActions - Task 1: 纯函数单元测试","getSetting"],"fullName":"SystemSettingsActions - Task 1: 纯函数单元测试 getSetting 未授权时应抛出错误","status":"passed","title":"未授权时应抛出错误","duration":0.45620000000008076,"failureMessages":[],"meta":{}},{"ancestorTitles":["SystemSettingsActions - Task 1: 纯函数单元测试","initTenantSettings"],"fullName":"SystemSettingsActions - Task 1: 纯函数单元测试 initTenantSettings 已有配置时应跳过初始化","status":"passed","title":"已有配置时应跳过初始化","duration":0.8075000000003456,"failureMessages":[],"meta":{}},{"ancestorTitles":["SystemSettingsActions - Task 1: 纯函数单元测试","getAllSettings"],"fullName":"SystemSettingsActions - Task 1: 纯函数单元测试 getAllSettings 应按分类分组返回配置","status":"passed","title":"应按分类分组返回配置","duration":0.7958000000003267,"failureMessages":[],"meta":{}}],"startTime":1771775360160,"endTime":1771775360175.796,"status":"passed","message":"","name":"C:/Users/bigey/Documents/Antigravity/L2C/src/features/settings/__tests__/system-settings-actions.test.ts"},{"assertionResults":[{"ancestorTitles":["TenantConfig Actions - Task 3: Zod 校验测试","getTenantBusinessConfig"],"fullName":"TenantConfig Actions - Task 3: Zod 校验测试 getTenantBusinessConfig 未授权时应返回默认配置","status":"passed","title":"未授权时应返回默认配置","duration":3.0913999999993393,"failureMessages":[],"meta":{}},{"ancestorTitles":["TenantConfig Actions - Task 3: Zod 校验测试","updateARPaymentConfig"],"fullName":"TenantConfig Actions - Task 3: Zod 校验测试 updateARPaymentConfig 合法配置应更新成功","status":"passed","title":"合法配置应更新成功","duration":3.4736999999995533,"failureMessages":[],"meta":{}},{"ancestorTitles":["TenantConfig Actions - Task 3: Zod 校验测试","updateARPaymentConfig"],"fullName":"TenantConfig Actions - Task 3: Zod 校验测试 updateARPaymentConfig 比例超出范围应校验失败","status":"passed","title":"比例超出范围应校验失败","duration":1.118199999999888,"failureMessages":[],"meta":{}},{"ancestorTitles":["TenantConfig Actions - Task 3: Zod 校验测试","updateARPaymentConfig"],"fullName":"TenantConfig Actions - Task 3: Zod 校验测试 updateARPaymentConfig 未授权时应返回错误","status":"passed","title":"未授权时应返回错误","duration":0.3180999999995038,"failureMessages":[],"meta":{}},{"ancestorTitles":["TenantConfig Actions - Task 3: Zod 校验测试","updateARPaymentConfig"],"fullName":"TenantConfig Actions - Task 3: Zod 校验测试 updateARPaymentConfig 无权限时应返回错误","status":"passed","title":"无权限时应返回错误","duration":0.40460000000075524,"failureMessages":[],"meta":{}},{"ancestorTitles":["TenantConfig Actions - Task 3: Zod 校验测试","updateAPPaymentConfig"],"fullName":"TenantConfig Actions - Task 3: Zod 校验测试 updateAPPaymentConfig 合法 AP 配置应更新成功","status":"passed","title":"合法 AP 配置应更新成功","duration":1.082300000000032,"failureMessages":[],"meta":{}},{"ancestorTitles":["TenantConfig Actions - Task 3: Zod 校验测试","updateAPPaymentConfig"],"fullName":"TenantConfig Actions - Task 3: Zod 校验测试 updateAPPaymentConfig 非法枚举值应校验失败","status":"passed","title":"非法枚举值应校验失败","duration":0.42699999999967986,"failureMessages":[],"meta":{}},{"ancestorTitles":["TenantConfig Actions - Task 3: Zod 校验测试","updateWorkflowModeConfig"],"fullName":"TenantConfig Actions - Task 3: Zod 校验测试 updateWorkflowModeConfig 合法工作流配置应更新成功","status":"passed","title":"合法工作流配置应更新成功","duration":1.2557999999999083,"failureMessages":[],"meta":{}}],"startTime":1771775361274,"endTime":1771775361286.2559,"status":"passed","message":"","name":"C:/Users/bigey/Documents/Antigravity/L2C/src/features/settings/__tests__/tenant-config.test.ts"},{"assertionResults":[{"ancestorTitles":["Tenant Info Actions","getTenantInfo"],"fullName":"Tenant Info Actions getTenantInfo should return tenant info successfully","status":"passed","title":"should return tenant info successfully","duration":3.4307000000007974,"failureMessages":[],"meta":{}},{"ancestorTitles":["Tenant Info Actions","getTenantInfo"],"fullName":"Tenant Info Actions getTenantInfo should handle unauthenticated user","status":"passed","title":"should handle unauthenticated user","duration":0.36079999999947177,"failureMessages":[],"meta":{}},{"ancestorTitles":["Tenant Info Actions","getTenantInfo"],"fullName":"Tenant Info Actions getTenantInfo should handle tenant not found","status":"passed","title":"should handle tenant not found","duration":0.28949999999986176,"failureMessages":[],"meta":{}},{"ancestorTitles":["Tenant Info Actions","updateTenantInfo"],"fullName":"Tenant Info Actions updateTenantInfo should update tenant info successfully","status":"passed","title":"should update tenant info successfully","duration":5.306399999999485,"failureMessages":[],"meta":{}},{"ancestorTitles":["Tenant Info Actions","updateTenantInfo"],"fullName":"Tenant Info Actions updateTenantInfo should validate input","status":"passed","title":"should validate input","duration":1.2538999999997031,"failureMessages":[],"meta":{}},{"ancestorTitles":["Tenant Info Actions","updateTenantInfo"],"fullName":"Tenant Info Actions updateTenantInfo should handle unauthorized user","status":"passed","title":"should handle unauthorized user","duration":0.49359999999978754,"failureMessages":[],"meta":{}},{"ancestorTitles":["Tenant Info Actions","submitVerification"],"fullName":"Tenant Info Actions submitVerification should submit verification successfully","status":"passed","title":"should submit verification successfully","duration":1.437300000000505,"failureMessages":[],"meta":{}},{"ancestorTitles":["Tenant Info Actions","submitVerification"],"fullName":"Tenant Info Actions submitVerification should validate verification input","status":"passed","title":"should validate verification input","duration":0.4738999999999578,"failureMessages":[],"meta":{}},{"ancestorTitles":["Tenant Info Actions","uploadTenantLogo"],"fullName":"Tenant Info Actions uploadTenantLogo should upload logo successfully","status":"passed","title":"should upload logo successfully","duration":4.449499999999716,"failureMessages":[],"meta":{}},{"ancestorTitles":["Tenant Info Actions","uploadTenantLogo"],"fullName":"Tenant Info Actions uploadTenantLogo should reject invalid file type","status":"passed","title":"should reject invalid file type","duration":0.811200000000099,"failureMessages":[],"meta":{}},{"ancestorTitles":["Tenant Info Actions","uploadTenantLogo"],"fullName":"Tenant Info Actions uploadTenantLogo should reject large files","status":"passed","title":"should reject large files","duration":2.642700000000332,"failureMessages":[],"meta":{}},{"ancestorTitles":["Tenant Info Actions","canEditTenantInfo"],"fullName":"Tenant Info Actions canEditTenantInfo should return true if user has permission","status":"passed","title":"should return true if user has permission","duration":0.470499999999447,"failureMessages":[],"meta":{}},{"ancestorTitles":["Tenant Info Actions","canEditTenantInfo"],"fullName":"Tenant Info Actions canEditTenantInfo should return false if checkPermission fails","status":"passed","title":"should return false if checkPermission fails","duration":0.4158999999999651,"failureMessages":[],"meta":{}},{"ancestorTitles":["Tenant Info Actions","getVerificationStatus"],"fullName":"Tenant Info Actions getVerificationStatus should return status successfully","status":"passed","title":"should return status successfully","duration":0.7635000000000218,"failureMessages":[],"meta":{}},{"ancestorTitles":["Tenant Info Actions","uploadBusinessLicense"],"fullName":"Tenant Info Actions uploadBusinessLicense should upload license successfully","status":"passed","title":"should upload license successfully","duration":1.4515000000001237,"failureMessages":[],"meta":{}},{"ancestorTitles":["Tenant Info Actions","uploadBusinessLicense"],"fullName":"Tenant Info Actions uploadBusinessLicense should reject invalid file type for license","status":"passed","title":"should reject invalid file type for license","duration":0.631399999999303,"failureMessages":[],"meta":{}}],"startTime":1771775361283,"endTime":1771775361308.6313,"status":"passed","message":"","name":"C:/Users/bigey/Documents/Antigravity/L2C/src/features/settings/__tests__/tenant-info.test.ts"},{"assertionResults":[{"ancestorTitles":["UserActions","updateUser"],"fullName":"UserActions updateUser 应成功更新用户名称和角色","status":"passed","title":"应成功更新用户名称和角色","duration":7.115399999999681,"failureMessages":[],"meta":{}},{"ancestorTitles":["UserActions","updateUser"],"fullName":"UserActions updateUser 未授权时应返回错误","status":"passed","title":"未授权时应返回错误","duration":0.5928999999996449,"failureMessages":[],"meta":{}},{"ancestorTitles":["UserActions","updateUser"],"fullName":"UserActions updateUser 无权限时应返回错误","status":"passed","title":"无权限时应返回错误","duration":0.4849999999996726,"failureMessages":[],"meta":{}},{"ancestorTitles":["UserActions","updateUser"],"fullName":"UserActions updateUser Zod 校验失败时应返回格式错误","status":"passed","title":"Zod 校验失败时应返回格式错误","duration":0.9652999999998428,"failureMessages":[],"meta":{}},{"ancestorTitles":["UserActions","updateUser"],"fullName":"UserActions updateUser 用户不存在时应返回错误","status":"passed","title":"用户不存在时应返回错误","duration":0.5433000000002721,"failureMessages":[],"meta":{}},{"ancestorTitles":["UserActions","toggleUserActive"],"fullName":"UserActions toggleUserActive 应成功切换用户状态","status":"passed","title":"应成功切换用户状态","duration":0.9224000000003798,"failureMessages":[],"meta":{}},{"ancestorTitles":["UserActions","toggleUserActive"],"fullName":"UserActions toggleUserActive 不能禁用自己","status":"passed","title":"不能禁用自己","duration":0.2565999999997075,"failureMessages":[],"meta":{}},{"ancestorTitles":["UserActions","toggleUserActive"],"fullName":"UserActions toggleUserActive 不能禁用最后一个管理员","status":"passed","title":"不能禁用最后一个管理员","duration":0.5021999999999025,"failureMessages":[],"meta":{}},{"ancestorTitles":["UserActions","deleteUser"],"fullName":"UserActions deleteUser 应执行软删除","status":"passed","title":"应执行软删除","duration":0.816899999999805,"failureMessages":[],"meta":{}},{"ancestorTitles":["UserActions","deleteUser"],"fullName":"UserActions deleteUser 不能删除自己","status":"passed","title":"不能删除自己","duration":0.2583999999997104,"failureMessages":[],"meta":{}},{"ancestorTitles":["UserActions","deleteUser"],"fullName":"UserActions deleteUser 不能删除最后一个管理员","status":"passed","title":"不能删除最后一个管理员","duration":0.34619999999995343,"failureMessages":[],"meta":{}}],"startTime":1771775361304,"endTime":1771775361317.3462,"status":"passed","message":"","name":"C:/Users/bigey/Documents/Antigravity/L2C/src/features/settings/__tests__/user-actions.test.ts"},{"assertionResults":[{"ancestorTitles":["UserForm Loading"],"fullName":"UserForm Loading 提交时按钮应进入 Loading 状态并禁用","status":"passed","title":"提交时按钮应进入 Loading 状态并禁用","duration":386.20930000000044,"failureMessages":[],"meta":{}},{"ancestorTitles":["UserForm Loading"],"fullName":"UserForm Loading 提交失败时应显示错误提示","status":"passed","title":"提交失败时应显示错误提示","duration":122.35640000000058,"failureMessages":[],"meta":{}}],"startTime":1771775360313,"endTime":1771775360821.3564,"status":"passed","message":"","name":"C:/Users/bigey/Documents/Antigravity/L2C/src/features/settings/components/__tests__/user-form.test.tsx"}],"coverageMap":{"C:\\Users\\bigey\\Documents\\Antigravity\\L2C\\src\\features\\settings\\actions\\invite.ts":{"path":"C:\\Users\\bigey\\Documents\\Antigravity\\L2C\\src\\features\\settings\\actions\\invite.ts","statementMap":{"0":{"start":{"line":22,"column":27},"end":{"line":27,"column":null}},"1":{"start":{"line":37,"column":18},"end":{"line":37,"column":null}},"2":{"start":{"line":38,"column":2},"end":{"line":40,"column":null}},"3":{"start":{"line":39,"column":4},"end":{"line":39,"column":null}},"4":{"start":{"line":43,"column":2},"end":{"line":47,"column":null}},"5":{"start":{"line":44,"column":4},"end":{"line":44,"column":null}},"6":{"start":{"line":46,"column":4},"end":{"line":46,"column":null}},"7":{"start":{"line":49,"column":2},"end":{"line":59,"column":null}},"8":{"start":{"line":50,"column":17},"end":{"line":54,"column":null}},"9":{"start":{"line":55,"column":4},"end":{"line":55,"column":null}},"10":{"start":{"line":57,"column":4},"end":{"line":57,"column":null}},"11":{"start":{"line":58,"column":4},"end":{"line":58,"column":null}},"12":{"start":{"line":70,"column":18},"end":{"line":70,"column":null}},"13":{"start":{"line":71,"column":2},"end":{"line":73,"column":null}},"14":{"start":{"line":72,"column":4},"end":{"line":72,"column":null}},"15":{"start":{"line":75,"column":2},"end":{"line":85,"column":null}},"16":{"start":{"line":76,"column":17},"end":{"line":80,"column":null}},"17":{"start":{"line":81,"column":4},"end":{"line":81,"column":null}},"18":{"start":{"line":83,"column":4},"end":{"line":83,"column":null}},"19":{"start":{"line":84,"column":4},"end":{"line":84,"column":null}},"20":{"start":{"line":96,"column":2},"end":{"line":101,"column":null}},"21":{"start":{"line":97,"column":19},"end":{"line":97,"column":null}},"22":{"start":{"line":98,"column":4},"end":{"line":98,"column":null}},"23":{"start":{"line":100,"column":4},"end":{"line":100,"column":null}},"24":{"start":{"line":116,"column":20},"end":{"line":116,"column":null}},"25":{"start":{"line":117,"column":2},"end":{"line":119,"column":null}},"26":{"start":{"line":118,"column":4},"end":{"line":118,"column":null}},"27":{"start":{"line":121,"column":17},"end":{"line":121,"column":null}},"28":{"start":{"line":122,"column":2},"end":{"line":124,"column":null}},"29":{"start":{"line":123,"column":4},"end":{"line":123,"column":null}},"30":{"start":{"line":125,"column":2},"end":{"line":125,"column":null}},"31":{"start":{"line":140,"column":20},"end":{"line":140,"column":null}},"32":{"start":{"line":141,"column":2},"end":{"line":143,"column":null}},"33":{"start":{"line":142,"column":4},"end":{"line":142,"column":null}},"34":{"start":{"line":145,"column":17},"end":{"line":145,"column":null}},"35":{"start":{"line":146,"column":2},"end":{"line":148,"column":null}},"36":{"start":{"line":147,"column":4},"end":{"line":147,"column":null}},"37":{"start":{"line":149,"column":2},"end":{"line":149,"column":null}}},"fnMap":{"0":{"name":"createEmployeeInviteLink","decl":{"start":{"line":36,"column":22},"end":{"line":36,"column":47}},"loc":{"start":{"line":36,"column":72},"end":{"line":60,"column":null}},"line":36},"1":{"name":"createCustomerInviteLink","decl":{"start":{"line":69,"column":22},"end":{"line":69,"column":47}},"loc":{"start":{"line":69,"column":67},"end":{"line":86,"column":null}},"line":69},"2":{"name":"validateInviteToken","decl":{"start":{"line":95,"column":22},"end":{"line":95,"column":42}},"loc":{"start":{"line":95,"column":57},"end":{"line":102,"column":null}},"line":95},"3":{"name":"registerEmployee","decl":{"start":{"line":107,"column":22},"end":{"line":107,"column":null}},"loc":{"start":{"line":115,"column":2},"end":{"line":126,"column":null}},"line":115},"4":{"name":"registerCustomer","decl":{"start":{"line":131,"column":22},"end":{"line":131,"column":null}},"loc":{"start":{"line":139,"column":2},"end":{"line":150,"column":null}},"line":139}},"branchMap":{"0":{"loc":{"start":{"line":38,"column":2},"end":{"line":40,"column":null}},"type":"if","locations":[{"start":{"line":38,"column":2},"end":{"line":40,"column":null}},{"start":{},"end":{}}],"line":38},"1":{"loc":{"start":{"line":38,"column":6},"end":{"line":38,"column":54}},"type":"binary-expr","locations":[{"start":{"line":38,"column":6},"end":{"line":38,"column":34}},{"start":{"line":38,"column":34},"end":{"line":38,"column":54}}],"line":38},"2":{"loc":{"start":{"line":71,"column":2},"end":{"line":73,"column":null}},"type":"if","locations":[{"start":{"line":71,"column":2},"end":{"line":73,"column":null}},{"start":{},"end":{}}],"line":71},"3":{"loc":{"start":{"line":71,"column":6},"end":{"line":71,"column":54}},"type":"binary-expr","locations":[{"start":{"line":71,"column":6},"end":{"line":71,"column":34}},{"start":{"line":71,"column":34},"end":{"line":71,"column":54}}],"line":71},"4":{"loc":{"start":{"line":117,"column":2},"end":{"line":119,"column":null}},"type":"if","locations":[{"start":{"line":117,"column":2},"end":{"line":119,"column":null}},{"start":{},"end":{}}],"line":117},"5":{"loc":{"start":{"line":122,"column":2},"end":{"line":124,"column":null}},"type":"if","locations":[{"start":{"line":122,"column":2},"end":{"line":124,"column":null}},{"start":{},"end":{}}],"line":122},"6":{"loc":{"start":{"line":141,"column":2},"end":{"line":143,"column":null}},"type":"if","locations":[{"start":{"line":141,"column":2},"end":{"line":143,"column":null}},{"start":{},"end":{}}],"line":141},"7":{"loc":{"start":{"line":146,"column":2},"end":{"line":148,"column":null}},"type":"if","locations":[{"start":{"line":146,"column":2},"end":{"line":148,"column":null}},{"start":{},"end":{}}],"line":146}},"s":{"0":1,"1":4,"2":4,"3":1,"4":3,"5":3,"6":1,"7":2,"8":2,"9":1,"10":1,"11":1,"12":3,"13":3,"14":1,"15":2,"16":2,"17":1,"18":1,"19":1,"20":2,"21":2,"22":1,"23":1,"24":2,"25":2,"26":1,"27":1,"28":1,"29":1,"30":1,"31":2,"32":2,"33":1,"34":1,"35":1,"36":1,"37":1},"f":{"0":4,"1":3,"2":2,"3":2,"4":2},"b":{"0":[1,3],"1":[4,3],"2":[1,2],"3":[3,2],"4":[1,1],"5":[1,0],"6":[1,1],"7":[1,0]},"meta":{"lastBranch":8,"lastFunction":5,"lastStatement":38,"seen":{"s:22:27:27:Infinity":0,"f:36:22:36:47":0,"s:37:18:37:Infinity":1,"b:38:2:40:Infinity:undefined:undefined:undefined:undefined":0,"s:38:2:40:Infinity":2,"b:38:6:38:34:38:34:38:54":1,"s:39:4:39:Infinity":3,"s:43:2:47:Infinity":4,"s:44:4:44:Infinity":5,"s:46:4:46:Infinity":6,"s:49:2:59:Infinity":7,"s:50:17:54:Infinity":8,"s:55:4:55:Infinity":9,"s:57:4:57:Infinity":10,"s:58:4:58:Infinity":11,"f:69:22:69:47":1,"s:70:18:70:Infinity":12,"b:71:2:73:Infinity:undefined:undefined:undefined:undefined":2,"s:71:2:73:Infinity":13,"b:71:6:71:34:71:34:71:54":3,"s:72:4:72:Infinity":14,"s:75:2:85:Infinity":15,"s:76:17:80:Infinity":16,"s:81:4:81:Infinity":17,"s:83:4:83:Infinity":18,"s:84:4:84:Infinity":19,"f:95:22:95:42":2,"s:96:2:101:Infinity":20,"s:97:19:97:Infinity":21,"s:98:4:98:Infinity":22,"s:100:4:100:Infinity":23,"f:107:22:107:Infinity":3,"s:116:20:116:Infinity":24,"b:117:2:119:Infinity:undefined:undefined:undefined:undefined":4,"s:117:2:119:Infinity":25,"s:118:4:118:Infinity":26,"s:121:17:121:Infinity":27,"b:122:2:124:Infinity:undefined:undefined:undefined:undefined":5,"s:122:2:124:Infinity":28,"s:123:4:123:Infinity":29,"s:125:2:125:Infinity":30,"f:131:22:131:Infinity":4,"s:140:20:140:Infinity":31,"b:141:2:143:Infinity:undefined:undefined:undefined:undefined":6,"s:141:2:143:Infinity":32,"s:142:4:142:Infinity":33,"s:145:17:145:Infinity":34,"b:146:2:148:Infinity:undefined:undefined:undefined:undefined":7,"s:146:2:148:Infinity":35,"s:147:4:147:Infinity":36,"s:149:2:149:Infinity":37}}},"C:\\Users\\bigey\\Documents\\Antigravity\\L2C\\src\\features\\settings\\actions\\preference-actions.ts":{"path":"C:\\Users\\bigey\\Documents\\Antigravity\\L2C\\src\\features\\settings\\actions\\preference-actions.ts","statementMap":{"0":{"start":{"line":23,"column":6},"end":{"line":37,"column":null}},"1":{"start":{"line":25,"column":21},"end":{"line":28,"column":null}},"2":{"start":{"line":30,"column":23},"end":{"line":30,"column":null}},"3":{"start":{"line":31,"column":8},"end":{"line":33,"column":null}},"4":{"start":{"line":43,"column":20},"end":{"line":43,"column":null}},"5":{"start":{"line":44,"column":4},"end":{"line":46,"column":null}},"6":{"start":{"line":45,"column":8},"end":{"line":45,"column":null}},"7":{"start":{"line":48,"column":4},"end":{"line":55,"column":null}},"8":{"start":{"line":51,"column":8},"end":{"line":51,"column":null}},"9":{"start":{"line":53,"column":8},"end":{"line":53,"column":null}},"10":{"start":{"line":54,"column":8},"end":{"line":54,"column":null}},"11":{"start":{"line":61,"column":32},"end":{"line":63,"column":null}},"12":{"start":{"line":65,"column":6},"end":{"line":115,"column":null}},"13":{"start":{"line":68,"column":24},"end":{"line":68,"column":null}},"14":{"start":{"line":69,"column":8},"end":{"line":71,"column":null}},"15":{"start":{"line":70,"column":12},"end":{"line":70,"column":null}},"16":{"start":{"line":73,"column":23},"end":{"line":73,"column":null}},"17":{"start":{"line":75,"column":8},"end":{"line":113,"column":null}},"18":{"start":{"line":76,"column":25},"end":{"line":79,"column":null}},"19":{"start":{"line":81,"column":35},"end":{"line":81,"column":null}},"20":{"start":{"line":83,"column":46},"end":{"line":86,"column":null}},"21":{"start":{"line":88,"column":12},"end":{"line":91,"column":null}},"22":{"start":{"line":94,"column":12},"end":{"line":103,"column":null}},"23":{"start":{"line":106,"column":12},"end":{"line":106,"column":null}},"24":{"start":{"line":107,"column":12},"end":{"line":107,"column":null}},"25":{"start":{"line":109,"column":12},"end":{"line":109,"column":null}},"26":{"start":{"line":111,"column":12},"end":{"line":111,"column":null}},"27":{"start":{"line":112,"column":12},"end":{"line":112,"column":null}},"28":{"start":{"line":118,"column":4},"end":{"line":118,"column":null}}},"fnMap":{"0":{"name":"(anonymous_0)","decl":{"start":{"line":24,"column":4},"end":{"line":24,"column":11}},"loc":{"start":{"line":24,"column":56},"end":{"line":34,"column":null}},"line":24},"1":{"name":"getUserPreferences","decl":{"start":{"line":42,"column":22},"end":{"line":42,"column":69}},"loc":{"start":{"line":42,"column":69},"end":{"line":56,"column":null}},"line":42},"2":{"name":"(anonymous_2)","decl":{"start":{"line":67,"column":4},"end":{"line":67,"column":11}},"loc":{"start":{"line":67,"column":25},"end":{"line":114,"column":null}},"line":67},"3":{"name":"updateUserPreferences","decl":{"start":{"line":117,"column":22},"end":{"line":117,"column":44}},"loc":{"start":{"line":117,"column":93},"end":{"line":119,"column":null}},"line":117}},"branchMap":{"0":{"loc":{"start":{"line":30,"column":23},"end":{"line":30,"column":null}},"type":"binary-expr","locations":[{"start":{"line":30,"column":23},"end":{"line":30,"column":44}},{"start":{"line":30,"column":44},"end":{"line":30,"column":null}}],"line":30},"1":{"loc":{"start":{"line":32,"column":23},"end":{"line":32,"column":null}},"type":"binary-expr","locations":[{"start":{"line":32,"column":23},"end":{"line":32,"column":42}},{"start":{"line":32,"column":42},"end":{"line":32,"column":null}}],"line":32},"2":{"loc":{"start":{"line":44,"column":4},"end":{"line":46,"column":null}},"type":"if","locations":[{"start":{"line":44,"column":4},"end":{"line":46,"column":null}},{"start":{},"end":{}}],"line":44},"3":{"loc":{"start":{"line":69,"column":8},"end":{"line":71,"column":null}},"type":"if","locations":[{"start":{"line":69,"column":8},"end":{"line":71,"column":null}},{"start":{},"end":{}}],"line":69},"4":{"loc":{"start":{"line":81,"column":35},"end":{"line":81,"column":null}},"type":"binary-expr","locations":[{"start":{"line":81,"column":35},"end":{"line":81,"column":56}},{"start":{"line":81,"column":56},"end":{"line":81,"column":null}}],"line":81}},"s":{"0":1,"1":3,"2":2,"3":3,"4":4,"5":4,"6":1,"7":3,"8":3,"9":1,"10":1,"11":1,"12":1,"13":3,"14":3,"15":1,"16":2,"17":2,"18":2,"19":1,"20":3,"21":3,"22":1,"23":1,"24":1,"25":1,"26":1,"27":1,"28":4},"f":{"0":3,"1":4,"2":3,"3":4},"b":{"0":[2,1],"1":[3,1],"2":[1,3],"3":[1,2],"4":[1,0]},"meta":{"lastBranch":5,"lastFunction":4,"lastStatement":29,"seen":{"s:23:6:37:Infinity":0,"f:24:4:24:11":0,"s:25:21:28:Infinity":1,"s:30:23:30:Infinity":2,"b:30:23:30:44:30:44:30:Infinity":0,"s:31:8:33:Infinity":3,"b:32:23:32:42:32:42:32:Infinity":1,"f:42:22:42:69":1,"s:43:20:43:Infinity":4,"b:44:4:46:Infinity:undefined:undefined:undefined:undefined":2,"s:44:4:46:Infinity":5,"s:45:8:45:Infinity":6,"s:48:4:55:Infinity":7,"s:51:8:51:Infinity":8,"s:53:8:53:Infinity":9,"s:54:8:54:Infinity":10,"s:61:32:63:Infinity":11,"s:65:6:115:Infinity":12,"f:67:4:67:11":2,"s:68:24:68:Infinity":13,"b:69:8:71:Infinity:undefined:undefined:undefined:undefined":3,"s:69:8:71:Infinity":14,"s:70:12:70:Infinity":15,"s:73:23:73:Infinity":16,"s:75:8:113:Infinity":17,"s:76:25:79:Infinity":18,"s:81:35:81:Infinity":19,"b:81:35:81:56:81:56:81:Infinity":4,"s:83:46:86:Infinity":20,"s:88:12:91:Infinity":21,"s:94:12:103:Infinity":22,"s:106:12:106:Infinity":23,"s:107:12:107:Infinity":24,"s:109:12:109:Infinity":25,"s:111:12:111:Infinity":26,"s:112:12:112:Infinity":27,"f:117:22:117:44":3,"s:118:4:118:Infinity":28}}},"C:\\Users\\bigey\\Documents\\Antigravity\\L2C\\src\\features\\settings\\actions\\audit-logs.ts":{"path":"C:\\Users\\bigey\\Documents\\Antigravity\\L2C\\src\\features\\settings\\actions\\audit-logs.ts","statementMap":{"0":{"start":{"line":15,"column":27},"end":{"line":24,"column":null}},"1":{"start":{"line":30,"column":4},"end":{"line":30,"column":null}},"2":{"start":{"line":33,"column":6},"end":{"line":100,"column":null}},"3":{"start":{"line":34,"column":4},"end":{"line":34,"column":null}},"4":{"start":{"line":36,"column":86},"end":{"line":36,"column":null}},"5":{"start":{"line":37,"column":10},"end":{"line":37,"column":null}},"6":{"start":{"line":39,"column":23},"end":{"line":41,"column":null}},"7":{"start":{"line":43,"column":4},"end":{"line":45,"column":null}},"8":{"start":{"line":44,"column":8},"end":{"line":44,"column":null}},"9":{"start":{"line":46,"column":4},"end":{"line":48,"column":null}},"10":{"start":{"line":47,"column":8},"end":{"line":47,"column":null}},"11":{"start":{"line":49,"column":4},"end":{"line":51,"column":null}},"12":{"start":{"line":50,"column":8},"end":{"line":50,"column":null}},"13":{"start":{"line":52,"column":4},"end":{"line":54,"column":null}},"14":{"start":{"line":53,"column":8},"end":{"line":53,"column":null}},"15":{"start":{"line":55,"column":4},"end":{"line":57,"column":null}},"16":{"start":{"line":56,"column":8},"end":{"line":56,"column":null}},"17":{"start":{"line":58,"column":4},"end":{"line":66,"column":null}},"18":{"start":{"line":59,"column":27},"end":{"line":59,"column":null}},"19":{"start":{"line":60,"column":8},"end":{"line":65,"column":null}},"20":{"start":{"line":68,"column":17},"end":{"line":86,"column":null}},"21":{"start":{"line":89,"column":36},"end":{"line":92,"column":null}},"22":{"start":{"line":94,"column":18},"end":{"line":94,"column":null}},"23":{"start":{"line":96,"column":4},"end":{"line":99,"column":null}},"24":{"start":{"line":103,"column":4},"end":{"line":103,"column":null}},"25":{"start":{"line":106,"column":6},"end":{"line":116,"column":null}},"26":{"start":{"line":107,"column":4},"end":{"line":107,"column":null}},"27":{"start":{"line":109,"column":19},"end":{"line":113,"column":null}},"28":{"start":{"line":115,"column":4},"end":{"line":115,"column":null}},"29":{"start":{"line":115,"column":27},"end":{"line":115,"column":38}},"30":{"start":{"line":119,"column":4},"end":{"line":119,"column":null}}},"fnMap":{"0":{"name":"escapeLikePattern","decl":{"start":{"line":29,"column":9},"end":{"line":29,"column":27}},"loc":{"start":{"line":29,"column":50},"end":{"line":31,"column":null}},"line":29},"1":{"name":"(anonymous_1)","decl":{"start":{"line":33,"column":72},"end":{"line":33,"column":79}},"loc":{"start":{"line":33,"column":103},"end":{"line":100,"column":1}},"line":33},"2":{"name":"getAuditLogsAction","decl":{"start":{"line":102,"column":22},"end":{"line":102,"column":41}},"loc":{"start":{"line":102,"column":85},"end":{"line":104,"column":null}},"line":102},"3":{"name":"(anonymous_3)","decl":{"start":{"line":106,"column":72},"end":{"line":106,"column":79}},"loc":{"start":{"line":106,"column":98},"end":{"line":116,"column":1}},"line":106},"4":{"name":"(anonymous_4)","decl":{"start":{"line":115,"column":22},"end":{"line":115,"column":27}},"loc":{"start":{"line":115,"column":27},"end":{"line":115,"column":38}},"line":115},"5":{"name":"getAuditTableNamesAction","decl":{"start":{"line":118,"column":22},"end":{"line":118,"column":49}},"loc":{"start":{"line":118,"column":49},"end":{"line":120,"column":null}},"line":118}},"branchMap":{"0":{"loc":{"start":{"line":43,"column":4},"end":{"line":45,"column":null}},"type":"if","locations":[{"start":{"line":43,"column":4},"end":{"line":45,"column":null}},{"start":{},"end":{}}],"line":43},"1":{"loc":{"start":{"line":46,"column":4},"end":{"line":48,"column":null}},"type":"if","locations":[{"start":{"line":46,"column":4},"end":{"line":48,"column":null}},{"start":{},"end":{}}],"line":46},"2":{"loc":{"start":{"line":49,"column":4},"end":{"line":51,"column":null}},"type":"if","locations":[{"start":{"line":49,"column":4},"end":{"line":51,"column":null}},{"start":{},"end":{}}],"line":49},"3":{"loc":{"start":{"line":52,"column":4},"end":{"line":54,"column":null}},"type":"if","locations":[{"start":{"line":52,"column":4},"end":{"line":54,"column":null}},{"start":{},"end":{}}],"line":52},"4":{"loc":{"start":{"line":55,"column":4},"end":{"line":57,"column":null}},"type":"if","locations":[{"start":{"line":55,"column":4},"end":{"line":57,"column":null}},{"start":{},"end":{}}],"line":55},"5":{"loc":{"start":{"line":58,"column":4},"end":{"line":66,"column":null}},"type":"if","locations":[{"start":{"line":58,"column":4},"end":{"line":66,"column":null}},{"start":{},"end":{}}],"line":58}},"s":{"0":1,"1":1,"2":1,"3":3,"4":2,"5":2,"6":2,"7":2,"8":1,"9":2,"10":1,"11":2,"12":0,"13":2,"14":0,"15":2,"16":0,"17":2,"18":1,"19":1,"20":2,"21":2,"22":2,"23":2,"24":4,"25":1,"26":2,"27":1,"28":1,"29":2,"30":2},"f":{"0":1,"1":3,"2":4,"3":2,"4":2,"5":2},"b":{"0":[1,1],"1":[1,1],"2":[0,2],"3":[0,2],"4":[0,2],"5":[1,1]},"meta":{"lastBranch":6,"lastFunction":6,"lastStatement":31,"seen":{"s:15:27:24:Infinity":0,"f:29:9:29:27":0,"s:30:4:30:Infinity":1,"s:33:6:100:Infinity":2,"f:33:72:33:79":1,"s:34:4:34:Infinity":3,"s:36:86:36:Infinity":4,"s:37:10:37:Infinity":5,"s:39:23:41:Infinity":6,"b:43:4:45:Infinity:undefined:undefined:undefined:undefined":0,"s:43:4:45:Infinity":7,"s:44:8:44:Infinity":8,"b:46:4:48:Infinity:undefined:undefined:undefined:undefined":1,"s:46:4:48:Infinity":9,"s:47:8:47:Infinity":10,"b:49:4:51:Infinity:undefined:undefined:undefined:undefined":2,"s:49:4:51:Infinity":11,"s:50:8:50:Infinity":12,"b:52:4:54:Infinity:undefined:undefined:undefined:undefined":3,"s:52:4:54:Infinity":13,"s:53:8:53:Infinity":14,"b:55:4:57:Infinity:undefined:undefined:undefined:undefined":4,"s:55:4:57:Infinity":15,"s:56:8:56:Infinity":16,"b:58:4:66:Infinity:undefined:undefined:undefined:undefined":5,"s:58:4:66:Infinity":17,"s:59:27:59:Infinity":18,"s:60:8:65:Infinity":19,"s:68:17:86:Infinity":20,"s:89:36:92:Infinity":21,"s:94:18:94:Infinity":22,"s:96:4:99:Infinity":23,"f:102:22:102:41":2,"s:103:4:103:Infinity":24,"s:106:6:116:Infinity":25,"f:106:72:106:79":3,"s:107:4:107:Infinity":26,"s:109:19:113:Infinity":27,"s:115:4:115:Infinity":28,"f:115:22:115:27":4,"s:115:27:115:38":29,"f:118:22:118:49":5,"s:119:4:119:Infinity":30}}},"C:\\Users\\bigey\\Documents\\Antigravity\\L2C\\src\\features\\settings\\actions\\quote-config-actions.ts":{"path":"C:\\Users\\bigey\\Documents\\Antigravity\\L2C\\src\\features\\settings\\actions\\quote-config-actions.ts","statementMap":{"0":{"start":{"line":20,"column":30},"end":{"line":28,"column":null}},"1":{"start":{"line":34,"column":4},"end":{"line":58,"column":null}},"2":{"start":{"line":35,"column":24},"end":{"line":35,"column":null}},"3":{"start":{"line":36,"column":25},"end":{"line":36,"column":null}},"4":{"start":{"line":37,"column":8},"end":{"line":39,"column":null}},"5":{"start":{"line":38,"column":12},"end":{"line":38,"column":null}},"6":{"start":{"line":41,"column":23},"end":{"line":44,"column":null}},"7":{"start":{"line":46,"column":8},"end":{"line":48,"column":null}},"8":{"start":{"line":47,"column":12},"end":{"line":47,"column":null}},"9":{"start":{"line":51,"column":25},"end":{"line":51,"column":null}},"10":{"start":{"line":52,"column":32},"end":{"line":52,"column":null}},"11":{"start":{"line":54,"column":8},"end":{"line":54,"column":null}},"12":{"start":{"line":56,"column":8},"end":{"line":56,"column":null}},"13":{"start":{"line":57,"column":8},"end":{"line":57,"column":null}},"14":{"start":{"line":67,"column":4},"end":{"line":132,"column":null}},"15":{"start":{"line":68,"column":24},"end":{"line":68,"column":null}},"16":{"start":{"line":69,"column":25},"end":{"line":69,"column":null}},"17":{"start":{"line":70,"column":8},"end":{"line":72,"column":null}},"18":{"start":{"line":71,"column":12},"end":{"line":71,"column":null}},"19":{"start":{"line":75,"column":26},"end":{"line":75,"column":null}},"20":{"start":{"line":76,"column":8},"end":{"line":78,"column":null}},"21":{"start":{"line":77,"column":12},"end":{"line":77,"column":null}},"22":{"start":{"line":81,"column":8},"end":{"line":85,"column":null}},"23":{"start":{"line":82,"column":12},"end":{"line":82,"column":null}},"24":{"start":{"line":84,"column":12},"end":{"line":84,"column":null}},"25":{"start":{"line":87,"column":21},"end":{"line":87,"column":null}},"26":{"start":{"line":89,"column":8},"end":{"line":125,"column":null}},"27":{"start":{"line":91,"column":27},"end":{"line":94,"column":null}},"28":{"start":{"line":96,"column":12},"end":{"line":98,"column":null}},"29":{"start":{"line":97,"column":16},"end":{"line":97,"column":null}},"30":{"start":{"line":101,"column":37},"end":{"line":101,"column":null}},"31":{"start":{"line":102,"column":30},"end":{"line":102,"column":null}},"32":{"start":{"line":103,"column":32},"end":{"line":106,"column":null}},"33":{"start":{"line":109,"column":12},"end":{"line":112,"column":null}},"34":{"start":{"line":115,"column":12},"end":{"line":124,"column":null}},"35":{"start":{"line":127,"column":8},"end":{"line":127,"column":null}},"36":{"start":{"line":130,"column":8},"end":{"line":130,"column":null}},"37":{"start":{"line":131,"column":8},"end":{"line":131,"column":null}}},"fnMap":{"0":{"name":"getQuoteModeConfig","decl":{"start":{"line":33,"column":22},"end":{"line":33,"column":96}},"loc":{"start":{"line":33,"column":96},"end":{"line":59,"column":null}},"line":33},"1":{"name":"saveQuoteModeConfig","decl":{"start":{"line":64,"column":22},"end":{"line":64,"column":null}},"loc":{"start":{"line":66,"column":49},"end":{"line":133,"column":null}},"line":66},"2":{"name":"(anonymous_2)","decl":{"start":{"line":89,"column":29},"end":{"line":89,"column":36}},"loc":{"start":{"line":89,"column":43},"end":{"line":125,"column":9}},"line":89}},"branchMap":{"0":{"loc":{"start":{"line":37,"column":8},"end":{"line":39,"column":null}},"type":"if","locations":[{"start":{"line":37,"column":8},"end":{"line":39,"column":null}},{"start":{},"end":{}}],"line":37},"1":{"loc":{"start":{"line":46,"column":8},"end":{"line":48,"column":null}},"type":"if","locations":[{"start":{"line":46,"column":8},"end":{"line":48,"column":null}},{"start":{},"end":{}}],"line":46},"2":{"loc":{"start":{"line":54,"column":23},"end":{"line":54,"column":68}},"type":"binary-expr","locations":[{"start":{"line":54,"column":23},"end":{"line":54,"column":42}},{"start":{"line":54,"column":42},"end":{"line":54,"column":68}}],"line":54},"3":{"loc":{"start":{"line":70,"column":8},"end":{"line":72,"column":null}},"type":"if","locations":[{"start":{"line":70,"column":8},"end":{"line":72,"column":null}},{"start":{},"end":{}}],"line":70},"4":{"loc":{"start":{"line":76,"column":8},"end":{"line":78,"column":null}},"type":"if","locations":[{"start":{"line":76,"column":8},"end":{"line":78,"column":null}},{"start":{},"end":{}}],"line":76},"5":{"loc":{"start":{"line":96,"column":12},"end":{"line":98,"column":null}},"type":"if","locations":[{"start":{"line":96,"column":12},"end":{"line":98,"column":null}},{"start":{},"end":{}}],"line":96},"6":{"loc":{"start":{"line":101,"column":37},"end":{"line":101,"column":null}},"type":"binary-expr","locations":[{"start":{"line":101,"column":37},"end":{"line":101,"column":84}},{"start":{"line":101,"column":84},"end":{"line":101,"column":null}}],"line":101}},"s":{"0":1,"1":4,"2":4,"3":4,"4":4,"5":1,"6":3,"7":3,"8":1,"9":2,"10":2,"11":4,"12":0,"13":0,"14":4,"15":4,"16":4,"17":4,"18":1,"19":3,"20":3,"21":1,"22":2,"23":2,"24":1,"25":1,"26":1,"27":1,"28":1,"29":0,"30":1,"31":1,"32":1,"33":1,"34":1,"35":1,"36":0,"37":0},"f":{"0":4,"1":4,"2":1},"b":{"0":[1,3],"1":[1,2],"2":[4,1],"3":[1,3],"4":[1,2],"5":[0,1],"6":[1,0]},"meta":{"lastBranch":7,"lastFunction":3,"lastStatement":38,"seen":{"s:20:30:28:Infinity":0,"f:33:22:33:96":0,"s:34:4:58:Infinity":1,"s:35:24:35:Infinity":2,"s:36:25:36:Infinity":3,"b:37:8:39:Infinity:undefined:undefined:undefined:undefined":0,"s:37:8:39:Infinity":4,"s:38:12:38:Infinity":5,"s:41:23:44:Infinity":6,"b:46:8:48:Infinity:undefined:undefined:undefined:undefined":1,"s:46:8:48:Infinity":7,"s:47:12:47:Infinity":8,"s:51:25:51:Infinity":9,"s:52:32:52:Infinity":10,"s:54:8:54:Infinity":11,"b:54:23:54:42:54:42:54:68":2,"s:56:8:56:Infinity":12,"s:57:8:57:Infinity":13,"f:64:22:64:Infinity":1,"s:67:4:132:Infinity":14,"s:68:24:68:Infinity":15,"s:69:25:69:Infinity":16,"b:70:8:72:Infinity:undefined:undefined:undefined:undefined":3,"s:70:8:72:Infinity":17,"s:71:12:71:Infinity":18,"s:75:26:75:Infinity":19,"b:76:8:78:Infinity:undefined:undefined:undefined:undefined":4,"s:76:8:78:Infinity":20,"s:77:12:77:Infinity":21,"s:81:8:85:Infinity":22,"s:82:12:82:Infinity":23,"s:84:12:84:Infinity":24,"s:87:21:87:Infinity":25,"s:89:8:125:Infinity":26,"f:89:29:89:36":2,"s:91:27:94:Infinity":27,"b:96:12:98:Infinity:undefined:undefined:undefined:undefined":5,"s:96:12:98:Infinity":28,"s:97:16:97:Infinity":29,"s:101:37:101:Infinity":30,"b:101:37:101:84:101:84:101:Infinity":6,"s:102:30:102:Infinity":31,"s:103:32:106:Infinity":32,"s:109:12:112:Infinity":33,"s:115:12:124:Infinity":34,"s:127:8:127:Infinity":35,"s:130:8:130:Infinity":36,"s:131:8:131:Infinity":37}}},"C:\\Users\\bigey\\Documents\\Antigravity\\L2C\\src\\features\\settings\\actions.ts":{"path":"C:\\Users\\bigey\\Documents\\Antigravity\\L2C\\src\\features\\settings\\actions.ts","statementMap":{"0":{"start":{"line":22,"column":20},"end":{"line":22,"column":null}},"1":{"start":{"line":23,"column":4},"end":{"line":23,"column":null}},"2":{"start":{"line":23,"column":34},"end":{"line":23,"column":null}},"3":{"start":{"line":25,"column":4},"end":{"line":38,"column":null}},"4":{"start":{"line":26,"column":25},"end":{"line":33,"column":null}},"5":{"start":{"line":34,"column":8},"end":{"line":34,"column":null}},"6":{"start":{"line":36,"column":8},"end":{"line":36,"column":null}},"7":{"start":{"line":37,"column":8},"end":{"line":37,"column":null}},"8":{"start":{"line":45,"column":20},"end":{"line":45,"column":null}},"9":{"start":{"line":46,"column":4},"end":{"line":46,"column":null}},"10":{"start":{"line":46,"column":34},"end":{"line":46,"column":null}},"11":{"start":{"line":48,"column":4},"end":{"line":58,"column":null}},"12":{"start":{"line":49,"column":27},"end":{"line":52,"column":null}},"13":{"start":{"line":53,"column":35},"end":{"line":53,"column":null}},"14":{"start":{"line":53,"column":58},"end":{"line":53,"column":69}},"15":{"start":{"line":54,"column":8},"end":{"line":54,"column":null}},"16":{"start":{"line":56,"column":8},"end":{"line":56,"column":null}},"17":{"start":{"line":57,"column":8},"end":{"line":57,"column":null}},"18":{"start":{"line":61,"column":22},"end":{"line":67,"column":null}},"19":{"start":{"line":72,"column":6},"end":{"line":110,"column":null}},"20":{"start":{"line":73,"column":20},"end":{"line":73,"column":null}},"21":{"start":{"line":74,"column":4},"end":{"line":74,"column":null}},"22":{"start":{"line":74,"column":34},"end":{"line":74,"column":null}},"23":{"start":{"line":77,"column":4},"end":{"line":81,"column":null}},"24":{"start":{"line":78,"column":8},"end":{"line":78,"column":null}},"25":{"start":{"line":80,"column":8},"end":{"line":80,"column":null}},"26":{"start":{"line":83,"column":4},"end":{"line":109,"column":null}},"27":{"start":{"line":84,"column":23},"end":{"line":90,"column":null}},"28":{"start":{"line":93,"column":8},"end":{"line":102,"column":null}},"29":{"start":{"line":94,"column":12},"end":{"line":101,"column":null}},"30":{"start":{"line":104,"column":8},"end":{"line":104,"column":null}},"31":{"start":{"line":105,"column":8},"end":{"line":105,"column":null}},"32":{"start":{"line":107,"column":8},"end":{"line":107,"column":null}},"33":{"start":{"line":108,"column":8},"end":{"line":108,"column":null}},"34":{"start":{"line":113,"column":4},"end":{"line":113,"column":null}},"35":{"start":{"line":119,"column":6},"end":{"line":173,"column":null}},"36":{"start":{"line":120,"column":20},"end":{"line":120,"column":null}},"37":{"start":{"line":121,"column":4},"end":{"line":121,"column":null}},"38":{"start":{"line":121,"column":46},"end":{"line":121,"column":null}},"39":{"start":{"line":124,"column":4},"end":{"line":128,"column":null}},"40":{"start":{"line":125,"column":8},"end":{"line":125,"column":null}},"41":{"start":{"line":127,"column":8},"end":{"line":127,"column":null}},"42":{"start":{"line":130,"column":4},"end":{"line":172,"column":null}},"43":{"start":{"line":132,"column":32},"end":{"line":137,"column":null}},"44":{"start":{"line":138,"column":8},"end":{"line":140,"column":null}},"45":{"start":{"line":139,"column":12},"end":{"line":139,"column":null}},"46":{"start":{"line":142,"column":8},"end":{"line":153,"column":null}},"47":{"start":{"line":156,"column":8},"end":{"line":165,"column":null}},"48":{"start":{"line":167,"column":8},"end":{"line":167,"column":null}},"49":{"start":{"line":168,"column":8},"end":{"line":168,"column":null}},"50":{"start":{"line":170,"column":8},"end":{"line":170,"column":null}},"51":{"start":{"line":171,"column":8},"end":{"line":171,"column":null}},"52":{"start":{"line":176,"column":4},"end":{"line":176,"column":null}},"53":{"start":{"line":182,"column":6},"end":{"line":235,"column":null}},"54":{"start":{"line":183,"column":20},"end":{"line":183,"column":null}},"55":{"start":{"line":184,"column":4},"end":{"line":184,"column":null}},"56":{"start":{"line":184,"column":34},"end":{"line":184,"column":null}},"57":{"start":{"line":187,"column":4},"end":{"line":191,"column":null}},"58":{"start":{"line":188,"column":8},"end":{"line":188,"column":null}},"59":{"start":{"line":190,"column":8},"end":{"line":190,"column":null}},"60":{"start":{"line":193,"column":4},"end":{"line":234,"column":null}},"61":{"start":{"line":195,"column":32},"end":{"line":200,"column":null}},"62":{"start":{"line":201,"column":8},"end":{"line":203,"column":null}},"63":{"start":{"line":202,"column":12},"end":{"line":202,"column":null}},"64":{"start":{"line":206,"column":29},"end":{"line":208,"column":null}},"65":{"start":{"line":209,"column":8},"end":{"line":211,"column":null}},"66":{"start":{"line":210,"column":12},"end":{"line":210,"column":null}},"67":{"start":{"line":213,"column":8},"end":{"line":217,"column":null}},"68":{"start":{"line":220,"column":8},"end":{"line":227,"column":null}},"69":{"start":{"line":229,"column":8},"end":{"line":229,"column":null}},"70":{"start":{"line":230,"column":8},"end":{"line":230,"column":null}},"71":{"start":{"line":232,"column":8},"end":{"line":232,"column":null}},"72":{"start":{"line":233,"column":8},"end":{"line":233,"column":null}},"73":{"start":{"line":238,"column":4},"end":{"line":238,"column":null}}},"fnMap":{"0":{"name":"getChannels","decl":{"start":{"line":21,"column":22},"end":{"line":21,"column":36}},"loc":{"start":{"line":21,"column":36},"end":{"line":39,"column":null}},"line":21},"1":{"name":"getChannelCategories","decl":{"start":{"line":44,"column":22},"end":{"line":44,"column":45}},"loc":{"start":{"line":44,"column":45},"end":{"line":59,"column":null}},"line":44},"2":{"name":"(anonymous_2)","decl":{"start":{"line":53,"column":53},"end":{"line":53,"column":58}},"loc":{"start":{"line":53,"column":58},"end":{"line":53,"column":69}},"line":53},"3":{"name":"(anonymous_3)","decl":{"start":{"line":72,"column":60},"end":{"line":72,"column":67}},"loc":{"start":{"line":72,"column":81},"end":{"line":110,"column":1}},"line":72},"4":{"name":"createChannel","decl":{"start":{"line":112,"column":22},"end":{"line":112,"column":36}},"loc":{"start":{"line":112,"column":73},"end":{"line":114,"column":null}},"line":112},"5":{"name":"(anonymous_5)","decl":{"start":{"line":119,"column":60},"end":{"line":119,"column":67}},"loc":{"start":{"line":119,"column":81},"end":{"line":173,"column":1}},"line":119},"6":{"name":"updateChannel","decl":{"start":{"line":175,"column":22},"end":{"line":175,"column":36}},"loc":{"start":{"line":175,"column":73},"end":{"line":177,"column":null}},"line":175},"7":{"name":"(anonymous_7)","decl":{"start":{"line":182,"column":75},"end":{"line":182,"column":82}},"loc":{"start":{"line":182,"column":96},"end":{"line":235,"column":1}},"line":182},"8":{"name":"deleteChannel","decl":{"start":{"line":237,"column":22},"end":{"line":237,"column":36}},"loc":{"start":{"line":237,"column":58},"end":{"line":239,"column":null}},"line":237}},"branchMap":{"0":{"loc":{"start":{"line":23,"column":4},"end":{"line":23,"column":null}},"type":"if","locations":[{"start":{"line":23,"column":4},"end":{"line":23,"column":null}},{"start":{},"end":{}}],"line":23},"1":{"loc":{"start":{"line":46,"column":4},"end":{"line":46,"column":null}},"type":"if","locations":[{"start":{"line":46,"column":4},"end":{"line":46,"column":null}},{"start":{},"end":{}}],"line":46},"2":{"loc":{"start":{"line":74,"column":4},"end":{"line":74,"column":null}},"type":"if","locations":[{"start":{"line":74,"column":4},"end":{"line":74,"column":null}},{"start":{},"end":{}}],"line":74},"3":{"loc":{"start":{"line":87,"column":18},"end":{"line":87,"column":null}},"type":"binary-expr","locations":[{"start":{"line":87,"column":18},"end":{"line":87,"column":31}},{"start":{"line":87,"column":31},"end":{"line":87,"column":null}}],"line":87},"4":{"loc":{"start":{"line":93,"column":8},"end":{"line":102,"column":null}},"type":"if","locations":[{"start":{"line":93,"column":8},"end":{"line":102,"column":null}},{"start":{},"end":{}}],"line":93},"5":{"loc":{"start":{"line":121,"column":4},"end":{"line":121,"column":null}},"type":"if","locations":[{"start":{"line":121,"column":4},"end":{"line":121,"column":null}},{"start":{},"end":{}}],"line":121},"6":{"loc":{"start":{"line":121,"column":8},"end":{"line":121,"column":46}},"type":"binary-expr","locations":[{"start":{"line":121,"column":8},"end":{"line":121,"column":36}},{"start":{"line":121,"column":36},"end":{"line":121,"column":46}}],"line":121},"7":{"loc":{"start":{"line":138,"column":8},"end":{"line":140,"column":null}},"type":"if","locations":[{"start":{"line":138,"column":8},"end":{"line":140,"column":null}},{"start":{},"end":{}}],"line":138},"8":{"loc":{"start":{"line":184,"column":4},"end":{"line":184,"column":null}},"type":"if","locations":[{"start":{"line":184,"column":4},"end":{"line":184,"column":null}},{"start":{},"end":{}}],"line":184},"9":{"loc":{"start":{"line":201,"column":8},"end":{"line":203,"column":null}},"type":"if","locations":[{"start":{"line":201,"column":8},"end":{"line":203,"column":null}},{"start":{},"end":{}}],"line":201},"10":{"loc":{"start":{"line":209,"column":8},"end":{"line":211,"column":null}},"type":"if","locations":[{"start":{"line":209,"column":8},"end":{"line":211,"column":null}},{"start":{},"end":{}}],"line":209}},"s":{"0":1,"1":1,"2":0,"3":1,"4":1,"5":1,"6":0,"7":0,"8":1,"9":1,"10":0,"11":1,"12":1,"13":1,"14":2,"15":1,"16":0,"17":0,"18":1,"19":1,"20":2,"21":2,"22":0,"23":2,"24":2,"25":1,"26":1,"27":1,"28":1,"29":1,"30":1,"31":1,"32":0,"33":0,"34":2,"35":1,"36":0,"37":0,"38":0,"39":0,"40":0,"41":0,"42":0,"43":0,"44":0,"45":0,"46":0,"47":0,"48":0,"49":0,"50":0,"51":0,"52":0,"53":1,"54":3,"55":3,"56":0,"57":3,"58":3,"59":0,"60":3,"61":3,"62":3,"63":1,"64":2,"65":2,"66":1,"67":1,"68":1,"69":1,"70":1,"71":0,"72":0,"73":3},"f":{"0":1,"1":1,"2":2,"3":2,"4":2,"5":0,"6":0,"7":3,"8":3},"b":{"0":[0,1],"1":[0,1],"2":[0,2],"3":[1,1],"4":[1,0],"5":[0,0],"6":[0,0],"7":[0,0],"8":[0,3],"9":[1,2],"10":[1,1]},"meta":{"lastBranch":11,"lastFunction":9,"lastStatement":74,"seen":{"f:21:22:21:36":0,"s:22:20:22:Infinity":0,"b:23:4:23:Infinity:undefined:undefined:undefined:undefined":0,"s:23:4:23:Infinity":1,"s:23:34:23:Infinity":2,"s:25:4:38:Infinity":3,"s:26:25:33:Infinity":4,"s:34:8:34:Infinity":5,"s:36:8:36:Infinity":6,"s:37:8:37:Infinity":7,"f:44:22:44:45":1,"s:45:20:45:Infinity":8,"b:46:4:46:Infinity:undefined:undefined:undefined:undefined":1,"s:46:4:46:Infinity":9,"s:46:34:46:Infinity":10,"s:48:4:58:Infinity":11,"s:49:27:52:Infinity":12,"s:53:35:53:Infinity":13,"f:53:53:53:58":2,"s:53:58:53:69":14,"s:54:8:54:Infinity":15,"s:56:8:56:Infinity":16,"s:57:8:57:Infinity":17,"s:61:22:67:Infinity":18,"s:72:6:110:Infinity":19,"f:72:60:72:67":3,"s:73:20:73:Infinity":20,"b:74:4:74:Infinity:undefined:undefined:undefined:undefined":2,"s:74:4:74:Infinity":21,"s:74:34:74:Infinity":22,"s:77:4:81:Infinity":23,"s:78:8:78:Infinity":24,"s:80:8:80:Infinity":25,"s:83:4:109:Infinity":26,"s:84:23:90:Infinity":27,"b:87:18:87:31:87:31:87:Infinity":3,"b:93:8:102:Infinity:undefined:undefined:undefined:undefined":4,"s:93:8:102:Infinity":28,"s:94:12:101:Infinity":29,"s:104:8:104:Infinity":30,"s:105:8:105:Infinity":31,"s:107:8:107:Infinity":32,"s:108:8:108:Infinity":33,"f:112:22:112:36":4,"s:113:4:113:Infinity":34,"s:119:6:173:Infinity":35,"f:119:60:119:67":5,"s:120:20:120:Infinity":36,"b:121:4:121:Infinity:undefined:undefined:undefined:undefined":5,"s:121:4:121:Infinity":37,"b:121:8:121:36:121:36:121:46":6,"s:121:46:121:Infinity":38,"s:124:4:128:Infinity":39,"s:125:8:125:Infinity":40,"s:127:8:127:Infinity":41,"s:130:4:172:Infinity":42,"s:132:32:137:Infinity":43,"b:138:8:140:Infinity:undefined:undefined:undefined:undefined":7,"s:138:8:140:Infinity":44,"s:139:12:139:Infinity":45,"s:142:8:153:Infinity":46,"s:156:8:165:Infinity":47,"s:167:8:167:Infinity":48,"s:168:8:168:Infinity":49,"s:170:8:170:Infinity":50,"s:171:8:171:Infinity":51,"f:175:22:175:36":6,"s:176:4:176:Infinity":52,"s:182:6:235:Infinity":53,"f:182:75:182:82":7,"s:183:20:183:Infinity":54,"b:184:4:184:Infinity:undefined:undefined:undefined:undefined":8,"s:184:4:184:Infinity":55,"s:184:34:184:Infinity":56,"s:187:4:191:Infinity":57,"s:188:8:188:Infinity":58,"s:190:8:190:Infinity":59,"s:193:4:234:Infinity":60,"s:195:32:200:Infinity":61,"b:201:8:203:Infinity:undefined:undefined:undefined:undefined":9,"s:201:8:203:Infinity":62,"s:202:12:202:Infinity":63,"s:206:29:208:Infinity":64,"b:209:8:211:Infinity:undefined:undefined:undefined:undefined":10,"s:209:8:211:Infinity":65,"s:210:12:210:Infinity":66,"s:213:8:217:Infinity":67,"s:220:8:227:Infinity":68,"s:229:8:229:Infinity":69,"s:230:8:230:Infinity":70,"s:232:8:232:Infinity":71,"s:233:8:233:Infinity":72,"f:237:22:237:36":8,"s:238:4:238:Infinity":73}}},"C:\\Users\\bigey\\Documents\\Antigravity\\L2C\\src\\features\\settings\\actions\\setting-utils.ts":{"path":"C:\\Users\\bigey\\Documents\\Antigravity\\L2C\\src\\features\\settings\\actions\\setting-utils.ts","statementMap":{"0":{"start":{"line":11,"column":4},"end":{"line":27,"column":null}},"1":{"start":{"line":13,"column":12},"end":{"line":13,"column":null}},"2":{"start":{"line":15,"column":12},"end":{"line":15,"column":null}},"3":{"start":{"line":17,"column":12},"end":{"line":17,"column":null}},"4":{"start":{"line":19,"column":12},"end":{"line":23,"column":null}},"5":{"start":{"line":20,"column":16},"end":{"line":20,"column":null}},"6":{"start":{"line":22,"column":16},"end":{"line":22,"column":null}},"7":{"start":{"line":26,"column":12},"end":{"line":26,"column":null}},"8":{"start":{"line":35,"column":4},"end":{"line":48,"column":null}},"9":{"start":{"line":37,"column":12},"end":{"line":37,"column":null}},"10":{"start":{"line":39,"column":12},"end":{"line":39,"column":null}},"11":{"start":{"line":41,"column":12},"end":{"line":41,"column":null}},"12":{"start":{"line":43,"column":12},"end":{"line":43,"column":null}},"13":{"start":{"line":45,"column":12},"end":{"line":45,"column":null}},"14":{"start":{"line":47,"column":12},"end":{"line":47,"column":null}}},"fnMap":{"0":{"name":"parseSettingValue","decl":{"start":{"line":10,"column":16},"end":{"line":10,"column":34}},"loc":{"start":{"line":10,"column":77},"end":{"line":28,"column":null}},"line":10},"1":{"name":"validateValueType","decl":{"start":{"line":34,"column":16},"end":{"line":34,"column":34}},"loc":{"start":{"line":34,"column":81},"end":{"line":49,"column":null}},"line":34}},"branchMap":{"0":{"loc":{"start":{"line":11,"column":4},"end":{"line":27,"column":null}},"type":"switch","locations":[{"start":{"line":12,"column":8},"end":{"line":13,"column":null}},{"start":{"line":14,"column":8},"end":{"line":15,"column":null}},{"start":{"line":16,"column":8},"end":{"line":17,"column":null}},{"start":{"line":18,"column":8},"end":{"line":23,"column":null}},{"start":{"line":24,"column":8},"end":{"line":24,"column":null}},{"start":{"line":25,"column":8},"end":{"line":26,"column":null}}],"line":11},"1":{"loc":{"start":{"line":35,"column":4},"end":{"line":48,"column":null}},"type":"switch","locations":[{"start":{"line":36,"column":8},"end":{"line":37,"column":null}},{"start":{"line":38,"column":8},"end":{"line":39,"column":null}},{"start":{"line":40,"column":8},"end":{"line":41,"column":null}},{"start":{"line":42,"column":8},"end":{"line":43,"column":null}},{"start":{"line":44,"column":8},"end":{"line":45,"column":null}},{"start":{"line":46,"column":8},"end":{"line":47,"column":null}}],"line":35},"2":{"loc":{"start":{"line":43,"column":19},"end":{"line":43,"column":null}},"type":"binary-expr","locations":[{"start":{"line":43,"column":19},"end":{"line":43,"column":48}},{"start":{"line":43,"column":48},"end":{"line":43,"column":null}}],"line":43}},"s":{"0":15,"1":7,"2":3,"3":1,"4":2,"5":2,"6":1,"7":2,"8":10,"9":2,"10":2,"11":2,"12":2,"13":1,"14":1},"f":{"0":15,"1":10},"b":{"0":[7,3,1,2,1,2],"1":[2,2,2,2,1,1],"2":[2,1]},"meta":{"lastBranch":3,"lastFunction":2,"lastStatement":15,"seen":{"f:10:16:10:34":0,"b:12:8:13:Infinity:14:8:15:Infinity:16:8:17:Infinity:18:8:23:Infinity:24:8:24:Infinity:25:8:26:Infinity":0,"s:11:4:27:Infinity":0,"s:13:12:13:Infinity":1,"s:15:12:15:Infinity":2,"s:17:12:17:Infinity":3,"s:19:12:23:Infinity":4,"s:20:16:20:Infinity":5,"s:22:16:22:Infinity":6,"s:26:12:26:Infinity":7,"f:34:16:34:34":1,"b:36:8:37:Infinity:38:8:39:Infinity:40:8:41:Infinity:42:8:43:Infinity:44:8:45:Infinity:46:8:47:Infinity":1,"s:35:4:48:Infinity":8,"s:37:12:37:Infinity":9,"s:39:12:39:Infinity":10,"s:41:12:41:Infinity":11,"s:43:12:43:Infinity":12,"b:43:19:43:48:43:48:43:Infinity":2,"s:45:12:45:Infinity":13,"s:47:12:47:Infinity":14}}},"C:\\Users\\bigey\\Documents\\Antigravity\\L2C\\src\\features\\settings\\actions\\profile-actions.ts":{"path":"C:\\Users\\bigey\\Documents\\Antigravity\\L2C\\src\\features\\settings\\actions\\profile-actions.ts","statementMap":{"0":{"start":{"line":16,"column":28},"end":{"line":20,"column":null}},"1":{"start":{"line":25,"column":13},"end":{"line":97,"column":null}},"2":{"s
[...]
1189,"column":58}},"loc":{"start":{"line":1189,"column":72},"end":{"line":1191,"column":2}},"line":1189},"79":{"name":"(anonymous_79)","decl":{"start":{"line":1193,"column":55},"end":{"line":1193,"column":56}},"loc":{"start":{"line":1193,"column":69},"end":{"line":1196,"column":2}},"line":1193},"80":{"name":"(anonymous_80)","decl":{"start":{"line":1198,"column":63},"end":{"line":1198,"column":64}},"loc":{"start":{"line":1198,"column":77},"end":{"line":1202,"column":2}},"line":1198},"81":{"name":"(anonymous_81)","decl":{"start":{"line":1205,"column":63},"end":{"line":1205,"column":64}},"loc":{"start":{"line":1205,"column":77},"end":{"line":1208,"column":2}},"line":1205},"82":{"name":"(anonymous_82)","decl":{"start":{"line":1210,"column":83},"end":{"line":1210,"column":84}},"loc":{"start":{"line":1210,"column":97},"end":{"line":1213,"column":2}},"line":1210},"83":{"name":"(anonymous_83)","decl":{"start":{"line":1216,"column":75},"end":{"line":1216,"column":76}},"loc":{"start":{"line":1216,"column":89},"end":{"line":1223,"column":2}},"line":1216},"84":{"name":"(anonymous_84)","decl":{"start":{"line":1226,"column":55},"end":{"line":1226,"column":56}},"loc":{"start":{"line":1226,"column":69},"end":{"line":1229,"column":2}},"line":1226},"85":{"name":"(anonymous_85)","decl":{"start":{"line":1232,"column":59},"end":{"line":1232,"column":60}},"loc":{"start":{"line":1232,"column":73},"end":{"line":1234,"column":2}},"line":1232},"86":{"name":"(anonymous_86)","decl":{"start":{"line":1237,"column":57},"end":{"line":1237,"column":58}},"loc":{"start":{"line":1237,"column":71},"end":{"line":1239,"column":2}},"line":1237},"87":{"name":"(anonymous_87)","decl":{"start":{"line":1242,"column":61},"end":{"line":1242,"column":62}},"loc":{"start":{"line":1242,"column":75},"end":{"line":1245,"column":2}},"line":1242},"88":{"name":"(anonymous_88)","decl":{"start":{"line":1248,"column":65},"end":{"line":1248,"column":66}},"loc":{"start":{"line":1248,"column":85},"end":{"line":1254,"column":2}},"line":1248},"89":{"name":"(anonymous_89)","decl":{"start":{"line":1256,"column":73},"end":{"line":1256,"column":74}},"loc":{"start":{"line":1256,"column":93},"end":{"line":1263,"column":2}},"line":1256},"90":{"name":"(anonymous_90)","decl":{"start":{"line":1265,"column":73},"end":{"line":1265,"column":74}},"loc":{"start":{"line":1265,"column":87},"end":{"line":1276,"column":2}},"line":1265},"91":{"name":"(anonymous_91)","decl":{"start":{"line":1279,"column":65},"end":{"line":1279,"column":66}},"loc":{"start":{"line":1279,"column":79},"end":{"line":1282,"column":2}},"line":1279},"92":{"name":"(anonymous_92)","decl":{"start":{"line":1284,"column":79},"end":{"line":1284,"column":80}},"loc":{"start":{"line":1284,"column":93},"end":{"line":1291,"column":2}},"line":1284}},"branchMap":{},"s":{"0":8,"1":0,"2":8,"3":0,"4":8,"5":0,"6":8,"7":0,"8":8,"9":0,"10":8,"11":0,"12":8,"13":0,"14":8,"15":0,"16":8,"17":0,"18":8,"19":0,"20":8,"21":0,"22":8,"23":0,"24":8,"25":0,"26":8,"27":0,"28":8,"29":0,"30":8,"31":0,"32":8,"33":0,"34":8,"35":0,"36":8,"37":0,"38":8,"39":0,"40":8,"41":0,"42":8,"43":0,"44":8,"45":0,"46":8,"47":0,"48":8,"49":0,"50":8,"51":0,"52":8,"53":0,"54":8,"55":0,"56":8,"57":0,"58":8,"59":0,"60":8,"61":0,"62":8,"63":0,"64":8,"65":0,"66":8,"67":0,"68":8,"69":0,"70":8,"71":0,"72":8,"73":0,"74":8,"75":0,"76":8,"77":0,"78":8,"79":0,"80":8,"81":0,"82":8,"83":0,"84":8,"85":0,"86":8,"87":0,"88":8,"89":0,"90":8,"91":0,"92":8,"93":0,"94":8,"95":0,"96":8,"97":0,"98":8,"99":0,"100":8,"101":0,"102":8,"103":0,"104":8,"105":0,"106":8,"107":0,"108":8,"109":0,"110":8,"111":0,"112":8,"113":0,"114":8,"115":0,"116":8,"117":0,"118":8,"119":0,"120":8,"121":0,"122":8,"123":0,"124":8,"125":0,"126":8,"127":0,"128":8,"129":0,"130":8,"131":0,"132":8,"133":0,"134":8,"135":0,"136":8,"137":0,"138":8,"139":0,"140":8,"141":0,"142":8,"143":0,"144":8,"145":0,"146":8,"147":0,"148":8,"149":0,"150":8,"151":0,"152":8,"153":0,"154":8,"155":0,"156":8,"157":0,"158":8,"159":0,"160":8,"161":0,"162":8,"163":0,"164":8,"165":0,"166":8,"167":0,"168":8,"169":0,"170":8,"171":0,"172":8,"173":0,"174":8,"175":0,"176":8,"177":0,"178":8,"179":0,"180":8,"181":0,"182":8,"183":0,"184":8,"185":0},"f":{"0":0,"1":0,"2":0,"3":0,"4":0,"5":0,"6":0,"7":0,"8":0,"9":0,"10":0,"11":0,"12":0,"13":0,"14":0,"15":0,"16":0,"17":0,"18":0,"19":0,"20":0,"21":0,"22":0,"23":0,"24":0,"25":0,"26":0,"27":0,"28":0,"29":0,"30":0,"31":0,"32":0,"33":0,"34":0,"35":0,"36":0,"37":0,"38":0,"39":0,"40":0,"41":0,"42":0,"43":0,"44":0,"45":0,"46":0,"47":0,"48":0,"49":0,"50":0,"51":0,"52":0,"53":0,"54":0,"55":0,"56":0,"57":0,"58":0,"59":0,"60":0,"61":0,"62":0,"63":0,"64":0,"65":0,"66":0,"67":0,"68":0,"69":0,"70":0,"71":0,"72":0,"73":0,"74":0,"75":0,"76":0,"77":0,"78":0,"79":0,"80":0,"81":0,"82":0,"83":0,"84":0,"85":0,"86":0,"87":0,"88":0,"89":0,"90":0,"91":0,"92":0},"b":{},"meta":{"lastBranch":0,"lastFunction":93,"lastStatement":186,"seen":{"s:108:13:110:Infinity":0,"f:108:51:108:52":0,"s:108:66:110:2":1,"s:112:13:117:Infinity":2,"f:112:47:112:48":1,"s:112:61:117:2":3,"s:119:13:143:Infinity":4,"f:119:55:119:56":2,"s:119:75:143:2":5,"s:145:13:150:Infinity":6,"f:145:71:145:72":3,"s:145:85:150:2":7,"s:152:13:194:Infinity":8,"f:152:47:152:48":4,"s:152:67:194:2":9,"s:196:13:205:Infinity":10,"f:196:65:196:66":5,"s:196:79:205:2":11,"s:207:13:216:Infinity":12,"f:207:65:207:66":6,"s:207:85:216:2":13,"s:218:13:221:Infinity":14,"f:218:55:218:56":7,"s:218:70:221:2":15,"s:223:13:233:Infinity":16,"f:223:53:223:54":8,"s:223:73:233:2":17,"s:235:13:244:Infinity":18,"f:235:69:235:70":9,"s:235:83:244:2":19,"s:246:13:254:Infinity":20,"f:248:2:248:3":10,"s:248:16:253:Infinity":21,"s:256:13:262:Infinity":22,"f:256:71:256:72":11,"s:256:91:262:2":23,"s:264:13:289:Infinity":24,"f:264:53:264:54":12,"s:264:73:289:2":25,"s:291:13:296:Infinity":26,"f:291:67:291:68":13,"s:291:81:296:2":27,"s:298:13:319:Infinity":28,"f:298:49:298:50":14,"s:298:69:319:2":29,"s:321:13:341:Infinity":30,"f:321:65:321:66":15,"s:321:85:341:2":31,"s:343:13:348:Infinity":32,"f:343:73:343:74":16,"s:343:87:348:2":33,"s:350:13:363:Infinity":34,"f:350:57:350:58":17,"s:350:71:363:2":35,"s:365:13:378:Infinity":36,"f:365:59:365:60":18,"s:365:73:378:2":37,"s:380:13:397:Infinity":38,"f:380:67:380:68":19,"s:380:81:397:2":39,"s:399:13:412:Infinity":40,"f:399:57:399:58":20,"s:399:71:412:2":41,"s:414:13:419:Infinity":42,"f:414:69:414:70":21,"s:414:83:419:2":43,"s:421:13:452:Infinity":44,"f:421:49:421:50":22,"s:421:69:452:2":45,"s:454:13:464:Infinity":46,"f:454:57:454:58":23,"s:454:77:464:2":47,"s:466:13:483:Infinity":48,"f:466:57:466:58":24,"s:466:71:483:2":49,"s:485:13:503:Infinity":50,"f:485:61:485:62":25,"s:485:81:503:2":51,"s:505:13:515:Infinity":52,"f:505:63:505:64":26,"s:505:83:515:2":53,"s:517:13:526:Infinity":54,"f:517:61:517:62":27,"s:517:75:526:2":55,"s:528:13:547:Infinity":56,"f:528:71:528:72":28,"s:528:85:547:2":57,"s:549:13:585:Infinity":58,"f:549:61:549:62":29,"s:549:81:585:2":59,"s:587:13:596:Infinity":60,"f:587:61:587:62":30,"s:587:75:596:2":61,"s:598:13:607:Infinity":62,"f:598:63:598:64":31,"s:598:77:607:2":63,"s:611:13:616:Infinity":64,"f:611:65:611:66":32,"s:611:79:616:2":65,"s:618:13:624:Infinity":66,"f:618:67:618:68":33,"s:618:87:624:2":67,"s:626:13:635:Infinity":68,"f:626:75:626:76":34,"s:626:89:635:2":69,"s:637:13:672:Infinity":70,"f:637:71:637:72":35,"s:637:85:672:2":71,"s:674:13:696:Infinity":72,"f:674:61:674:62":36,"s:674:81:696:2":73,"s:698:13:720:Infinity":74,"f:698:63:698:64":37,"s:698:83:720:2":75,"s:722:13:731:Infinity":76,"f:722:71:722:72":38,"s:722:85:731:2":77,"s:733:13:750:Infinity":78,"f:733:71:733:72":39,"s:733:85:750:2":79,"s:752:13:769:Infinity":80,"f:752:77:752:78":40,"s:752:91:769:2":81,"s:771:13:789:Infinity":82,"f:771:61:771:62":41,"s:771:81:789:2":83,"s:791:13:804:Infinity":84,"f:791:69:791:70":42,"s:791:83:804:2":85,"s:806:13:820:Infinity":86,"f:806:71:806:72":43,"s:806:91:820:2":87,"s:822:13:831:Infinity":88,"f:822:71:822:72":44,"s:822:85:831:2":89,"s:833:13:843:Infinity":90,"f:833:67:833:68":45,"s:833:87:843:2":91,"s:845:13:850:Infinity":92,"f:845:79:845:80":46,"s:845:93:850:2":93,"s:852:13:874:Infinity":94,"f:852:61:852:62":47,"s:852:81:874:2":95,"s:876:13:893:Infinity":96,"f:876:69:876:70":48,"s:876:83:893:2":97,"s:896:13:923:Infinity":98,"f:896:59:896:60":49,"s:896:73:923:2":99,"s:926:13:953:Infinity":100,"f:926:57:926:58":50,"s:926:71:953:2":101,"s:955:13:981:Infinity":102,"f:955:71:955:72":51,"s:955:91:981:2":103,"s:983:13:1008:Infinity":104,"f:983:69:983:70":52,"s:983:83:1008:2":105,"s:1010:13:1013:Infinity":106,"f:1010:63:1010:64":53,"s:1010:78:1013:2":107,"s:1015:13:1020:Infinity":108,"f:1015:63:1015:64":54,"s:1015:77:1020:2":109,"s:1022:13:1032:Infinity":110,"f:1022:55:1022:56":55,"s:1022:75:1032:2":111,"s:1034:13:1047:Infinity":112,"f:1034:63:1034:64":56,"s:1034:77:1047:2":113,"s:1052:13:1055:Infinity":114,"f:1052:71:1052:72":57,"s:1052:85:1055:2":115,"s:1058:13:1061:Infinity":116,"f:1058:63:1058:64":58,"s:1058:77:1061:2":117,"s:1063:13:1069:Infinity":118,"f:1063:71:1063:72":59,"s:1063:85:1069:2":119,"s:1072:13:1075:Infinity":120,"f:1072:73:1072:74":60,"s:1072:87:1075:2":121,"s:1077:13:1081:Infinity":122,"f:1077:73:1077:74":61,"s:1077:87:1081:2":123,"s:1083:13:1089:Infinity":124,"f:1083:79:1083:80":62,"s:1083:93:1089:2":125,"s:1092:13:1095:Infinity":126,"f:1092:75:1092:76":63,"s:1092:89:1095:2":127,"s:1098:13:1102:Infinity":128,"f:1098:61:1098:62":64,"s:1098:75:1102:2":129,"s:1105:13:1108:Infinity":130,"f:1105:57:1105:58":65,"s:1105:77:1108:2":131,"s:1110:13:1112:Infinity":132,"f:1110:65:1110:66":66,"s:1110:79:1112:2":133,"s:1115:13:1118:Infinity":134,"f:1115:67:1115:68":67,"s:1115:81:1118:2":135,"s:1120:13:1122:Infinity":136,"f:1120:79:1120:80":68,"s:1120:93:1122:2":137,"s:1124:13:1127:Infinity":138,"f:1124:65:1124:66":69,"s:1124:85:1127:2":139,"s:1129:13:1134:Infinity":140,"f:1129:73:1129:74":70,"s:1129:87:1134:2":141,"s:1136:13:1139:Infinity":142,"f:1136:67:1136:68":71,"s:1136:87:1139:2":143,"s:1141:13:1146:Infinity":144,"f:1141:67:1141:68":72,"s:1141:81:1146:2":145,"s:1148:13:1151:Infinity":146,"f:1148:67:1148:68":73,"s:1148:87:1151:2":147,"s:1153:13:1158:Infinity":148,"f:1153:75:1153:76":74,"s:1153:89:1158:2":149,"s:1161:13:1169:Infinity":150,"f:1161:75:1161:76":75,"s:1161:89:1169:2":151,"s:1172:13:1181:Infinity":152,"f:1172:57:1172:58":76,"s:1172:77:1181:2":153,"s:1183:13:1186:Infinity":154,"f:1183:65:1183:66":77,"s:1183:79:1186:2":155,"s:1189:13:1191:Infinity":156,"f:1189:57:1189:58":78,"s:1189:72:1191:2":157,"s:1193:13:1196:Infinity":158,"f:1193:55:1193:56":79,"s:1193:69:1196:2":159,"s:1198:13:1202:Infinity":160,"f:1198:63:1198:64":80,"s:1198:77:1202:2":161,"s:1205:13:1208:Infinity":162,"f:1205:63:1205:64":81,"s:1205:77:1208:2":163,"s:1210:13:1213:Infinity":164,"f:1210:83:1210:84":82,"s:1210:97:1213:2":165,"s:1216:13:1223:Infinity":166,"f:1216:75:1216:76":83,"s:1216:89:1223:2":167,"s:1226:13:1229:Infinity":168,"f:1226:55:1226:56":84,"s:1226:69:1229:2":169,"s:1232:13:1234:Infinity":170,"f:1232:59:1232:60":85,"s:1232:73:1234:2":171,"s:1237:13:1239:Infinity":172,"f:1237:57:1237:58":86,"s:1237:71:1239:2":173,"s:1242:13:1245:Infinity":174,"f:1242:61:1242:62":87,"s:1242:75:1245:2":175,"s:1248:13:1254:Infinity":176,"f:1248:65:1248:66":88,"s:1248:85:1254:2":177,"s:1256:13:1263:Infinity":178,"f:1256:73:1256:74":89,"s:1256:93:1263:2":179,"s:1265:13:1276:Infinity":180,"f:1265:73:1265:74":90,"s:1265:87:1276:2":181,"s:1279:13:1282:Infinity":182,"f:1279:65:1279:66":91,"s:1279:79:1282:2":183,"s:1284:13:1291:Infinity":184,"f:1284:79:1284:80":92,"s:1284:93:1291:2":185}}},"C:\\Users\\bigey\\Documents\\Antigravity\\L2C\\src\\shared\\ui\\switch.tsx":{"path":"C:\\Users\\bigey\\Documents\\Antigravity\\L2C\\src\\shared\\ui\\switch.tsx","statementMap":{"0":{"start":{"line":6,"column":15},"end":{"line":36,"column":null}},"1":{"start":{"line":13,"column":4},"end":{"line":35,"column":null}},"2":{"start":{"line":20,"column":12},"end":{"line":20,"column":null}},"3":{"start":{"line":21,"column":12},"end":{"line":21,"column":null}},"4":{"start":{"line":37,"column":0},"end":{"line":37,"column":null}}},"fnMap":{"0":{"name":"(anonymous_0)","decl":{"start":{"line":12,"column":2},"end":{"line":12,"column":3}},"loc":{"start":{"line":13,"column":4},"end":{"line":35,"column":null}},"line":13},"1":{"name":"(anonymous_1)","decl":{"start":{"line":19,"column":17},"end":{"line":19,"column":18}},"loc":{"start":{"line":19,"column":24},"end":{"line":22,"column":null}},"line":19}},"branchMap":{"0":{"loc":{"start":{"line":17,"column":20},"end":{"line":17,"column":null}},"type":"cond-expr","locations":[{"start":{"line":17,"column":30},"end":{"line":17,"column":42}},{"start":{"line":17,"column":42},"end":{"line":17,"column":null}}],"line":17},"1":{"loc":{"start":{"line":30,"column":24},"end":{"line":30,"column":null}},"type":"cond-expr","locations":[{"start":{"line":30,"column":34},"end":{"line":30,"column":46}},{"start":{"line":30,"column":46},"end":{"line":30,"column":null}}],"line":30}},"s":{"0":1,"1":6,"2":0,"3":0,"4":1},"f":{"0":6,"1":0},"b":{"0":[6,0],"1":[6,0]},"meta":{"lastBranch":2,"lastFunction":2,"lastStatement":5,"seen":{"s:6:15:36:Infinity":0,"f:12:2:12:3":0,"s:13:4:35:Infinity":1,"b:17:30:17:42:17:42:17:Infinity":0,"f:19:17:19:18":1,"s:20:12:20:Infinity":2,"s:21:12:21:Infinity":3,"b:30:34:30:46:30:46:30:Infinity":1,"s:37:0:37:Infinity":4}}},"C:\\Users\\bigey\\Documents\\Antigravity\\L2C\\src\\shared\\utils.ts":{"path":"C:\\Users\\bigey\\Documents\\Antigravity\\L2C\\src\\shared\\utils.ts","statementMap":{"0":{"start":{"line":5,"column":2},"end":{"line":5,"column":null}},"1":{"start":{"line":9,"column":4},"end":{"line":13,"column":null}},"2":{"start":{"line":16,"column":28},"end":{"line":16,"column":null}},"3":{"start":{"line":26,"column":14},"end":{"line":26,"column":null}},"4":{"start":{"line":27,"column":4},"end":{"line":27,"column":null}},"5":{"start":{"line":31,"column":4},"end":{"line":37,"column":null}},"6":{"start":{"line":41,"column":17},"end":{"line":41,"column":null}},"7":{"start":{"line":42,"column":17},"end":{"line":42,"column":null}},"8":{"start":{"line":43,"column":18},"end":{"line":43,"column":null}},"9":{"start":{"line":44,"column":16},"end":{"line":44,"column":null}},"10":{"start":{"line":45,"column":19},"end":{"line":45,"column":null}},"11":{"start":{"line":46,"column":4},"end":{"line":46,"column":null}},"12":{"start":{"line":50,"column":4},"end":{"line":50,"column":null}},"13":{"start":{"line":50,"column":36},"end":{"line":50,"column":59}},"14":{"start":{"line":58,"column":4},"end":{"line":61,"column":null}},"15":{"start":{"line":59,"column":8},"end":{"line":59,"column":null}},"16":{"start":{"line":60,"column":8},"end":{"line":60,"column":null}},"17":{"start":{"line":60,"column":37},"end":{"line":60,"column":50}},"18":{"start":{"line":65,"column":4},"end":{"line":65,"column":null}},"19":{"start":{"line":65,"column":37},"end":{"line":65,"column":null}},"20":{"start":{"line":66,"column":4},"end":{"line":66,"column":null}},"21":{"start":{"line":70,"column":4},"end":{"line":70,"column":null}},"22":{"start":{"line":70,"column":31},"end":{"line":70,"column":null}},"23":{"start":{"line":71,"column":4},"end":{"line":71,"column":null}}},"fnMap":{"0":{"name":"cn","decl":{"start":{"line":4,"column":16},"end":{"line":4,"column":22}},"loc":{"start":{"line":4,"column":44},"end":{"line":6,"column":null}},"line":4},"1":{"name":"formatCurrency","decl":{"start":{"line":8,"column":16},"end":{"line":8,"column":31}},"loc":{"start":{"line":8,"column":73},"end":{"line":14,"column":null}},"line":8},"2":{"name":"formatDate","decl":{"start":{"line":18,"column":16},"end":{"line":18,"column":null}},"loc":{"start":{"line":25,"column":10},"end":{"line":28,"column":null}},"line":25},"3":{"name":"formatDateTime","decl":{"start":{"line":30,"column":16},"end":{"line":30,"column":31}},"loc":{"start":{"line":30,"column":60},"end":{"line":38,"column":null}},"line":30},"4":{"name":"generateDocNo","decl":{"start":{"line":40,"column":16},"end":{"line":40,"column":30}},"loc":{"start":{"line":40,"column":54},"end":{"line":47,"column":null}},"line":40},"5":{"name":"sleep","decl":{"start":{"line":49,"column":16},"end":{"line":49,"column":22}},"loc":{"start":{"line":49,"column":49},"end":{"line":51,"column":null}},"line":49},"6":{"name":"(anonymous_6)","decl":{"start":{"line":50,"column":23},"end":{"line":50,"column":24}},"loc":{"start":{"line":50,"column":36},"end":{"line":50,"column":59}},"line":50},"7":{"name":"debounce","decl":{"start":{"line":53,"column":16},"end":{"line":53,"column":null}},"loc":{"start":{"line":56,"column":36},"end":{"line":62,"column":null}},"line":56},"8":{"name":"(anonymous_8)","decl":{"start":{"line":58,"column":11},"end":{"line":58,"column":15}},"loc":{"start":{"line":58,"column":39},"end":{"line":61,"column":null}},"line":58},"9":{"name":"(anonymous_9)","decl":{"start":{"line":60,"column":31},"end":{"line":60,"column":37}},"loc":{"start":{"line":60,"column":37},"end":{"line":60,"column":50}},"line":60},"10":{"name":"maskPhone","decl":{"start":{"line":64,"column":16},"end":{"line":64,"column":26}},"loc":{"start":{"line":64,"column":49},"end":{"line":67,"column":null}},"line":64},"11":{"name":"truncate","decl":{"start":{"line":69,"column":16},"end":{"line":69,"column":25}},"loc":{"start":{"line":69,"column":63},"end":{"line":72,"column":null}},"line":69}},"branchMap":{"0":{"loc":{"start":{"line":8,"column":47},"end":{"line":8,"column":73}},"type":"default-arg","locations":[{"start":{"line":8,"column":58},"end":{"line":8,"column":73}}],"line":8},"1":{"loc":{"start":{"line":20,"column":4},"end":{"line":24,"column":null}},"type":"default-arg","locations":[{"start":{"line":20,"column":42},"end":{"line":24,"column":null}}],"line":20},"2":{"loc":{"start":{"line":26,"column":14},"end":{"line":26,"column":null}},"type":"cond-expr","locations":[{"start":{"line":26,"column":41},"end":{"line":26,"column":58}},{"start":{"line":26,"column":58},"end":{"line":26,"column":null}}],"line":26},"3":{"loc":{"start":{"line":65,"column":4},"end":{"line":65,"column":null}},"type":"if","locations":[{"start":{"line":65,"column":4},"end":{"line":65,"column":null}},{"start":{},"end":{}}],"line":65},"4":{"loc":{"start":{"line":65,"column":8},"end":{"line":65,"column":37}},"type":"binary-expr","locations":[{"start":{"line":65,"column":8},"end":{"line":65,"column":18}},{"start":{"line":65,"column":18},"end":{"line":65,"column":37}}],"line":65},"5":{"loc":{"start":{"line":70,"column":4},"end":{"line":70,"column":null}},"type":"if","locations":[{"start":{"line":70,"column":4},"end":{"line":70,"column":null}},{"start":{},"end":{}}],"line":70}},"s":{"0":30,"1":0,"2":1,"3":0,"4":0,"5":0,"6":0,"7":0,"8":0,"9":0,"10":0,"11":0,"12":0,"13":0,"14":0,"15":0,"16":0,"17":0,"18":0,"19":0,"20":0,"21":0,"22":0,"23":0},"f":{"0":30,"1":0,"2":0,"3":0,"4":0,"5":0,"6":0,"7":0,"8":0,"9":0,"10":0,"11":0},"b":{"0":[0],"1":[0],"2":[0,0],"3":[0,0],"4":[0,0],"5":[0,0]},"meta":{"lastBranch":6,"lastFunction":12,"lastStatement":24,"seen":{"f:4:16:4:22":0,"s:5:2:5:Infinity":0,"f:8:16:8:31":1,"b:8:58:8:73":0,"s:9:4:13:Infinity":1,"s:16:28:16:Infinity":2,"f:18:16:18:Infinity":2,"b:20:42:24:Infinity":1,"s:26:14:26:Infinity":3,"b:26:41:26:58:26:58:26:Infinity":2,"s:27:4:27:Infinity":4,"f:30:16:30:31":3,"s:31:4:37:Infinity":5,"f:40:16:40:30":4,"s:41:17:41:Infinity":6,"s:42:17:42:Infinity":7,"s:43:18:43:Infinity":8,"s:44:16:44:Infinity":9,"s:45:19:45:Infinity":10,"s:46:4:46:Infinity":11,"f:49:16:49:22":5,"s:50:4:50:Infinity":12,"f:50:23:50:24":6,"s:50:36:50:59":13,"f:53:16:53:Infinity":7,"s:58:4:61:Infinity":14,"f:58:11:58:15":8,"s:59:8:59:Infinity":15,"s:60:8:60:Infinity":16,"f:60:31:60:37":9,"s:60:37:60:50":17,"f:64:16:64:26":10,"b:65:4:65:Infinity:undefined:undefined:undefined:undefined":3,"s:65:4:65:Infinity":18,"b:65:8:65:18:65:18:65:37":4,"s:65:37:65:Infinity":19,"s:66:4:66:Infinity":20,"f:69:16:69:25":11,"b:70:4:70:Infinity:undefined:undefined:undefined:undefined":5,"s:70:4:70:Infinity":21,"s:70:31:70:Infinity":22,"s:71:4:71:Infinity":23}}}}}