
> l2c@0.1.0 type-check C:\Users\bigey\Documents\Antigravity\L2C
> tsc --noEmit

seed-e2e.ts(130,48): error TS2769: No overload matches this call.
  Overload 1 of 2, '(value: { name: string | SQL<unknown> | Placeholder<string, any>; code: "ECONOMIC" | "COMFORT" | "LUXURY" | SQL<unknown> | Placeholder<string, any>; tenantId: string | ... 1 more ... | Placeholder<...>; ... 4 more ...; description?: string | ... 3 more ... | undefined; }): PgInsertBase<...>', gave the following error.
    Type 'string' is not assignable to type '"ECONOMIC" | "COMFORT" | "LUXURY" | SQL<unknown> | Placeholder<string, any>'.
  Overload 2 of 2, '(values: { name: string | SQL<unknown> | Placeholder<string, any>; code: "ECONOMIC" | "COMFORT" | "LUXURY" | SQL<unknown> | Placeholder<string, any>; tenantId: string | ... 1 more ... | Placeholder<...>; ... 4 more ...; description?: string | ... 3 more ... | undefined; }[]): PgInsertBase<...>', gave the following error.
    Object literal may only specify known properties, and 'tenantId' does not exist in type '{ name: string | SQL<unknown> | Placeholder<string, any>; code: "ECONOMIC" | "COMFORT" | "LUXURY" | SQL<unknown> | Placeholder<string, any>; tenantId: string | ... 1 more ... | Placeholder<...>; ... 4 more ...; description?: string | ... 3 more ... | undefined; }[]'.
src/app/(dashboard)/after-sales/[id]/page.tsx(187,49): error TS2719: Type 'ResolutionLocal[]' is not assignable to type 'ResolutionLocal[]'. Two different types with this name exist, but they are unrelated.
  Type 'ResolutionLocal' is not assignable to type 'ResolutionLocal'. Two different types with this name exist, but they are unrelated.
    Types of property 'createdAt' are incompatible.
      Type 'Date | null' is not assignable to type 'Date'.
        Type 'null' is not assignable to type 'Date'.
src/app/(dashboard)/finance/ap/page.tsx(69,26): error TS2322: Type '({ status: "PREPAID" | "PARTIAL" | "PENDING_RECON" | "PENDING_INVOICE" | "PENDING_PAYMENT" | "COMPLETED" | "VOID" | null; id: string; type: "SUPPLIER" | "OTHER" | "LABOR" | "REFUND"; ... 17 more ...; paymentProofUrl: string | null; } | undefined)[]' is not assignable to type 'ApStatement[]'.
  Type '{ status: "PREPAID" | "PARTIAL" | "PENDING_RECON" | "PENDING_INVOICE" | "PENDING_PAYMENT" | "COMPLETED" | "VOID" | null; id: string; type: "SUPPLIER" | "OTHER" | "LABOR" | "REFUND"; ... 17 more ...; paymentProofUrl: string | null; } | undefined' is not assignable to type 'ApStatement'.
    Type 'undefined' is not assignable to type 'ApStatement'.
src/app/(dashboard)/finance/labor/page.tsx(70,26): error TS2322: Type '{ status: "PREPAID" | "PARTIAL" | "PENDING_RECON" | "PENDING_INVOICE" | "PENDING_PAYMENT" | "COMPLETED" | "VOID" | null; id: string; type: "SUPPLIER" | "OTHER" | "LABOR" | "REFUND"; ... 17 more ...; paymentProofUrl: string | null; }[]' is not assignable to type 'ApStatement[]'.
  Type '{ status: "PREPAID" | "PARTIAL" | "PENDING_RECON" | "PENDING_INVOICE" | "PENDING_PAYMENT" | "COMPLETED" | "VOID" | null; id: string; type: "SUPPLIER" | "OTHER" | "LABOR" | "REFUND"; ... 17 more ...; paymentProofUrl: string | null; }' is missing the following properties from type 'ApStatement': supplier, worker
src/app/(dashboard)/orders/[id]/page.tsx(130,89): error TS2339: Property 'location' does not exist on type '{ id: string; category: "CURTAIN_FABRIC" | "CURTAIN_SHEER" | "CURTAIN_TRACK" | "CURTAIN_ACCESSORY" | "WALLCLOTH" | "WALLPANEL" | "WINDOWPAD" | "STANDARD" | "MOTOR" | null; unitPrice: string; ... 17 more ...; subtotal: string; }'.
src/app/(dashboard)/quotes/[id]/page.tsx(82,25): error TS2322: Type '{ id: string; createdAt: Date | null; updatedAt: Date | null; tenantId: string; deletedAt: Date | null; totalAmount: string | null; createdBy: string; status: "DRAFT" | "ACTIVE" | "LOCKED" | "EXPIRED" | null; ... 20 more ...; order: { ...; }; }' is not assignable to type 'QuoteData'.
  Types of property 'totalAmount' are incompatible.
    Type 'string | null' is not assignable to type 'string | number | undefined'.
      Type 'null' is not assignable to type 'string | number | undefined'.
src/app/(dashboard)/settings/approvals/page.tsx(13,15): error TS2724: '"@/shared/api/schema"' has no exported member named 'Role'. Did you mean 'roles'?
src/app/(dashboard)/settings/approvals/page.tsx(52,13): error TS2304: Cannot find name 'loadData'.
src/app/(dashboard)/settings/approvals/page.tsx(75,17): error TS2304: Cannot find name 'loadData'.
src/app/(dashboard)/settings/approvals/page.tsx(147,36): error TS2552: Cannot find name 'roles'. Did you mean 'Role'?
src/app/(dashboard)/settings/channels/page.tsx(33,37): error TS2322: Type '{ id: string; name: string; code: string; isActive: boolean | null; createdAt: Date | null; categoryId: string; categoryName: string; }[]' is not assignable to type '{ id: string; name: string; code: string; isActive: boolean | null; createdAt: Date | null; tenantId: string; categoryId: string; }[]'.
  Property 'tenantId' is missing in type '{ id: string; name: string; code: string; isActive: boolean | null; createdAt: Date | null; categoryId: string; categoryName: string; }' but required in type '{ id: string; name: string; code: string; isActive: boolean | null; createdAt: Date | null; tenantId: string; categoryId: string; }'.
src/app/(dashboard)/settings/roles/role-list-wrapper.tsx(22,65): error TS2345: Argument of type 'null' is not assignable to parameter of type 'SetStateAction<{ permissions: string[] | null; id: string; name: string; code: string; createdAt: Date | null; updatedAt: Date | null; tenantId: string; description: string | null; isSystem: boolean | null; } | undefined>'.
src/features/after-sales/components/add-resolution-dialog.tsx(69,9): error TS2322: Type 'Resolver<{ type: "OTHER" | "REFUND" | "REPAIR" | "EXCHANGE" | "GIFT" | "PARTIAL_RETURN" | "FULL_RETURN"; description: string; estimatedCost: unknown; requiresVisit?: boolean | undefined; requiresProduction?: boolean | undefined; }, any, { ...; }>' is not assignable to type 'Resolver<{ type: "OTHER" | "REFUND" | "REPAIR" | "EXCHANGE" | "GIFT" | "PARTIAL_RETURN" | "FULL_RETURN"; description: string; estimatedCost: number; requiresVisit: boolean; requiresProduction: boolean; }, any, { ...; }>'.
  Types of parameters 'options' and 'options' are incompatible.
    Type 'ResolverOptions<{ type: "OTHER" | "REFUND" | "REPAIR" | "EXCHANGE" | "GIFT" | "PARTIAL_RETURN" | "FULL_RETURN"; description: string; estimatedCost: number; requiresVisit: boolean; requiresProduction: boolean; }>' is not assignable to type 'ResolverOptions<{ type: "OTHER" | "REFUND" | "REPAIR" | "EXCHANGE" | "GIFT" | "PARTIAL_RETURN" | "FULL_RETURN"; description: string; estimatedCost: unknown; requiresVisit?: boolean | undefined; requiresProduction?: boolean | undefined; }>'.
      Type 'unknown' is not assignable to type 'number'.
src/features/after-sales/components/add-resolution-dialog.tsx(118,55): error TS2345: Argument of type '(data: FormValues) => Promise<void>' is not assignable to parameter of type 'SubmitHandler<TFieldValues>'.
  Types of parameters 'data' and 'data' are incompatible.
    Type 'TFieldValues' is not assignable to type '{ type: "OTHER" | "REFUND" | "REPAIR" | "EXCHANGE" | "GIFT" | "PARTIAL_RETURN" | "FULL_RETURN"; description: string; estimatedCost: number; requiresVisit: boolean; requiresProduction: boolean; }'.
      Type 'FieldValues' is missing the following properties from type '{ type: "OTHER" | "REFUND" | "REPAIR" | "EXCHANGE" | "GIFT" | "PARTIAL_RETURN" | "FULL_RETURN"; description: string; estimatedCost: number; requiresVisit: boolean; requiresProduction: boolean; }': type, description, estimatedCost, requiresVisit, requiresProduction
src/features/after-sales/components/add-resolution-dialog.tsx(120,29): error TS2322: Type 'Control<{ type: "OTHER" | "REFUND" | "REPAIR" | "EXCHANGE" | "GIFT" | "PARTIAL_RETURN" | "FULL_RETURN"; description: string; estimatedCost: number; requiresVisit: boolean; requiresProduction: boolean; }, any, TFieldValues>' is not assignable to type 'Control<{ type: "OTHER" | "REFUND" | "REPAIR" | "EXCHANGE" | "GIFT" | "PARTIAL_RETURN" | "FULL_RETURN"; description: string; estimatedCost: number; requiresVisit: boolean; requiresProduction: boolean; }, any, { ...; }>'.
  The types of '_options.resolver' are incompatible between these types.
    Type 'Resolver<{ type: "OTHER" | "REFUND" | "REPAIR" | "EXCHANGE" | "GIFT" | "PARTIAL_RETURN" | "FULL_RETURN"; description: string; estimatedCost: number; requiresVisit: boolean; requiresProduction: boolean; }, any, TFieldValues> | undefined' is not assignable to type 'Resolver<{ type: "OTHER" | "REFUND" | "REPAIR" | "EXCHANGE" | "GIFT" | "PARTIAL_RETURN" | "FULL_RETURN"; description: string; estimatedCost: number; requiresVisit: boolean; requiresProduction: boolean; }, any, { ...; }> | undefined'.
      Type 'Resolver<{ type: "OTHER" | "REFUND" | "REPAIR" | "EXCHANGE" | "GIFT" | "PARTIAL_RETURN" | "FULL_RETURN"; description: string; estimatedCost: number; requiresVisit: boolean; requiresProduction: boolean; }, any, TFieldValues>' is not assignable to type 'Resolver<{ type: "OTHER" | "REFUND" | "REPAIR" | "EXCHANGE" | "GIFT" | "PARTIAL_RETURN" | "FULL_RETURN"; description: string; estimatedCost: number; requiresVisit: boolean; requiresProduction: boolean; }, any, { ...; }>'.
        Type 'ResolverResult<{ type: "OTHER" | "REFUND" | "REPAIR" | "EXCHANGE" | "GIFT" | "PARTIAL_RETURN" | "FULL_RETURN"; description: string; estimatedCost: number; requiresVisit: boolean; requiresProduction: boolean; }, TFieldValues> | Promise<...>' is not assignable to type 'ResolverResult<{ type: "OTHER" | "REFUND" | "REPAIR" | "EXCHANGE" | "GIFT" | "PARTIAL_RETURN" | "FULL_RETURN"; description: string; estimatedCost: number; requiresVisit: boolean; requiresProduction: boolean; }, { ...; }> | Promise<...>'.
          Type 'ResolverSuccess<TFieldValues>' is not assignable to type 'ResolverResult<{ type: "OTHER" | "REFUND" | "REPAIR" | "EXCHANGE" | "GIFT" | "PARTIAL_RETURN" | "FULL_RETURN"; description: string; estimatedCost: number; requiresVisit: boolean; requiresProduction: boolean; }, { ...; }> | Promise<...>'.
            Type 'ResolverSuccess<TFieldValues>' is not assignable to type 'ResolverSuccess<{ type: "OTHER" | "REFUND" | "REPAIR" | "EXCHANGE" | "GIFT" | "PARTIAL_RETURN" | "FULL_RETURN"; description: string; estimatedCost: number; requiresVisit: boolean; requiresProduction: boolean; }>'.
              Type 'TFieldValues' is not assignable to type '{ type: "OTHER" | "REFUND" | "REPAIR" | "EXCHANGE" | "GIFT" | "PARTIAL_RETURN" | "FULL_RETURN"; description: string; estimatedCost: number; requiresVisit: boolean; requiresProduction: boolean; }'.
                Type 'FieldValues' is missing the following properties from type '{ type: "OTHER" | "REFUND" | "REPAIR" | "EXCHANGE" | "GIFT" | "PARTIAL_RETURN" | "FULL_RETURN"; description: string; estimatedCost: number; requiresVisit: boolean; requiresProduction: boolean; }': type, description, estimatedCost, requiresVisit, requiresProduction
src/features/after-sales/components/add-resolution-dialog.tsx(143,29): error TS2322: Type 'Control<{ type: "OTHER" | "REFUND" | "REPAIR" | "EXCHANGE" | "GIFT" | "PARTIAL_RETURN" | "FULL_RETURN"; description: string; estimatedCost: number; requiresVisit: boolean; requiresProduction: boolean; }, any, TFieldValues>' is not assignable to type 'Control<{ type: "OTHER" | "REFUND" | "REPAIR" | "EXCHANGE" | "GIFT" | "PARTIAL_RETURN" | "FULL_RETURN"; description: string; estimatedCost: number; requiresVisit: boolean; requiresProduction: boolean; }, any, { ...; }>'.
  The types of '_options.resolver' are incompatible between these types.
    Type 'Resolver<{ type: "OTHER" | "REFUND" | "REPAIR" | "EXCHANGE" | "GIFT" | "PARTIAL_RETURN" | "FULL_RETURN"; description: string; estimatedCost: number; requiresVisit: boolean; requiresProduction: boolean; }, any, TFieldValues> | undefined' is not assignable to type 'Resolver<{ type: "OTHER" | "REFUND" | "REPAIR" | "EXCHANGE" | "GIFT" | "PARTIAL_RETURN" | "FULL_RETURN"; description: string; estimatedCost: number; requiresVisit: boolean; requiresProduction: boolean; }, any, { ...; }> | undefined'.
      Type 'Resolver<{ type: "OTHER" | "REFUND" | "REPAIR" | "EXCHANGE" | "GIFT" | "PARTIAL_RETURN" | "FULL_RETURN"; description: string; estimatedCost: number; requiresVisit: boolean; requiresProduction: boolean; }, any, TFieldValues>' is not assignable to type 'Resolver<{ type: "OTHER" | "REFUND" | "REPAIR" | "EXCHANGE" | "GIFT" | "PARTIAL_RETURN" | "FULL_RETURN"; description: string; estimatedCost: number; requiresVisit: boolean; requiresProduction: boolean; }, any, { ...; }>'.
        Type 'ResolverResult<{ type: "OTHER" | "REFUND" | "REPAIR" | "EXCHANGE" | "GIFT" | "PARTIAL_RETURN" | "FULL_RETURN"; description: string; estimatedCost: number; requiresVisit: boolean; requiresProduction: boolean; }, TFieldValues> | Promise<...>' is not assignable to type 'ResolverResult<{ type: "OTHER" | "REFUND" | "REPAIR" | "EXCHANGE" | "GIFT" | "PARTIAL_RETURN" | "FULL_RETURN"; description: string; estimatedCost: number; requiresVisit: boolean; requiresProduction: boolean; }, { ...; }> | Promise<...>'.
          Type 'ResolverSuccess<TFieldValues>' is not assignable to type 'ResolverResult<{ type: "OTHER" | "REFUND" | "REPAIR" | "EXCHANGE" | "GIFT" | "PARTIAL_RETURN" | "FULL_RETURN"; description: string; estimatedCost: number; requiresVisit: boolean; requiresProduction: boolean; }, { ...; }> | Promise<...>'.
            Type 'ResolverSuccess<TFieldValues>' is not assignable to type 'ResolverSuccess<{ type: "OTHER" | "REFUND" | "REPAIR" | "EXCHANGE" | "GIFT" | "PARTIAL_RETURN" | "FULL_RETURN"; description: string; estimatedCost: number; requiresVisit: boolean; requiresProduction: boolean; }>'.
              Type 'TFieldValues' is not assignable to type '{ type: "OTHER" | "REFUND" | "REPAIR" | "EXCHANGE" | "GIFT" | "PARTIAL_RETURN" | "FULL_RETURN"; description: string; estimatedCost: number; requiresVisit: boolean; requiresProduction: boolean; }'.
                Type 'FieldValues' is missing the following properties from type '{ type: "OTHER" | "REFUND" | "REPAIR" | "EXCHANGE" | "GIFT" | "PARTIAL_RETURN" | "FULL_RETURN"; description: string; estimatedCost: number; requiresVisit: boolean; requiresProduction: boolean; }': type, description, estimatedCost, requiresVisit, requiresProduction
src/features/after-sales/components/add-resolution-dialog.tsx(158,29): error TS2322: Type 'Control<{ type: "OTHER" | "REFUND" | "REPAIR" | "EXCHANGE" | "GIFT" | "PARTIAL_RETURN" | "FULL_RETURN"; description: string; estimatedCost: number; requiresVisit: boolean; requiresProduction: boolean; }, any, TFieldValues>' is not assignable to type 'Control<{ type: "OTHER" | "REFUND" | "REPAIR" | "EXCHANGE" | "GIFT" | "PARTIAL_RETURN" | "FULL_RETURN"; description: string; estimatedCost: number; requiresVisit: boolean; requiresProduction: boolean; }, any, { ...; }>'.
  The types of '_options.resolver' are incompatible between these types.
    Type 'Resolver<{ type: "OTHER" | "REFUND" | "REPAIR" | "EXCHANGE" | "GIFT" | "PARTIAL_RETURN" | "FULL_RETURN"; description: string; estimatedCost: number; requiresVisit: boolean; requiresProduction: boolean; }, any, TFieldValues> | undefined' is not assignable to type 'Resolver<{ type: "OTHER" | "REFUND" | "REPAIR" | "EXCHANGE" | "GIFT" | "PARTIAL_RETURN" | "FULL_RETURN"; description: string; estimatedCost: number; requiresVisit: boolean; requiresProduction: boolean; }, any, { ...; }> | undefined'.
      Type 'Resolver<{ type: "OTHER" | "REFUND" | "REPAIR" | "EXCHANGE" | "GIFT" | "PARTIAL_RETURN" | "FULL_RETURN"; description: string; estimatedCost: number; requiresVisit: boolean; requiresProduction: boolean; }, any, TFieldValues>' is not assignable to type 'Resolver<{ type: "OTHER" | "REFUND" | "REPAIR" | "EXCHANGE" | "GIFT" | "PARTIAL_RETURN" | "FULL_RETURN"; description: string; estimatedCost: number; requiresVisit: boolean; requiresProduction: boolean; }, any, { ...; }>'.
        Type 'ResolverResult<{ type: "OTHER" | "REFUND" | "REPAIR" | "EXCHANGE" | "GIFT" | "PARTIAL_RETURN" | "FULL_RETURN"; description: string; estimatedCost: number; requiresVisit: boolean; requiresProduction: boolean; }, TFieldValues> | Promise<...>' is not assignable to type 'ResolverResult<{ type: "OTHER" | "REFUND" | "REPAIR" | "EXCHANGE" | "GIFT" | "PARTIAL_RETURN" | "FULL_RETURN"; description: string; estimatedCost: number; requiresVisit: boolean; requiresProduction: boolean; }, { ...; }> | Promise<...>'.
          Type 'ResolverSuccess<TFieldValues>' is not assignable to type 'ResolverResult<{ type: "OTHER" | "REFUND" | "REPAIR" | "EXCHANGE" | "GIFT" | "PARTIAL_RETURN" | "FULL_RETURN"; description: string; estimatedCost: number; requiresVisit: boolean; requiresProduction: boolean; }, { ...; }> | Promise<...>'.
            Type 'ResolverSuccess<TFieldValues>' is not assignable to type 'ResolverSuccess<{ type: "OTHER" | "REFUND" | "REPAIR" | "EXCHANGE" | "GIFT" | "PARTIAL_RETURN" | "FULL_RETURN"; description: string; estimatedCost: number; requiresVisit: boolean; requiresProduction: boolean; }>'.
              Type 'TFieldValues' is not assignable to type '{ type: "OTHER" | "REFUND" | "REPAIR" | "EXCHANGE" | "GIFT" | "PARTIAL_RETURN" | "FULL_RETURN"; description: string; estimatedCost: number; requiresVisit: boolean; requiresProduction: boolean; }'.
                Type 'FieldValues' is missing the following properties from type '{ type: "OTHER" | "REFUND" | "REPAIR" | "EXCHANGE" | "GIFT" | "PARTIAL_RETURN" | "FULL_RETURN"; description: string; estimatedCost: number; requiresVisit: boolean; requiresProduction: boolean; }': type, description, estimatedCost, requiresVisit, requiresProduction
src/features/after-sales/components/add-resolution-dialog.tsx(173,33): error TS2322: Type 'Control<{ type: "OTHER" | "REFUND" | "REPAIR" | "EXCHANGE" | "GIFT" | "PARTIAL_RETURN" | "FULL_RETURN"; description: string; estimatedCost: number; requiresVisit: boolean; requiresProduction: boolean; }, any, TFieldValues>' is not assignable to type 'Control<{ type: "OTHER" | "REFUND" | "REPAIR" | "EXCHANGE" | "GIFT" | "PARTIAL_RETURN" | "FULL_RETURN"; description: string; estimatedCost: number; requiresVisit: boolean; requiresProduction: boolean; }, any, { ...; }>'.
  The types of '_options.resolver' are incompatible between these types.
    Type 'Resolver<{ type: "OTHER" | "REFUND" | "REPAIR" | "EXCHANGE" | "GIFT" | "PARTIAL_RETURN" | "FULL_RETURN"; description: string; estimatedCost: number; requiresVisit: boolean; requiresProduction: boolean; }, any, TFieldValues> | undefined' is not assignable to type 'Resolver<{ type: "OTHER" | "REFUND" | "REPAIR" | "EXCHANGE" | "GIFT" | "PARTIAL_RETURN" | "FULL_RETURN"; description: string; estimatedCost: number; requiresVisit: boolean; requiresProduction: boolean; }, any, { ...; }> | undefined'.
      Type 'Resolver<{ type: "OTHER" | "REFUND" | "REPAIR" | "EXCHANGE" | "GIFT" | "PARTIAL_RETURN" | "FULL_RETURN"; description: string; estimatedCost: number; requiresVisit: boolean; requiresProduction: boolean; }, any, TFieldValues>' is not assignable to type 'Resolver<{ type: "OTHER" | "REFUND" | "REPAIR" | "EXCHANGE" | "GIFT" | "PARTIAL_RETURN" | "FULL_RETURN"; description: string; estimatedCost: number; requiresVisit: boolean; requiresProduction: boolean; }, any, { ...; }>'.
        Type 'ResolverResult<{ type: "OTHER" | "REFUND" | "REPAIR" | "EXCHANGE" | "GIFT" | "PARTIAL_RETURN" | "FULL_RETURN"; description: string; estimatedCost: number; requiresVisit: boolean; requiresProduction: boolean; }, TFieldValues> | Promise<...>' is not assignable to type 'ResolverResult<{ type: "OTHER" | "REFUND" | "REPAIR" | "EXCHANGE" | "GIFT" | "PARTIAL_RETURN" | "FULL_RETURN"; description: string; estimatedCost: number; requiresVisit: boolean; requiresProduction: boolean; }, { ...; }> | Promise<...>'.
          Type 'ResolverSuccess<TFieldValues>' is not assignable to type 'ResolverResult<{ type: "OTHER" | "REFUND" | "REPAIR" | "EXCHANGE" | "GIFT" | "PARTIAL_RETURN" | "FULL_RETURN"; description: string; estimatedCost: number; requiresVisit: boolean; requiresProduction: boolean; }, { ...; }> | Promise<...>'.
            Type 'ResolverSuccess<TFieldValues>' is not assignable to type 'ResolverSuccess<{ type: "OTHER" | "REFUND" | "REPAIR" | "EXCHANGE" | "GIFT" | "PARTIAL_RETURN" | "FULL_RETURN"; description: string; estimatedCost: number; requiresVisit: boolean; requiresProduction: boolean; }>'.
              Type 'TFieldValues' is not assignable to type '{ type: "OTHER" | "REFUND" | "REPAIR" | "EXCHANGE" | "GIFT" | "PARTIAL_RETURN" | "FULL_RETURN"; description: string; estimatedCost: number; requiresVisit: boolean; requiresProduction: boolean; }'.
                Type 'FieldValues' is missing the following properties from type '{ type: "OTHER" | "REFUND" | "REPAIR" | "EXCHANGE" | "GIFT" | "PARTIAL_RETURN" | "FULL_RETURN"; description: string; estimatedCost: number; requiresVisit: boolean; requiresProduction: boolean; }': type, description, estimatedCost, requiresVisit, requiresProduction
src/features/after-sales/components/add-resolution-dialog.tsx(185,33): error TS2322: Type 'Control<{ type: "OTHER" | "REFUND" | "REPAIR" | "EXCHANGE" | "GIFT" | "PARTIAL_RETURN" | "FULL_RETURN"; description: string; estimatedCost: number; requiresVisit: boolean; requiresProduction: boolean; }, any, TFieldValues>' is not assignable to type 'Control<{ type: "OTHER" | "REFUND" | "REPAIR" | "EXCHANGE" | "GIFT" | "PARTIAL_RETURN" | "FULL_RETURN"; description: string; estimatedCost: number; requiresVisit: boolean; requiresProduction: boolean; }, any, { ...; }>'.
  The types of '_options.resolver' are incompatible between these types.
    Type 'Resolver<{ type: "OTHER" | "REFUND" | "REPAIR" | "EXCHANGE" | "GIFT" | "PARTIAL_RETURN" | "FULL_RETURN"; description: string; estimatedCost: number; requiresVisit: boolean; requiresProduction: boolean; }, any, TFieldValues> | undefined' is not assignable to type 'Resolver<{ type: "OTHER" | "REFUND" | "REPAIR" | "EXCHANGE" | "GIFT" | "PARTIAL_RETURN" | "FULL_RETURN"; description: string; estimatedCost: number; requiresVisit: boolean; requiresProduction: boolean; }, any, { ...; }> | undefined'.
      Type 'Resolver<{ type: "OTHER" | "REFUND" | "REPAIR" | "EXCHANGE" | "GIFT" | "PARTIAL_RETURN" | "FULL_RETURN"; description: string; estimatedCost: number; requiresVisit: boolean; requiresProduction: boolean; }, any, TFieldValues>' is not assignable to type 'Resolver<{ type: "OTHER" | "REFUND" | "REPAIR" | "EXCHANGE" | "GIFT" | "PARTIAL_RETURN" | "FULL_RETURN"; description: string; estimatedCost: number; requiresVisit: boolean; requiresProduction: boolean; }, any, { ...; }>'.
        Type 'ResolverResult<{ type: "OTHER" | "REFUND" | "REPAIR" | "EXCHANGE" | "GIFT" | "PARTIAL_RETURN" | "FULL_RETURN"; description: string; estimatedCost: number; requiresVisit: boolean; requiresProduction: boolean; }, TFieldValues> | Promise<...>' is not assignable to type 'ResolverResult<{ type: "OTHER" | "REFUND" | "REPAIR" | "EXCHANGE" | "GIFT" | "PARTIAL_RETURN" | "FULL_RETURN"; description: string; estimatedCost: number; requiresVisit: boolean; requiresProduction: boolean; }, { ...; }> | Promise<...>'.
          Type 'ResolverSuccess<TFieldValues>' is not assignable to type 'ResolverResult<{ type: "OTHER" | "REFUND" | "REPAIR" | "EXCHANGE" | "GIFT" | "PARTIAL_RETURN" | "FULL_RETURN"; description: string; estimatedCost: number; requiresVisit: boolean; requiresProduction: boolean; }, { ...; }> | Promise<...>'.
            Type 'ResolverSuccess<TFieldValues>' is not assignable to type 'ResolverSuccess<{ type: "OTHER" | "REFUND" | "REPAIR" | "EXCHANGE" | "GIFT" | "PARTIAL_RETURN" | "FULL_RETURN"; description: string; estimatedCost: number; requiresVisit: boolean; requiresProduction: boolean; }>'.
              Type 'TFieldValues' is not assignable to type '{ type: "OTHER" | "REFUND" | "REPAIR" | "EXCHANGE" | "GIFT" | "PARTIAL_RETURN" | "FULL_RETURN"; description: string; estimatedCost: number; requiresVisit: boolean; requiresProduction: boolean; }'.
                Type 'FieldValues' is missing the following properties from type '{ type: "OTHER" | "REFUND" | "REPAIR" | "EXCHANGE" | "GIFT" | "PARTIAL_RETURN" | "FULL_RETURN"; description: string; estimatedCost: number; requiresVisit: boolean; requiresProduction: boolean; }': type, description, estimatedCost, requiresVisit, requiresProduction
src/features/analytics/components/order-trend-chart.tsx(74,33): error TS2322: Type '(value: number) => [string, "閿€鍞"]' is not assignable to type 'Formatter<number, "閿€鍞">'.
  Types of parameters 'value' and 'value' are incompatible.
    Type 'number | undefined' is not assignable to type 'number'.
      Type 'undefined' is not assignable to type 'number'.
src/features/finance/ap/__tests__/ap-actions.test.ts(119,52): error TS2345: Argument of type '[{ type: "LABOR"; targetId: string; periodStart: string; periodEnd: string; }]' is not assignable to parameter of type '[unknown, { type: "SUPPLIER" | "LABOR"; targetId: string; periodStart: Date; periodEnd: Date; dryRun?: boolean | undefined; }] | [{ type: "SUPPLIER" | "LABOR"; targetId: string; periodStart: Date; periodEnd: Date; dryRun?: boolean | undefined; }]'.
  Type '[{ type: "LABOR"; targetId: string; periodStart: string; periodEnd: string; }]' is not assignable to type '[{ type: "SUPPLIER" | "LABOR"; targetId: string; periodStart: Date; periodEnd: Date; dryRun?: boolean | undefined; }]'.
    Type '{ type: "LABOR"; targetId: string; periodStart: string; periodEnd: string; }' is not assignable to type '{ type: "SUPPLIER" | "LABOR"; targetId: string; periodStart: Date; periodEnd: Date; dryRun?: boolean | undefined; }'.
      Types of property 'periodStart' are incompatible.
        Type 'string' is not assignable to type 'Date'.
src/features/finance/ap/__tests__/ap-actions.test.ts(128,33): error TS2339: Property 'statementNo' does not exist on type '{}'.
src/features/finance/ap/__tests__/ap-actions.test.ts(155,52): error TS2345: Argument of type '[{ type: "LABOR"; targetId: string; periodStart: string; periodEnd: string; }]' is not assignable to parameter of type '[unknown, { type: "SUPPLIER" | "LABOR"; targetId: string; periodStart: Date; periodEnd: Date; dryRun?: boolean | undefined; }] | [{ type: "SUPPLIER" | "LABOR"; targetId: string; periodStart: Date; periodEnd: Date; dryRun?: boolean | undefined; }]'.
  Type '[{ type: "LABOR"; targetId: string; periodStart: string; periodEnd: string; }]' is not assignable to type '[{ type: "SUPPLIER" | "LABOR"; targetId: string; periodStart: Date; periodEnd: Date; dryRun?: boolean | undefined; }]'.
    Type '{ type: "LABOR"; targetId: string; periodStart: string; periodEnd: string; }' is not assignable to type '{ type: "SUPPLIER" | "LABOR"; targetId: string; periodStart: Date; periodEnd: Date; dryRun?: boolean | undefined; }'.
      Types of property 'periodStart' are incompatible.
        Type 'string' is not assignable to type 'Date'.
src/features/finance/ap/__tests__/ap-actions.test.ts(197,52): error TS2345: Argument of type '[{ type: "SUPPLIER"; targetId: string; periodStart: string; periodEnd: string; }]' is not assignable to parameter of type '[unknown, { type: "SUPPLIER" | "LABOR"; targetId: string; periodStart: Date; periodEnd: Date; dryRun?: boolean | undefined; }] | [{ type: "SUPPLIER" | "LABOR"; targetId: string; periodStart: Date; periodEnd: Date; dryRun?: boolean | undefined; }]'.
  Type '[{ type: "SUPPLIER"; targetId: string; periodStart: string; periodEnd: string; }]' is not assignable to type '[{ type: "SUPPLIER" | "LABOR"; targetId: string; periodStart: Date; periodEnd: Date; dryRun?: boolean | undefined; }]'.
    Type '{ type: "SUPPLIER"; targetId: string; periodStart: string; periodEnd: string; }' is not assignable to type '{ type: "SUPPLIER" | "LABOR"; targetId: string; periodStart: Date; periodEnd: Date; dryRun?: boolean | undefined; }'.
      Types of property 'periodStart' are incompatible.
        Type 'string' is not assignable to type 'Date'.
src/features/finance/ap/__tests__/ap-actions.test.ts(272,52): error TS2345: Argument of type '[{ type: "LABOR"; targetId: string; periodStart: string; periodEnd: string; }]' is not assignable to parameter of type '[unknown, { type: "SUPPLIER" | "LABOR"; targetId: string; periodStart: Date; periodEnd: Date; dryRun?: boolean | undefined; }] | [{ type: "SUPPLIER" | "LABOR"; targetId: string; periodStart: Date; periodEnd: Date; dryRun?: boolean | undefined; }]'.
  Type '[{ type: "LABOR"; targetId: string; periodStart: string; periodEnd: string; }]' is not assignable to type '[{ type: "SUPPLIER" | "LABOR"; targetId: string; periodStart: Date; periodEnd: Date; dryRun?: boolean | undefined; }]'.
    Type '{ type: "LABOR"; targetId: string; periodStart: string; periodEnd: string; }' is not assignable to type '{ type: "SUPPLIER" | "LABOR"; targetId: string; periodStart: Date; periodEnd: Date; dryRun?: boolean | undefined; }'.
      Types of property 'periodStart' are incompatible.
        Type 'string' is not assignable to type 'Date'.
src/features/leads/components/add-followup-dialog.tsx(85,50): error TS2345: Argument of type '[string, AddFollowupData]' is not assignable to parameter of type '[unknown, { leadId: string; type: "WECHAT" | "OTHER" | "CALL" | "VISIT" | "MEETING" | "QUOTE"; content: string; result?: string | undefined; nextFollowupAt?: Date | undefined; nextFollowupNote?: string | undefined; }] | [...]'.
  Type '[string, AddFollowupData]' is not assignable to type '[unknown, { leadId: string; type: "WECHAT" | "OTHER" | "CALL" | "VISIT" | "MEETING" | "QUOTE"; content: string; result?: string | undefined; nextFollowupAt?: Date | undefined; nextFollowupNote?: string | undefined; }]'.
    Type at position 1 in source is not compatible with type at position 1 in target.
      Property 'leadId' is missing in type 'AddFollowupData' but required in type '{ leadId: string; type: "WECHAT" | "OTHER" | "CALL" | "VISIT" | "MEETING" | "QUOTE"; content: string; result?: string | undefined; nextFollowupAt?: Date | undefined; nextFollowupNote?: string | undefined; }'.
src/features/leads/components/lead-form.tsx(54,68): error TS2769: No overload matches this call.
  Overload 1 of 2, '(action: (state: ActionState<unknown>) => ActionState<unknown> | Promise<ActionState<unknown>>, initialState: ActionState<unknown>, permalink?: string | undefined): [state: ...]', gave the following error.
    Argument of type '(...args: [unknown, { customerName: string; customerPhone: string; sourceCategoryId: string | null | undefined; sourceSubId: string | null | undefined; sourceDetail?: string | undefined; intentionLevel?: "HIGH" | ... 2 more ... | undefined; status?: "PENDING_DISPATCH" | ... 4 more ... | undefined; tags?: string[] | ...' is not assignable to parameter of type '(state: ActionState<unknown>) => ActionState<unknown> | Promise<ActionState<unknown>>'.
      Types of parameters 'args' and 'state' are incompatible.
        Type '[state: ActionState<unknown>]' is not assignable to type '[unknown, { customerName: string; customerPhone: string; sourceCategoryId: string | null | undefined; sourceSubId: string | null | undefined; sourceDetail?: string | undefined; intentionLevel?: "HIGH" | ... 2 more ... | undefined; status?: "PENDING_DISPATCH" | ... 4 more ... | undefined; tags?: string[] | undefined;...'.
          Type '[state: ActionState<unknown>]' is not assignable to type '[{ customerName: string; customerPhone: string; sourceCategoryId: string | null | undefined; sourceSubId: string | null | undefined; sourceDetail?: string | undefined; intentionLevel?: "HIGH" | ... 2 more ... | undefined; status?: "PENDING_DISPATCH" | ... 4 more ... | undefined; tags?: string[] | undefined; remark?:...'.
            Type 'ActionState<unknown>' is missing the following properties from type '{ customerName: string; customerPhone: string; sourceCategoryId: string | null | undefined; sourceSubId: string | null | undefined; sourceDetail?: string | undefined; intentionLevel?: "HIGH" | ... 2 more ... | undefined; status?: "PENDING_DISPATCH" | ... 4 more ... | undefined; tags?: string[] | undefined; remark?: ...': customerName, customerPhone, sourceCategoryId, sourceSubId
  Overload 2 of 2, '(action: (state: ActionState<unknown>, payload: { customerName: string; customerPhone: string; sourceCategoryId: string | null | undefined; sourceSubId: string | null | undefined; sourceDetail?: string | undefined; ... 4 more ...; lostReason?: string | undefined; } | undefined) => ActionState<...> | Promise<...>, initialState: ActionState<...>, permalink?: string | undefined): [state: ...]', gave the following error.
    Argument of type '(...args: [unknown, { customerName: string; customerPhone: string; sourceCategoryId: string | null | undefined; sourceSubId: string | null | undefined; sourceDetail?: string | undefined; intentionLevel?: "HIGH" | ... 2 more ... | undefined; status?: "PENDING_DISPATCH" | ... 4 more ... | undefined; tags?: string[] | ...' is not assignable to parameter of type '(state: ActionState<unknown>, payload: { customerName: string; customerPhone: string; sourceCategoryId: string | null | undefined; sourceSubId: string | null | undefined; sourceDetail?: string | undefined; ... 4 more ...; lostReason?: string | undefined; } | undefined) => ActionState<...> | Promise<...>'.
      Types of parameters 'args' and 'state' are incompatible.
        Type '[state: ActionState<unknown>, payload: { customerName: string; customerPhone: string; sourceCategoryId: string | null | undefined; sourceSubId: string | null | undefined; sourceDetail?: string | undefined; ... 4 more ...; lostReason?: string | undefined; } | undefined]' is not assignable to type '[unknown, { customerName: string; customerPhone: string; sourceCategoryId: string | null | undefined; sourceSubId: string | null | undefined; sourceDetail?: string | undefined; intentionLevel?: "HIGH" | ... 2 more ... | undefined; status?: "PENDING_DISPATCH" | ... 4 more ... | undefined; tags?: string[] | undefined;...'.
          Type '[state: ActionState<unknown>, payload: { customerName: string; customerPhone: string; sourceCategoryId: string | null | undefined; sourceSubId: string | null | undefined; sourceDetail?: string | undefined; ... 4 more ...; lostReason?: string | undefined; } | undefined]' is not assignable to type '[unknown, { customerName: string; customerPhone: string; sourceCategoryId: string | null | undefined; sourceSubId: string | null | undefined; sourceDetail?: string | undefined; intentionLevel?: "HIGH" | ... 2 more ... | undefined; status?: "PENDING_DISPATCH" | ... 4 more ... | undefined; tags?: string[] | undefined;...'.
            Type at position 1 in source is not compatible with type at position 1 in target.
              Type '{ customerName: string; customerPhone: string; sourceCategoryId: string | null | undefined; sourceSubId: string | null | undefined; sourceDetail?: string | undefined; intentionLevel?: "HIGH" | ... 2 more ... | undefined; status?: "PENDING_DISPATCH" | ... 4 more ... | undefined; tags?: string[] | undefined; remark?: ...' is not assignable to type '{ customerName: string; customerPhone: string; sourceCategoryId: string | null | undefined; sourceSubId: string | null | undefined; sourceDetail?: string | undefined; intentionLevel?: "HIGH" | ... 2 more ... | undefined; status?: "PENDING_DISPATCH" | ... 4 more ... | undefined; tags?: string[] | undefined; remark?: ...'. Two different types with this name exist, but they are unrelated.
                Type 'undefined' is not assignable to type '{ customerName: string; customerPhone: string; sourceCategoryId: string | null | undefined; sourceSubId: string | null | undefined; sourceDetail?: string | undefined; intentionLevel?: "HIGH" | ... 2 more ... | undefined; status?: "PENDING_DISPATCH" | ... 4 more ... | undefined; tags?: string[] | undefined; remark?: ...'.
src/features/leads/components/lead-form.tsx(55,68): error TS2769: No overload matches this call.
  Overload 1 of 2, '(action: (state: ActionState<unknown>) => ActionState<unknown> | Promise<ActionState<unknown>>, initialState: ActionState<unknown>, permalink?: string | undefined): [state: ...]', gave the following error.
    Argument of type '(...args: [unknown, { id: string; data: { customerName?: string | undefined; customerPhone?: string | undefined; sourceCategoryId?: string | null | undefined; sourceSubId?: string | null | undefined; ... 5 more ...; lostReason?: string | undefined; }; }] | [...]) => Promise<...>' is not assignable to parameter of type '(state: ActionState<unknown>) => ActionState<unknown> | Promise<ActionState<unknown>>'.
      Types of parameters 'args' and 'state' are incompatible.
        Type '[state: ActionState<unknown>]' is not assignable to type '[unknown, { id: string; data: { customerName?: string | undefined; customerPhone?: string | undefined; sourceCategoryId?: string | null | undefined; sourceSubId?: string | null | undefined; ... 5 more ...; lostReason?: string | undefined; }; }] | [...]'.
          Type '[state: ActionState<unknown>]' is not assignable to type '[{ id: string; data: { customerName?: string | undefined; customerPhone?: string | undefined; sourceCategoryId?: string | null | undefined; sourceSubId?: string | null | undefined; sourceDetail?: string | undefined; ... 4 more ...; lostReason?: string | undefined; }; }]'.
            Property 'id' is missing in type 'ActionState<unknown>' but required in type '{ id: string; data: { customerName?: string | undefined; customerPhone?: string | undefined; sourceCategoryId?: string | null | undefined; sourceSubId?: string | null | undefined; sourceDetail?: string | undefined; ... 4 more ...; lostReason?: string | undefined; }; }'.
  Overload 2 of 2, '(action: (state: ActionState<unknown>, payload: { id: string; data: { customerName?: string | undefined; customerPhone?: string | undefined; sourceCategoryId?: string | null | undefined; ... 6 more ...; lostReason?: string | undefined; }; } | undefined) => ActionState<...> | Promise<...>, initialState: ActionState<...>, permalink?: string | undefined): [state: ...]', gave the following error.
    Argument of type '(...args: [unknown, { id: string; data: { customerName?: string | undefined; customerPhone?: string | undefined; sourceCategoryId?: string | null | undefined; sourceSubId?: string | null | undefined; ... 5 more ...; lostReason?: string | undefined; }; }] | [...]) => Promise<...>' is not assignable to parameter of type '(state: ActionState<unknown>, payload: { id: string; data: { customerName?: string | undefined; customerPhone?: string | undefined; sourceCategoryId?: string | null | undefined; sourceSubId?: string | ... 1 more ... | undefined; ... 5 more ...; lostReason?: string | undefined; }; } | undefined) => ActionState<...> |...'.
      Types of parameters 'args' and 'state' are incompatible.
        Type '[state: ActionState<unknown>, payload: { id: string; data: { customerName?: string | undefined; customerPhone?: string | undefined; sourceCategoryId?: string | null | undefined; sourceSubId?: string | ... 1 more ... | undefined; ... 5 more ...; lostReason?: string | undefined; }; } | undefined]' is not assignable to type '[unknown, { id: string; data: { customerName?: string | undefined; customerPhone?: string | undefined; sourceCategoryId?: string | null | undefined; sourceSubId?: string | null | undefined; ... 5 more ...; lostReason?: string | undefined; }; }] | [...]'.
          Type '[state: ActionState<unknown>, payload: { id: string; data: { customerName?: string | undefined; customerPhone?: string | undefined; sourceCategoryId?: string | null | undefined; sourceSubId?: string | ... 1 more ... | undefined; ... 5 more ...; lostReason?: string | undefined; }; } | undefined]' is not assignable to type '[unknown, { id: string; data: { customerName?: string | undefined; customerPhone?: string | undefined; sourceCategoryId?: string | null | undefined; sourceSubId?: string | null | undefined; ... 5 more ...; lostReason?: string | undefined; }; }]'.
            Type at position 1 in source is not compatible with type at position 1 in target.
              Type '{ id: string; data: { customerName?: string | undefined; customerPhone?: string | undefined; sourceCategoryId?: string | null | undefined; sourceSubId?: string | null | undefined; sourceDetail?: string | undefined; ... 4 more ...; lostReason?: string | undefined; }; } | undefined' is not assignable to type '{ id: string; data: { customerName?: string | undefined; customerPhone?: string | undefined; sourceCategoryId?: string | null | undefined; sourceSubId?: string | null | undefined; sourceDetail?: string | undefined; ... 4 more ...; lostReason?: string | undefined; }; }'.
                Type 'undefined' is not assignable to type '{ id: string; data: { customerName?: string | undefined; customerPhone?: string | undefined; sourceCategoryId?: string | null | undefined; sourceSubId?: string | null | undefined; sourceDetail?: string | undefined; ... 4 more ...; lostReason?: string | undefined; }; }'.
src/features/leads/components/lead-form.tsx(72,26): error TS2554: Expected 0 arguments, but got 1.
src/features/leads/components/lead-form.tsx(74,26): error TS2554: Expected 0 arguments, but got 1.
src/features/leads/components/lead-form.tsx(112,9): error TS2345: Argument of type '[]' is not assignable to parameter of type '[unknown, Record<string, never>] | [Record<string, never>]'.
  Type '[]' is not assignable to type '[Record<string, never>]'.
    Source has 0 element(s) but target requires 1.
src/features/leads/components/lead-form.tsx(125,25): error TS2345: Argument of type '[string]' is not assignable to parameter of type '[unknown, { categoryId: string; }] | [{ categoryId: string; }]'.
  Type '[string]' is not assignable to type '[{ categoryId: string; }]'.
    Type 'string' is not assignable to type '{ categoryId: string; }'.
src/features/monitoring/actions.ts(118,64): error TS2769: No overload matches this call.
  Overload 1 of 3, '(left: PgColumn<{ name: "status"; tableName: "ar_statements"; dataType: "string"; columnType: "PgEnumColumn"; data: "VOID" | "COMPLETED" | "PREPAID" | "PARTIAL" | "PENDING_RECON" | "PENDING_INVOICE" | "PENDING_PAYMENT" | "BAD_DEBT"; ... 9 more ...; generated: undefined; }, {}, {}>, right: "VOID" | ... 7 more ... | SQLWrapper): SQL<...>', gave the following error.
    Argument of type '"PENDING"' is not assignable to parameter of type '"VOID" | "COMPLETED" | "PREPAID" | "PARTIAL" | "PENDING_RECON" | "PENDING_INVOICE" | "PENDING_PAYMENT" | "BAD_DEBT" | SQLWrapper'.
  Overload 2 of 3, '(left: Aliased<string>, right: string | SQLWrapper): SQL<unknown>', gave the following error.
    Argument of type 'PgColumn<{ name: "status"; tableName: "ar_statements"; dataType: "string"; columnType: "PgEnumColumn"; data: "VOID" | "COMPLETED" | "PREPAID" | "PARTIAL" | "PENDING_RECON" | "PENDING_INVOICE" | "PENDING_PAYMENT" | "BAD_DEBT"; ... 9 more ...; generated: undefined; }, {}, {}>' is not assignable to parameter of type 'Aliased<string>'.
      Type 'PgColumn<{ name: "status"; tableName: "ar_statements"; dataType: "string"; columnType: "PgEnumColumn"; data: "VOID" | "COMPLETED" | "PREPAID" | "PARTIAL" | "PENDING_RECON" | "PENDING_INVOICE" | "PENDING_PAYMENT" | "BAD_DEBT"; ... 9 more ...; generated: undefined; }, {}, {}>' is missing the following properties from type 'Aliased<string>': sql, fieldAlias
  Overload 3 of 3, '(left: never, right: unknown): SQL<unknown>', gave the following error.
    Argument of type 'PgColumn<{ name: "status"; tableName: "ar_statements"; dataType: "string"; columnType: "PgEnumColumn"; data: "VOID" | "COMPLETED" | "PREPAID" | "PARTIAL" | "PENDING_RECON" | "PENDING_INVOICE" | "PENDING_PAYMENT" | "BAD_DEBT"; ... 9 more ...; generated: undefined; }, {}, {}>' is not assignable to parameter of type 'never'.
src/features/monitoring/components/notification-bell.tsx(108,68): error TS2345: Argument of type 'string | null' is not assignable to parameter of type 'string'.
  Type 'null' is not assignable to type 'string'.
src/features/orders/__tests__/status-sync.test.ts(44,13): error TS2339: Property 'mockResolvedValue' does not exist on type '() => Promise<{ id: string; status: string; purchaseOrders: { id: string; status: string; }[]; installTasks: { id: string; status: string; }[]; }>'.
src/features/orders/__tests__/status-sync.test.ts(67,13): error TS2339: Property 'mockResolvedValue' does not exist on type '() => Promise<{ id: string; status: string; purchaseOrders: { id: string; status: string; }[]; installTasks: { id: string; status: string; }[]; }>'.
src/features/orders/__tests__/status-sync.test.ts(89,13): error TS2339: Property 'mockResolvedValueOnce' does not exist on type '() => Promise<{ id: string; status: string; purchaseOrders: { id: string; status: string; }[]; installTasks: { id: string; status: string; }[]; }>'.
src/features/orders/__tests__/status-sync.test.ts(108,13): error TS2339: Property 'mockResolvedValueOnce' does not exist on type '() => Promise<{ id: string; status: string; purchaseOrders: { status: string; }[]; installTasks: { id: string; status: string; }[]; }>'.
src/features/orders/__tests__/status-sync.test.ts(130,13): error TS2339: Property 'mockResolvedValue' does not exist on type '() => Promise<{ id: string; status: string; purchaseOrders: { status: string; }[]; installTasks: { id: string; status: string; }[]; }>'.
src/features/orders/__tests__/status-sync.test.ts(151,13): error TS2339: Property 'mockResolvedValue' does not exist on type '() => Promise<{ id: string; status: string; purchaseOrders: { status: string; }[]; installTasks: { id: string; status: string; }[]; }>'.
src/features/orders/__tests__/status-sync.test.ts(171,13): error TS2339: Property 'mockResolvedValue' does not exist on type '() => Promise<{ id: string; status: string; purchaseOrders: { status: string; }[]; installTasks: { id: string; status: string; }[]; }>'.
src/features/orders/components/order-timeline.tsx(119,58): error TS2769: No overload matches this call.
  Overload 1 of 4, '(value: string | number | Date): Date', gave the following error.
    Argument of type 'Date | null' is not assignable to parameter of type 'string | number | Date'.
      Type 'null' is not assignable to type 'string | number | Date'.
  Overload 2 of 4, '(value: string | number): Date', gave the following error.
    Argument of type 'Date | null' is not assignable to parameter of type 'string | number'.
      Type 'null' is not assignable to type 'string | number'.
src/features/orders/components/order-timeline.tsx(125,33): error TS2322: Type 'unknown' is not assignable to type 'ReactNode'.
src/features/products/__tests__/actions.test.ts(158,48): error TS2345: Argument of type '[{ sku: string; name: string; category: string; unit: string; basePrice: number; costPrice: number; isStockable: boolean; stockQuantity: number; images: never[]; attributes: {}; }]' is not assignable to parameter of type '[unknown, { sku: string; name: string; category: "CURTAIN_FABRIC" | "CURTAIN_SHEER" | "CURTAIN_TRACK" | "CURTAIN_ACCESSORY" | "WALLCLOTH" | "WALLPANEL" | "WINDOWPAD" | "STANDARD" | "MOTOR"; ... 8 more ...; safetyStock?: number | undefined; }] | [...]'.
  Type '[{ sku: string; name: string; category: string; unit: string; basePrice: number; costPrice: number; isStockable: boolean; stockQuantity: number; images: never[]; attributes: {}; }]' is not assignable to type '[{ sku: string; name: string; category: "CURTAIN_FABRIC" | "CURTAIN_SHEER" | "CURTAIN_TRACK" | "CURTAIN_ACCESSORY" | "WALLCLOTH" | "WALLPANEL" | "WINDOWPAD" | "STANDARD" | "MOTOR"; ... 8 more ...; safetyStock?: number | undefined; }]'.
    Type '{ sku: string; name: string; category: string; unit: string; basePrice: number; costPrice: number; isStockable: boolean; stockQuantity: number; images: never[]; attributes: {}; }' is not assignable to type '{ sku: string; name: string; category: "CURTAIN_FABRIC" | "CURTAIN_SHEER" | "CURTAIN_TRACK" | "CURTAIN_ACCESSORY" | "WALLCLOTH" | "WALLPANEL" | "WINDOWPAD" | "STANDARD" | "MOTOR"; ... 8 more ...; safetyStock?: number | undefined; }'.
      Types of property 'category' are incompatible.
        Type 'string' is not assignable to type '"CURTAIN_FABRIC" | "CURTAIN_SHEER" | "CURTAIN_TRACK" | "CURTAIN_ACCESSORY" | "WALLCLOTH" | "WALLPANEL" | "WINDOWPAD" | "STANDARD" | "MOTOR"'.
src/features/products/__tests__/actions.test.ts(177,48): error TS2345: Argument of type '[{ sku: string; name: string; category: string; unit: string; basePrice: number; }]' is not assignable to parameter of type '[unknown, { sku: string; name: string; category: "CURTAIN_FABRIC" | "CURTAIN_SHEER" | "CURTAIN_TRACK" | "CURTAIN_ACCESSORY" | "WALLCLOTH" | "WALLPANEL" | "WINDOWPAD" | "STANDARD" | "MOTOR"; ... 8 more ...; safetyStock?: number | undefined; }] | [...]'.
  Type '[{ sku: string; name: string; category: string; unit: string; basePrice: number; }]' is not assignable to type '[{ sku: string; name: string; category: "CURTAIN_FABRIC" | "CURTAIN_SHEER" | "CURTAIN_TRACK" | "CURTAIN_ACCESSORY" | "WALLCLOTH" | "WALLPANEL" | "WINDOWPAD" | "STANDARD" | "MOTOR"; ... 8 more ...; safetyStock?: number | undefined; }]'.
    Type '{ sku: string; name: string; category: string; unit: string; basePrice: number; }' is missing the following properties from type '{ sku: string; name: string; category: "CURTAIN_FABRIC" | "CURTAIN_SHEER" | "CURTAIN_TRACK" | "CURTAIN_ACCESSORY" | "WALLCLOTH" | "WALLPANEL" | "WINDOWPAD" | "STANDARD" | "MOTOR"; ... 8 more ...; safetyStock?: number | undefined; }': isStockable, stockQuantity, images, attributes
src/features/products/__tests__/actions.test.ts(193,48): error TS2345: Argument of type '[{ sku: string; name: string; category: string; unit: string; basePrice: number; }]' is not assignable to parameter of type '[unknown, { sku: string; name: string; category: "CURTAIN_FABRIC" | "CURTAIN_SHEER" | "CURTAIN_TRACK" | "CURTAIN_ACCESSORY" | "WALLCLOTH" | "WALLPANEL" | "WINDOWPAD" | "STANDARD" | "MOTOR"; ... 8 more ...; safetyStock?: number | undefined; }] | [...]'.
  Type '[{ sku: string; name: string; category: string; unit: string; basePrice: number; }]' is not assignable to type '[{ sku: string; name: string; category: "CURTAIN_FABRIC" | "CURTAIN_SHEER" | "CURTAIN_TRACK" | "CURTAIN_ACCESSORY" | "WALLCLOTH" | "WALLPANEL" | "WINDOWPAD" | "STANDARD" | "MOTOR"; ... 8 more ...; safetyStock?: number | undefined; }]'.
    Type '{ sku: string; name: string; category: string; unit: string; basePrice: number; }' is missing the following properties from type '{ sku: string; name: string; category: "CURTAIN_FABRIC" | "CURTAIN_SHEER" | "CURTAIN_TRACK" | "CURTAIN_ACCESSORY" | "WALLCLOTH" | "WALLPANEL" | "WINDOWPAD" | "STANDARD" | "MOTOR"; ... 8 more ...; safetyStock?: number | undefined; }': isStockable, stockQuantity, images, attributes
src/features/products/__tests__/actions.test.ts(209,48): error TS2345: Argument of type '[{ sku: string; name: string; category: string; unit: string; basePrice: number; }]' is not assignable to parameter of type '[unknown, { sku: string; name: string; category: "CURTAIN_FABRIC" | "CURTAIN_SHEER" | "CURTAIN_TRACK" | "CURTAIN_ACCESSORY" | "WALLCLOTH" | "WALLPANEL" | "WINDOWPAD" | "STANDARD" | "MOTOR"; ... 8 more ...; safetyStock?: number | undefined; }] | [...]'.
  Type '[{ sku: string; name: string; category: string; unit: string; basePrice: number; }]' is not assignable to type '[{ sku: string; name: string; category: "CURTAIN_FABRIC" | "CURTAIN_SHEER" | "CURTAIN_TRACK" | "CURTAIN_ACCESSORY" | "WALLCLOTH" | "WALLPANEL" | "WINDOWPAD" | "STANDARD" | "MOTOR"; ... 8 more ...; safetyStock?: number | undefined; }]'.
    Type '{ sku: string; name: string; category: string; unit: string; basePrice: number; }' is missing the following properties from type '{ sku: string; name: string; category: "CURTAIN_FABRIC" | "CURTAIN_SHEER" | "CURTAIN_TRACK" | "CURTAIN_ACCESSORY" | "WALLCLOTH" | "WALLPANEL" | "WINDOWPAD" | "STANDARD" | "MOTOR"; ... 8 more ...; safetyStock?: number | undefined; }': isStockable, stockQuantity, images, attributes
src/features/products/components/product-form.tsx(78,9): error TS2322: Type 'Resolver<{ sku: string; name: string; category: string; unit: string; basePrice: unknown; costPrice?: unknown; defaultSupplierId?: string | undefined; isStockable?: unknown; stockQuantity?: unknown; safetyStock?: unknown; images?: string[] | undefined; attributes?: Record<...> | undefined; }, any, { ...; }>' is not assignable to type 'Resolver<{ sku: string; name: string; category: string; unit: string; basePrice: number; isStockable: boolean; stockQuantity: number; images: string[]; attributes: Record<string, any>; costPrice?: number | undefined; defaultSupplierId?: string | undefined; safetyStock?: number | undefined; }, any, { ...; }>'.
  Types of parameters 'options' and 'options' are incompatible.
    Type 'ResolverOptions<{ sku: string; name: string; category: string; unit: string; basePrice: number; isStockable: boolean; stockQuantity: number; images: string[]; attributes: Record<string, any>; costPrice?: number | undefined; defaultSupplierId?: string | undefined; safetyStock?: number | undefined; }>' is not assignable to type 'ResolverOptions<{ sku: string; name: string; category: string; unit: string; basePrice: unknown; costPrice?: unknown; defaultSupplierId?: string | undefined; isStockable?: unknown; stockQuantity?: unknown; safetyStock?: unknown; images?: string[] | undefined; attributes?: Record<...> | undefined; }>'.
      Types of property 'names' are incompatible.
        Type 'string[] | undefined' is not assignable to type '("name" | "category" | "sku" | "unit" | "basePrice" | "costPrice" | "defaultSupplierId" | "isStockable" | "stockQuantity" | "safetyStock" | "images" | "attributes")[] | undefined'.
          Type 'string[]' is not assignable to type '("name" | "category" | "sku" | "unit" | "basePrice" | "costPrice" | "defaultSupplierId" | "isStockable" | "stockQuantity" | "safetyStock" | "images" | "attributes")[]'.
            Type 'string' is not assignable to type '"name" | "category" | "sku" | "unit" | "basePrice" | "costPrice" | "defaultSupplierId" | "isStockable" | "stockQuantity" | "safetyStock" | "images" | "attributes"'.
src/features/products/components/product-form.tsx(118,52): error TS2345: Argument of type '[{ sku: string; name: string; category: string; unit: string; basePrice: number; isStockable: boolean; stockQuantity: number; images: string[]; attributes: Record<string, any>; costPrice?: number | undefined; defaultSupplierId?: string | undefined; safetyStock?: number | undefined; }]' is not assignable to parameter of type '[unknown, { sku: string; name: string; category: "CURTAIN_FABRIC" | "CURTAIN_SHEER" | "CURTAIN_TRACK" | "CURTAIN_ACCESSORY" | "WALLCLOTH" | "WALLPANEL" | "WINDOWPAD" | "STANDARD" | "MOTOR"; ... 8 more ...; safetyStock?: number | undefined; }] | [...]'.
  Type '[{ sku: string; name: string; category: string; unit: string; basePrice: number; isStockable: boolean; stockQuantity: number; images: string[]; attributes: Record<string, any>; costPrice?: number | undefined; defaultSupplierId?: string | undefined; safetyStock?: number | undefined; }]' is not assignable to type '[{ sku: string; name: string; category: "CURTAIN_FABRIC" | "CURTAIN_SHEER" | "CURTAIN_TRACK" | "CURTAIN_ACCESSORY" | "WALLCLOTH" | "WALLPANEL" | "WINDOWPAD" | "STANDARD" | "MOTOR"; ... 8 more ...; safetyStock?: number | undefined; }]'.
    Type '{ sku: string; name: string; category: string; unit: string; basePrice: number; isStockable: boolean; stockQuantity: number; images: string[]; attributes: Record<string, any>; costPrice?: number | undefined; defaultSupplierId?: string | undefined; safetyStock?: number | undefined; }' is not assignable to type '{ sku: string; name: string; category: "CURTAIN_FABRIC" | "CURTAIN_SHEER" | "CURTAIN_TRACK" | "CURTAIN_ACCESSORY" | "WALLCLOTH" | "WALLPANEL" | "WINDOWPAD" | "STANDARD" | "MOTOR"; ... 8 more ...; safetyStock?: number | undefined; }'.
      Types of property 'category' are incompatible.
        Type 'string' is not assignable to type '"CURTAIN_FABRIC" | "CURTAIN_SHEER" | "CURTAIN_TRACK" | "CURTAIN_ACCESSORY" | "WALLCLOTH" | "WALLPANEL" | "WINDOWPAD" | "STANDARD" | "MOTOR"'.
src/features/products/components/product-form.tsx(136,47): error TS2345: Argument of type '(values: FormValues) => Promise<void>' is not assignable to parameter of type 'SubmitHandler<TFieldValues>'.
  Types of parameters 'values' and 'data' are incompatible.
    Type 'TFieldValues' is not assignable to type '{ sku: string; name: string; category: string; unit: string; basePrice: number; isStockable: boolean; stockQuantity: number; images: string[]; attributes: Record<string, any>; costPrice?: number | undefined; defaultSupplierId?: string | undefined; safetyStock?: number | undefined; }'.
      Type 'FieldValues' is missing the following properties from type '{ sku: string; name: string; category: string; unit: string; basePrice: number; isStockable: boolean; stockQuantity: number; images: string[]; attributes: Record<string, any>; costPrice?: number | undefined; defaultSupplierId?: string | undefined; safetyStock?: number | undefined; }': sku, name, category, unit, and 5 more.
src/features/products/components/product-form.tsx(142,33): error TS2322: Type 'Control<{ sku: string; name: string; category: string; unit: string; basePrice: number; isStockable: boolean; stockQuantity: number; images: string[]; attributes: Record<string, any>; costPrice?: number | undefined; defaultSupplierId?: string | undefined; safetyStock?: number | undefined; }, any, TFieldValues>' is not assignable to type 'Control<{ sku: string; name: string; category: string; unit: string; basePrice: number; isStockable: boolean; stockQuantity: number; images: string[]; attributes: Record<string, any>; costPrice?: number | undefined; defaultSupplierId?: string | undefined; safetyStock?: number | undefined; }, any, { ...; }>'.
  The types of '_options.resolver' are incompatible between these types.
    Type 'Resolver<{ sku: string; name: string; category: string; unit: string; basePrice: number; isStockable: boolean; stockQuantity: number; images: string[]; attributes: Record<string, any>; costPrice?: number | undefined; defaultSupplierId?: string | undefined; safetyStock?: number | undefined; }, any, TFieldValues> | un...' is not assignable to type 'Resolver<{ sku: string; name: string; category: string; unit: string; basePrice: number; isStockable: boolean; stockQuantity: number; images: string[]; attributes: Record<string, any>; costPrice?: number | undefined; defaultSupplierId?: string | undefined; safetyStock?: number | undefined; }, any, { ...; }> | undefi...'.
      Type 'Resolver<{ sku: string; name: string; category: string; unit: string; basePrice: number; isStockable: boolean; stockQuantity: number; images: string[]; attributes: Record<string, any>; costPrice?: number | undefined; defaultSupplierId?: string | undefined; safetyStock?: number | undefined; }, any, TFieldValues>' is not assignable to type 'Resolver<{ sku: string; name: string; category: string; unit: string; basePrice: number; isStockable: boolean; stockQuantity: number; images: string[]; attributes: Record<string, any>; costPrice?: number | undefined; defaultSupplierId?: string | undefined; safetyStock?: number | undefined; }, any, { ...; }>'.
        Type 'ResolverResult<{ sku: string; name: string; category: string; unit: string; basePrice: number; isStockable: boolean; stockQuantity: number; images: string[]; attributes: Record<string, any>; costPrice?: number | undefined; defaultSupplierId?: string | undefined; safetyStock?: number | undefined; }, TFieldValues> | P...' is not assignable to type 'ResolverResult<{ sku: string; name: string; category: string; unit: string; basePrice: number; isStockable: boolean; stockQuantity: number; images: string[]; attributes: Record<string, any>; costPrice?: number | undefined; defaultSupplierId?: string | undefined; safetyStock?: number | undefined; }, { ...; }> | Promi...'.
          Type 'ResolverSuccess<TFieldValues>' is not assignable to type 'ResolverResult<{ sku: string; name: string; category: string; unit: string; basePrice: number; isStockable: boolean; stockQuantity: number; images: string[]; attributes: Record<string, any>; costPrice?: number | undefined; defaultSupplierId?: string | undefined; safetyStock?: number | undefined; }, { ...; }> | Promi...'.
            Type 'ResolverSuccess<TFieldValues>' is not assignable to type 'ResolverSuccess<{ sku: string; name: string; category: string; unit: string; basePrice: number; isStockable: boolean; stockQuantity: number; images: string[]; attributes: Record<string, any>; costPrice?: number | undefined; defaultSupplierId?: string | undefined; safetyStock?: number | undefined; }>'.
              Type 'TFieldValues' is not assignable to type '{ sku: string; name: string; category: string; unit: string; basePrice: number; isStockable: boolean; stockQuantity: number; images: string[]; attributes: Record<string, any>; costPrice?: number | undefined; defaultSupplierId?: string | undefined; safetyStock?: number | undefined; }'.
                Type 'FieldValues' is missing the following properties from type '{ sku: string; name: string; category: string; unit: string; basePrice: number; isStockable: boolean; stockQuantity: number; images: string[]; attributes: Record<string, any>; costPrice?: number | undefined; defaultSupplierId?: string | undefined; safetyStock?: number | undefined; }': sku, name, category, unit, and 5 more.
src/features/products/components/product-form.tsx(156,33): error TS2322: Type 'Control<{ sku: string; name: string; category: string; unit: string; basePrice: number; isStockable: boolean; stockQuantity: number; images: string[]; attributes: Record<string, any>; costPrice?: number | undefined; defaultSupplierId?: string | undefined; safetyStock?: number | undefined; }, any, TFieldValues>' is not assignable to type 'Control<{ sku: string; name: string; category: string; unit: string; basePrice: number; isStockable: boolean; stockQuantity: number; images: string[]; attributes: Record<string, any>; costPrice?: number | undefined; defaultSupplierId?: string | undefined; safetyStock?: number | undefined; }, any, { ...; }>'.
  The types of '_options.resolver' are incompatible between these types.
    Type 'Resolver<{ sku: string; name: string; category: string; unit: string; basePrice: number; isStockable: boolean; stockQuantity: number; images: string[]; attributes: Record<string, any>; costPrice?: number | undefined; defaultSupplierId?: string | undefined; safetyStock?: number | undefined; }, any, TFieldValues> | un...' is not assignable to type 'Resolver<{ sku: string; name: string; category: string; unit: string; basePrice: number; isStockable: boolean; stockQuantity: number; images: string[]; attributes: Record<string, any>; costPrice?: number | undefined; defaultSupplierId?: string | undefined; safetyStock?: number | undefined; }, any, { ...; }> | undefi...'.
      Type 'Resolver<{ sku: string; name: string; category: string; unit: string; basePrice: number; isStockable: boolean; stockQuantity: number; images: string[]; attributes: Record<string, any>; costPrice?: number | undefined; defaultSupplierId?: string | undefined; safetyStock?: number | undefined; }, any, TFieldValues>' is not assignable to type 'Resolver<{ sku: string; name: string; category: string; unit: string; basePrice: number; isStockable: boolean; stockQuantity: number; images: string[]; attributes: Record<string, any>; costPrice?: number | undefined; defaultSupplierId?: string | undefined; safetyStock?: number | undefined; }, any, { ...; }>'.
        Type 'ResolverResult<{ sku: string; name: string; category: string; unit: string; basePrice: number; isStockable: boolean; stockQuantity: number; images: string[]; attributes: Record<string, any>; costPrice?: number | undefined; defaultSupplierId?: string | undefined; safetyStock?: number | undefined; }, TFieldValues> | P...' is not assignable to type 'ResolverResult<{ sku: string; name: string; category: string; unit: string; basePrice: number; isStockable: boolean; stockQuantity: number; images: string[]; attributes: Record<string, any>; costPrice?: number | undefined; defaultSupplierId?: string | undefined; safetyStock?: number | undefined; }, { ...; }> | Promi...'.
          Type 'ResolverSuccess<TFieldValues>' is not assignable to type 'ResolverResult<{ sku: string; name: string; category: string; unit: string; basePrice: number; isStockable: boolean; stockQuantity: number; images: string[]; attributes: Record<string, any>; costPrice?: number | undefined; defaultSupplierId?: string | undefined; safetyStock?: number | undefined; }, { ...; }> | Promi...'.
            Type 'ResolverSuccess<TFieldValues>' is not assignable to type 'ResolverSuccess<{ sku: string; name: string; category: string; unit: string; basePrice: number; isStockable: boolean; stockQuantity: number; images: string[]; attributes: Record<string, any>; costPrice?: number | undefined; defaultSupplierId?: string | undefined; safetyStock?: number | undefined; }>'.
              Type 'TFieldValues' is not assignable to type '{ sku: string; name: string; category: string; unit: string; basePrice: number; isStockable: boolean; stockQuantity: number; images: string[]; attributes: Record<string, any>; costPrice?: number | undefined; defaultSupplierId?: string | undefined; safetyStock?: number | undefined; }'.
                Type 'FieldValues' is missing the following properties from type '{ sku: string; name: string; category: string; unit: string; basePrice: number; isStockable: boolean; stockQuantity: number; images: string[]; attributes: Record<string, any>; costPrice?: number | undefined; defaultSupplierId?: string | undefined; safetyStock?: number | undefined; }': sku, name, category, unit, and 5 more.
src/features/products/components/product-form.tsx(172,33): error TS2322: Type 'Control<{ sku: string; name: string; category: string; unit: string; basePrice: number; isStockable: boolean; stockQuantity: number; images: string[]; attributes: Record<string, any>; costPrice?: number | undefined; defaultSupplierId?: string | undefined; safetyStock?: number | undefined; }, any, TFieldValues>' is not assignable to type 'Control<{ sku: string; name: string; category: string; unit: string; basePrice: number; isStockable: boolean; stockQuantity: number; images: string[]; attributes: Record<string, any>; costPrice?: number | undefined; defaultSupplierId?: string | undefined; safetyStock?: number | undefined; }, any, { ...; }>'.
  The types of '_options.resolver' are incompatible between these types.
    Type 'Resolver<{ sku: string; name: string; category: string; unit: string; basePrice: number; isStockable: boolean; stockQuantity: number; images: string[]; attributes: Record<string, any>; costPrice?: number | undefined; defaultSupplierId?: string | undefined; safetyStock?: number | undefined; }, any, TFieldValues> | un...' is not assignable to type 'Resolver<{ sku: string; name: string; category: string; unit: string; basePrice: number; isStockable: boolean; stockQuantity: number; images: string[]; attributes: Record<string, any>; costPrice?: number | undefined; defaultSupplierId?: string | undefined; safetyStock?: number | undefined; }, any, { ...; }> | undefi...'.
      Type 'Resolver<{ sku: string; name: string; category: string; unit: string; basePrice: number; isStockable: boolean; stockQuantity: number; images: string[]; attributes: Record<string, any>; costPrice?: number | undefined; defaultSupplierId?: string | undefined; safetyStock?: number | undefined; }, any, TFieldValues>' is not assignable to type 'Resolver<{ sku: string; name: string; category: string; unit: string; basePrice: number; isStockable: boolean; stockQuantity: number; images: string[]; attributes: Record<string, any>; costPrice?: number | undefined; defaultSupplierId?: string | undefined; safetyStock?: number | undefined; }, any, { ...; }>'.
        Type 'ResolverResult<{ sku: string; name: string; category: string; unit: string; basePrice: number; isStockable: boolean; stockQuantity: number; images: string[]; attributes: Record<string, any>; costPrice?: number | undefined; defaultSupplierId?: string | undefined; safetyStock?: number | undefined; }, TFieldValues> | P...' is not assignable to type 'ResolverResult<{ sku: string; name: string; category: string; unit: string; basePrice: number; isStockable: boolean; stockQuantity: number; images: string[]; attributes: Record<string, any>; costPrice?: number | undefined; defaultSupplierId?: string | undefined; safetyStock?: number | undefined; }, { ...; }> | Promi...'.
          Type 'ResolverSuccess<TFieldValues>' is not assignable to type 'ResolverResult<{ sku: string; name: string; category: string; unit: string; basePrice: number; isStockable: boolean; stockQuantity: number; images: string[]; attributes: Record<string, any>; costPrice?: number | undefined; defaultSupplierId?: string | undefined; safetyStock?: number | undefined; }, { ...; }> | Promi...'.
            Type 'ResolverSuccess<TFieldValues>' is not assignable to type 'ResolverSuccess<{ sku: string; name: string; category: string; unit: string; basePrice: number; isStockable: boolean; stockQuantity: number; images: string[]; attributes: Record<string, any>; costPrice?: number | undefined; defaultSupplierId?: string | undefined; safetyStock?: number | undefined; }>'.
              Type 'TFieldValues' is not assignable to type '{ sku: string; name: string; category: string; unit: string; basePrice: number; isStockable: boolean; stockQuantity: number; images: string[]; attributes: Record<string, any>; costPrice?: number | undefined; defaultSupplierId?: string | undefined; safetyStock?: number | undefined; }'.
                Type 'FieldValues' is missing the following properties from type '{ sku: string; name: string; category: string; unit: string; basePrice: number; isStockable: boolean; stockQuantity: number; images: string[]; attributes: Record<string, any>; costPrice?: number | undefined; defaultSupplierId?: string | undefined; safetyStock?: number | undefined; }': sku, name, category, unit, and 5 more.
src/features/products/components/product-form.tsx(195,33): error TS2322: Type 'Control<{ sku: string; name: string; category: string; unit: string; basePrice: number; isStockable: boolean; stockQuantity: number; images: string[]; attributes: Record<string, any>; costPrice?: number | undefined; defaultSupplierId?: string | undefined; safetyStock?: number | undefined; }, any, TFieldValues>' is not assignable to type 'Control<{ sku: string; name: string; category: string; unit: string; basePrice: number; isStockable: boolean; stockQuantity: number; images: string[]; attributes: Record<string, any>; costPrice?: number | undefined; defaultSupplierId?: string | undefined; safetyStock?: number | undefined; }, any, { ...; }>'.
  The types of '_options.resolver' are incompatible between these types.
    Type 'Resolver<{ sku: string; name: string; category: string; unit: string; basePrice: number; isStockable: boolean; stockQuantity: number; images: string[]; attributes: Record<string, any>; costPrice?: number | undefined; defaultSupplierId?: string | undefined; safetyStock?: number | undefined; }, any, TFieldValues> | un...' is not assignable to type 'Resolver<{ sku: string; name: string; category: string; unit: string; basePrice: number; isStockable: boolean; stockQuantity: number; images: string[]; attributes: Record<string, any>; costPrice?: number | undefined; defaultSupplierId?: string | undefined; safetyStock?: number | undefined; }, any, { ...; }> | undefi...'.
      Type 'Resolver<{ sku: string; name: string; category: string; unit: string; basePrice: number; isStockable: boolean; stockQuantity: number; images: string[]; attributes: Record<string, any>; costPrice?: number | undefined; defaultSupplierId?: string | undefined; safetyStock?: number | undefined; }, any, TFieldValues>' is not assignable to type 'Resolver<{ sku: string; name: string; category: string; unit: string; basePrice: number; isStockable: boolean; stockQuantity: number; images: string[]; attributes: Record<string, any>; costPrice?: number | undefined; defaultSupplierId?: string | undefined; safetyStock?: number | undefined; }, any, { ...; }>'.
        Type 'ResolverResult<{ sku: string; name: string; category: string; unit: string; basePrice: number; isStockable: boolean; stockQuantity: number; images: string[]; attributes: Record<string, any>; costPrice?: number | undefined; defaultSupplierId?: string | undefined; safetyStock?: number | undefined; }, TFieldValues> | P...' is not assignable to type 'ResolverResult<{ sku: string; name: string; category: string; unit: string; basePrice: number; isStockable: boolean; stockQuantity: number; images: string[]; attributes: Record<string, any>; costPrice?: number | undefined; defaultSupplierId?: string | undefined; safetyStock?: number | undefined; }, { ...; }> | Promi...'.
          Type 'ResolverSuccess<TFieldValues>' is not assignable to type 'ResolverResult<{ sku: string; name: string; category: string; unit: string; basePrice: number; isStockable: boolean; stockQuantity: number; images: string[]; attributes: Record<string, any>; costPrice?: number | undefined; defaultSupplierId?: string | undefined; safetyStock?: number | undefined; }, { ...; }> | Promi...'.
            Type 'ResolverSuccess<TFieldValues>' is not assignable to type 'ResolverSuccess<{ sku: string; name: string; category: string; unit: string; basePrice: number; isStockable: boolean; stockQuantity: number; images: string[]; attributes: Record<string, any>; costPrice?: number | undefined; defaultSupplierId?: string | undefined; safetyStock?: number | undefined; }>'.
              Type 'TFieldValues' is not assignable to type '{ sku: string; name: string; category: string; unit: string; basePrice: number; isStockable: boolean; stockQuantity: number; images: string[]; attributes: Record<string, any>; costPrice?: number | undefined; defaultSupplierId?: string | undefined; safetyStock?: number | undefined; }'.
                Type 'FieldValues' is missing the following properties from type '{ sku: string; name: string; category: string; unit: string; basePrice: number; isStockable: boolean; stockQuantity: number; images: string[]; attributes: Record<string, any>; costPrice?: number | undefined; defaultSupplierId?: string | undefined; safetyStock?: number | undefined; }': sku, name, category, unit, and 5 more.
src/features/products/components/product-form.tsx(216,33): error TS2322: Type 'Control<{ sku: string; name: string; category: string; unit: string; basePrice: number; isStockable: boolean; stockQuantity: number; images: string[]; attributes: Record<string, any>; costPrice?: number | undefined; defaultSupplierId?: string | undefined; safetyStock?: number | undefined; }, any, TFieldValues>' is not assignable to type 'Control<{ sku: string; name: string; category: string; unit: string; basePrice: number; isStockable: boolean; stockQuantity: number; images: string[]; attributes: Record<string, any>; costPrice?: number | undefined; defaultSupplierId?: string | undefined; safetyStock?: number | undefined; }, any, { ...; }>'.
  The types of '_options.resolver' are incompatible between these types.
    Type 'Resolver<{ sku: string; name: string; category: string; unit: string; basePrice: number; isStockable: boolean; stockQuantity: number; images: string[]; attributes: Record<string, any>; costPrice?: number | undefined; defaultSupplierId?: string | undefined; safetyStock?: number | undefined; }, any, TFieldValues> | un...' is not assignable to type 'Resolver<{ sku: string; name: string; category: string; unit: string; basePrice: number; isStockable: boolean; stockQuantity: number; images: string[]; attributes: Record<string, any>; costPrice?: number | undefined; defaultSupplierId?: string | undefined; safetyStock?: number | undefined; }, any, { ...; }> | undefi...'.
      Type 'Resolver<{ sku: string; name: string; category: string; unit: string; basePrice: number; isStockable: boolean; stockQuantity: number; images: string[]; attributes: Record<string, any>; costPrice?: number | undefined; defaultSupplierId?: string | undefined; safetyStock?: number | undefined; }, any, TFieldValues>' is not assignable to type 'Resolver<{ sku: string; name: string; category: string; unit: string; basePrice: number; isStockable: boolean; stockQuantity: number; images: string[]; attributes: Record<string, any>; costPrice?: number | undefined; defaultSupplierId?: string | undefined; safetyStock?: number | undefined; }, any, { ...; }>'.
        Type 'ResolverResult<{ sku: string; name: string; category: string; unit: string; basePrice: number; isStockable: boolean; stockQuantity: number; images: string[]; attributes: Record<string, any>; costPrice?: number | undefined; defaultSupplierId?: string | undefined; safetyStock?: number | undefined; }, TFieldValues> | P...' is not assignable to type 'ResolverResult<{ sku: string; name: string; category: string; unit: string; basePrice: number; isStockable: boolean; stockQuantity: number; images: string[]; attributes: Record<string, any>; costPrice?: number | undefined; defaultSupplierId?: string | undefined; safetyStock?: number | undefined; }, { ...; }> | Promi...'.
          Type 'ResolverSuccess<TFieldValues>' is not assignable to type 'ResolverResult<{ sku: string; name: string; category: string; unit: string; basePrice: number; isStockable: boolean; stockQuantity: number; images: string[]; attributes: Record<string, any>; costPrice?: number | undefined; defaultSupplierId?: string | undefined; safetyStock?: number | undefined; }, { ...; }> | Promi...'.
            Type 'ResolverSuccess<TFieldValues>' is not assignable to type 'ResolverSuccess<{ sku: string; name: string; category: string; unit: string; basePrice: number; isStockable: boolean; stockQuantity: number; images: string[]; attributes: Record<string, any>; costPrice?: number | undefined; defaultSupplierId?: string | undefined; safetyStock?: number | undefined; }>'.
              Type 'TFieldValues' is not assignable to type '{ sku: string; name: string; category: string; unit: string; basePrice: number; isStockable: boolean; stockQuantity: number; images: string[]; attributes: Record<string, any>; costPrice?: number | undefined; defaultSupplierId?: string | undefined; safetyStock?: number | undefined; }'.
                Type 'FieldValues' is missing the following properties from type '{ sku: string; name: string; category: string; unit: string; basePrice: number; isStockable: boolean; stockQuantity: number; images: string[]; attributes: Record<string, any>; costPrice?: number | undefined; defaultSupplierId?: string | undefined; safetyStock?: number | undefined; }': sku, name, category, unit, and 5 more.
src/features/products/components/product-form.tsx(235,33): error TS2322: Type 'Control<{ sku: string; name: string; category: string; unit: string; basePrice: number; isStockable: boolean; stockQuantity: number; images: string[]; attributes: Record<string, any>; costPrice?: number | undefined; defaultSupplierId?: string | undefined; safetyStock?: number | undefined; }, any, TFieldValues>' is not assignable to type 'Control<{ sku: string; name: string; category: string; unit: string; basePrice: number; isStockable: boolean; stockQuantity: number; images: string[]; attributes: Record<string, any>; costPrice?: number | undefined; defaultSupplierId?: string | undefined; safetyStock?: number | undefined; }, any, { ...; }>'.
  The types of '_options.resolver' are incompatible between these types.
    Type 'Resolver<{ sku: string; name: string; category: string; unit: string; basePrice: number; isStockable: boolean; stockQuantity: number; images: string[]; attributes: Record<string, any>; costPrice?: number | undefined; defaultSupplierId?: string | undefined; safetyStock?: number | undefined; }, any, TFieldValues> | un...' is not assignable to type 'Resolver<{ sku: string; name: string; category: string; unit: string; basePrice: number; isStockable: boolean; stockQuantity: number; images: string[]; attributes: Record<string, any>; costPrice?: number | undefined; defaultSupplierId?: string | undefined; safetyStock?: number | undefined; }, any, { ...; }> | undefi...'.
      Type 'Resolver<{ sku: string; name: string; category: string; unit: string; basePrice: number; isStockable: boolean; stockQuantity: number; images: string[]; attributes: Record<string, any>; costPrice?: number | undefined; defaultSupplierId?: string | undefined; safetyStock?: number | undefined; }, any, TFieldValues>' is not assignable to type 'Resolver<{ sku: string; name: string; category: string; unit: string; basePrice: number; isStockable: boolean; stockQuantity: number; images: string[]; attributes: Record<string, any>; costPrice?: number | undefined; defaultSupplierId?: string | undefined; safetyStock?: number | undefined; }, any, { ...; }>'.
        Type 'ResolverResult<{ sku: string; name: string; category: string; unit: string; basePrice: number; isStockable: boolean; stockQuantity: number; images: string[]; attributes: Record<string, any>; costPrice?: number | undefined; defaultSupplierId?: string | undefined; safetyStock?: number | undefined; }, TFieldValues> | P...' is not assignable to type 'ResolverResult<{ sku: string; name: string; category: string; unit: string; basePrice: number; isStockable: boolean; stockQuantity: number; images: string[]; attributes: Record<string, any>; costPrice?: number | undefined; defaultSupplierId?: string | undefined; safetyStock?: number | undefined; }, { ...; }> | Promi...'.
          Type 'ResolverSuccess<TFieldValues>' is not assignable to type 'ResolverResult<{ sku: string; name: string; category: string; unit: string; basePrice: number; isStockable: boolean; stockQuantity: number; images: string[]; attributes: Record<string, any>; costPrice?: number | undefined; defaultSupplierId?: string | undefined; safetyStock?: number | undefined; }, { ...; }> | Promi...'.
            Type 'ResolverSuccess<TFieldValues>' is not assignable to type 'ResolverSuccess<{ sku: string; name: string; category: string; unit: string; basePrice: number; isStockable: boolean; stockQuantity: number; images: string[]; attributes: Record<string, any>; costPrice?: number | undefined; defaultSupplierId?: string | undefined; safetyStock?: number | undefined; }>'.
              Type 'TFieldValues' is not assignable to type '{ sku: string; name: string; category: string; unit: string; basePrice: number; isStockable: boolean; stockQuantity: number; images: string[]; attributes: Record<string, any>; costPrice?: number | undefined; defaultSupplierId?: string | undefined; safetyStock?: number | undefined; }'.
                Type 'FieldValues' is missing the following properties from type '{ sku: string; name: string; category: string; unit: string; basePrice: number; isStockable: boolean; stockQuantity: number; images: string[]; attributes: Record<string, any>; costPrice?: number | undefined; defaultSupplierId?: string | undefined; safetyStock?: number | undefined; }': sku, name, category, unit, and 5 more.
src/features/products/components/product-form.tsx(262,29): error TS2322: Type 'Control<{ sku: string; name: string; category: string; unit: string; basePrice: number; isStockable: boolean; stockQuantity: number; images: string[]; attributes: Record<string, any>; costPrice?: number | undefined; defaultSupplierId?: string | undefined; safetyStock?: number | undefined; }, any, TFieldValues>' is not assignable to type 'Control<{ sku: string; name: string; category: string; unit: string; basePrice: number; isStockable: boolean; stockQuantity: number; images: string[]; attributes: Record<string, any>; costPrice?: number | undefined; defaultSupplierId?: string | undefined; safetyStock?: number | undefined; }, any, { ...; }>'.
  The types of '_options.resolver' are incompatible between these types.
    Type 'Resolver<{ sku: string; name: string; category: string; unit: string; basePrice: number; isStockable: boolean; stockQuantity: number; images: string[]; attributes: Record<string, any>; costPrice?: number | undefined; defaultSupplierId?: string | undefined; safetyStock?: number | undefined; }, any, TFieldValues> | un...' is not assignable to type 'Resolver<{ sku: string; name: string; category: string; unit: string; basePrice: number; isStockable: boolean; stockQuantity: number; images: string[]; attributes: Record<string, any>; costPrice?: number | undefined; defaultSupplierId?: string | undefined; safetyStock?: number | undefined; }, any, { ...; }> | undefi...'.
      Type 'Resolver<{ sku: string; name: string; category: string; unit: string; basePrice: number; isStockable: boolean; stockQuantity: number; images: string[]; attributes: Record<string, any>; costPrice?: number | undefined; defaultSupplierId?: string | undefined; safetyStock?: number | undefined; }, any, TFieldValues>' is not assignable to type 'Resolver<{ sku: string; name: string; category: string; unit: string; basePrice: number; isStockable: boolean; stockQuantity: number; images: string[]; attributes: Record<string, any>; costPrice?: number | undefined; defaultSupplierId?: string | undefined; safetyStock?: number | undefined; }, any, { ...; }>'.
        Type 'ResolverResult<{ sku: string; name: string; category: string; unit: string; basePrice: number; isStockable: boolean; stockQuantity: number; images: string[]; attributes: Record<string, any>; costPrice?: number | undefined; defaultSupplierId?: string | undefined; safetyStock?: number | undefined; }, TFieldValues> | P...' is not assignable to type 'ResolverResult<{ sku: string; name: string; category: string; unit: string; basePrice: number; isStockable: boolean; stockQuantity: number; images: string[]; attributes: Record<string, any>; costPrice?: number | undefined; defaultSupplierId?: string | undefined; safetyStock?: number | undefined; }, { ...; }> | Promi...'.
          Type 'ResolverSuccess<TFieldValues>' is not assignable to type 'ResolverResult<{ sku: string; name: string; category: string; unit: string; basePrice: number; isStockable: boolean; stockQuantity: number; images: string[]; attributes: Record<string, any>; costPrice?: number | undefined; defaultSupplierId?: string | undefined; safetyStock?: number | undefined; }, { ...; }> | Promi...'.
            Type 'ResolverSuccess<TFieldValues>' is not assignable to type 'ResolverSuccess<{ sku: string; name: string; category: string; unit: string; basePrice: number; isStockable: boolean; stockQuantity: number; images: string[]; attributes: Record<string, any>; costPrice?: number | undefined; defaultSupplierId?: string | undefined; safetyStock?: number | undefined; }>'.
              Type 'TFieldValues' is not assignable to type '{ sku: string; name: string; category: string; unit: string; basePrice: number; isStockable: boolean; stockQuantity: number; images: string[]; attributes: Record<string, any>; costPrice?: number | undefined; defaultSupplierId?: string | undefined; safetyStock?: number | undefined; }'.
                Type 'FieldValues' is missing the following properties from type '{ sku: string; name: string; category: string; unit: string; basePrice: number; isStockable: boolean; stockQuantity: number; images: string[]; attributes: Record<string, any>; costPrice?: number | undefined; defaultSupplierId?: string | undefined; safetyStock?: number | undefined; }': sku, name, category, unit, and 5 more.
src/features/products/components/product-form.tsx(285,37): error TS2322: Type 'Control<{ sku: string; name: string; category: string; unit: string; basePrice: number; isStockable: boolean; stockQuantity: number; images: string[]; attributes: Record<string, any>; costPrice?: number | undefined; defaultSupplierId?: string | undefined; safetyStock?: number | undefined; }, any, TFieldValues>' is not assignable to type 'Control<{ sku: string; name: string; category: string; unit: string; basePrice: number; isStockable: boolean; stockQuantity: number; images: string[]; attributes: Record<string, any>; costPrice?: number | undefined; defaultSupplierId?: string | undefined; safetyStock?: number | undefined; }, any, { ...; }>'.
  The types of '_options.resolver' are incompatible between these types.
    Type 'Resolver<{ sku: string; name: string; category: string; unit: string; basePrice: number; isStockable: boolean; stockQuantity: number; images: string[]; attributes: Record<string, any>; costPrice?: number | undefined; defaultSupplierId?: string | undefined; safetyStock?: number | undefined; }, any, TFieldValues> | un...' is not assignable to type 'Resolver<{ sku: string; name: string; category: string; unit: string; basePrice: number; isStockable: boolean; stockQuantity: number; images: string[]; attributes: Record<string, any>; costPrice?: number | undefined; defaultSupplierId?: string | undefined; safetyStock?: number | undefined; }, any, { ...; }> | undefi...'.
      Type 'Resolver<{ sku: string; name: string; category: string; unit: string; basePrice: number; isStockable: boolean; stockQuantity: number; images: string[]; attributes: Record<string, any>; costPrice?: number | undefined; defaultSupplierId?: string | undefined; safetyStock?: number | undefined; }, any, TFieldValues>' is not assignable to type 'Resolver<{ sku: string; name: string; category: string; unit: string; basePrice: number; isStockable: boolean; stockQuantity: number; images: string[]; attributes: Record<string, any>; costPrice?: number | undefined; defaultSupplierId?: string | undefined; safetyStock?: number | undefined; }, any, { ...; }>'.
        Type 'ResolverResult<{ sku: string; name: string; category: string; unit: string; basePrice: number; isStockable: boolean; stockQuantity: number; images: string[]; attributes: Record<string, any>; costPrice?: number | undefined; defaultSupplierId?: string | undefined; safetyStock?: number | undefined; }, TFieldValues> | P...' is not assignable to type 'ResolverResult<{ sku: string; name: string; category: string; unit: string; basePrice: number; isStockable: boolean; stockQuantity: number; images: string[]; attributes: Record<string, any>; costPrice?: number | undefined; defaultSupplierId?: string | undefined; safetyStock?: number | undefined; }, { ...; }> | Promi...'.
          Type 'ResolverSuccess<TFieldValues>' is not assignable to type 'ResolverResult<{ sku: string; name: string; category: string; unit: string; basePrice: number; isStockable: boolean; stockQuantity: number; images: string[]; attributes: Record<string, any>; costPrice?: number | undefined; defaultSupplierId?: string | undefined; safetyStock?: number | undefined; }, { ...; }> | Promi...'.
            Type 'ResolverSuccess<TFieldValues>' is not assignable to type 'ResolverSuccess<{ sku: string; name: string; category: string; unit: string; basePrice: number; isStockable: boolean; stockQuantity: number; images: string[]; attributes: Record<string, any>; costPrice?: number | undefined; defaultSupplierId?: string | undefined; safetyStock?: number | undefined; }>'.
              Type 'TFieldValues' is not assignable to type '{ sku: string; name: string; category: string; unit: string; basePrice: number; isStockable: boolean; stockQuantity: number; images: string[]; attributes: Record<string, any>; costPrice?: number | undefined; defaultSupplierId?: string | undefined; safetyStock?: number | undefined; }'.
                Type 'FieldValues' is missing the following properties from type '{ sku: string; name: string; category: string; unit: string; basePrice: number; isStockable: boolean; stockQuantity: number; images: string[]; attributes: Record<string, any>; costPrice?: number | undefined; defaultSupplierId?: string | undefined; safetyStock?: number | undefined; }': sku, name, category, unit, and 5 more.
src/features/products/components/product-form.tsx(304,37): error TS2322: Type 'Control<{ sku: string; name: string; category: string; unit: string; basePrice: number; isStockable: boolean; stockQuantity: number; images: string[]; attributes: Record<string, any>; costPrice?: number | undefined; defaultSupplierId?: string | undefined; safetyStock?: number | undefined; }, any, TFieldValues>' is not assignable to type 'Control<{ sku: string; name: string; category: string; unit: string; basePrice: number; isStockable: boolean; stockQuantity: number; images: string[]; attributes: Record<string, any>; costPrice?: number | undefined; defaultSupplierId?: string | undefined; safetyStock?: number | undefined; }, any, { ...; }>'.
  The types of '_options.resolver' are incompatible between these types.
    Type 'Resolver<{ sku: string; name: string; category: string; unit: string; basePrice: number; isStockable: boolean; stockQuantity: number; images: string[]; attributes: Record<string, any>; costPrice?: number | undefined; defaultSupplierId?: string | undefined; safetyStock?: number | undefined; }, any, TFieldValues> | un...' is not assignable to type 'Resolver<{ sku: string; name: string; category: string; unit: string; basePrice: number; isStockable: boolean; stockQuantity: number; images: string[]; attributes: Record<string, any>; costPrice?: number | undefined; defaultSupplierId?: string | undefined; safetyStock?: number | undefined; }, any, { ...; }> | undefi...'.
      Type 'Resolver<{ sku: string; name: string; category: string; unit: string; basePrice: number; isStockable: boolean; stockQuantity: number; images: string[]; attributes: Record<string, any>; costPrice?: number | undefined; defaultSupplierId?: string | undefined; safetyStock?: number | undefined; }, any, TFieldValues>' is not assignable to type 'Resolver<{ sku: string; name: string; category: string; unit: string; basePrice: number; isStockable: boolean; stockQuantity: number; images: string[]; attributes: Record<string, any>; costPrice?: number | undefined; defaultSupplierId?: string | undefined; safetyStock?: number | undefined; }, any, { ...; }>'.
        Type 'ResolverResult<{ sku: string; name: string; category: string; unit: string; basePrice: number; isStockable: boolean; stockQuantity: number; images: string[]; attributes: Record<string, any>; costPrice?: number | undefined; defaultSupplierId?: string | undefined; safetyStock?: number | undefined; }, TFieldValues> | P...' is not assignable to type 'ResolverResult<{ sku: string; name: string; category: string; unit: string; basePrice: number; isStockable: boolean; stockQuantity: number; images: string[]; attributes: Record<string, any>; costPrice?: number | undefined; defaultSupplierId?: string | undefined; safetyStock?: number | undefined; }, { ...; }> | Promi...'.
          Type 'ResolverSuccess<TFieldValues>' is not assignable to type 'ResolverResult<{ sku: string; name: string; category: string; unit: string; basePrice: number; isStockable: boolean; stockQuantity: number; images: string[]; attributes: Record<string, any>; costPrice?: number | undefined; defaultSupplierId?: string | undefined; safetyStock?: number | undefined; }, { ...; }> | Promi...'.
            Type 'ResolverSuccess<TFieldValues>' is not assignable to type 'ResolverSuccess<{ sku: string; name: string; category: string; unit: string; basePrice: number; isStockable: boolean; stockQuantity: number; images: string[]; attributes: Record<string, any>; costPrice?: number | undefined; defaultSupplierId?: string | undefined; safetyStock?: number | undefined; }>'.
              Type 'TFieldValues' is not assignable to type '{ sku: string; name: string; category: string; unit: string; basePrice: number; isStockable: boolean; stockQuantity: number; images: string[]; attributes: Record<string, any>; costPrice?: number | undefined; defaultSupplierId?: string | undefined; safetyStock?: number | undefined; }'.
                Type 'FieldValues' is missing the following properties from type '{ sku: string; name: string; category: string; unit: string; basePrice: number; isStockable: boolean; stockQuantity: number; images: string[]; attributes: Record<string, any>; costPrice?: number | undefined; defaultSupplierId?: string | undefined; safetyStock?: number | undefined; }': sku, name, category, unit, and 5 more.
src/features/products/components/product-form.tsx(332,29): error TS2322: Type 'Control<{ sku: string; name: string; category: string; unit: string; basePrice: number; isStockable: boolean; stockQuantity: number; images: string[]; attributes: Record<string, any>; costPrice?: number | undefined; defaultSupplierId?: string | undefined; safetyStock?: number | undefined; }, any, TFieldValues>' is not assignable to type 'Control<{ sku: string; name: string; category: string; unit: string; basePrice: number; isStockable: boolean; stockQuantity: number; images: string[]; attributes: Record<string, any>; costPrice?: number | undefined; defaultSupplierId?: string | undefined; safetyStock?: number | undefined; }, any, { ...; }>'.
  The types of '_options.resolver' are incompatible between these types.
    Type 'Resolver<{ sku: string; name: string; category: string; unit: string; basePrice: number; isStockable: boolean; stockQuantity: number; images: string[]; attributes: Record<string, any>; costPrice?: number | undefined; defaultSupplierId?: string | undefined; safetyStock?: number | undefined; }, any, TFieldValues> | un...' is not assignable to type 'Resolver<{ sku: string; name: string; category: string; unit: string; basePrice: number; isStockable: boolean; stockQuantity: number; images: string[]; attributes: Record<string, any>; costPrice?: number | undefined; defaultSupplierId?: string | undefined; safetyStock?: number | undefined; }, any, { ...; }> | undefi...'.
      Type 'Resolver<{ sku: string; name: string; category: string; unit: string; basePrice: number; isStockable: boolean; stockQuantity: number; images: string[]; attributes: Record<string, any>; costPrice?: number | undefined; defaultSupplierId?: string | undefined; safetyStock?: number | undefined; }, any, TFieldValues>' is not assignable to type 'Resolver<{ sku: string; name: string; category: string; unit: string; basePrice: number; isStockable: boolean; stockQuantity: number; images: string[]; attributes: Record<string, any>; costPrice?: number | undefined; defaultSupplierId?: string | undefined; safetyStock?: number | undefined; }, any, { ...; }>'.
        Type 'ResolverResult<{ sku: string; name: string; category: string; unit: string; basePrice: number; isStockable: boolean; stockQuantity: number; images: string[]; attributes: Record<string, any>; costPrice?: number | undefined; defaultSupplierId?: string | undefined; safetyStock?: number | undefined; }, TFieldValues> | P...' is not assignable to type 'ResolverResult<{ sku: string; name: string; category: string; unit: string; basePrice: number; isStockable: boolean; stockQuantity: number; images: string[]; attributes: Record<string, any>; costPrice?: number | undefined; defaultSupplierId?: string | undefined; safetyStock?: number | undefined; }, { ...; }> | Promi...'.
          Type 'ResolverSuccess<TFieldValues>' is not assignable to type 'ResolverResult<{ sku: string; name: string; category: string; unit: string; basePrice: number; isStockable: boolean; stockQuantity: number; images: string[]; attributes: Record<string, any>; costPrice?: number | undefined; defaultSupplierId?: string | undefined; safetyStock?: number | undefined; }, { ...; }> | Promi...'.
            Type 'ResolverSuccess<TFieldValues>' is not assignable to type 'ResolverSuccess<{ sku: string; name: string; category: string; unit: string; basePrice: number; isStockable: boolean; stockQuantity: number; images: string[]; attributes: Record<string, any>; costPrice?: number | undefined; defaultSupplierId?: string | undefined; safetyStock?: number | undefined; }>'.
              Type 'TFieldValues' is not assignable to type '{ sku: string; name: string; category: string; unit: string; basePrice: number; isStockable: boolean; stockQuantity: number; images: string[]; attributes: Record<string, any>; costPrice?: number | undefined; defaultSupplierId?: string | undefined; safetyStock?: number | undefined; }'.
                Type 'FieldValues' is missing the following properties from type '{ sku: string; name: string; category: string; unit: string; basePrice: number; isStockable: boolean; stockQuantity: number; images: string[]; attributes: Record<string, any>; costPrice?: number | undefined; defaultSupplierId?: string | undefined; safetyStock?: number | undefined; }': sku, name, category, unit, and 5 more.
src/features/quotes/__tests__/actions.test.ts(218,46): error TS2345: Argument of type '[{ success: boolean; timestamp: number; }, { customerId: string; leadId: string; totalAmount: number; discountAmount: number; finalAmount: number; measurementFee: number; installationFee: number; freightFee: number; items: { ...; }[]; }]' is not assignable to parameter of type '[unknown, { customerId: string; totalAmount: number; discountAmount: number; finalAmount: number; measurementFee: number; installationFee: number; freightFee: number; leadId?: string | undefined; remark?: string | undefined; items?: { ...; }[] | undefined; }] | [...]'.
  Type '[{ success: boolean; timestamp: number; }, { customerId: string; leadId: string; totalAmount: number; discountAmount: number; finalAmount: number; measurementFee: number; installationFee: number; freightFee: number; items: { ...; }[]; }]' is not assignable to type '[unknown, { customerId: string; totalAmount: number; discountAmount: number; finalAmount: number; measurementFee: number; installationFee: number; freightFee: number; leadId?: string | undefined; remark?: string | undefined; items?: { ...; }[] | undefined; }]'.
    Type at position 1 in source is not compatible with type at position 1 in target.
      The types of 'items' are incompatible between these types.
        Type '{ productName: string; category: string; unitPrice: number; quantity: number; subtotal: number; }[]' is not assignable to type '{ productName: string; category: "CURTAIN_FABRIC" | "CURTAIN_SHEER" | "CURTAIN_TRACK" | "CURTAIN_ACCESSORY" | "WALLCLOTH" | "WALLPANEL" | "WINDOWPAD" | "STANDARD" | "MOTOR"; unitPrice: number; ... 13 more ...; unit?: string | undefined; }[]'.
          Type '{ productName: string; category: string; unitPrice: number; quantity: number; subtotal: number; }' is not assignable to type '{ productName: string; category: "CURTAIN_FABRIC" | "CURTAIN_SHEER" | "CURTAIN_TRACK" | "CURTAIN_ACCESSORY" | "WALLCLOTH" | "WALLPANEL" | "WINDOWPAD" | "STANDARD" | "MOTOR"; unitPrice: number; ... 13 more ...; unit?: string | undefined; }'.
            Types of property 'category' are incompatible.
              Type 'string' is not assignable to type '"CURTAIN_FABRIC" | "CURTAIN_SHEER" | "CURTAIN_TRACK" | "CURTAIN_ACCESSORY" | "WALLCLOTH" | "WALLPANEL" | "WINDOWPAD" | "STANDARD" | "MOTOR"'.
src/features/quotes/components/quick-quote-dialog.tsx(77,9): error TS2322: Type 'Resolver<{ planType: string; rooms: { name: string; width: unknown; height: unknown; windowType?: string | undefined; hasFabric?: boolean | undefined; hasSheer?: boolean | undefined; }[]; }, any, { planType: string; rooms: { ...; }[]; }>' is not assignable to type 'Resolver<{ planType: string; rooms: { name: string; width: number; height: number; windowType: string; hasFabric: boolean; hasSheer: boolean; }[]; }, any, { planType: string; rooms: { name: string; width: number; height: number; windowType: string; hasFabric: boolean; hasSheer: boolean; }[]; }>'.
  Types of parameters 'options' and 'options' are incompatible.
    Type 'ResolverOptions<{ planType: string; rooms: { name: string; width: number; height: number; windowType: string; hasFabric: boolean; hasSheer: boolean; }[]; }>' is not assignable to type 'ResolverOptions<{ planType: string; rooms: { name: string; width: unknown; height: unknown; windowType?: string | undefined; hasFabric?: boolean | undefined; hasSheer?: boolean | undefined; }[]; }>'.
      Type '{ name: string; width: unknown; height: unknown; windowType?: string | undefined; hasFabric?: boolean | undefined; hasSheer?: boolean | undefined; }[]' is not assignable to type '{ name: string; width: number; height: number; windowType: string; hasFabric: boolean; hasSheer: boolean; }[]'.
        Type '{ name: string; width: unknown; height: unknown; windowType?: string | undefined; hasFabric?: boolean | undefined; hasSheer?: boolean | undefined; }' is not assignable to type '{ name: string; width: number; height: number; windowType: string; hasFabric: boolean; hasSheer: boolean; }'.
          Types of property 'width' are incompatible.
            Type 'unknown' is not assignable to type 'number'.
src/features/quotes/components/quick-quote-dialog.tsx(145,81): error TS2345: Argument of type '(values: FormValues) => Promise<void>' is not assignable to parameter of type 'SubmitHandler<TFieldValues>'.
  Types of parameters 'values' and 'data' are incompatible.
    Type 'TFieldValues' is not assignable to type '{ planType: string; rooms: { name: string; width: number; height: number; windowType: string; hasFabric: boolean; hasSheer: boolean; }[]; }'.
      Type 'FieldValues' is missing the following properties from type '{ planType: string; rooms: { name: string; width: number; height: number; windowType: string; hasFabric: boolean; hasSheer: boolean; }[]; }': planType, rooms
src/features/quotes/components/quick-quote-dialog.tsx(218,57): error TS2322: Type 'Control<{ planType: string; rooms: { name: string; width: number; height: number; windowType: string; hasFabric: boolean; hasSheer: boolean; }[]; }, any, TFieldValues>' is not assignable to type 'Control<{ planType: string; rooms: { name: string; width: number; height: number; windowType: string; hasFabric: boolean; hasSheer: boolean; }[]; }, any, { planType: string; rooms: { name: string; width: number; height: number; windowType: string; hasFabric: boolean; hasSheer: boolean; }[]; }>'.
  The types of '_options.resolver' are incompatible between these types.
    Type 'Resolver<{ planType: string; rooms: { name: string; width: number; height: number; windowType: string; hasFabric: boolean; hasSheer: boolean; }[]; }, any, TFieldValues> | undefined' is not assignable to type 'Resolver<{ planType: string; rooms: { name: string; width: number; height: number; windowType: string; hasFabric: boolean; hasSheer: boolean; }[]; }, any, { planType: string; rooms: { name: string; width: number; height: number; windowType: string; hasFabric: boolean; hasSheer: boolean; }[]; }> | undefined'.
      Type 'Resolver<{ planType: string; rooms: { name: string; width: number; height: number; windowType: string; hasFabric: boolean; hasSheer: boolean; }[]; }, any, TFieldValues>' is not assignable to type 'Resolver<{ planType: string; rooms: { name: string; width: number; height: number; windowType: string; hasFabric: boolean; hasSheer: boolean; }[]; }, any, { planType: string; rooms: { name: string; width: number; height: number; windowType: string; hasFabric: boolean; hasSheer: boolean; }[]; }>'.
        Type 'ResolverResult<{ planType: string; rooms: { name: string; width: number; height: number; windowType: string; hasFabric: boolean; hasSheer: boolean; }[]; }, TFieldValues> | Promise<...>' is not assignable to type 'ResolverResult<{ planType: string; rooms: { name: string; width: number; height: number; windowType: string; hasFabric: boolean; hasSheer: boolean; }[]; }, { planType: string; rooms: { name: string; width: number; height: number; windowType: string; hasFabric: boolean; hasSheer: boolean; }[]; }> | Promise<...>'.
          Type 'ResolverSuccess<TFieldValues>' is not assignable to type 'ResolverResult<{ planType: string; rooms: { name: string; width: number; height: number; windowType: string; hasFabric: boolean; hasSheer: boolean; }[]; }, { planType: string; rooms: { name: string; width: number; height: number; windowType: string; hasFabric: boolean; hasSheer: boolean; }[]; }> | Promise<...>'.
            Type 'ResolverSuccess<TFieldValues>' is not assignable to type 'ResolverSuccess<{ planType: string; rooms: { name: string; width: number; height: number; windowType: string; hasFabric: boolean; hasSheer: boolean; }[]; }>'.
              Type 'TFieldValues' is not assignable to type '{ planType: string; rooms: { name: string; width: number; height: number; windowType: string; hasFabric: boolean; hasSheer: boolean; }[]; }'.
                Type 'FieldValues' is missing the following properties from type '{ planType: string; rooms: { name: string; width: number; height: number; windowType: string; hasFabric: boolean; hasSheer: boolean; }[]; }': planType, rooms
src/features/quotes/components/quick-quote-dialog.tsx(227,57): error TS2322: Type 'Control<{ planType: string; rooms: { name: string; width: number; height: number; windowType: string; hasFabric: boolean; hasSheer: boolean; }[]; }, any, TFieldValues>' is not assignable to type 'Control<{ planType: string; rooms: { name: string; width: number; height: number; windowType: string; hasFabric: boolean; hasSheer: boolean; }[]; }, any, { planType: string; rooms: { name: string; width: number; height: number; windowType: string; hasFabric: boolean; hasSheer: boolean; }[]; }>'.
  The types of '_options.resolver' are incompatible between these types.
    Type 'Resolver<{ planType: string; rooms: { name: string; width: number; height: number; windowType: string; hasFabric: boolean; hasSheer: boolean; }[]; }, any, TFieldValues> | undefined' is not assignable to type 'Resolver<{ planType: string; rooms: { name: string; width: number; height: number; windowType: string; hasFabric: boolean; hasSheer: boolean; }[]; }, any, { planType: string; rooms: { name: string; width: number; height: number; windowType: string; hasFabric: boolean; hasSheer: boolean; }[]; }> | undefined'.
      Type 'Resolver<{ planType: string; rooms: { name: string; width: number; height: number; windowType: string; hasFabric: boolean; hasSheer: boolean; }[]; }, any, TFieldValues>' is not assignable to type 'Resolver<{ planType: string; rooms: { name: string; width: number; height: number; windowType: string; hasFabric: boolean; hasSheer: boolean; }[]; }, any, { planType: string; rooms: { name: string; width: number; height: number; windowType: string; hasFabric: boolean; hasSheer: boolean; }[]; }>'.
        Type 'ResolverResult<{ planType: string; rooms: { name: string; width: number; height: number; windowType: string; hasFabric: boolean; hasSheer: boolean; }[]; }, TFieldValues> | Promise<...>' is not assignable to type 'ResolverResult<{ planType: string; rooms: { name: string; width: number; height: number; windowType: string; hasFabric: boolean; hasSheer: boolean; }[]; }, { planType: string; rooms: { name: string; width: number; height: number; windowType: string; hasFabric: boolean; hasSheer: boolean; }[]; }> | Promise<...>'.
          Type 'ResolverSuccess<TFieldValues>' is not assignable to type 'ResolverResult<{ planType: string; rooms: { name: string; width: number; height: number; windowType: string; hasFabric: boolean; hasSheer: boolean; }[]; }, { planType: string; rooms: { name: string; width: number; height: number; windowType: string; hasFabric: boolean; hasSheer: boolean; }[]; }> | Promise<...>'.
            Type 'ResolverSuccess<TFieldValues>' is not assignable to type 'ResolverSuccess<{ planType: string; rooms: { name: string; width: number; height: number; windowType: string; hasFabric: boolean; hasSheer: boolean; }[]; }>'.
              Type 'TFieldValues' is not assignable to type '{ planType: string; rooms: { name: string; width: number; height: number; windowType: string; hasFabric: boolean; hasSheer: boolean; }[]; }'.
                Type 'FieldValues' is missing the following properties from type '{ planType: string; rooms: { name: string; width: number; height: number; windowType: string; hasFabric: boolean; hasSheer: boolean; }[]; }': planType, rooms
src/features/quotes/components/quick-quote-dialog.tsx(236,57): error TS2322: Type 'Control<{ planType: string; rooms: { name: string; width: number; height: number; windowType: string; hasFabric: boolean; hasSheer: boolean; }[]; }, any, TFieldValues>' is not assignable to type 'Control<{ planType: string; rooms: { name: string; width: number; height: number; windowType: string; hasFabric: boolean; hasSheer: boolean; }[]; }, any, { planType: string; rooms: { name: string; width: number; height: number; windowType: string; hasFabric: boolean; hasSheer: boolean; }[]; }>'.
  The types of '_options.resolver' are incompatible between these types.
    Type 'Resolver<{ planType: string; rooms: { name: string; width: number; height: number; windowType: string; hasFabric: boolean; hasSheer: boolean; }[]; }, any, TFieldValues> | undefined' is not assignable to type 'Resolver<{ planType: string; rooms: { name: string; width: number; height: number; windowType: string; hasFabric: boolean; hasSheer: boolean; }[]; }, any, { planType: string; rooms: { name: string; width: number; height: number; windowType: string; hasFabric: boolean; hasSheer: boolean; }[]; }> | undefined'.
      Type 'Resolver<{ planType: string; rooms: { name: string; width: number; height: number; windowType: string; hasFabric: boolean; hasSheer: boolean; }[]; }, any, TFieldValues>' is not assignable to type 'Resolver<{ planType: string; rooms: { name: string; width: number; height: number; windowType: string; hasFabric: boolean; hasSheer: boolean; }[]; }, any, { planType: string; rooms: { name: string; width: number; height: number; windowType: string; hasFabric: boolean; hasSheer: boolean; }[]; }>'.
        Type 'ResolverResult<{ planType: string; rooms: { name: string; width: number; height: number; windowType: string; hasFabric: boolean; hasSheer: boolean; }[]; }, TFieldValues> | Promise<...>' is not assignable to type 'ResolverResult<{ planType: string; rooms: { name: string; width: number; height: number; windowType: string; hasFabric: boolean; hasSheer: boolean; }[]; }, { planType: string; rooms: { name: string; width: number; height: number; windowType: string; hasFabric: boolean; hasSheer: boolean; }[]; }> | Promise<...>'.
          Type 'ResolverSuccess<TFieldValues>' is not assignable to type 'ResolverResult<{ planType: string; rooms: { name: string; width: number; height: number; windowType: string; hasFabric: boolean; hasSheer: boolean; }[]; }, { planType: string; rooms: { name: string; width: number; height: number; windowType: string; hasFabric: boolean; hasSheer: boolean; }[]; }> | Promise<...>'.
            Type 'ResolverSuccess<TFieldValues>' is not assignable to type 'ResolverSuccess<{ planType: string; rooms: { name: string; width: number; height: number; windowType: string; hasFabric: boolean; hasSheer: boolean; }[]; }>'.
              Type 'TFieldValues' is not assignable to type '{ planType: string; rooms: { name: string; width: number; height: number; windowType: string; hasFabric: boolean; hasSheer: boolean; }[]; }'.
                Type 'FieldValues' is missing the following properties from type '{ planType: string; rooms: { name: string; width: number; height: number; windowType: string; hasFabric: boolean; hasSheer: boolean; }[]; }': planType, rooms
src/features/quotes/components/quick-quote-dialog.tsx(245,57): error TS2322: Type 'Control<{ planType: string; rooms: { name: string; width: number; height: number; windowType: string; hasFabric: boolean; hasSheer: boolean; }[]; }, any, TFieldValues>' is not assignable to type 'Control<{ planType: string; rooms: { name: string; width: number; height: number; windowType: string; hasFabric: boolean; hasSheer: boolean; }[]; }, any, { planType: string; rooms: { name: string; width: number; height: number; windowType: string; hasFabric: boolean; hasSheer: boolean; }[]; }>'.
  The types of '_options.resolver' are incompatible between these types.
    Type 'Resolver<{ planType: string; rooms: { name: string; width: number; height: number; windowType: string; hasFabric: boolean; hasSheer: boolean; }[]; }, any, TFieldValues> | undefined' is not assignable to type 'Resolver<{ planType: string; rooms: { name: string; width: number; height: number; windowType: string; hasFabric: boolean; hasSheer: boolean; }[]; }, any, { planType: string; rooms: { name: string; width: number; height: number; windowType: string; hasFabric: boolean; hasSheer: boolean; }[]; }> | undefined'.
      Type 'Resolver<{ planType: string; rooms: { name: string; width: number; height: number; windowType: string; hasFabric: boolean; hasSheer: boolean; }[]; }, any, TFieldValues>' is not assignable to type 'Resolver<{ planType: string; rooms: { name: string; width: number; height: number; windowType: string; hasFabric: boolean; hasSheer: boolean; }[]; }, any, { planType: string; rooms: { name: string; width: number; height: number; windowType: string; hasFabric: boolean; hasSheer: boolean; }[]; }>'.
        Type 'ResolverResult<{ planType: string; rooms: { name: string; width: number; height: number; windowType: string; hasFabric: boolean; hasSheer: boolean; }[]; }, TFieldValues> | Promise<...>' is not assignable to type 'ResolverResult<{ planType: string; rooms: { name: string; width: number; height: number; windowType: string; hasFabric: boolean; hasSheer: boolean; }[]; }, { planType: string; rooms: { name: string; width: number; height: number; windowType: string; hasFabric: boolean; hasSheer: boolean; }[]; }> | Promise<...>'.
          Type 'ResolverSuccess<TFieldValues>' is not assignable to type 'ResolverResult<{ planType: string; rooms: { name: string; width: number; height: number; windowType: string; hasFabric: boolean; hasSheer: boolean; }[]; }, { planType: string; rooms: { name: string; width: number; height: number; windowType: string; hasFabric: boolean; hasSheer: boolean; }[]; }> | Promise<...>'.
            Type 'ResolverSuccess<TFieldValues>' is not assignable to type 'ResolverSuccess<{ planType: string; rooms: { name: string; width: number; height: number; windowType: string; hasFabric: boolean; hasSheer: boolean; }[]; }>'.
              Type 'TFieldValues' is not assignable to type '{ planType: string; rooms: { name: string; width: number; height: number; windowType: string; hasFabric: boolean; hasSheer: boolean; }[]; }'.
                Type 'FieldValues' is missing the following properties from type '{ planType: string; rooms: { name: string; width: number; height: number; windowType: string; hasFabric: boolean; hasSheer: boolean; }[]; }': planType, rooms
src/features/quotes/components/quick-quote-dialog.tsx(266,57): error TS2322: Type 'Control<{ planType: string; rooms: { name: string; width: number; height: number; windowType: string; hasFabric: boolean; hasSheer: boolean; }[]; }, any, TFieldValues>' is not assignable to type 'Control<{ planType: string; rooms: { name: string; width: number; height: number; windowType: string; hasFabric: boolean; hasSheer: boolean; }[]; }, any, { planType: string; rooms: { name: string; width: number; height: number; windowType: string; hasFabric: boolean; hasSheer: boolean; }[]; }>'.
  The types of '_options.resolver' are incompatible between these types.
    Type 'Resolver<{ planType: string; rooms: { name: string; width: number; height: number; windowType: string; hasFabric: boolean; hasSheer: boolean; }[]; }, any, TFieldValues> | undefined' is not assignable to type 'Resolver<{ planType: string; rooms: { name: string; width: number; height: number; windowType: string; hasFabric: boolean; hasSheer: boolean; }[]; }, any, { planType: string; rooms: { name: string; width: number; height: number; windowType: string; hasFabric: boolean; hasSheer: boolean; }[]; }> | undefined'.
      Type 'Resolver<{ planType: string; rooms: { name: string; width: number; height: number; windowType: string; hasFabric: boolean; hasSheer: boolean; }[]; }, any, TFieldValues>' is not assignable to type 'Resolver<{ planType: string; rooms: { name: string; width: number; height: number; windowType: string; hasFabric: boolean; hasSheer: boolean; }[]; }, any, { planType: string; rooms: { name: string; width: number; height: number; windowType: string; hasFabric: boolean; hasSheer: boolean; }[]; }>'.
        Type 'ResolverResult<{ planType: string; rooms: { name: string; width: number; height: number; windowType: string; hasFabric: boolean; hasSheer: boolean; }[]; }, TFieldValues> | Promise<...>' is not assignable to type 'ResolverResult<{ planType: string; rooms: { name: string; width: number; height: number; windowType: string; hasFabric: boolean; hasSheer: boolean; }[]; }, { planType: string; rooms: { name: string; width: number; height: number; windowType: string; hasFabric: boolean; hasSheer: boolean; }[]; }> | Promise<...>'.
          Type 'ResolverSuccess<TFieldValues>' is not assignable to type 'ResolverResult<{ planType: string; rooms: { name: string; width: number; height: number; windowType: string; hasFabric: boolean; hasSheer: boolean; }[]; }, { planType: string; rooms: { name: string; width: number; height: number; windowType: string; hasFabric: boolean; hasSheer: boolean; }[]; }> | Promise<...>'.
            Type 'ResolverSuccess<TFieldValues>' is not assignable to type 'ResolverSuccess<{ planType: string; rooms: { name: string; width: number; height: number; windowType: string; hasFabric: boolean; hasSheer: boolean; }[]; }>'.
              Type 'TFieldValues' is not assignable to type '{ planType: string; rooms: { name: string; width: number; height: number; windowType: string; hasFabric: boolean; hasSheer: boolean; }[]; }'.
                Type 'FieldValues' is missing the following properties from type '{ planType: string; rooms: { name: string; width: number; height: number; windowType: string; hasFabric: boolean; hasSheer: boolean; }[]; }': planType, rooms
src/features/quotes/components/quick-quote-dialog.tsx(276,57): error TS2322: Type 'Control<{ planType: string; rooms: { name: string; width: number; height: number; windowType: string; hasFabric: boolean; hasSheer: boolean; }[]; }, any, TFieldValues>' is not assignable to type 'Control<{ planType: string; rooms: { name: string; width: number; height: number; windowType: string; hasFabric: boolean; hasSheer: boolean; }[]; }, any, { planType: string; rooms: { name: string; width: number; height: number; windowType: string; hasFabric: boolean; hasSheer: boolean; }[]; }>'.
  The types of '_options.resolver' are incompatible between these types.
    Type 'Resolver<{ planType: string; rooms: { name: string; width: number; height: number; windowType: string; hasFabric: boolean; hasSheer: boolean; }[]; }, any, TFieldValues> | undefined' is not assignable to type 'Resolver<{ planType: string; rooms: { name: string; width: number; height: number; windowType: string; hasFabric: boolean; hasSheer: boolean; }[]; }, any, { planType: string; rooms: { name: string; width: number; height: number; windowType: string; hasFabric: boolean; hasSheer: boolean; }[]; }> | undefined'.
      Type 'Resolver<{ planType: string; rooms: { name: string; width: number; height: number; windowType: string; hasFabric: boolean; hasSheer: boolean; }[]; }, any, TFieldValues>' is not assignable to type 'Resolver<{ planType: string; rooms: { name: string; width: number; height: number; windowType: string; hasFabric: boolean; hasSheer: boolean; }[]; }, any, { planType: string; rooms: { name: string; width: number; height: number; windowType: string; hasFabric: boolean; hasSheer: boolean; }[]; }>'.
        Type 'ResolverResult<{ planType: string; rooms: { name: string; width: number; height: number; windowType: string; hasFabric: boolean; hasSheer: boolean; }[]; }, TFieldValues> | Promise<...>' is not assignable to type 'ResolverResult<{ planType: string; rooms: { name: string; width: number; height: number; windowType: string; hasFabric: boolean; hasSheer: boolean; }[]; }, { planType: string; rooms: { name: string; width: number; height: number; windowType: string; hasFabric: boolean; hasSheer: boolean; }[]; }> | Promise<...>'.
          Type 'ResolverSuccess<TFieldValues>' is not assignable to type 'ResolverResult<{ planType: string; rooms: { name: string; width: number; height: number; windowType: string; hasFabric: boolean; hasSheer: boolean; }[]; }, { planType: string; rooms: { name: string; width: number; height: number; windowType: string; hasFabric: boolean; hasSheer: boolean; }[]; }> | Promise<...>'.
            Type 'ResolverSuccess<TFieldValues>' is not assignable to type 'ResolverSuccess<{ planType: string; rooms: { name: string; width: number; height: number; windowType: string; hasFabric: boolean; hasSheer: boolean; }[]; }>'.
              Type 'TFieldValues' is not assignable to type '{ planType: string; rooms: { name: string; width: number; height: number; windowType: string; hasFabric: boolean; hasSheer: boolean; }[]; }'.
                Type 'FieldValues' is missing the following properties from type '{ planType: string; rooms: { name: string; width: number; height: number; windowType: string; hasFabric: boolean; hasSheer: boolean; }[]; }': planType, rooms
src/features/quotes/components/quote-builder.tsx(293,17): error TS2719: Type '(product: Product) => void' is not assignable to type '(product: Product) => void'. Two different types with this name exist, but they are unrelated.
  Types of parameters 'product' and 'product' are incompatible.
    Type 'Product' is not assignable to type 'Product'. Two different types with this name exist, but they are unrelated.
      Types of property 'attributes' are incompatible.
        Type 'Record<string, unknown> | null' is not assignable to type 'Record<string, unknown>'.
          Type 'null' is not assignable to type 'Record<string, unknown>'.
src/features/quotes/components/quote-to-order-button.tsx(32,59): error TS2345: Argument of type '[string]' is not assignable to parameter of type '[unknown, { quoteId: string; confirmationProof?: string | undefined; }] | [{ quoteId: string; confirmationProof?: string | undefined; }]'.
  Type '[string]' is not assignable to type '[{ quoteId: string; confirmationProof?: string | undefined; }]'.
    Type 'string' is not assignable to type '{ quoteId: string; confirmationProof?: string | undefined; }'.
src/features/quotes/components/views/room-view.tsx(114,86): error TS2538: Type 'null' cannot be used as an index type.
src/features/quotes/quick-quote/components/quick-quote-form.tsx(127,33): error TS2322: Type 'Control<QuickQuoteFormData, any, QuickQuoteFormData>' is not assignable to type 'Control<RoomFormData>'.
  The types of '_subjects.state' are incompatible between these types.
    Type 'FormStateSubjectRef<QuickQuoteFormData>' is not assignable to type 'FormStateSubjectRef<RoomFormData>'.
      Type 'FormStateSubjectRef<QuickQuoteFormData>' is not assignable to type '{ readonly observers: Observer<Partial<FormState<RoomFormData>> & { name?: string | undefined; values?: RoomFormData | undefined; type?: EventType | undefined; }>[]; subscribe: (value: Observer<...>) => Subscription; unsubscribe: Noop; }'.
        Types of property 'observers' are incompatible.
          Type 'Observer<Partial<FormState<QuickQuoteFormData>> & { name?: string | undefined; values?: QuickQuoteFormData | undefined; type?: EventType | undefined; }>[]' is not assignable to type 'Observer<Partial<FormState<RoomFormData>> & { name?: string | undefined; values?: RoomFormData | undefined; type?: EventType | undefined; }>[]'.
            Type 'Observer<Partial<FormState<QuickQuoteFormData>> & { name?: string | undefined; values?: QuickQuoteFormData | undefined; type?: EventType | undefined; }>' is not assignable to type 'Observer<Partial<FormState<RoomFormData>> & { name?: string | undefined; values?: RoomFormData | undefined; type?: EventType | undefined; }>'.
              Type 'Partial<FormState<RoomFormData>> & { name?: string | undefined; values?: RoomFormData | undefined; type?: EventType | undefined; }' is not assignable to type 'Partial<FormState<QuickQuoteFormData>> & { name?: string | undefined; values?: QuickQuoteFormData | undefined; type?: EventType | undefined; }'.
                Type 'Partial<FormState<RoomFormData>> & { name?: string | undefined; values?: RoomFormData | undefined; type?: EventType | undefined; }' is not assignable to type '{ name?: string | undefined; values?: QuickQuoteFormData | undefined; type?: EventType | undefined; }'.
                  Types of property 'values' are incompatible.
                    Type 'RoomFormData | undefined' is not assignable to type 'QuickQuoteFormData | undefined'.
                      Property 'planType' is missing in type 'RoomFormData' but required in type 'QuickQuoteFormData'.
src/features/quotes/quick-quote/components/quick-quote-form.tsx(128,33): error TS2322: Type 'UseFormRegister<QuickQuoteFormData>' is not assignable to type 'UseFormRegister<RoomFormData>'.
  Property 'planType' is missing in type 'RoomFormData' but required in type 'QuickQuoteFormData'.
src/features/quotes/quick-quote/components/room-input-list.tsx(219,13): error TS2322: Type 'string' is not assignable to type '"rooms" | `rooms.${number}` | `rooms.${number}.name` | `rooms.${number}.width` | `rooms.${number}.height` | `rooms.${number}.windowType` | `rooms.${number}.hasFabric` | `rooms.${number}.hasSheer` | `rooms.${number}.hasBox`'.
src/features/quotes/quick-quote/components/room-input-list.tsx(223,25): error TS2322: Type 'string | number | boolean | RoomItem | RoomItem[]' is not assignable to type 'boolean | undefined'.
  Type 'string' is not assignable to type 'boolean | undefined'.
src/features/service/installation/__tests__/install-tasks.test.ts(193,61): error TS2345: Argument of type '[{ orderId: string; category: string; }]' is not assignable to parameter of type '[unknown, { orderId: string; category: "CURTAIN_FABRIC" | "CURTAIN_SHEER" | "CURTAIN_TRACK" | "CURTAIN_ACCESSORY" | "WALLCLOTH" | "WALLPANEL" | "WINDOWPAD" | "STANDARD" | "MOTOR"; }] | [...]'.
  Type '[{ orderId: string; category: string; }]' is not assignable to type '[{ orderId: string; category: "CURTAIN_FABRIC" | "CURTAIN_SHEER" | "CURTAIN_TRACK" | "CURTAIN_ACCESSORY" | "WALLCLOTH" | "WALLPANEL" | "WINDOWPAD" | "STANDARD" | "MOTOR"; }]'.
    Type '{ orderId: string; category: string; }' is not assignable to type '{ orderId: string; category: "CURTAIN_FABRIC" | "CURTAIN_SHEER" | "CURTAIN_TRACK" | "CURTAIN_ACCESSORY" | "WALLCLOTH" | "WALLPANEL" | "WINDOWPAD" | "STANDARD" | "MOTOR"; }'.
      Types of property 'category' are incompatible.
        Type 'string' is not assignable to type '"CURTAIN_FABRIC" | "CURTAIN_SHEER" | "CURTAIN_TRACK" | "CURTAIN_ACCESSORY" | "WALLCLOTH" | "WALLPANEL" | "WINDOWPAD" | "STANDARD" | "MOTOR"'.
src/features/service/installation/__tests__/install-tasks.test.ts(205,61): error TS2345: Argument of type '[{ orderId: string; category: string; }]' is not assignable to parameter of type '[unknown, { orderId: string; category: "CURTAIN_FABRIC" | "CURTAIN_SHEER" | "CURTAIN_TRACK" | "CURTAIN_ACCESSORY" | "WALLCLOTH" | "WALLPANEL" | "WINDOWPAD" | "STANDARD" | "MOTOR"; }] | [...]'.
  Type '[{ orderId: string; category: string; }]' is not assignable to type '[{ orderId: string; category: "CURTAIN_FABRIC" | "CURTAIN_SHEER" | "CURTAIN_TRACK" | "CURTAIN_ACCESSORY" | "WALLCLOTH" | "WALLPANEL" | "WINDOWPAD" | "STANDARD" | "MOTOR"; }]'.
    Type '{ orderId: string; category: string; }' is not assignable to type '{ orderId: string; category: "CURTAIN_FABRIC" | "CURTAIN_SHEER" | "CURTAIN_TRACK" | "CURTAIN_ACCESSORY" | "WALLCLOTH" | "WALLPANEL" | "WINDOWPAD" | "STANDARD" | "MOTOR"; }'.
      Types of property 'category' are incompatible.
        Type 'string' is not assignable to type '"CURTAIN_FABRIC" | "CURTAIN_SHEER" | "CURTAIN_TRACK" | "CURTAIN_ACCESSORY" | "WALLCLOTH" | "WALLPANEL" | "WINDOWPAD" | "STANDARD" | "MOTOR"'.
src/features/service/installation/__tests__/install-tasks.test.ts(234,61): error TS2345: Argument of type '[{ orderId: string; category: string; }]' is not assignable to parameter of type '[unknown, { orderId: string; category: "CURTAIN_FABRIC" | "CURTAIN_SHEER" | "CURTAIN_TRACK" | "CURTAIN_ACCESSORY" | "WALLCLOTH" | "WALLPANEL" | "WINDOWPAD" | "STANDARD" | "MOTOR"; }] | [...]'.
  Type '[{ orderId: string; category: string; }]' is not assignable to type '[{ orderId: string; category: "CURTAIN_FABRIC" | "CURTAIN_SHEER" | "CURTAIN_TRACK" | "CURTAIN_ACCESSORY" | "WALLCLOTH" | "WALLPANEL" | "WINDOWPAD" | "STANDARD" | "MOTOR"; }]'.
    Type '{ orderId: string; category: string; }' is not assignable to type '{ orderId: string; category: "CURTAIN_FABRIC" | "CURTAIN_SHEER" | "CURTAIN_TRACK" | "CURTAIN_ACCESSORY" | "WALLCLOTH" | "WALLPANEL" | "WINDOWPAD" | "STANDARD" | "MOTOR"; }'.
      Types of property 'category' are incompatible.
        Type 'string' is not assignable to type '"CURTAIN_FABRIC" | "CURTAIN_SHEER" | "CURTAIN_TRACK" | "CURTAIN_ACCESSORY" | "WALLCLOTH" | "WALLPANEL" | "WINDOWPAD" | "STANDARD" | "MOTOR"'.
src/features/service/installation/components/completion-form.tsx(36,58): error TS2345: Argument of type '[{ taskId: string; images: string[]; checkInLocation: CheckInLocation | null; }]' is not assignable to parameter of type '[unknown, { taskId: string; images: string[]; checkInLocation?: { lat: number; lng: number; address?: string | undefined; } | undefined; }] | [{ taskId: string; images: string[]; checkInLocation?: { lat: number; lng: number; address?: string | undefined; } | undefined; }]'.
  Type '[{ taskId: string; images: string[]; checkInLocation: CheckInLocation | null; }]' is not assignable to type '[{ taskId: string; images: string[]; checkInLocation?: { lat: number; lng: number; address?: string | undefined; } | undefined; }]'.
    Type '{ taskId: string; images: string[]; checkInLocation: CheckInLocation | null; }' is not assignable to type '{ taskId: string; images: string[]; checkInLocation?: { lat: number; lng: number; address?: string | undefined; } | undefined; }'.
      Types of property 'checkInLocation' are incompatible.
        Type 'CheckInLocation | null' is not assignable to type '{ lat: number; lng: number; address?: string | undefined; } | undefined'.
          Type 'null' is not assignable to type '{ lat: number; lng: number; address?: string | undefined; } | undefined'.
src/features/service/installation/components/install-task-table.tsx(101,49): error TS2339: Property 'orderId' does not exist on type 'InstallTaskData'.
src/features/service/installation/components/install-task-table.tsx(101,83): error TS2339: Property 'scheduledAt' does not exist on type 'InstallTaskData'.
src/features/service/installation/components/smart-worker-selector.tsx(30,60): error TS2345: Argument of type '[string]' is not assignable to parameter of type '[unknown, { taskId: string; }] | [{ taskId: string; }]'.
  Type '[string]' is not assignable to type '[{ taskId: string; }]'.
    Type 'string' is not assignable to type '{ taskId: string; }'.
src/features/service/installation/components/submit-completion-dialog.tsx(81,17): error TS2345: Argument of type '[{ taskId: string; photos: { type: "BEFORE" | "AFTER" | "DETAIL"; url: string; }[]; }]' is not assignable to parameter of type '[unknown, { taskId: string; images: string[]; checkInLocation?: { lat: number; lng: number; address?: string | undefined; } | undefined; }] | [{ taskId: string; images: string[]; checkInLocation?: { lat: number; lng: number; address?: string | undefined; } | undefined; }]'.
  Type '[{ taskId: string; photos: { type: "BEFORE" | "AFTER" | "DETAIL"; url: string; }[]; }]' is not assignable to type '[{ taskId: string; images: string[]; checkInLocation?: { lat: number; lng: number; address?: string | undefined; } | undefined; }]'.
    Object literal may only specify known properties, and 'photos' does not exist in type '{ taskId: string; images: string[]; checkInLocation?: { lat: number; lng: number; address?: string | undefined; } | undefined; }'.
src/features/service/measurement/__tests__/actions.test.ts(282,52): error TS2345: Argument of type '[{ taskId: string; resultData: { rooms: { name: string; windows: { name: string; type: "STRAIGHT"; width: number; height: number; }[]; }[]; }; images: string[]; checkInLocation: { lat: number; lng: number; address: string; }; }]' is not assignable to parameter of type '[unknown, { taskId: string; resultData: { rooms: { name: string; windows: { name: string; type: "OTHER" | "STRAIGHT" | "L_SHAPE" | "U_SHAPE" | "ARC" | "CURVED"; width: number; height: number; installType: "TOP" | "SIDE"; openType: "SINGLE" | "DOUBLE"; id?: string | undefined; depth?: number | undefined; remark?: str...'.
  Type '[{ taskId: string; resultData: { rooms: { name: string; windows: { name: string; type: "STRAIGHT"; width: number; height: number; }[]; }[]; }; images: string[]; checkInLocation: { lat: number; lng: number; address: string; }; }]' is not assignable to type '[{ taskId: string; resultData: { rooms: { name: string; windows: { name: string; type: "OTHER" | "STRAIGHT" | "L_SHAPE" | "U_SHAPE" | "ARC" | "CURVED"; width: number; height: number; installType: "TOP" | "SIDE"; openType: "SINGLE" | "DOUBLE"; id?: string | undefined; depth?: number | undefined; remark?: string | und...'.
    Type '{ taskId: string; resultData: { rooms: { name: string; windows: { name: string; type: "STRAIGHT"; width: number; height: number; }[]; }[]; }; images: string[]; checkInLocation: { lat: number; lng: number; address: string; }; }' is not assignable to type '{ taskId: string; resultData: { rooms: { name: string; windows: { name: string; type: "OTHER" | "STRAIGHT" | "L_SHAPE" | "U_SHAPE" | "ARC" | "CURVED"; width: number; height: number; installType: "TOP" | "SIDE"; openType: "SINGLE" | "DOUBLE"; id?: string | undefined; depth?: number | undefined; remark?: string | unde...'.
      The types of 'resultData.rooms' are incompatible between these types.
        Type '{ name: string; windows: { name: string; type: "STRAIGHT"; width: number; height: number; }[]; }[]' is not assignable to type '{ name: string; windows: { name: string; type: "OTHER" | "STRAIGHT" | "L_SHAPE" | "U_SHAPE" | "ARC" | "CURVED"; width: number; height: number; installType: "TOP" | "SIDE"; openType: "SINGLE" | "DOUBLE"; id?: string | undefined; depth?: number | undefined; remark?: string | undefined; }[]; }[]'.
          Type '{ name: string; windows: { name: string; type: "STRAIGHT"; width: number; height: number; }[]; }' is not assignable to type '{ name: string; windows: { name: string; type: "OTHER" | "STRAIGHT" | "L_SHAPE" | "U_SHAPE" | "ARC" | "CURVED"; width: number; height: number; installType: "TOP" | "SIDE"; openType: "SINGLE" | "DOUBLE"; id?: string | undefined; depth?: number | undefined; remark?: string | undefined; }[]; }'.
            Types of property 'windows' are incompatible.
              Type '{ name: string; type: "STRAIGHT"; width: number; height: number; }[]' is not assignable to type '{ name: string; type: "OTHER" | "STRAIGHT" | "L_SHAPE" | "U_SHAPE" | "ARC" | "CURVED"; width: number; height: number; installType: "TOP" | "SIDE"; openType: "SINGLE" | "DOUBLE"; id?: string | undefined; depth?: number | undefined; remark?: string | undefined; }[]'.
                Type '{ name: string; type: "STRAIGHT"; width: number; height: number; }' is missing the following properties from type '{ name: string; type: "OTHER" | "STRAIGHT" | "L_SHAPE" | "U_SHAPE" | "ARC" | "CURVED"; width: number; height: number; installType: "TOP" | "SIDE"; openType: "SINGLE" | "DOUBLE"; id?: string | undefined; depth?: number | undefined; remark?: string | undefined; }': installType, openType
src/features/service/measurement/__tests__/sync-manager.test.ts(96,58): error TS2345: Argument of type 'ActionState<{ data: MockServerTask[]; total: number; totalPages: number; }>' is not assignable to parameter of type 'ActionState<{ data: { id: string; isActive: boolean | null; createdAt: Date | null; updatedAt: Date | null; tenantId: string; createdBy: string; status: "DISPATCHING" | "COMPLETED" | ... 4 more ... | null; ... 22 more ...; worker: { ...; } | null; }[]; total: number; totalPages: number; }>'.
  Type '{ data: MockServerTask[]; total: number; totalPages: number; }' is not assignable to type '{ data: { id: string; isActive: boolean | null; createdAt: Date | null; updatedAt: Date | null; tenantId: string; createdBy: string; status: "DISPATCHING" | "COMPLETED" | "CANCELLED" | "PENDING" | "PENDING_VISIT" | "PENDING_CONFIRM" | null; ... 22 more ...; worker: { ...; } | null; }[]; total: number; totalPages: nu...'.
    Types of property 'data' are incompatible.
      Type 'MockServerTask[]' is not assignable to type '{ id: string; isActive: boolean | null; createdAt: Date | null; updatedAt: Date | null; tenantId: string; createdBy: string; status: "DISPATCHING" | "COMPLETED" | "CANCELLED" | "PENDING" | "PENDING_VISIT" | "PENDING_CONFIRM" | null; ... 22 more ...; worker: { ...; } | null; }[]'.
        Type 'MockServerTask' is missing the following properties from type '{ id: string; isActive: boolean | null; createdAt: Date | null; updatedAt: Date | null; tenantId: string; createdBy: string; status: "DISPATCHING" | "COMPLETED" | "CANCELLED" | "PENDING" | "PENDING_VISIT" | "PENDING_CONFIRM" | null; ... 22 more ...; worker: { ...; } | null; }': isActive, updatedAt, tenantId, createdBy, and 22 more.
src/features/service/measurement/__tests__/sync-manager.test.ts(100,17): error TS2353: Object literal may only specify known properties, and 'equals' does not exist in type 'Collection<OfflineMeasurement, any, OfflineMeasurement>'.
src/features/service/measurement/__tests__/sync-manager.test.ts(105,68): error TS2345: Argument of type '(mode: unknown, stores: unknown, callback: unknown) => Promise<void>' is not assignable to parameter of type '(mode: TransactionMode, table: string | Table<any, any, any>, table2: string | Table<any, any, any>, table3: string | Table<any, any, any>, table5: string | Table<...>, scope: (trans: Transaction & { ...; }) => unknown) => PromiseExtended<...>'.
  Property 'timeout' is missing in type 'Promise<void>' but required in type 'PromiseExtended<unknown>'.
src/features/service/measurement/__tests__/sync-manager.test.ts(126,25): error TS2322: Type 'MockServerTask[]' is not assignable to type '{ id: string; isActive: boolean | null; createdAt: Date | null; updatedAt: Date | null; tenantId: string; createdBy: string; status: "DISPATCHING" | "COMPLETED" | "CANCELLED" | "PENDING" | "PENDING_VISIT" | "PENDING_CONFIRM" | null; ... 22 more ...; worker: { ...; } | null; }[]'.
  Type 'MockServerTask' is missing the following properties from type '{ id: string; isActive: boolean | null; createdAt: Date | null; updatedAt: Date | null; tenantId: string; createdBy: string; status: "DISPATCHING" | "COMPLETED" | "CANCELLED" | "PENDING" | "PENDING_VISIT" | "PENDING_CONFIRM" | null; ... 22 more ...; worker: { ...; } | null; }': isActive, updatedAt, tenantId, createdBy, and 22 more.
src/features/service/measurement/__tests__/sync-manager.test.ts(131,17): error TS2353: Object literal may only specify known properties, and 'equals' does not exist in type 'Collection<OfflineMeasurement, any, OfflineMeasurement>'.
src/features/service/measurement/__tests__/sync-manager.test.ts(139,68): error TS2345: Argument of type '(mode: unknown, stores: unknown, callback: unknown) => Promise<void>' is not assignable to parameter of type '(mode: TransactionMode, table: string | Table<any, any, any>, table2: string | Table<any, any, any>, table3: string | Table<any, any, any>, table5: string | Table<...>, scope: (trans: Transaction & { ...; }) => unknown) => PromiseExtended<...>'.
  Property 'timeout' is missing in type 'Promise<void>' but required in type 'PromiseExtended<unknown>'.
src/features/service/measurement/components/confirm-reject-dialogs.tsx(49,54): error TS2345: Argument of type '[string]' is not assignable to parameter of type '[unknown, { taskId: string; }] | [{ taskId: string; }]'.
  Type '[string]' is not assignable to type '[{ taskId: string; }]'.
    Type 'string' is not assignable to type '{ taskId: string; }'.
src/features/service/measurement/lib/sync-manager.ts(78,56): error TS2345: Argument of type '[{ taskId: string; resultData: { rooms: { name: string; windows: { type: "STRAIGHT" | "L_SHAPE" | "U_SHAPE" | "ARC"; width: number; height: number; photos: string[]; id?: string | undefined; widthA?: number | undefined; ... 5 more ...; remark?: string | undefined; }[]; id?: string | undefined; }[]; }; images: string...' is not assignable to parameter of type '[unknown, { taskId: string; resultData: { rooms: { name: string; windows: { name: string; type: "OTHER" | "STRAIGHT" | "L_SHAPE" | "U_SHAPE" | "ARC" | "CURVED"; width: number; height: number; installType: "TOP" | "SIDE"; openType: "SINGLE" | "DOUBLE"; id?: string | undefined; depth?: number | undefined; remark?: str...'.
  Type '[{ taskId: string; resultData: { rooms: { name: string; windows: { type: "STRAIGHT" | "L_SHAPE" | "U_SHAPE" | "ARC"; width: number; height: number; photos: string[]; id?: string | undefined; widthA?: number | undefined; ... 5 more ...; remark?: string | undefined; }[]; id?: string | undefined; }[]; }; images: string...' is not assignable to type '[{ taskId: string; resultData: { rooms: { name: string; windows: { name: string; type: "OTHER" | "STRAIGHT" | "L_SHAPE" | "U_SHAPE" | "ARC" | "CURVED"; width: number; height: number; installType: "TOP" | "SIDE"; openType: "SINGLE" | "DOUBLE"; id?: string | undefined; depth?: number | undefined; remark?: string | und...'.
    Type '{ taskId: string; resultData: { rooms: { name: string; windows: { type: "STRAIGHT" | "L_SHAPE" | "U_SHAPE" | "ARC"; width: number; height: number; photos: string[]; id?: string | undefined; widthA?: number | undefined; ... 5 more ...; remark?: string | undefined; }[]; id?: string | undefined; }[]; }; images: string[...' is not assignable to type '{ taskId: string; resultData: { rooms: { name: string; windows: { name: string; type: "OTHER" | "STRAIGHT" | "L_SHAPE" | "U_SHAPE" | "ARC" | "CURVED"; width: number; height: number; installType: "TOP" | "SIDE"; openType: "SINGLE" | "DOUBLE"; id?: string | undefined; depth?: number | undefined; remark?: string | unde...'.
      The types of 'resultData.rooms' are incompatible between these types.
        Type '{ name: string; windows: { type: "STRAIGHT" | "L_SHAPE" | "U_SHAPE" | "ARC"; width: number; height: number; photos: string[]; id?: string | undefined; widthA?: number | undefined; widthB?: number | undefined; ... 4 more ...; remark?: string | undefined; }[]; id?: string | undefined; }[]' is not assignable to type '{ name: string; windows: { name: string; type: "OTHER" | "STRAIGHT" | "L_SHAPE" | "U_SHAPE" | "ARC" | "CURVED"; width: number; height: number; installType: "TOP" | "SIDE"; openType: "SINGLE" | "DOUBLE"; id?: string | undefined; depth?: number | undefined; remark?: string | undefined; }[]; }[]'.
          Type '{ name: string; windows: { type: "STRAIGHT" | "L_SHAPE" | "U_SHAPE" | "ARC"; width: number; height: number; photos: string[]; id?: string | undefined; widthA?: number | undefined; widthB?: number | undefined; ... 4 more ...; remark?: string | undefined; }[]; id?: string | undefined; }' is not assignable to type '{ name: string; windows: { name: string; type: "OTHER" | "STRAIGHT" | "L_SHAPE" | "U_SHAPE" | "ARC" | "CURVED"; width: number; height: number; installType: "TOP" | "SIDE"; openType: "SINGLE" | "DOUBLE"; id?: string | undefined; depth?: number | undefined; remark?: string | undefined; }[]; }'.
            Types of property 'windows' are incompatible.
              Type '{ type: "STRAIGHT" | "L_SHAPE" | "U_SHAPE" | "ARC"; width: number; height: number; photos: string[]; id?: string | undefined; widthA?: number | undefined; widthB?: number | undefined; widthC?: number | undefined; installHigh?: number | undefined; boxWidth?: number | undefined; boxDepth?: number | undefined; remark?:...' is not assignable to type '{ name: string; type: "OTHER" | "STRAIGHT" | "L_SHAPE" | "U_SHAPE" | "ARC" | "CURVED"; width: number; height: number; installType: "TOP" | "SIDE"; openType: "SINGLE" | "DOUBLE"; id?: string | undefined; depth?: number | undefined; remark?: string | undefined; }[]'.
                Type '{ type: "STRAIGHT" | "L_SHAPE" | "U_SHAPE" | "ARC"; width: number; height: number; photos: string[]; id?: string | undefined; widthA?: number | undefined; widthB?: number | undefined; widthC?: number | undefined; installHigh?: number | undefined; boxWidth?: number | undefined; boxDepth?: number | undefined; remark?:...' is missing the following properties from type '{ name: string; type: "OTHER" | "STRAIGHT" | "L_SHAPE" | "U_SHAPE" | "ARC" | "CURVED"; width: number; height: number; installType: "TOP" | "SIDE"; openType: "SINGLE" | "DOUBLE"; id?: string | undefined; depth?: number | undefined; remark?: string | undefined; }': name, installType, openType
src/features/settings/components/channel-form.tsx(37,9): error TS2322: Type 'Resolver<{ name: string; code: string; categoryId: string; isActive?: boolean | undefined; }, any, { name: string; code: string; categoryId: string; isActive: boolean; }>' is not assignable to type 'Resolver<{ name: string; code: string; categoryId: string; isActive: boolean; }, any, { name: string; code: string; categoryId: string; isActive: boolean; }>'.
  Types of parameters 'options' and 'options' are incompatible.
    Type 'ResolverOptions<{ name: string; code: string; categoryId: string; isActive: boolean; }>' is not assignable to type 'ResolverOptions<{ name: string; code: string; categoryId: string; isActive?: boolean | undefined; }>'.
      Type 'boolean | undefined' is not assignable to type 'boolean'.
        Type 'undefined' is not assignable to type 'boolean'.
src/features/settings/components/channel-form.tsx(46,23): error TS2345: Argument of type '{ name: string; code: string; categoryId: string; isActive: boolean | null; }' is not assignable to parameter of type '{ name: string; code: string; categoryId: string; isActive: boolean; } | { name?: string | undefined; code?: string | undefined; categoryId?: string | undefined; isActive?: boolean | undefined; } | ResetAction<...> | undefined'.
  Types of property 'isActive' are incompatible.
    Type 'boolean | null' is not assignable to type 'boolean | undefined'.
      Type 'null' is not assignable to type 'boolean | undefined'.
src/features/settings/components/channel-form.tsx(89,46): error TS2345: Argument of type '(data: FormValues) => Promise<void>' is not assignable to parameter of type 'SubmitHandler<TFieldValues>'.
  Types of parameters 'data' and 'data' are incompatible.
    Type 'TFieldValues' is not assignable to type '{ name: string; code: string; categoryId: string; isActive: boolean; }'.
      Type 'FieldValues' is missing the following properties from type '{ name: string; code: string; categoryId: string; isActive: boolean; }': name, code, categoryId, isActive
src/features/settings/components/channel-list.tsx(95,69): error TS2339: Property 'categoryName' does not exist on type '{ id: string; name: string; code: string; isActive: boolean | null; createdAt: Date | null; tenantId: string; categoryId: string; }'.
src/features/settings/components/channel-list.tsx(147,17): error TS2322: Type '{ id: string; name: string; code: string; isActive: boolean | null; createdAt: Date | null; tenantId: string; categoryId: string; } | null' is not assignable to type '{ id: string; name: string; code: string; isActive: boolean | null; createdAt: Date | null; tenantId: string; categoryId: string; } | undefined'.
  Type 'null' is not assignable to type '{ id: string; name: string; code: string; isActive: boolean | null; createdAt: Date | null; tenantId: string; categoryId: string; } | undefined'.
src/features/settings/components/channel-list.tsx(152,17): error TS2322: Type '{ open: boolean; onOpenChange: (open: any) => false | void; title: string; description: string; onConfirm: () => Promise<void>; variant: string; }' is not assignable to type 'IntrinsicAttributes & ActionConfirmDialogProps'.
  Property 'open' does not exist on type 'IntrinsicAttributes & ActionConfirmDialogProps'.
src/features/settings/components/channel-list.tsx(153,32): error TS7006: Parameter 'open' implicitly has an 'any' type.
src/features/settings/components/role-form.tsx(36,9): error TS2322: Type 'Resolver<{ name: string; code: string; description?: string | undefined; permissions?: string[] | undefined; }, any, { name: string; code: string; permissions: string[]; description?: string | undefined; }>' is not assignable to type 'Resolver<{ name: string; code: string; permissions: string[]; description?: string | undefined; }, any, { name: string; code: string; permissions: string[]; description?: string | undefined; }>'.
  Types of parameters 'options' and 'options' are incompatible.
    Type 'ResolverOptions<{ name: string; code: string; permissions: string[]; description?: string | undefined; }>' is not assignable to type 'ResolverOptions<{ name: string; code: string; description?: string | undefined; permissions?: string[] | undefined; }>'.
      Type 'string[] | undefined' is not assignable to type 'string[]'.
        Type 'undefined' is not assignable to type 'string[]'.
src/features/settings/components/role-form.tsx(91,46): error TS2345: Argument of type '(data: FormValues) => Promise<void>' is not assignable to parameter of type 'SubmitHandler<TFieldValues>'.
  Types of parameters 'data' and 'data' are incompatible.
    Type 'TFieldValues' is not assignable to type '{ name: string; code: string; permissions: string[]; description?: string | undefined; }'.
      Type 'FieldValues' is missing the following properties from type '{ name: string; code: string; permissions: string[]; description?: string | undefined; }': name, code, permissions
src/features/settings/components/role-form.tsx(100,99): error TS2322: Type 'boolean | null' is not assignable to type 'boolean | undefined'.
  Type 'null' is not assignable to type 'boolean | undefined'.
src/features/settings/components/role-list.tsx(86,41): error TS2322: Type 'boolean | null' is not assignable to type 'boolean | undefined'.
  Type 'null' is not assignable to type 'boolean | undefined'.
src/features/settings/components/role-list.tsx(95,41): error TS2322: Type 'boolean | null' is not assignable to type 'boolean | undefined'.
  Type 'null' is not assignable to type 'boolean | undefined'.
src/features/settings/components/role-list.tsx(114,17): error TS2322: Type '{ open: boolean; onOpenChange: (open: any) => false | void; title: string; description: string; onConfirm: () => Promise<void>; variant: string; }' is not assignable to type 'IntrinsicAttributes & ActionConfirmDialogProps'.
  Property 'open' does not exist on type 'IntrinsicAttributes & ActionConfirmDialogProps'.
src/features/settings/components/role-list.tsx(115,32): error TS7006: Parameter 'open' implicitly has an 'any' type.
src/features/settings/components/user-form.tsx(82,40): error TS2345: Argument of type '[{ name: string; phone: string; isActive: boolean; email?: string | undefined; password?: string | undefined; role?: string | undefined; }]' is not assignable to parameter of type '[unknown, { name: string; phone: string; password: string; isActive: boolean; email?: string | undefined; role?: string | undefined; }] | [{ name: string; phone: string; password: string; isActive: boolean; email?: string | undefined; role?: string | undefined; }]'.
  Type '[{ name: string; phone: string; isActive: boolean; email?: string | undefined; password?: string | undefined; role?: string | undefined; }]' is not assignable to type '[{ name: string; phone: string; password: string; isActive: boolean; email?: string | undefined; role?: string | undefined; }]'.
    Type '{ name: string; phone: string; isActive: boolean; email?: string | undefined; password?: string | undefined; role?: string | undefined; }' is not assignable to type '{ name: string; phone: string; password: string; isActive: boolean; email?: string | undefined; role?: string | undefined; }'.
      Types of property 'password' are incompatible.
        Type 'string | undefined' is not assignable to type 'string'.
          Type 'undefined' is not assignable to type 'string'.
src/features/settings/components/user-list.tsx(92,54): error TS2322: Type 'string | null' is not assignable to type 'string | Blob | undefined'.
  Type 'null' is not assignable to type 'string | Blob | undefined'.
src/features/settings/components/user-list.tsx(152,17): error TS2322: Type 'User | null' is not assignable to type '{ id: string; name: string; isActive: boolean | null; createdAt: Date | null; updatedAt: Date | null; tenantId: string; email: string | null; phone: string; passwordHash: string | null; ... 5 more ...; workerRating: string | null; } | undefined'.
  Type 'null' is not assignable to type '{ id: string; name: string; isActive: boolean | null; createdAt: Date | null; updatedAt: Date | null; tenantId: string; email: string | null; phone: string; passwordHash: string | null; ... 5 more ...; workerRating: string | null; } | undefined'.
src/features/settings/components/user-list.tsx(156,17): error TS2322: Type '{ open: boolean; onOpenChange: (open: any) => false | void; title: string; description: string; onConfirm: () => Promise<void>; variant: string; }' is not assignable to type 'IntrinsicAttributes & ActionConfirmDialogProps'.
  Property 'open' does not exist on type 'IntrinsicAttributes & ActionConfirmDialogProps'.
src/features/settings/components/user-list.tsx(157,32): error TS7006: Parameter 'open' implicitly has an 'any' type.
src/features/supply-chain/__tests__/inventory-actions.test.ts(91,16): error TS2339: Property 'mockReturnValue' does not exist on type '() => { from: () => { where: () => Promise<[{ count: number; }]>; }; }'.
src/features/supply-chain/__tests__/inventory-actions.test.ts(110,16): error TS2339: Property 'mockReturnValue' does not exist on type '() => { from: () => { where: () => Promise<[{ count: number; }]>; }; }'.
src/features/supply-chain/__tests__/inventory-actions.test.ts(132,26): error TS2339: Property 'mockReturnValue' does not exist on type '(table: unknown) => { set: (data: unknown) => { where: (condition: unknown) => { returning: () => void; }; }; }'.
src/features/supply-chain/__tests__/inventory-actions.test.ts(162,26): error TS2339: Property 'mockReturnValue' does not exist on type '(table: unknown) => { set: (data: unknown) => { where: (condition: unknown) => { returning: () => void; }; }; }'.
src/features/supply-chain/__tests__/inventory-actions.test.ts(189,26): error TS2339: Property 'mockReturnValue' does not exist on type '(table: unknown) => { set: (data: unknown) => { where: (condition: unknown) => { returning: () => void; }; }; }'.
src/features/supply-chain/__tests__/inventory-actions.test.ts(215,26): error TS2339: Property 'mockReturnValue' does not exist on type '(table: unknown) => { set: (data: unknown) => { where: (condition: unknown) => { returning: () => void; }; }; }'.
src/features/supply-chain/actions.ts(563,62): error TS7006: Parameter 'item' implicitly has an 'any' type.
src/shared/api/db.ts(26,27): error TS2314: Generic type 'PostgresJsTransaction<TFullSchema, TSchema>' requires 2 type argument(s).
src/shared/ui/stateful-button.tsx(75,6): error TS2322: Type '{ children: Element; onClick: (event: MouseEvent<HTMLButtonElement, MouseEvent>) => Promise<void>; disabled?: boolean | undefined; ... 288 more ...; className: string; }' is not assignable to type 'Omit<HTMLMotionProps<"button">, "ref">'.
  Types of property 'onAnimationStart' are incompatible.
    Type 'AnimationEventHandler<HTMLButtonElement> | undefined' is not assignable to type '((definition: AnimationDefinition) => void) | undefined'.
      Type 'AnimationEventHandler<HTMLButtonElement>' is not assignable to type '(definition: AnimationDefinition) => void'.
        Types of parameters 'event' and 'definition' are incompatible.
          Type 'AnimationDefinition' is not assignable to type 'AnimationEvent<HTMLButtonElement>'.
            Type 'string' is not assignable to type 'AnimationEvent<HTMLButtonElement>'.
鈥塃LIFECYCLE鈥?Command failed with exit code 2.
