{"numTotalTestSuites":5,"numPassedTestSuites":0,"numFailedTestSuites":5,"numPendingTestSuites":0,"numTotalTests":8,"numPassedTests":0,"numFailedTests":8,"numPendingTests":0,"numTodoTests":0,"snapshot":{"added":0,"failure":false,"filesAdded":0,"filesRemoved":0,"filesRemovedList":[],"filesUnmatched":0,"filesUpdated":0,"matched":0,"total":0,"unchecked":0,"uncheckedKeysByFile":[],"unmatched":0,"updated":0,"didUpdate":false},"startTime":1771768427927,"success":false,"testResults":[{"assertionResults":[{"ancestorTitles":["Installation Flow Integration Test","getInstallTasks"],"fullName":"Installation Flow Integration Test getInstallTasks should fail if unauthenticated","status":"failed","title":"should fail if unauthenticated","duration":56.1867000000002,"failureMessages":["Error: Failed query: delete from \"users\"\nparams: \n    at PostgresJsPreparedQuery.queryWithCache (file:///C:/Users/bigey/Documents/Antigravity/L2C/node_modules/.pnpm/drizzle-orm@0.45.1_@electric-sql+pglite@0.3.14_@upstash+redis@1.36.1_postgres@3.4.4/node_modules/drizzle-orm/pg-core/session.js:41:15)\n    at processTicksAndRejections (node:internal/process/task_queues:105:5)\n    at C:/Users/bigey/Documents/Antigravity/L2C/src/features/service/installation/__tests__/installation-flow.test.ts:30:9"],"meta":{}},{"ancestorTitles":["Installation Flow Integration Test","getInstallTasks"],"fullName":"Installation Flow Integration Test getInstallTasks should get all install tasks without filters","status":"failed","title":"should get all install tasks without filters","duration":29.898300000000745,"failureMessages":["Error: Failed query: delete from \"users\"\nparams: \n    at PostgresJsPreparedQuery.queryWithCache (file:///C:/Users/bigey/Documents/Antigravity/L2C/node_modules/.pnpm/drizzle-orm@0.45.1_@electric-sql+pglite@0.3.14_@upstash+redis@1.36.1_postgres@3.4.4/node_modules/drizzle-orm/pg-core/session.js:41:15)\n    at processTicksAndRejections (node:internal/process/task_queues:105:5)\n    at C:/Users/bigey/Documents/Antigravity/L2C/src/features/service/installation/__tests__/installation-flow.test.ts:30:9"],"meta":{}},{"ancestorTitles":["Installation Flow Integration Test","getInstallTasks"],"fullName":"Installation Flow Integration Test getInstallTasks should filter install tasks by status","status":"failed","title":"should filter install tasks by status","duration":6.647899999999936,"failureMessages":["Error: Failed query: delete from \"users\"\nparams: \n    at PostgresJsPreparedQuery.queryWithCache (file:///C:/Users/bigey/Documents/Antigravity/L2C/node_modules/.pnpm/drizzle-orm@0.45.1_@electric-sql+pglite@0.3.14_@upstash+redis@1.36.1_postgres@3.4.4/node_modules/drizzle-orm/pg-core/session.js:41:15)\n    at processTicksAndRejections (node:internal/process/task_queues:105:5)\n    at C:/Users/bigey/Documents/Antigravity/L2C/src/features/service/installation/__tests__/installation-flow.test.ts:30:9"],"meta":{}},{"ancestorTitles":["Installation Flow Integration Test","getInstallTasks"],"fullName":"Installation Flow Integration Test getInstallTasks should filter install tasks by search term","status":"failed","title":"should filter install tasks by search term","duration":7.829899999999725,"failureMessages":["Error: Failed query: delete from \"users\"\nparams: \n    at PostgresJsPreparedQuery.queryWithCache (file:///C:/Users/bigey/Documents/Antigravity/L2C/node_modules/.pnpm/drizzle-orm@0.45.1_@electric-sql+pglite@0.3.14_@upstash+redis@1.36.1_postgres@3.4.4/node_modules/drizzle-orm/pg-core/session.js:41:15)\n    at processTicksAndRejections (node:internal/process/task_queues:105:5)\n    at C:/Users/bigey/Documents/Antigravity/L2C/src/features/service/installation/__tests__/installation-flow.test.ts:30:9"],"meta":{}},{"ancestorTitles":["Installation Flow Integration Test","getInstallers"],"fullName":"Installation Flow Integration Test getInstallers should return installers for the tenant","status":"failed","title":"should return installers for the tenant","duration":7.431300000000192,"failureMessages":["Error: Failed query: delete from \"users\"\nparams: \n    at PostgresJsPreparedQuery.queryWithCache (file:///C:/Users/bigey/Documents/Antigravity/L2C/node_modules/.pnpm/drizzle-orm@0.45.1_@electric-sql+pglite@0.3.14_@upstash+redis@1.36.1_postgres@3.4.4/node_modules/drizzle-orm/pg-core/session.js:41:15)\n    at processTicksAndRejections (node:internal/process/task_queues:105:5)\n    at C:/Users/bigey/Documents/Antigravity/L2C/src/features/service/installation/__tests__/installation-flow.test.ts:30:9"],"meta":{}},{"ancestorTitles":["Installation Flow Integration Test","dispatchInstallTask"],"fullName":"Installation Flow Integration Test dispatchInstallTask should fail if installer does not exist or invalid role","status":"failed","title":"should fail if installer does not exist or invalid role","duration":8.238200000000688,"failureMessages":["Error: Failed query: delete from \"users\"\nparams: \n    at PostgresJsPreparedQuery.queryWithCache (file:///C:/Users/bigey/Documents/Antigravity/L2C/node_modules/.pnpm/drizzle-orm@0.45.1_@electric-sql+pglite@0.3.14_@upstash+redis@1.36.1_postgres@3.4.4/node_modules/drizzle-orm/pg-core/session.js:41:15)\n    at processTicksAndRejections (node:internal/process/task_queues:105:5)\n    at C:/Users/bigey/Documents/Antigravity/L2C/src/features/service/installation/__tests__/installation-flow.test.ts:30:9"],"meta":{}},{"ancestorTitles":["Installation Flow Integration Test","dispatchInstallTask"],"fullName":"Installation Flow Integration Test dispatchInstallTask should successfully dispatch install task","status":"failed","title":"should successfully dispatch install task","duration":6.293500000000677,"failureMessages":["Error: Failed query: delete from \"users\"\nparams: \n    at PostgresJsPreparedQuery.queryWithCache (file:///C:/Users/bigey/Documents/Antigravity/L2C/node_modules/.pnpm/drizzle-orm@0.45.1_@electric-sql+pglite@0.3.14_@upstash+redis@1.36.1_postgres@3.4.4/node_modules/drizzle-orm/pg-core/session.js:41:15)\n    at processTicksAndRejections (node:internal/process/task_queues:105:5)\n    at C:/Users/bigey/Documents/Antigravity/L2C/src/features/service/installation/__tests__/installation-flow.test.ts:30:9"],"meta":{}},{"ancestorTitles":["Installation Flow Integration Test","dispatchInstallTask"],"fullName":"Installation Flow Integration Test dispatchInstallTask should act conditionally if test completion is triggered later","status":"failed","title":"should act conditionally if test completion is triggered later","duration":7.256000000000313,"failureMessages":["Error: Failed query: delete from \"users\"\nparams: \n    at PostgresJsPreparedQuery.queryWithCache (file:///C:/Users/bigey/Documents/Antigravity/L2C/node_modules/.pnpm/drizzle-orm@0.45.1_@electric-sql+pglite@0.3.14_@upstash+redis@1.36.1_postgres@3.4.4/node_modules/drizzle-orm/pg-core/session.js:41:15)\n    at processTicksAndRejections (node:internal/process/task_queues:105:5)\n    at C:/Users/bigey/Documents/Antigravity/L2C/src/features/service/installation/__tests__/installation-flow.test.ts:30:9"],"meta":{}}],"startTime":1771768432474,"endTime":1771768432604.256,"status":"failed","message":"","name":"C:/Users/bigey/Documents/Antigravity/L2C/src/features/service/installation/__tests__/installation-flow.test.ts"}]}
