
> l2c@0.1.0 test:run C:\Users\bigey\Documents\Antigravity\L2C
> vitest run


[1m[46m RUN [49m[22m [36mv4.0.16 [39m[90mC:/Users/bigey/Documents/Antigravity/L2C[39m

[90mstdout[2m | src/features/quotes/__tests__/aggregation.test.ts
[22m[39m[dotenv@17.2.3] injecting env (3) from .env -- tip: é¦ƒæ”¼ prevent committing .env to code: https://dotenvx.com/precommit

 [31mé‰‚?[39m src/features/quotes/__tests__/risk-control.test.ts [2m([22m[2m4 tests[22m[2m | [22m[31m1 failed[39m[2m)[22m[32m 12[2mms[22m[39m
     [32mé‰?[39m should pass valid quote[32m 2[2mms[22m[39m
     [32mé‰?[39m should detect high discount (Soft Stop)[32m 1[2mms[22m[39m
[31m     [31mè„³[31m should detect low margin (Soft Stop)[39m[32m 7[2mms[22m[39m
     [32mé‰?[39m should block negative margin (Hard Stop)[32m 0[2mms[22m[39m
 [31mé‰‚?[39m src/features/orders/logic/__tests__/order-state-machine.test.ts [2m([22m[2m14 tests[22m[2m | [22m[31m11 failed[39m[2m)[22m[32m 24[2mms[22m[39m
[31m       [31mè„³[31m should allow transition from PENDING_PO to IN_PRODUCTION[39m[32m 10[2mms[22m[39m
       [32mé‰?[39m should allow transition from IN_PRODUCTION to PENDING_DELIVERY[32m 0[2mms[22m[39m
[31m       [31mè„³[31m should allow transition from PENDING_DELIVERY to DISPATCHING[39m[32m 1[2mms[22m[39m
[31m       [31mè„³[31m should allow transition from DISPATCHING to SHIPPED[39m[32m 1[2mms[22m[39m
[31m       [31mè„³[31m should allow transition from SHIPPED to PENDING_INSTALL[39m[32m 1[2mms[22m[39m
[31m       [31mè„³[31m should allow transition from PENDING_INSTALL to COMPLETED[39m[32m 1[2mms[22m[39m
[31m       [31mè„³[31m should allow transition from COMPLETED to CLOSED[39m[32m 1[2mms[22m[39m
[31m       [31mè„³[31m should prevent skipping steps (PENDING_PO -> SHIPPED)[39m[32m 2[2mms[22m[39m
[31m       [31mè„³[31m should prevent reversing steps (SHIPPED -> IN_PRODUCTION)[39m[32m 1[2mms[22m[39m
[31m       [31mè„³[31m should prevent modifying CLOSED orders[39m[32m 1[2mms[22m[39m
       [32mé‰?[39m should allow cancellation from PENDING_PO[32m 0[2mms[22m[39m
       [32mé‰?[39m should allow cancellation from IN_PRODUCTION[32m 0[2mms[22m[39m
[31m       [31mè„³[31m should NOT allow cancellation from COMPLETED[39m[32m 1[2mms[22m[39m
[31m       [31mè„³[31m should NOT allow cancellation from CLOSED[39m[32m 1[2mms[22m[39m
 [31mé‰‚?[39m src/features/quotes/calc-strategies/__tests__/wallpaper-strategy.test.ts [2m([22m[2m7 tests[22m[2m | [22m[31m3 failed[39m[2m)[22m[32m 13[2mms[22m[39m
       [32mé‰?[39m æ´æ—€î„œçº­î†¿î…¸ç» æ¥€ç†€çº­â‚¬æ¾§æ¬‘ç„Šé—é”‹æšŸ - é—æ›î•¾é—ˆ?[32m 2[2mms[22m[39m
       [32mé‰?[39m æ´æ—€î„œçº­î†¿î…¸ç» æ¥€î˜¿æ¾§æ¬î†Œæ¾§æ¬‘ç„Šé—é”‹æšŸ[32m 0[2mms[22m[39m
       [32mé‰?[39m æ´æ—€î„œçº­î†¼î˜©éå—šå§³ç’ºæ¿†î‡®é‘ºéâ‚¬æ˜ç·«[32m 0[2mms[22m[39m
[31m       [31mè„³[31m æ´æ—€î„œçº­î†¿î…¸ç» æ¥€î•¾ç”¯å†®æ½°ç»‰?- é—æ›î•¾é—ˆ?[39m[32m 4[2mms[22m[39m
[31m       [31mè„³[31m æ´æ—€î„œçº­î†¿î…¸ç» æ¥€î˜¿æ¾§æ¬î†Œæ¾§æ¬ç«·é—ˆãˆ¢Ğ[39m[32m 1[2mms[22m[39m
[31m       [31mè„³[31m æ´æ–¿æ¹ªæ¾§æ¬“ç®ç“’å‘°ç¹ƒéªå‘­î†”éƒè·ºå½‚é‘é¸¿î„Ÿé›?[39m[32m 4[2mms[22m[39m
       [32mé‰?[39m æ´æ—€î„œçº­î†¿î†•ç¼ƒî‡€ç²¯ç’ã‚†å´¯é‘°æ¥€å¼¬é?[32m 0[2mms[22m[39m
 [31mé‰‚?[39m src/features/quotes/__tests__/actions.test.ts [2m([22m[2m0 test[22m[2m)[22m[32m 4[2mms[22m[39m
 [31mé‰‚?[39m src/features/supply-chain/__tests__/processing-actions.test.ts [2m([22m[2m3 tests[22m[2m | [22m[31m2 failed[39m[2m)[22m[32m 11[2mms[22m[39m
[31m       [31mè„³[31m should create a processing order successfully[39m[32m 7[2mms[22m[39m
       [32mé‰?[39m should update processing order successfully[32m 0[2mms[22m[39m
[31m       [31mè„³[31m should get processing order successfully[39m[32m 2[2mms[22m[39m
 [31mé‰‚?[39m src/features/supply-chain/__tests__/po-lifecycle.test.ts [2m([22m[2m3 tests[22m[2m | [22m[31m3 failed[39m[2m)[22m[32m 19[2mms[22m[39m
[31m     [31mè„³[31m should create a PO in DRAFT status[39m[32m 12[2mms[22m[39m
[31m     [31mè„³[31m should receive PO and trigger AP creation[39m[32m 4[2mms[22m[39m
[31m     [31mè„³[31m should NOT receive PO if not in correct status[39m[32m 1[2mms[22m[39m
 [31mé‰‚?[39m src/features/service/installation/__tests__/finance-integration.test.ts [2m([22m[2m1 test[22m[2m | [22m[31m1 failed[39m[2m)[22m[32m 13[2mms[22m[39m
[31m     [31mè„³[31m should create a labor AP record when installation is confirmed[39m[32m 11[2mms[22m[39m
 [31mé‰‚?[39m src/features/service/installation/__tests__/integration/checklist.test.ts [2m([22m[2m6 tests[22m[2m | [22m[31m6 failed[39m[2m)[22m[32m 21[2mms[22m[39m
[31m       [31mè„³[31m æ´æ—‡î‡šé´æ„¬å§›æ·‡æ¿†ç“¨é–®ã„¥åç€¹å±¾åšé¨å‹¬ç«»é—?[39m[32m 7[2mms[22m[39m
[31m       [31mè„³[31m æ´æ—‡î‡šå§ï½‡â€˜ç’ï¼„ç•» allCompleted é˜èˆµâ‚¬?- éˆî„ç•¬é´?[39m[32m 1[2mms[22m[39m
[31m       [31mè„³[31m æ´æ—‡î‡šå§ï½‡â€˜ç’ï¼„ç•» allCompleted é˜èˆµâ‚¬?- å®¸æ’ç•¬é´?[39m[32m 1[2mms[22m[39m
[31m       [31mè„³[31m æ´æ—‡î‡šé—ƒç»˜î„›ç»›é¹ƒâ‚¬â‚¬ - è¤°æ’´ç«»é—æ›Ÿæ¹­ç€¹å±¾åšéƒ?[39m[32m 8[2mms[22m[39m
[31m       [31mè„³[31m æ´æ—‡î‡šéä½½î†ç»›é¹ƒâ‚¬â‚¬ - è¤°æ’´ç«»é—æ›å‡¡ç€¹å±¾åšéƒ?[39m[32m 2[2mms[22m[39m
[31m       [31mè„³[31m æ´æ—‡î‡šé—ƒç»˜î„›ç»›é¹ƒâ‚¬â‚¬ - è¤°æ’´ç«»é—æ›šç¬‰ç€›æ¨ºæ¹ªéƒ?[39m[32m 1[2mms[22m[39m
 [31mé‰‚?[39m src/features/approval/__tests__/approval-enhancements.test.ts [2m([22m[2m4 tests[22m[2m | [22m[33m4 skipped[39m[2m)[22m[33m 1512[2mms[22m[39m
     [2m[90méˆ«?[39m[22m should handle Parallel Approval (ANY)
     [2m[90méˆ«?[39m[22m should handle Parallel Approval (ALL)
     [2m[90méˆ«?[39m[22m should handle Delegation
     [2m[90méˆ«?[39m[22m should handle Withdraw
stderr | src/features/quotes/__tests__/aggregation.test.ts > Quote Bundle Aggregation
Setup failed DrizzleQueryError: Failed query: select "id", "tenant_id", "lead_no", "customer_name", "customer_phone", "customer_wechat", "address", "community", "house_type", "status", "intention_level", "channel_id", "channel_contact_id", "source_channel_id", "source_sub_id", "distribution_rule_id", "source_detail", "url_params", "referrer_name", "referrer_customer_id", "estimated_amount", "tags", "notes", "lost_reason", "external_id", "assigned_sales_id", "assigned_at", "last_activity_at", "next_followup_at", "next_followup_recommendation", "decoration_progress", "quoted_at", "visited_store_at", "won_at", "customer_id", "created_by", "created_at", "updated_at" from "leads" "leads" where "leads"."tenant_id" = $1 limit $2
params: 0b14e703-762d-49c0-abe8-8138c842908b,1
    at PostgresJsPreparedQuery.queryWithCache (file:///C:/Users/bigey/Documents/Antigravity/L2C/node_modules/.pnpm/drizzle-orm@0.45.1_@electri_14a3b3976a637d72e29a8b006d9c66f9/node_modules/drizzle-orm/pg-core/session.js:41:15)
    at processTicksAndRejections (node:internal/process/task_queues:105:5)
    at file:///C:/Users/bigey/Documents/Antigravity/L2C/node_modules/.pnpm/drizzle-orm@0.45.1_@electri_14a3b3976a637d72e29a8b006d9c66f9/node_modules/drizzle-orm/postgres-js/session.js:37:20
    at C:/Users/bigey/Documents/Antigravity/L2C/src/features/quotes/__tests__/aggregation.test.ts:57:26 {
  query: 'select "id", "tenant_id", "lead_no", "customer_name", "customer_phone", "customer_wechat", "address", "community", "house_type", "status", "intention_level", "channel_id", "channel_contact_id", "source_channel_id", "source_sub_id", "distribution_rule_id", "source_detail", "url_params", "referrer_name", "referrer_customer_id", "estimated_amount", "tags", "notes", "lost_reason", "external_id", "assigned_sales_id", "assigned_at", "last_activity_at", "next_followup_at", "next_followup_recommendation", "decoration_progress", "quoted_at", "visited_store_at", "won_at", "customer_id", "created_by", "created_at", "updated_at" from "leads" "leads" where "leads"."tenant_id" = $1 limit $2',
  params: [ '0b14e703-762d-49c0-abe8-8138c842908b', 1 ],
  cause: PostgresError: column "external_id" does not exist
      at ErrorResponse (file:///C:/Users/bigey/Documents/Antigravity/L2C/node_modules/.pnpm/postgres@3.4.7/node_modules/postgres/src/connection.js:794:26)
      at handle (file:///C:/Users/bigey/Documents/Antigravity/L2C/node_modules/.pnpm/postgres@3.4.7/node_modules/postgres/src/connection.js:480:6)
      at Socket.data (file:///C:/Users/bigey/Documents/Antigravity/L2C/node_modules/.pnpm/postgres@3.4.7/node_modules/postgres/src/connection.js:315:9)
      at Socket.emit (node:events:519:28)
      at addChunk (node:internal/streams/readable:561:12)
      at readableAddChunkPushByteMode (node:internal/streams/readable:512:3)
      at Socket.Readable.push (node:internal/streams/readable:392:5)
      at TCP.onStreamRead (node:internal/stream_base_commons:189:23) {
    severity_local: 'ERROR',
    severity: 'ERROR',
    code: '42703',
    position: '381',
    file: 'parse_relation.c',
    line: '3716',
    routine: 'errorMissingColumn'
  }
}

 [31mé‰‚?[39m src/features/quotes/__tests__/aggregation.test.ts [2m([22m[2m1 test[22m[2m | [22m[33m1 skipped[39m[2m)[22m[33m 4255[2mms[22m[39m
     [2m[90méˆ«?[39m[22m should aggregate totals when adding quotes
 [31mé‰‚?[39m src/features/orders/__tests__/order-finance-flow.test.ts [2m([22m[2m2 tests[22m[2m | [22m[31m2 failed[39m[2m)[22m[32m 11[2mms[22m[39m
[31m     [31mè„³[31m Scenario 1: Cash Order - Create, Deposit, Confirm Production[39m[32m 7[2mms[22m[39m
[31m     [31mè„³[31m Scenario 2: Monthly Settlement - No Deposit Required[39m[32m 2[2mms[22m[39m
 [31mé‰‚?[39m src/features/orders/__tests__/status-sync.test.ts [2m([22m[2m6 tests[22m[2m | [22m[31m6 failed[39m[2m)[22m[32m 12[2mms[22m[39m
[31m     [31mè„³[31m should stay PENDING_PO if no POs exist (even if prioritized logic implies otherwise)[39m[32m 5[2mms[22m[39m
[31m     [31mè„³[31m should promote to IN_PRODUCTION if any PO is ORDERED[39m[32m 1[2mms[22m[39m
[31m     [31mè„³[31m should promote to PENDING_DELIVERY only when ALL POs are RECEIVED or COMPLETED[39m[32m 1[2mms[22m[39m
[31m     [31mè„³[31m should stay SHIPPED/PENDING_INSTALL if tasks exist but not started[39m[32m 1[2mms[22m[39m
[31m     [31mè„³[31m should stay PENDING_INSTALL if any task is installing[39m[32m 1[2mms[22m[39m
[31m     [31mè„³[31m should promote to COMPLETED only when ALL tasks are COMPLETED[39m[32m 1[2mms[22m[39m
 [32mé‰?[39m src/features/quotes/logic/__tests__/curtain-calc-engine.test.ts [2m([22m[2m6 tests[22m[2m)[22m[32m 9[2mms[22m[39m
 [32mé‰?[39m src/test/health-check.test.ts [2m([22m[2m2 tests[22m[2m)[22m[32m 9[2mms[22m[39m
 [32mé‰?[39m src/shared/lib/__tests__/utils.test.ts [2m([22m[2m14 tests[22m[2m)[22m[32m 159[2mms[22m[39m
 [32mé‰?[39m src/features/quotes/logic/__tests__/quote-version-compare.test.ts [2m([22m[2m5 tests[22m[2m)[22m[32m 8[2mms[22m[39m
 [32mé‰?[39m src/features/service/measurement/__tests__/actions.test.ts [2m([22m[2m4 tests[22m[2m)[22m[32m 11[2mms[22m[39m
 [32mé‰?[39m src/features/quotes/logic/__tests__/curtain-warnings.test.ts [2m([22m[2m4 tests[22m[2m)[22m[32m 7[2mms[22m[39m
 [32mé‰?[39m src/features/quotes/calc-strategies/__tests__/comprehensive-calc.test.ts [2m([22m[2m5 tests[22m[2m)[22m[32m 6[2mms[22m[39m
 [32mé‰?[39m src/features/quotes/calc-strategies/__tests__/curtain-strategy.test.ts [2m([22m[2m4 tests[22m[2m)[22m[32m 6[2mms[22m[39m
 [32mé‰?[39m src/features/leads/__tests__/webhook.test.ts [2m([22m[2m9 tests[22m[2m)[22m[32m 13[2mms[22m[39m
 [32mé‰?[39m src/features/service/installation/__tests__/integration/conflict.test.ts [2m([22m[2m4 tests[22m[2m)[22m[32m 8[2mms[22m[39m
 [32mé‰?[39m src/features/service/installation/__tests__/install-tasks.test.ts [2m([22m[2m1 test[22m[2m)[22m[32m 3[2mms[22m[39m
 [32mé‰?[39m src/features/quotes/actions/__tests__/calc-integration.test.ts [2m([22m[2m2 tests[22m[2m)[22m[32m 6[2mms[22m[39m
 [32mé‰?[39m src/features/orders/__tests__/order-actions.test.ts [2m([22m[2m1 test[22m[2m)[22m[32m 4[2mms[22m[39m
 [32mé‰?[39m src/features/orders/__tests__/production-trigger.test.ts [2m([22m[2m1 test[22m[2m)[22m[32m 3[2mms[22m[39m
 [32mé‰?[39m src/features/service/measurement/__tests__/sync-manager.test.ts [2m([22m[2m1 test[22m[2m)[22m[32m 4[2mms[22m[39m
[90mstdout[2m | src/features/quotes/__tests__/bundle-flow.test.ts
[22m[39m[dotenv@17.2.3] injecting env (3) from .env -- tip: é¦ƒæ‡ƒ sync secrets across teammates & machines: https://dotenvx.com/ops

 [2m[90méˆ«?[39m[22m src/features/quotes/__tests__/bundle-flow.test.ts [2m([22m[2m1 test[22m[2m | [22m[33m1 skipped[39m[2m)[22m
 [32mé‰?[39m src/features/supply-chain/__tests__/inventory-actions.test.ts [2m([22m[2m1 test[22m[2m)[22m[32m 3[2mms[22m[39m
 [32mé‰?[39m src/features/finance/__tests__/finance-additional.test.ts [2m([22m[2m1 test[22m[2m)[22m[32m 3[2mms[22m[39m
 [32mé‰?[39m src/features/supply-chain/actions/__tests__/po-preview.test.ts [2m([22m[2m1 test[22m[2m)[22m[32m 3[2mms[22m[39m
 [32mé‰?[39m src/features/after-sales/__tests__/actions.test.ts [2m([22m[2m1 test[22m[2m)[22m[32m 3[2mms[22m[39m
 [32mé‰?[39m src/features/finance/__tests__/ar-actions.test.ts [2m([22m[2m1 test[22m[2m)[22m[32m 3[2mms[22m[39m
 [32mé‰?[39m src/features/supply-chain/__tests__/po-completion.test.ts [2m([22m[2m1 test[22m[2m)[22m[32m 3[2mms[22m[39m
 [32mé‰?[39m src/features/finance/ap/__tests__/ap-actions.test.ts [2m([22m[2m1 test[22m[2m)[22m[32m 2[2mms[22m[39m
 [32mé‰?[39m src/features/quotes/logic/__tests__/attachment-calc.test.ts [2m([22m[2m1 test[22m[2m)[22m[32m 2[2mms[22m[39m
 [32mé‰?[39m src/features/supply-chain/__tests__/suppliers.test.ts [2m([22m[2m1 test[22m[2m)[22m[32m 2[2mms[22m[39m
 [32mé‰?[39m src/features/finance/__tests__/reconciliation.test.ts [2m([22m[2m1 test[22m[2m)[22m[32m 2[2mms[22m[39m
 [32mé‰?[39m src/features/orders/logic/__tests__/order-split-router.test.ts [2m([22m[2m1 test[22m[2m)[22m[32m 2[2mms[22m[39m
 [32mé‰?[39m src/features/products/__tests__/actions.test.ts [2m([22m[2m1 test[22m[2m)[22m[32m 2[2mms[22m[39m
 [32mé‰?[39m src/shared/lib/__tests__/permission-check.test.ts [2m([22m[2m1 test[22m[2m)[22m[32m 2[2mms[22m[39m
 [32mé‰?[39m src/features/quotes/logic/__tests__/curtain-calc-warnings.test.ts [2m([22m[2m1 test[22m[2m)[22m[32m 2[2mms[22m[39m
 [32mé‰?[39m src/features/quotes/__tests__/quick-quote.test.ts [2m([22m[2m2 tests[22m[2m)[22m[32m 5[2mms[22m[39m

éˆ³îˆ—å¹†éˆ³îˆ—å¹†éˆ³îˆ—å¹† Failed Suites 43 éˆ³îˆ—å¹†éˆ³îˆ—å¹†éˆ³îˆ—å¹†

 FAIL  e2e/flows/after-sales.spec.ts [ e2e/flows/after-sales.spec.ts ]
Error: Playwright Test did not expect test.describe() to be called here.
Most common reasons include:
- You are calling test.describe() in a configuration file.
- You are calling test.describe() in a file that is imported by the configuration file.
- You have two different versions of @playwright/test. This usually happens
  when one of the dependencies in your package.json depends on @playwright/test.
 é‰‚?[22m TestTypeImpl._currentSuite node_modules/.pnpm/playwright@1.57.0/node_modules/playwright/lib/common/testType.js:75:13
 é‰‚?[22m TestTypeImpl._describe node_modules/.pnpm/playwright@1.57.0/node_modules/playwright/lib/common/testType.js:115:24
 é‰‚?[22m Function.describe node_modules/.pnpm/playwright@1.57.0/node_modules/playwright/lib/transform/transform.js:275:12
 é‰‚?[22m e2e/flows/after-sales.spec.ts:3:6
      1| import { test, expect } from '@playwright/test';
      2| 
      3| test.describe('After-sales Management', () => {
       |      ^
      4|     test.beforeEach(async ({ page }) => {
      5|         // ç€µè‰°åŸ…é’æ¿æ•­éšåº¡åªç›ã„©ã€‰

éˆ³îˆ—å¹†éˆ³îˆ—å¹†éˆ³îˆ—å¹†éˆ³îˆ—å¹†éˆ³îˆ—å¹†éˆ³îˆ—å¹†éˆ³îˆ—å¹†éˆ³îˆ—å¹†éˆ³îˆ—å¹†éˆ³îˆ—å¹†éˆ³îˆ—å¹†éˆ³ç—†1/78]éˆ³?[22m

 FAIL  e2e/flows/analytics.spec.ts [ e2e/flows/analytics.spec.ts ]
Error: Playwright Test did not expect test.describe() to be called here.
Most common reasons include:
- You are calling test.describe() in a configuration file.
- You are calling test.describe() in a file that is imported by the configuration file.
- You have two different versions of @playwright/test. This usually happens
  when one of the dependencies in your package.json depends on @playwright/test.
 é‰‚?[22m TestTypeImpl._currentSuite node_modules/.pnpm/playwright@1.57.0/node_modules/playwright/lib/common/testType.js:75:13
 é‰‚?[22m TestTypeImpl._describe node_modules/.pnpm/playwright@1.57.0/node_modules/playwright/lib/common/testType.js:115:24
 é‰‚?[22m Function.describe node_modules/.pnpm/playwright@1.57.0/node_modules/playwright/lib/transform/transform.js:275:12
 é‰‚?[22m e2e/flows/analytics.spec.ts:14:6
     12|  */
     13| 
     14| test.describe('éç‰ˆåµæµ î‡ã€ƒé©æ¨ºç†€çº­â‚¬é”ç†»å…˜', () => {
       |      ^
     15|     test.beforeEach(async ({ page }) => {
     16|         // ç€µè‰°åŸ…é’é¢åç›ã„§æ´æ¤¤ç”¸æ½° (é–«æ°¬çˆ¶é„?/analytics é´?/dashboard)

éˆ³îˆ—å¹†éˆ³îˆ—å¹†éˆ³îˆ—å¹†éˆ³îˆ—å¹†éˆ³îˆ—å¹†éˆ³îˆ—å¹†éˆ³îˆ—å¹†éˆ³îˆ—å¹†éˆ³îˆ—å¹†éˆ³îˆ—å¹†éˆ³îˆ—å¹†éˆ³ç—†2/78]éˆ³?[22m

 FAIL  e2e/flows/approval-designer.spec.ts [ e2e/flows/approval-designer.spec.ts ]
Error: Playwright Test did not expect test.describe() to be called here.
Most common reasons include:
- You are calling test.describe() in a configuration file.
- You are calling test.describe() in a file that is imported by the configuration file.
- You have two different versions of @playwright/test. This usually happens
  when one of the dependencies in your package.json depends on @playwright/test.
 é‰‚?[22m TestTypeImpl._currentSuite node_modules/.pnpm/playwright@1.57.0/node_modules/playwright/lib/common/testType.js:75:13
 é‰‚?[22m TestTypeImpl._describe node_modules/.pnpm/playwright@1.57.0/node_modules/playwright/lib/common/testType.js:115:24
 é‰‚?[22m Function.describe node_modules/.pnpm/playwright@1.57.0/node_modules/playwright/lib/transform/transform.js:275:12
 é‰‚?[22m e2e/flows/approval-designer.spec.ts:3:6
      1| import { test, expect } from '@playwright/test';
      2| 
      3| test.describe('Approval Flow Designer', () => {
       |      ^
      4|     test('should allow creating and publishing a simple flow', async (éˆ¥?      5|         // 1. Navigate to Settings -> Approvals

éˆ³îˆ—å¹†éˆ³îˆ—å¹†éˆ³îˆ—å¹†éˆ³îˆ—å¹†éˆ³îˆ—å¹†éˆ³îˆ—å¹†éˆ³îˆ—å¹†éˆ³îˆ—å¹†éˆ³îˆ—å¹†éˆ³îˆ—å¹†éˆ³îˆ—å¹†éˆ³ç—†3/78]éˆ³?[22m

 FAIL  e2e/flows/approval-process.spec.ts [ e2e/flows/approval-process.spec.ts ]
Error: Playwright Test did not expect test.describe() to be called here.
Most common reasons include:
- You are calling test.describe() in a configuration file.
- You are calling test.describe() in a file that is imported by the configuration file.
- You have two different versions of @playwright/test. This usually happens
  when one of the dependencies in your package.json depends on @playwright/test.
 é‰‚?[22m TestTypeImpl._currentSuite node_modules/.pnpm/playwright@1.57.0/node_modules/playwright/lib/common/testType.js:75:13
 é‰‚?[22m TestTypeImpl._describe node_modules/.pnpm/playwright@1.57.0/node_modules/playwright/lib/common/testType.js:115:24
 é‰‚?[22m Function.describe node_modules/.pnpm/playwright@1.57.0/node_modules/playwright/lib/transform/transform.js:275:12
 é‰‚?[22m e2e/flows/approval-process.spec.ts:3:6
      1| import { test, expect } from '@playwright/test';
      2| 
      3| test.describe('Approval Process Flow', () => {
       |      ^
      4| 
      5|     test('should trigger ORDER_CHANGE approval flow', async ({ page })éˆ¥?
éˆ³îˆ—å¹†éˆ³îˆ—å¹†éˆ³îˆ—å¹†éˆ³îˆ—å¹†éˆ³îˆ—å¹†éˆ³îˆ—å¹†éˆ³îˆ—å¹†éˆ³îˆ—å¹†éˆ³îˆ—å¹†éˆ³îˆ—å¹†éˆ³îˆ—å¹†éˆ³ç—†4/78]éˆ³?[22m

 FAIL  e2e/flows/channels.spec.ts [ e2e/flows/channels.spec.ts ]
Error: Playwright Test did not expect test.describe() to be called here.
Most common reasons include:
- You are calling test.describe() in a configuration file.
- You are calling test.describe() in a file that is imported by the configuration file.
- You have two different versions of @playwright/test. This usually happens
  when one of the dependencies in your package.json depends on @playwright/test.
 é‰‚?[22m TestTypeImpl._currentSuite node_modules/.pnpm/playwright@1.57.0/node_modules/playwright/lib/common/testType.js:75:13
 é‰‚?[22m TestTypeImpl._describe node_modules/.pnpm/playwright@1.57.0/node_modules/playwright/lib/common/testType.js:115:24
 é‰‚?[22m Function.describe node_modules/.pnpm/playwright@1.57.0/node_modules/playwright/lib/transform/transform.js:275:12
 é‰‚?[22m e2e/flows/channels.spec.ts:14:6
     12|  */
     13| 
     14| test.describe('å¨“çŠ»äº¾ç» ï¼„æ‚Šé©è™¹î”…é”ç†»å…˜', () => {
       |      ^
     15|     test.beforeEach(async ({ page }) => {
     16|         // ç€µè‰°åŸ…é’ç‰ˆç¬­é–¬æ’¶î…¸éå—›ã€‰é—ˆ?[39m

éˆ³îˆ—å¹†éˆ³îˆ—å¹†éˆ³îˆ—å¹†éˆ³îˆ—å¹†éˆ³îˆ—å¹†éˆ³îˆ—å¹†éˆ³îˆ—å¹†éˆ³îˆ—å¹†éˆ³îˆ—å¹†éˆ³îˆ—å¹†éˆ³îˆ—å¹†éˆ³ç—†5/78]éˆ³?[22m

 FAIL  e2e/flows/customer-lifecycle.spec.ts [ e2e/flows/customer-lifecycle.spec.ts ]
Error: Playwright Test did not expect test.describe() to be called here.
Most common reasons include:
- You are calling test.describe() in a configuration file.
- You are calling test.describe() in a file that is imported by the configuration file.
- You have two different versions of @playwright/test. This usually happens
  when one of the dependencies in your package.json depends on @playwright/test.
 é‰‚?[22m TestTypeImpl._currentSuite node_modules/.pnpm/playwright@1.57.0/node_modules/playwright/lib/common/testType.js:75:13
 é‰‚?[22m TestTypeImpl._describe node_modules/.pnpm/playwright@1.57.0/node_modules/playwright/lib/common/testType.js:115:24
 é‰‚?[22m Function.describe node_modules/.pnpm/playwright@1.57.0/node_modules/playwright/lib/transform/transform.js:275:12
 é‰‚?[22m e2e/flows/customer-lifecycle.spec.ts:13:6
     11|  */
     12| 
     13| test.describe('ç€¹ãˆ¡åŸ›éã„§æ•“é›è—‰æ‡†éˆ?(Customer Lifecycle)', () => {
       |      ^
     14|     test.beforeEach(async ({ page }) => {
     15|         await page.waitForLoadState('networkidle');

éˆ³îˆ—å¹†éˆ³îˆ—å¹†éˆ³îˆ—å¹†éˆ³îˆ—å¹†éˆ³îˆ—å¹†éˆ³îˆ—å¹†éˆ³îˆ—å¹†éˆ³îˆ—å¹†éˆ³îˆ—å¹†éˆ³îˆ—å¹†éˆ³îˆ—å¹†éˆ³ç—†6/78]éˆ³?[22m

 FAIL  e2e/flows/finance-ap.spec.ts [ e2e/flows/finance-ap.spec.ts ]
Error: Playwright Test did not expect test.describe() to be called here.
Most common reasons include:
- You are calling test.describe() in a configuration file.
- You are calling test.describe() in a file that is imported by the configuration file.
- You have two different versions of @playwright/test. This usually happens
  when one of the dependencies in your package.json depends on @playwright/test.
 é‰‚?[22m TestTypeImpl._currentSuite node_modules/.pnpm/playwright@1.57.0/node_modules/playwright/lib/common/testType.js:75:13
 é‰‚?[22m TestTypeImpl._describe node_modules/.pnpm/playwright@1.57.0/node_modules/playwright/lib/common/testType.js:115:24
 é‰‚?[22m Function.describe node_modules/.pnpm/playwright@1.57.0/node_modules/playwright/lib/transform/transform.js:275:12
 é‰‚?[22m e2e/flows/finance-ap.spec.ts:13:6
     11|  */
     12| 
     13| test.describe('æ¸šæ¶˜ç°²éŸå——î‡®ç’?(Finance AP)', () => {
       |      ^
     14|     test.beforeEach(async ({ page }) => {
     15|         await page.waitForLoadState('networkidle');

éˆ³îˆ—å¹†éˆ³îˆ—å¹†éˆ³îˆ—å¹†éˆ³îˆ—å¹†éˆ³îˆ—å¹†éˆ³îˆ—å¹†éˆ³îˆ—å¹†éˆ³îˆ—å¹†éˆ³îˆ—å¹†éˆ³îˆ—å¹†éˆ³îˆ—å¹†éˆ³ç—†7/78]éˆ³?[22m

 FAIL  e2e/flows/finance-ar-advanced.spec.ts [ e2e/flows/finance-ar-advanced.spec.ts ]
Error: Playwright Test did not expect test.describe() to be called here.
Most common reasons include:
- You are calling test.describe() in a configuration file.
- You are calling test.describe() in a file that is imported by the configuration file.
- You have two different versions of @playwright/test. This usually happens
  when one of the dependencies in your package.json depends on @playwright/test.
 é‰‚?[22m TestTypeImpl._currentSuite node_modules/.pnpm/playwright@1.57.0/node_modules/playwright/lib/common/testType.js:75:13
 é‰‚?[22m TestTypeImpl._describe node_modules/.pnpm/playwright@1.57.0/node_modules/playwright/lib/common/testType.js:115:24
 é‰‚?[22m Function.describe node_modules/.pnpm/playwright@1.57.0/node_modules/playwright/lib/transform/transform.js:275:12
 é‰‚?[22m e2e/flows/finance-ar-advanced.spec.ts:8:6
      6|  */
      7| 
      8| test.describe('Finance AR Advanced Flows', () => {
       |      ^
      9|     test.beforeEach(async ({ page }) => {
     10|         await page.goto('/finance/ar');

éˆ³îˆ—å¹†éˆ³îˆ—å¹†éˆ³îˆ—å¹†éˆ³îˆ—å¹†éˆ³îˆ—å¹†éˆ³îˆ—å¹†éˆ³îˆ—å¹†éˆ³îˆ—å¹†éˆ³îˆ—å¹†éˆ³îˆ—å¹†éˆ³îˆ—å¹†éˆ³ç—†8/78]éˆ³?[22m

 FAIL  e2e/flows/finance-ar.spec.ts [ e2e/flows/finance-ar.spec.ts ]
Error: Playwright Test did not expect test.describe() to be called here.
Most common reasons include:
- You are calling test.describe() in a configuration file.
- You are calling test.describe() in a file that is imported by the configuration file.
- You have two different versions of @playwright/test. This usually happens
  when one of the dependencies in your package.json depends on @playwright/test.
 é‰‚?[22m TestTypeImpl._currentSuite node_modules/.pnpm/playwright@1.57.0/node_modules/playwright/lib/common/testType.js:75:13
 é‰‚?[22m TestTypeImpl._describe node_modules/.pnpm/playwright@1.57.0/node_modules/playwright/lib/common/testType.js:115:24
 é‰‚?[22m Function.describe node_modules/.pnpm/playwright@1.57.0/node_modules/playwright/lib/transform/transform.js:275:12
 é‰‚?[22m e2e/flows/finance-ar.spec.ts:14:6
     12|  */
     13| 
     14| test.describe('ç’ãˆ å§Ÿæ´æ—€æ•¹ (Finance AR)', () => {
       |      ^
     15|     test.beforeEach(async ({ page }) => {
     16|         await page.waitForLoadState('networkidle');

éˆ³îˆ—å¹†éˆ³îˆ—å¹†éˆ³îˆ—å¹†éˆ³îˆ—å¹†éˆ³îˆ—å¹†éˆ³îˆ—å¹†éˆ³îˆ—å¹†éˆ³îˆ—å¹†éˆ³îˆ—å¹†éˆ³îˆ—å¹†éˆ³îˆ—å¹†éˆ³ç—†9/78]éˆ³?[22m

 FAIL  e2e/flows/full-sales-flow.spec.ts [ e2e/flows/full-sales-flow.spec.ts ]
Error: Playwright Test did not expect test.describe() to be called here.
Most common reasons include:
- You are calling test.describe() in a configuration file.
- You are calling test.describe() in a file that is imported by the configuration file.
- You have two different versions of @playwright/test. This usually happens
  when one of the dependencies in your package.json depends on @playwright/test.
 é‰‚?[22m TestTypeImpl._currentSuite node_modules/.pnpm/playwright@1.57.0/node_modules/playwright/lib/common/testType.js:75:13
 é‰‚?[22m TestTypeImpl._describe node_modules/.pnpm/playwright@1.57.0/node_modules/playwright/lib/common/testType.js:115:24
 é‰‚?[22m Function.describe node_modules/.pnpm/playwright@1.57.0/node_modules/playwright/lib/transform/transform.js:275:12
 é‰‚?[22m e2e/flows/full-sales-flow.spec.ts:12:6
     10|  */
     11| 
     12| test.describe('ç€¹å±¾æš£é–¿â‚¬éî†½ç¥¦ç»‹?E2E', () => {
       |      ^
     13|     test.describe.configure({ mode: 'serial' });
     14|     test.beforeEach(async ({ page }) => {

éˆ³îˆ—å¹†éˆ³îˆ—å¹†éˆ³îˆ—å¹†éˆ³îˆ—å¹†éˆ³îˆ—å¹†éˆ³îˆ—å¹†éˆ³îˆ—å¹†éˆ³îˆ—å¹†éˆ³îˆ—å¹†éˆ³îˆ—å¹†éˆ³îˆ—å¹†[10/78]éˆ³?[22m

 FAIL  e2e/flows/installation.spec.ts [ e2e/flows/installation.spec.ts ]
Error: Playwright Test did not expect test.describe() to be called here.
Most common reasons include:
- You are calling test.describe() in a configuration file.
- You are calling test.describe() in a file that is imported by the configuration file.
- You have two different versions of @playwright/test. This usually happens
  when one of the dependencies in your package.json depends on @playwright/test.
 é‰‚?[22m TestTypeImpl._currentSuite node_modules/.pnpm/playwright@1.57.0/node_modules/playwright/lib/common/testType.js:75:13
 é‰‚?[22m TestTypeImpl._describe node_modules/.pnpm/playwright@1.57.0/node_modules/playwright/lib/common/testType.js:115:24
 é‰‚?[22m Function.describe node_modules/.pnpm/playwright@1.57.0/node_modules/playwright/lib/transform/transform.js:275:12
 é‰‚?[22m e2e/flows/installation.spec.ts:13:6
     11|  */
     12| 
     13| test.describe('ç€¹å¤î—Šå¨´ä½ºâ–¼', () => {
       |      ^
     14|     test.beforeEach(async ({ page }) => {
     15|         await page.waitForLoadState('networkidle');

éˆ³îˆ—å¹†éˆ³îˆ—å¹†éˆ³îˆ—å¹†éˆ³îˆ—å¹†éˆ³îˆ—å¹†éˆ³îˆ—å¹†éˆ³îˆ—å¹†éˆ³îˆ—å¹†éˆ³îˆ—å¹†éˆ³îˆ—å¹†éˆ³îˆ—å¹†[11/78]éˆ³?[22m

 FAIL  e2e/flows/labor-settlement.spec.ts [ e2e/flows/labor-settlement.spec.ts ]
Error: Playwright Test did not expect test.describe() to be called here.
Most common reasons include:
- You are calling test.describe() in a configuration file.
- You are calling test.describe() in a file that is imported by the configuration file.
- You have two different versions of @playwright/test. This usually happens
  when one of the dependencies in your package.json depends on @playwright/test.
 é‰‚?[22m TestTypeImpl._currentSuite node_modules/.pnpm/playwright@1.57.0/node_modules/playwright/lib/common/testType.js:75:13
 é‰‚?[22m TestTypeImpl._describe node_modules/.pnpm/playwright@1.57.0/node_modules/playwright/lib/common/testType.js:115:24
 é‰‚?[22m Function.describe node_modules/.pnpm/playwright@1.57.0/node_modules/playwright/lib/transform/transform.js:275:12
 é‰‚?[22m e2e/flows/labor-settlement.spec.ts:12:6
     10|  */
     11| 
     12| test.describe('é”å†²å§Ÿç¼æ’¶ç•» (Labor Settlement)', () => {
       |      ^
     13|     test.beforeEach(async ({ page }) => {
     14|         await page.waitForLoadState('networkidle');

éˆ³îˆ—å¹†éˆ³îˆ—å¹†éˆ³îˆ—å¹†éˆ³îˆ—å¹†éˆ³îˆ—å¹†éˆ³îˆ—å¹†éˆ³îˆ—å¹†éˆ³îˆ—å¹†éˆ³îˆ—å¹†éˆ³îˆ—å¹†éˆ³îˆ—å¹†[12/78]éˆ³?[22m

 FAIL  e2e/flows/lead-advanced-filtering.spec.ts [ e2e/flows/lead-advanced-filtering.spec.ts ]
Error: Playwright Test did not expect test.describe() to be called here.
Most common reasons include:
- You are calling test.describe() in a configuration file.
- You are calling test.describe() in a file that is imported by the configuration file.
- You have two different versions of @playwright/test. This usually happens
  when one of the dependencies in your package.json depends on @playwright/test.
 é‰‚?[22m TestTypeImpl._currentSuite node_modules/.pnpm/playwright@1.57.0/node_modules/playwright/lib/common/testType.js:75:13
 é‰‚?[22m TestTypeImpl._describe node_modules/.pnpm/playwright@1.57.0/node_modules/playwright/lib/common/testType.js:115:24
 é‰‚?[22m Function.describe node_modules/.pnpm/playwright@1.57.0/node_modules/playwright/lib/transform/transform.js:275:12
 é‰‚?[22m e2e/flows/lead-advanced-filtering.spec.ts:3:6
      1| import { test, expect } from '@playwright/test';
      2| 
      3| test.describe('Lead Advanced Filtering', () => {
       |      ^
      4|     test('should filter leads by status', async ({ page }) => {
      5|         await page.goto('/leads');

éˆ³îˆ—å¹†éˆ³îˆ—å¹†éˆ³îˆ—å¹†éˆ³îˆ—å¹†éˆ³îˆ—å¹†éˆ³îˆ—å¹†éˆ³îˆ—å¹†éˆ³îˆ—å¹†éˆ³îˆ—å¹†éˆ³îˆ—å¹†éˆ³îˆ—å¹†[13/78]éˆ³?[22m

 FAIL  e2e/flows/lead-bulk-operations.spec.ts [ e2e/flows/lead-bulk-operations.spec.ts ]
Error: Playwright Test did not expect test.describe() to be called here.
Most common reasons include:
- You are calling test.describe() in a configuration file.
- You are calling test.describe() in a file that is imported by the configuration file.
- You have two different versions of @playwright/test. This usually happens
  when one of the dependencies in your package.json depends on @playwright/test.
 é‰‚?[22m TestTypeImpl._currentSuite node_modules/.pnpm/playwright@1.57.0/node_modules/playwright/lib/common/testType.js:75:13
 é‰‚?[22m TestTypeImpl._describe node_modules/.pnpm/playwright@1.57.0/node_modules/playwright/lib/common/testType.js:115:24
 é‰‚?[22m Function.describe node_modules/.pnpm/playwright@1.57.0/node_modules/playwright/lib/transform/transform.js:275:12
 é‰‚?[22m e2e/flows/lead-bulk-operations.spec.ts:3:6
      1| import { test, expect } from '@playwright/test';
      2| 
      3| test.describe('Lead Bulk Operations', () => {
       |      ^
      4|     test('should bulk assign leads to same sales', async ({ page }) =>éˆ¥?      5|         await page.goto('/leads');

éˆ³îˆ—å¹†éˆ³îˆ—å¹†éˆ³îˆ—å¹†éˆ³îˆ—å¹†éˆ³îˆ—å¹†éˆ³îˆ—å¹†éˆ³îˆ—å¹†éˆ³îˆ—å¹†éˆ³îˆ—å¹†éˆ³îˆ—å¹†éˆ³îˆ—å¹†[14/78]éˆ³?[22m

 FAIL  e2e/flows/lead-concurrency.spec.ts [ e2e/flows/lead-concurrency.spec.ts ]
Error: Playwright Test did not expect test.describe() to be called here.
Most common reasons include:
- You are calling test.describe() in a configuration file.
- You are calling test.describe() in a file that is imported by the configuration file.
- You have two different versions of @playwright/test. This usually happens
  when one of the dependencies in your package.json depends on @playwright/test.
 é‰‚?[22m TestTypeImpl._currentSuite node_modules/.pnpm/playwright@1.57.0/node_modules/playwright/lib/common/testType.js:75:13
 é‰‚?[22m TestTypeImpl._describe node_modules/.pnpm/playwright@1.57.0/node_modules/playwright/lib/common/testType.js:115:24
 é‰‚?[22m Function.describe node_modules/.pnpm/playwright@1.57.0/node_modules/playwright/lib/transform/transform.js:275:12
 é‰‚?[22m e2e/flows/lead-concurrency.spec.ts:3:6
      1| import { test, expect } from '@playwright/test';
      2| 
      3| test.describe('Lead Concurrency', () => {
       |      ^
      4|     test('should handle simultaneous lead creation', async ({ page, coéˆ¥?      5|         const randomPhone = `139${Math.floor(Math.random() * 100000000éˆ¥?
éˆ³îˆ—å¹†éˆ³îˆ—å¹†éˆ³îˆ—å¹†éˆ³îˆ—å¹†éˆ³îˆ—å¹†éˆ³îˆ—å¹†éˆ³îˆ—å¹†éˆ³îˆ—å¹†éˆ³îˆ—å¹†éˆ³îˆ—å¹†éˆ³îˆ—å¹†[15/78]éˆ³?[22m

 FAIL  e2e/flows/lead-creation.spec.ts [ e2e/flows/lead-creation.spec.ts ]
Error: Playwright Test did not expect test.describe() to be called here.
Most common reasons include:
- You are calling test.describe() in a configuration file.
- You are calling test.describe() in a file that is imported by the configuration file.
- You have two different versions of @playwright/test. This usually happens
  when one of the dependencies in your package.json depends on @playwright/test.
 é‰‚?[22m TestTypeImpl._currentSuite node_modules/.pnpm/playwright@1.57.0/node_modules/playwright/lib/common/testType.js:75:13
 é‰‚?[22m TestTypeImpl._describe node_modules/.pnpm/playwright@1.57.0/node_modules/playwright/lib/common/testType.js:115:24
 é‰‚?[22m Function.describe node_modules/.pnpm/playwright@1.57.0/node_modules/playwright/lib/transform/transform.js:275:12
 é‰‚?[22m e2e/flows/lead-creation.spec.ts:4:6
      2| import * as fs from 'fs';
      3| 
      4| test.describe('Lead Management', () => {
       |      ^
      5|     test.afterEach(async ({ page }, testInfo) => {
      6|         if (testInfo.status !== testInfo.expectedStatus) {

éˆ³îˆ—å¹†éˆ³îˆ—å¹†éˆ³îˆ—å¹†éˆ³îˆ—å¹†éˆ³îˆ—å¹†éˆ³îˆ—å¹†éˆ³îˆ—å¹†éˆ³îˆ—å¹†éˆ³îˆ—å¹†éˆ³îˆ—å¹†éˆ³îˆ—å¹†[16/78]éˆ³?[22m

 FAIL  e2e/flows/lead-data-integrity.spec.ts [ e2e/flows/lead-data-integrity.spec.ts ]
Error: Playwright Test did not expect test.describe() to be called here.
Most common reasons include:
- You are calling test.describe() in a configuration file.
- You are calling test.describe() in a file that is imported by the configuration file.
- You have two different versions of @playwright/test. This usually happens
  when one of the dependencies in your package.json depends on @playwright/test.
 é‰‚?[22m TestTypeImpl._currentSuite node_modules/.pnpm/playwright@1.57.0/node_modules/playwright/lib/common/testType.js:75:13
 é‰‚?[22m TestTypeImpl._describe node_modules/.pnpm/playwright@1.57.0/node_modules/playwright/lib/common/testType.js:115:24
 é‰‚?[22m Function.describe node_modules/.pnpm/playwright@1.57.0/node_modules/playwright/lib/transform/transform.js:275:12
 é‰‚?[22m e2e/flows/lead-data-integrity.spec.ts:3:6
      1| import { test, expect } from '@playwright/test';
      2| 
      3| test.describe('Lead Data Integrity', () => {
       |      ^
      4|     test('should handle soft delete correctly', async ({ page }) => {
      5|         await page.goto('/leads');

éˆ³îˆ—å¹†éˆ³îˆ—å¹†éˆ³îˆ—å¹†éˆ³îˆ—å¹†éˆ³îˆ—å¹†éˆ³îˆ—å¹†éˆ³îˆ—å¹†éˆ³îˆ—å¹†éˆ³îˆ—å¹†éˆ³îˆ—å¹†éˆ³îˆ—å¹†[17/78]éˆ³?[22m

 FAIL  e2e/flows/lead-error-recovery.spec.ts [ e2e/flows/lead-error-recovery.spec.ts ]
Error: Playwright Test did not expect test.describe() to be called here.
Most common reasons include:
- You are calling test.describe() in a configuration file.
- You are calling test.describe() in a file that is imported by the configuration file.
- You have two different versions of @playwright/test. This usually happens
  when one of the dependencies in your package.json depends on @playwright/test.
 é‰‚?[22m TestTypeImpl._currentSuite node_modules/.pnpm/playwright@1.57.0/node_modules/playwright/lib/common/testType.js:75:13
 é‰‚?[22m TestTypeImpl._describe node_modules/.pnpm/playwright@1.57.0/node_modules/playwright/lib/common/testType.js:115:24
 é‰‚?[22m Function.describe node_modules/.pnpm/playwright@1.57.0/node_modules/playwright/lib/transform/transform.js:275:12
 é‰‚?[22m e2e/flows/lead-error-recovery.spec.ts:3:6
      1| import { test, expect } from '@playwright/test';
      2| 
      3| test.describe('Lead Error Recovery', () => {
       |      ^
      4|     test('should handle network interruption during lead creation', aséˆ¥?      5|         await page.goto('/leads');

éˆ³îˆ—å¹†éˆ³îˆ—å¹†éˆ³îˆ—å¹†éˆ³îˆ—å¹†éˆ³îˆ—å¹†éˆ³îˆ—å¹†éˆ³îˆ—å¹†éˆ³îˆ—å¹†éˆ³îˆ—å¹†éˆ³îˆ—å¹†éˆ³îˆ—å¹†[18/78]éˆ³?[22m

 FAIL  e2e/flows/lead-followup-reminders.spec.ts [ e2e/flows/lead-followup-reminders.spec.ts ]
Error: Playwright Test did not expect test.describe() to be called here.
Most common reasons include:
- You are calling test.describe() in a configuration file.
- You are calling test.describe() in a file that is imported by the configuration file.
- You have two different versions of @playwright/test. This usually happens
  when one of the dependencies in your package.json depends on @playwright/test.
 é‰‚?[22m TestTypeImpl._currentSuite node_modules/.pnpm/playwright@1.57.0/node_modules/playwright/lib/common/testType.js:75:13
 é‰‚?[22m TestTypeImpl._describe node_modules/.pnpm/playwright@1.57.0/node_modules/playwright/lib/common/testType.js:115:24
 é‰‚?[22m Function.describe node_modules/.pnpm/playwright@1.57.0/node_modules/playwright/lib/transform/transform.js:275:12
 é‰‚?[22m e2e/flows/lead-followup-reminders.spec.ts:3:6
      1| import { test, expect } from '@playwright/test';
      2| 
      3| test.describe('Lead Followup Reminders', () => {
       |      ^
      4|     let leadId: string;
      5| 

éˆ³îˆ—å¹†éˆ³îˆ—å¹†éˆ³îˆ—å¹†éˆ³îˆ—å¹†éˆ³îˆ—å¹†éˆ³îˆ—å¹†éˆ³îˆ—å¹†éˆ³îˆ—å¹†éˆ³îˆ—å¹†éˆ³îˆ—å¹†éˆ³îˆ—å¹†[19/78]éˆ³?[22m

 FAIL  e2e/flows/lead-lifecycle.spec.ts [ e2e/flows/lead-lifecycle.spec.ts ]
Error: Playwright Test did not expect test.describe() to be called here.
Most common reasons include:
- You are calling test.describe() in a configuration file.
- You are calling test.describe() in a file that is imported by the configuration file.
- You have two different versions of @playwright/test. This usually happens
  when one of the dependencies in your package.json depends on @playwright/test.
 é‰‚?[22m TestTypeImpl._currentSuite node_modules/.pnpm/playwright@1.57.0/node_modules/playwright/lib/common/testType.js:75:13
 é‰‚?[22m TestTypeImpl._describe node_modules/.pnpm/playwright@1.57.0/node_modules/playwright/lib/common/testType.js:115:24
 é‰‚?[22m Function.describe node_modules/.pnpm/playwright@1.57.0/node_modules/playwright/lib/transform/transform.js:275:12
 é‰‚?[22m e2e/flows/lead-lifecycle.spec.ts:3:6
      1| import { test, expect } from '@playwright/test';
      2| 
      3| test.describe('Lead Lifecycle', () => {
       |      ^
      4|     let leadId: string;
      5|     let leadNo: string;

éˆ³îˆ—å¹†éˆ³îˆ—å¹†éˆ³îˆ—å¹†éˆ³îˆ—å¹†éˆ³îˆ—å¹†éˆ³îˆ—å¹†éˆ³îˆ—å¹†éˆ³îˆ—å¹†éˆ³îˆ—å¹†éˆ³îˆ—å¹†éˆ³îˆ—å¹†[20/78]éˆ³?[22m

 FAIL  e2e/flows/lead-measurement.spec.ts [ e2e/flows/lead-measurement.spec.ts ]
Error: Playwright Test did not expect test.describe() to be called here.
Most common reasons include:
- You are calling test.describe() in a configuration file.
- You are calling test.describe() in a file that is imported by the configuration file.
- You have two different versions of @playwright/test. This usually happens
  when one of the dependencies in your package.json depends on @playwright/test.
 é‰‚?[22m TestTypeImpl._currentSuite node_modules/.pnpm/playwright@1.57.0/node_modules/playwright/lib/common/testType.js:75:13
 é‰‚?[22m TestTypeImpl._describe node_modules/.pnpm/playwright@1.57.0/node_modules/playwright/lib/common/testType.js:115:24
 é‰‚?[22m Function.describe node_modules/.pnpm/playwright@1.57.0/node_modules/playwright/lib/transform/transform.js:275:12
 é‰‚?[22m e2e/flows/lead-measurement.spec.ts:3:6
      1| import { test, expect } from '@playwright/test';
      2| 
      3| test.describe('Lead Measurement Service', () => {
       |      ^
      4|     let leadId: string;
      5|     let measureTaskId: string;

éˆ³îˆ—å¹†éˆ³îˆ—å¹†éˆ³îˆ—å¹†éˆ³îˆ—å¹†éˆ³îˆ—å¹†éˆ³îˆ—å¹†éˆ³îˆ—å¹†éˆ³îˆ—å¹†éˆ³îˆ—å¹†éˆ³îˆ—å¹†éˆ³îˆ—å¹†[21/78]éˆ³?[22m

 FAIL  e2e/flows/lead-pool-management.spec.ts [ e2e/flows/lead-pool-management.spec.ts ]
Error: Playwright Test did not expect test.describe() to be called here.
Most common reasons include:
- You are calling test.describe() in a configuration file.
- You are calling test.describe() in a file that is imported by the configuration file.
- You have two different versions of @playwright/test. This usually happens
  when one of the dependencies in your package.json depends on @playwright/test.
 é‰‚?[22m TestTypeImpl._currentSuite node_modules/.pnpm/playwright@1.57.0/node_modules/playwright/lib/common/testType.js:75:13
 é‰‚?[22m TestTypeImpl._describe node_modules/.pnpm/playwright@1.57.0/node_modules/playwright/lib/common/testType.js:115:24
 é‰‚?[22m Function.describe node_modules/.pnpm/playwright@1.57.0/node_modules/playwright/lib/transform/transform.js:275:12
 é‰‚?[22m e2e/flows/lead-pool-management.spec.ts:3:6
      1| import { test, expect } from '@playwright/test';
      2| 
      3| test.describe('Lead Pool Management', () => {
       |      ^
      4|     let leadId: string;
      5|     let leadNo: string;

éˆ³îˆ—å¹†éˆ³îˆ—å¹†éˆ³îˆ—å¹†éˆ³îˆ—å¹†éˆ³îˆ—å¹†éˆ³îˆ—å¹†éˆ³îˆ—å¹†éˆ³îˆ—å¹†éˆ³îˆ—å¹†éˆ³îˆ—å¹†éˆ³îˆ—å¹†[22/78]éˆ³?[22m

 FAIL  e2e/flows/lead-status-workflow.spec.ts [ e2e/flows/lead-status-workflow.spec.ts ]
Error: Playwright Test did not expect test.describe() to be called here.
Most common reasons include:
- You are calling test.describe() in a configuration file.
- You are calling test.describe() in a file that is imported by the configuration file.
- You have two different versions of @playwright/test. This usually happens
  when one of the dependencies in your package.json depends on @playwright/test.
 é‰‚?[22m TestTypeImpl._currentSuite node_modules/.pnpm/playwright@1.57.0/node_modules/playwright/lib/common/testType.js:75:13
 é‰‚?[22m TestTypeImpl._describe node_modules/.pnpm/playwright@1.57.0/node_modules/playwright/lib/common/testType.js:115:24
 é‰‚?[22m Function.describe node_modules/.pnpm/playwright@1.57.0/node_modules/playwright/lib/transform/transform.js:275:12
 é‰‚?[22m e2e/flows/lead-status-workflow.spec.ts:3:6
      1| import { test, expect } from '@playwright/test';
      2| 
      3| test.describe('Lead Status Workflow', () => {
       |      ^
      4|     let leadId: string;
      5|     let leadNo: string;

éˆ³îˆ—å¹†éˆ³îˆ—å¹†éˆ³îˆ—å¹†éˆ³îˆ—å¹†éˆ³îˆ—å¹†éˆ³îˆ—å¹†éˆ³îˆ—å¹†éˆ³îˆ—å¹†éˆ³îˆ—å¹†éˆ³îˆ—å¹†éˆ³îˆ—å¹†[23/78]éˆ³?[22m

 FAIL  e2e/flows/measurement.spec.ts [ e2e/flows/measurement.spec.ts ]
Error: Playwright Test did not expect test.describe() to be called here.
Most common reasons include:
- You are calling test.describe() in a configuration file.
- You are calling test.describe() in a file that is imported by the configuration file.
- You have two different versions of @playwright/test. This usually happens
  when one of the dependencies in your package.json depends on @playwright/test.
 é‰‚?[22m TestTypeImpl._currentSuite node_modules/.pnpm/playwright@1.57.0/node_modules/playwright/lib/common/testType.js:75:13
 é‰‚?[22m TestTypeImpl._describe node_modules/.pnpm/playwright@1.57.0/node_modules/playwright/lib/common/testType.js:115:24
 é‰‚?[22m Function.describe node_modules/.pnpm/playwright@1.57.0/node_modules/playwright/lib/transform/transform.js:275:12
 é‰‚?[22m e2e/flows/measurement.spec.ts:14:6
     12|  */
     13| 
     14| test.describe('å¨´å¬®å™ºå¨´ä½ºâ–¼ (Measurement Lifecycle)', () => {
       |      ^
     15|     // ç’å‰§ç–†é¦æ‰®æ‚Šæµ£å¶‡ç–†å¦¯â„ƒå«™ (é¢ã„¤ç°¬éµæ’³å´±éï¿ ç™)
     16|     test.use({

éˆ³îˆ—å¹†éˆ³îˆ—å¹†éˆ³îˆ—å¹†éˆ³îˆ—å¹†éˆ³îˆ—å¹†éˆ³îˆ—å¹†éˆ³îˆ—å¹†éˆ³îˆ—å¹†éˆ³îˆ—å¹†éˆ³îˆ—å¹†éˆ³îˆ—å¹†[24/78]éˆ³?[22m

 FAIL  e2e/flows/notifications.spec.ts [ e2e/flows/notifications.spec.ts ]
Error: Playwright Test did not expect test.describe() to be called here.
Most common reasons include:
- You are calling test.describe() in a configuration file.
- You are calling test.describe() in a file that is imported by the configuration file.
- You have two different versions of @playwright/test. This usually happens
  when one of the dependencies in your package.json depends on @playwright/test.
 é‰‚?[22m TestTypeImpl._currentSuite node_modules/.pnpm/playwright@1.57.0/node_modules/playwright/lib/common/testType.js:75:13
 é‰‚?[22m TestTypeImpl._describe node_modules/.pnpm/playwright@1.57.0/node_modules/playwright/lib/common/testType.js:115:24
 é‰‚?[22m Function.describe node_modules/.pnpm/playwright@1.57.0/node_modules/playwright/lib/transform/transform.js:275:12
 é‰‚?[22m e2e/flows/notifications.spec.ts:13:6
     11|  */
     12| 
     13| test.describe('é–«æ°±ç…¡æ¶“î…ç¸¾é©è™¹î”…é”ç†»å…˜', () => {
       |      ^
     14|     test.beforeEach(async ({ page }) => {
     15|         // ç€µè‰°åŸ…é’ä¼´â‚¬æ°±ç…¡æ¶“î…ç¸¾æ¤¤ç”¸æ½°

éˆ³îˆ—å¹†éˆ³îˆ—å¹†éˆ³îˆ—å¹†éˆ³îˆ—å¹†éˆ³îˆ—å¹†éˆ³îˆ—å¹†éˆ³îˆ—å¹†éˆ³îˆ—å¹†éˆ³îˆ—å¹†éˆ³îˆ—å¹†éˆ³îˆ—å¹†[25/78]éˆ³?[22m

 FAIL  e2e/flows/order-enhancements.spec.ts [ e2e/flows/order-enhancements.spec.ts ]
Error: Playwright Test did not expect test.describe() to be called here.
Most common reasons include:
- You are calling test.describe() in a configuration file.
- You are calling test.describe() in a file that is imported by the configuration file.
- You have two different versions of @playwright/test. This usually happens
  when one of the dependencies in your package.json depends on @playwright/test.
 é‰‚?[22m TestTypeImpl._currentSuite node_modules/.pnpm/playwright@1.57.0/node_modules/playwright/lib/common/testType.js:75:13
 é‰‚?[22m TestTypeImpl._describe node_modules/.pnpm/playwright@1.57.0/node_modules/playwright/lib/common/testType.js:115:24
 é‰‚?[22m Function.describe node_modules/.pnpm/playwright@1.57.0/node_modules/playwright/lib/transform/transform.js:275:12
 é‰‚?[22m e2e/flows/order-enhancements.spec.ts:3:6
      1| import { test, expect } from '@playwright/test';
      2| 
      3| test.describe('ç’ãˆ å´Ÿæ¾§ç‚²å·±é”ç†»å…˜å¨´å¬­ç˜¯ (é·å——å´Ÿ/é™æˆ£æ£é¢å® î‡¬/é™æ¨»æ´¿)', () => {
       |      ^
      4|     test.beforeEach(async ({ page }) => {
      5|         await page.goto('/orders');

éˆ³îˆ—å¹†éˆ³îˆ—å¹†éˆ³îˆ—å¹†éˆ³îˆ—å¹†éˆ³îˆ—å¹†éˆ³îˆ—å¹†éˆ³îˆ—å¹†éˆ³îˆ—å¹†éˆ³îˆ—å¹†éˆ³îˆ—å¹†éˆ³îˆ—å¹†[26/78]éˆ³?[22m

 FAIL  e2e/flows/order-lifecycle.spec.ts [ e2e/flows/order-lifecycle.spec.ts ]
Error: Playwright Test did not expect test.describe() to be called here.
Most common reasons include:
- You are calling test.describe() in a configuration file.
- You are calling test.describe() in a file that is imported by the configuration file.
- You have two different versions of @playwright/test. This usually happens
  when one of the dependencies in your package.json depends on @playwright/test.
 é‰‚?[22m TestTypeImpl._currentSuite node_modules/.pnpm/playwright@1.57.0/node_modules/playwright/lib/common/testType.js:75:13
 é‰‚?[22m TestTypeImpl._describe node_modules/.pnpm/playwright@1.57.0/node_modules/playwright/lib/common/testType.js:115:24
 é‰‚?[22m Function.describe node_modules/.pnpm/playwright@1.57.0/node_modules/playwright/lib/transform/transform.js:275:12
 é‰‚?[22m e2e/flows/order-lifecycle.spec.ts:13:6
     11|  */
     12| 
     13| test.describe('ç’ãˆ å´Ÿéã„§æ•“é›è—‰æ‡†éˆ?, () => {
       |      ^
     14|     // å¨´å¬­ç˜¯é¢ã„§æ®‘éîˆ™ç«´éå›ªç˜‘ç»—?[39m
     15|     const timestamp = Date.now();

éˆ³îˆ—å¹†éˆ³îˆ—å¹†éˆ³îˆ—å¹†éˆ³îˆ—å¹†éˆ³îˆ—å¹†éˆ³îˆ—å¹†éˆ³îˆ—å¹†éˆ³îˆ—å¹†éˆ³îˆ—å¹†éˆ³îˆ—å¹†éˆ³îˆ—å¹†[27/78]éˆ³?[22m

 FAIL  e2e/flows/permissions.spec.ts [ e2e/flows/permissions.spec.ts ]
Error: Playwright Test did not expect test.describe() to be called here.
Most common reasons include:
- You are calling test.describe() in a configuration file.
- You are calling test.describe() in a file that is imported by the configuration file.
- You have two different versions of @playwright/test. This usually happens
  when one of the dependencies in your package.json depends on @playwright/test.
 é‰‚?[22m TestTypeImpl._currentSuite node_modules/.pnpm/playwright@1.57.0/node_modules/playwright/lib/common/testType.js:75:13
 é‰‚?[22m TestTypeImpl._describe node_modules/.pnpm/playwright@1.57.0/node_modules/playwright/lib/common/testType.js:115:24
 é‰‚?[22m Function.describe node_modules/.pnpm/playwright@1.57.0/node_modules/playwright/lib/transform/transform.js:275:12
 é‰‚?[22m e2e/flows/permissions.spec.ts:12:6
     10|  */
     11| 
     12| test.describe('é‰å†®æªºæ¶“åº¡ç•¨éã„¨ç«Ÿé£å±¾ç¥´ç’‡?, () => {
       |      ^
     13| 
     14|     test('æ´æ–¿æ¹ªç›ã„¥å´Ÿæ¶“î…¢ç™ç’‡ä½¸ç¹€æ¿‰î‚¢ç“§å¨ˆ?, async ({ page }) => {

éˆ³îˆ—å¹†éˆ³îˆ—å¹†éˆ³îˆ—å¹†éˆ³îˆ—å¹†éˆ³îˆ—å¹†éˆ³îˆ—å¹†éˆ³îˆ—å¹†éˆ³îˆ—å¹†éˆ³îˆ—å¹†éˆ³îˆ—å¹†éˆ³îˆ—å¹†[28/78]éˆ³?[22m

 FAIL  e2e/flows/purchase-order.spec.ts [ e2e/flows/purchase-order.spec.ts ]
Error: Playwright Test did not expect test.describe() to be called here.
Most common reasons include:
- You are calling test.describe() in a configuration file.
- You are calling test.describe() in a file that is imported by the configuration file.
- You have two different versions of @playwright/test. This usually happens
  when one of the dependencies in your package.json depends on @playwright/test.
 é‰‚?[22m TestTypeImpl._currentSuite node_modules/.pnpm/playwright@1.57.0/node_modules/playwright/lib/common/testType.js:75:13
 é‰‚?[22m TestTypeImpl._describe node_modules/.pnpm/playwright@1.57.0/node_modules/playwright/lib/common/testType.js:115:24
 é‰‚?[22m Function.describe node_modules/.pnpm/playwright@1.57.0/node_modules/playwright/lib/transform/transform.js:275:12
 é‰‚?[22m e2e/flows/purchase-order.spec.ts:14:6
     12|  */
     13| 
     14| test.describe('é–²å›ªå–˜é—æ›Ÿç¥¦ç»‹?(Supply Chain PO)', () => {
       |      ^
     15|     test.beforeEach(async ({ page }) => {
     16|         await page.waitForLoadState('networkidle');

éˆ³îˆ—å¹†éˆ³îˆ—å¹†éˆ³îˆ—å¹†éˆ³îˆ—å¹†éˆ³îˆ—å¹†éˆ³îˆ—å¹†éˆ³îˆ—å¹†éˆ³îˆ—å¹†éˆ³îˆ—å¹†éˆ³îˆ—å¹†éˆ³îˆ—å¹†[29/78]éˆ³?[22m

 FAIL  e2e/flows/quote-first-flow.spec.ts [ e2e/flows/quote-first-flow.spec.ts ]
Error: Playwright Test did not expect test.describe() to be called here.
Most common reasons include:
- You are calling test.describe() in a configuration file.
- You are calling test.describe() in a file that is imported by the configuration file.
- You have two different versions of @playwright/test. This usually happens
  when one of the dependencies in your package.json depends on @playwright/test.
 é‰‚?[22m TestTypeImpl._currentSuite node_modules/.pnpm/playwright@1.57.0/node_modules/playwright/lib/common/testType.js:75:13
 é‰‚?[22m TestTypeImpl._describe node_modules/.pnpm/playwright@1.57.0/node_modules/playwright/lib/common/testType.js:115:24
 é‰‚?[22m Function.describe node_modules/.pnpm/playwright@1.57.0/node_modules/playwright/lib/transform/transform.js:275:12
 é‰‚?[22m e2e/flows/quote-first-flow.spec.ts:14:6
     12|  */
     13| 
     14| test.describe('é¶ãƒ¤ç¯æµ¼æ¨ºå›å¦¯â€³ç´¡ E2E', () => {
       |      ^
     15|     const timestamp = Date.now();
     16|     const testCustomerName = `QFirst_${timestamp}`;

éˆ³îˆ—å¹†éˆ³îˆ—å¹†éˆ³îˆ—å¹†éˆ³îˆ—å¹†éˆ³îˆ—å¹†éˆ³îˆ—å¹†éˆ³îˆ—å¹†éˆ³îˆ—å¹†éˆ³îˆ—å¹†éˆ³îˆ—å¹†éˆ³îˆ—å¹†[30/78]éˆ³?[22m

 FAIL  e2e/flows/quote-lifecycle.spec.ts [ e2e/flows/quote-lifecycle.spec.ts ]
Error: Playwright Test did not expect test.describe() to be called here.
Most common reasons include:
- You are calling test.describe() in a configuration file.
- You are calling test.describe() in a file that is imported by the configuration file.
- You have two different versions of @playwright/test. This usually happens
  when one of the dependencies in your package.json depends on @playwright/test.
 é‰‚?[22m TestTypeImpl._currentSuite node_modules/.pnpm/playwright@1.57.0/node_modules/playwright/lib/common/testType.js:75:13
 é‰‚?[22m TestTypeImpl._describe node_modules/.pnpm/playwright@1.57.0/node_modules/playwright/lib/common/testType.js:115:24
 é‰‚?[22m Function.describe node_modules/.pnpm/playwright@1.57.0/node_modules/playwright/lib/transform/transform.js:275:12
 é‰‚?[22m e2e/flows/quote-lifecycle.spec.ts:5:6
      3| import * as path from 'path';
      4| 
      5| test.describe('Quote Lifecycle Flow', () => {
       |      ^
      6| 
      7|     test.afterEach(async ({ page }, testInfo) => {

éˆ³îˆ—å¹†éˆ³îˆ—å¹†éˆ³îˆ—å¹†éˆ³îˆ—å¹†éˆ³îˆ—å¹†éˆ³îˆ—å¹†éˆ³îˆ—å¹†éˆ³îˆ—å¹†éˆ³îˆ—å¹†éˆ³îˆ—å¹†éˆ³îˆ—å¹†[31/78]éˆ³?[22m

 FAIL  e2e/flows/search-filter.spec.ts [ e2e/flows/search-filter.spec.ts ]
Error: Playwright Test did not expect test.describe() to be called here.
Most common reasons include:
- You are calling test.describe() in a configuration file.
- You are calling test.describe() in a file that is imported by the configuration file.
- You have two different versions of @playwright/test. This usually happens
  when one of the dependencies in your package.json depends on @playwright/test.
 é‰‚?[22m TestTypeImpl._currentSuite node_modules/.pnpm/playwright@1.57.0/node_modules/playwright/lib/common/testType.js:75:13
 é‰‚?[22m TestTypeImpl._describe node_modules/.pnpm/playwright@1.57.0/node_modules/playwright/lib/common/testType.js:115:24
 é‰‚?[22m Function.describe node_modules/.pnpm/playwright@1.57.0/node_modules/playwright/lib/transform/transform.js:275:12
 é‰‚?[22m e2e/flows/search-filter.spec.ts:12:6
     10|  */
     11| 
     12| test.describe('éã„¥çœ¬é¼æ»…å‚¨é”ç†»å…˜', () => {
       |      ^
     13| 
     14|     test('æ´æ—€å¢½ç›å±½åçâ‚¬é¼æ»…å‚¨éªèˆµæ¨‰ç»€è™¹ç²¨é‹?, async ({ page }) => {

éˆ³îˆ—å¹†éˆ³îˆ—å¹†éˆ³îˆ—å¹†éˆ³îˆ—å¹†éˆ³îˆ—å¹†éˆ³îˆ—å¹†éˆ³îˆ—å¹†éˆ³îˆ—å¹†éˆ³îˆ—å¹†éˆ³îˆ—å¹†éˆ³îˆ—å¹†[32/78]éˆ³?[22m

 FAIL  src/features/approval/__tests__/approval-enhancements.test.ts > Approval Enhancements
Error: Failed query: insert into "tenants" ("id", "name", "code", "logo_url", "settings", "is_active", "created_at", "updated_at") values (default, $1, $2, default, default, default, default, default) returning "id", "name", "code", "logo_url", "settings", "is_active", "created_at", "updated_at"
params: Test Tenant 1768750593194,TEST_1768750593194
 é‰‚?[22m PostgresJsPreparedQuery.queryWithCache node_modules/.pnpm/drizzle-orm@0.45.1_@electri_14a3b3976a637d72e29a8b006d9c66f9/node_modules/drizzle-orm/pg-core/session.js:41:15
 é‰‚?[22m node_modules/.pnpm/drizzle-orm@0.45.1_@electri_14a3b3976a637d72e29a8b006d9c66f9/node_modules/drizzle-orm/postgres-js/session.js:37:20
 é‰‚?[22m src/features/approval/__tests__/approval-enhancements.test.ts:43:24
     41| 
     42|         // Setup Tenant and Users
     43|         const tenant = await db.insert(schema.tenants).values({
       |                        ^
     44|             name: 'Test Tenant ' + Date.now(),
     45|             code: 'TEST_' + Date.now(),

Caused by: PostgresError: database "l2c_test" does not exist
 é‰‚?[22m ErrorResponse node_modules/.pnpm/postgres@3.4.7/node_modules/postgres/src/connection.js:794:26
 é‰‚?[22m handle node_modules/.pnpm/postgres@3.4.7/node_modules/postgres/src/connection.js:480:6
 é‰‚?[22m Socket.data node_modules/.pnpm/postgres@3.4.7/node_modules/postgres/src/connection.js:315:9

éˆ³îˆ—å¹†éˆ³îˆ—å¹†éˆ³îˆ—å¹†éˆ³îˆ—å¹†éˆ³îˆ—å¹†éˆ³îˆ—å¹†éˆ³îˆ—å¹†éˆ³îˆ—å¹†éˆ³îˆ—å¹†éˆ³îˆ—å¹†éˆ³îˆ—å¹†éˆ³îˆ—å¹†éˆ³îˆ—å¹†éˆ³îˆ—å¹†éˆ³îˆ—å¹†
Serialized Error: { severity_local: 'FATAL', severity: 'FATAL', code: '3D000', file: 'postinit.c', routine: 'InitPostgres', query: undefined, parameters: undefined, args: [ 'Test Tenant 1768750593194', 'TEST_1768750593194' ], types: null }
éˆ³îˆ—å¹†éˆ³îˆ—å¹†éˆ³îˆ—å¹†éˆ³îˆ—å¹†éˆ³îˆ—å¹†éˆ³îˆ—å¹†éˆ³îˆ—å¹†éˆ³îˆ—å¹†éˆ³îˆ—å¹†éˆ³îˆ—å¹†éˆ³îˆ—å¹†[33/78]éˆ³?[22m

 FAIL  src/features/approval/__tests__/approval-flow.test.ts [ src/features/approval/__tests__/approval-flow.test.ts ]
Error:  DATABASE_URL is not defined
 é‰‚?[22m src/shared/api/db.ts:13:11
     11| 
     12| if (!connectionString) {
     13|     throw new Error(' DATABASE_URL is not defined');
       |           ^
     14| }
     15| 
 é‰‚?[22m src/features/approval/__tests__/approval-flow.test.ts:9:1

éˆ³îˆ—å¹†éˆ³îˆ—å¹†éˆ³îˆ—å¹†éˆ³îˆ—å¹†éˆ³îˆ—å¹†éˆ³îˆ—å¹†éˆ³îˆ—å¹†éˆ³îˆ—å¹†éˆ³îˆ—å¹†éˆ³îˆ—å¹†éˆ³îˆ—å¹†[34/78]éˆ³?[22m

 FAIL  src/features/approval/__tests__/approval-lifecycle.test.ts [ src/features/approval/__tests__/approval-lifecycle.test.ts ]
Error:  DATABASE_URL is not defined
 é‰‚?[22m src/shared/api/db.ts:13:11
     11| 
     12| if (!connectionString) {
     13|     throw new Error(' DATABASE_URL is not defined');
       |           ^
     14| }
     15| 
 é‰‚?[22m src/features/approval/__tests__/approval-lifecycle.test.ts:1:1

éˆ³îˆ—å¹†éˆ³îˆ—å¹†éˆ³îˆ—å¹†éˆ³îˆ—å¹†éˆ³îˆ—å¹†éˆ³îˆ—å¹†éˆ³îˆ—å¹†éˆ³îˆ—å¹†éˆ³îˆ—å¹†éˆ³îˆ—å¹†éˆ³îˆ—å¹†[35/78]éˆ³?[22m

 FAIL  src/features/quotes/__tests__/actions.test.ts [ src/features/quotes/__tests__/actions.test.ts ]
Error: No test found in suite src/features/quotes/__tests__/actions.test.ts
éˆ³îˆ—å¹†éˆ³îˆ—å¹†éˆ³îˆ—å¹†éˆ³îˆ—å¹†éˆ³îˆ—å¹†éˆ³îˆ—å¹†éˆ³îˆ—å¹†éˆ³îˆ—å¹†éˆ³îˆ—å¹†éˆ³îˆ—å¹†éˆ³îˆ—å¹†[36/78]éˆ³?[22m

 FAIL  src/features/quotes/__tests__/actions.test.ts > Quote Actions
Error: No test found in suite Quote Actions
éˆ³îˆ—å¹†éˆ³îˆ—å¹†éˆ³îˆ—å¹†éˆ³îˆ—å¹†éˆ³îˆ—å¹†éˆ³îˆ—å¹†éˆ³îˆ—å¹†éˆ³îˆ—å¹†éˆ³îˆ—å¹†éˆ³îˆ—å¹†éˆ³îˆ—å¹†[37/78]éˆ³?[22m

 FAIL  src/features/quotes/__tests__/aggregation.test.ts > Quote Bundle Aggregation
Error: Failed query: select "id", "tenant_id", "lead_no", "customer_name", "customer_phone", "customer_wechat", "address", "community", "house_type", "status", "intention_level", "channel_id", "channel_contact_id", "source_channel_id", "source_sub_id", "distribution_rule_id", "source_detail", "url_params", "referrer_name", "referrer_customer_id", "estimated_amount", "tags", "notes", "lost_reason", "external_id", "assigned_sales_id", "assigned_at", "last_activity_at", "next_followup_at", "next_followup_recommendation", "decoration_progress", "quoted_at", "visited_store_at", "won_at", "customer_id", "created_by", "created_at", "updated_at" from "leads" "leads" where "leads"."tenant_id" = $1 limit $2
params: 0b14e703-762d-49c0-abe8-8138c842908b,1
 é‰‚?[22m PostgresJsPreparedQuery.queryWithCache node_modules/.pnpm/drizzle-orm@0.45.1_@electri_14a3b3976a637d72e29a8b006d9c66f9/node_modules/drizzle-orm/pg-core/session.js:41:15
 é‰‚?[22m node_modules/.pnpm/drizzle-orm@0.45.1_@electri_14a3b3976a637d72e29a8b006d9c66f9/node_modules/drizzle-orm/postgres-js/session.js:37:20
 é‰‚?[22m src/features/quotes/__tests__/aggregation.test.ts:57:26
     55| 
     56|             // Get Lead
     57|             const lead = await db.query.leads.findFirst({
       |                          ^
     58|                 where: (l: { tenantId: string }, { eq }: { eq: (a: unkéˆ¥?     59|             });

Caused by: PostgresError: column "external_id" does not exist
 é‰‚?[22m ErrorResponse node_modules/.pnpm/postgres@3.4.7/node_modules/postgres/src/connection.js:794:26
 é‰‚?[22m handle node_modules/.pnpm/postgres@3.4.7/node_modules/postgres/src/connection.js:480:6
 é‰‚?[22m Socket.data node_modules/.pnpm/postgres@3.4.7/node_modules/postgres/src/connection.js:315:9

éˆ³îˆ—å¹†éˆ³îˆ—å¹†éˆ³îˆ—å¹†éˆ³îˆ—å¹†éˆ³îˆ—å¹†éˆ³îˆ—å¹†éˆ³îˆ—å¹†éˆ³îˆ—å¹†éˆ³îˆ—å¹†éˆ³îˆ—å¹†éˆ³îˆ—å¹†éˆ³îˆ—å¹†éˆ³îˆ—å¹†éˆ³îˆ—å¹†éˆ³îˆ—å¹†
Serialized Error: { severity_local: 'ERROR', severity: 'ERROR', code: '42703', position: '381', file: 'parse_relation.c', routine: 'errorMissingColumn', query: 'select "id", "tenant_id", "lead_no", "customer_name", "customer_phone", "customer_wechat", "address", "community", "house_type", "status", "intention_level", "channel_id", "channel_contact_id", "source_channel_id", "source_sub_id", "distribution_rule_id", "source_detail", "url_params", "referrer_name", "referrer_customer_id", "estimated_amount", "tags", "notes", "lost_reason", "external_id", "assigned_sales_id", "assigned_at", "last_activity_at", "next_followup_at", "next_followup_recommendation", "decoration_progress", "quoted_at", "visited_store_at", "won_at", "customer_id", "created_by", "created_at", "updated_at" from "leads" "leads" where "leads"."tenant_id" = $1 limit $2', parameters: [ '0b14e703-762d-49c0-abe8-8138c842908b', 1 ], args: [ '0b14e703-762d-49c0-abe8-8138c842908b', 1 ], types: [ +0, +0 ] }
éˆ³îˆ—å¹†éˆ³îˆ—å¹†éˆ³îˆ—å¹†éˆ³îˆ—å¹†éˆ³îˆ—å¹†éˆ³îˆ—å¹†éˆ³îˆ—å¹†éˆ³îˆ—å¹†éˆ³îˆ—å¹†éˆ³îˆ—å¹†éˆ³îˆ—å¹†[38/78]éˆ³?[22m

 FAIL  src/features/quotes/__tests__/quote-to-measure.test.ts [ src/features/quotes/__tests__/quote-to-measure.test.ts ]
Error: Failed to resolve import "../../actions/measure-actions" from "src/features/quotes/__tests__/quote-to-measure.test.ts". Does the file exist?
  Plugin: vite:import-analysis
  File: C:/Users/bigey/Documents/Antigravity/L2C/src/features/quotes/__tests__/quote-to-measure.test.ts:35:0
  18 |    generateDocNo: vi.fn().mockResolvedValue("MS-001")
  19 |  }));
  20 |  const __vi_import_0__ = await import("../../actions/measure-actions");
     |                                       ^
  21 |  import { describe, it, expect, vi, beforeEach } from "vitest";
  22 |  const mockDbInsert = vi.fn();
 é‰‚?[22m TransformPluginContext._formatLog node_modules/.pnpm/vite@7.3.0_@types+node@20.1_624f807ef5f716bedfb98ce665656766/node_modules/vite/dist/node/chunks/config.js:28998:43
 é‰‚?[22m TransformPluginContext.error node_modules/.pnpm/vite@7.3.0_@types+node@20.1_624f807ef5f716bedfb98ce665656766/node_modules/vite/dist/node/chunks/config.js:28995:14
 é‰‚?[22m normalizeUrl node_modules/.pnpm/vite@7.3.0_@types+node@20.1_624f807ef5f716bedfb98ce665656766/node_modules/vite/dist/node/chunks/config.js:27118:18
 é‰‚?[22m node_modules/.pnpm/vite@7.3.0_@types+node@20.1_624f807ef5f716bedfb98ce665656766/node_modules/vite/dist/node/chunks/config.js:27176:32
 é‰‚?[22m TransformPluginContext.transform node_modules/.pnpm/vite@7.3.0_@types+node@20.1_624f807ef5f716bedfb98ce665656766/node_modules/vite/dist/node/chunks/config.js:27144:4
 é‰‚?[22m EnvironmentPluginContainer.transform node_modules/.pnpm/vite@7.3.0_@types+node@20.1_624f807ef5f716bedfb98ce665656766/node_modules/vite/dist/node/chunks/config.js:28796:14
 é‰‚?[22m loadAndTransform node_modules/.pnpm/vite@7.3.0_@types+node@20.1_624f807ef5f716bedfb98ce665656766/node_modules/vite/dist/node/chunks/config.js:22669:26

éˆ³îˆ—å¹†éˆ³îˆ—å¹†éˆ³îˆ—å¹†éˆ³îˆ—å¹†éˆ³îˆ—å¹†éˆ³îˆ—å¹†éˆ³îˆ—å¹†éˆ³îˆ—å¹†éˆ³îˆ—å¹†éˆ³îˆ—å¹†éˆ³îˆ—å¹†[39/78]éˆ³?[22m

 FAIL  src/features/quotes/__tests__/workflow.test.ts [ src/features/quotes/__tests__/workflow.test.ts ]
Error:  DATABASE_URL is not defined
 é‰‚?[22m src/shared/api/db.ts:13:11
     11| 
     12| if (!connectionString) {
     13|     throw new Error(' DATABASE_URL is not defined');
       |           ^
     14| }
     15| 
 é‰‚?[22m src/features/quotes/__tests__/workflow.test.ts:2:1

éˆ³îˆ—å¹†éˆ³îˆ—å¹†éˆ³îˆ—å¹†éˆ³îˆ—å¹†éˆ³îˆ—å¹†éˆ³îˆ—å¹†éˆ³îˆ—å¹†éˆ³îˆ—å¹†éˆ³îˆ—å¹†éˆ³îˆ—å¹†éˆ³îˆ—å¹†[40/78]éˆ³?[22m

 FAIL  src/features/quotes/__tests__/integration/lifecycle.test.ts [ src/features/quotes/__tests__/integration/lifecycle.test.ts ]
Error: Cannot find module 'C:\Users\bigey\Documents\Antigravity\L2C\node_modules\.pnpm\next-auth@5.0.0-beta.30_nex_d98eb997d1a2c228127455d89bf97ada\node_modules\next\server' imported from C:\Users\bigey\Documents\Antigravity\L2C\node_modules\.pnpm\next-auth@5.0.0-beta.30_nex_d98eb997d1a2c228127455d89bf97ada\node_modules\next-auth\lib\env.js
Did you mean to import "next/server.js"?
éˆ³îˆ—å¹†éˆ³îˆ—å¹†éˆ³îˆ—å¹†éˆ³îˆ—å¹†éˆ³îˆ—å¹†éˆ³îˆ—å¹†éˆ³îˆ—å¹†éˆ³îˆ—å¹†éˆ³îˆ—å¹†éˆ³îˆ—å¹†éˆ³îˆ—å¹†[41/78]éˆ³?[22m

 FAIL  src/features/service/installation/__tests__/debug-db.test.ts [ src/features/service/installation/__tests__/debug-db.test.ts ]
Error:  DATABASE_URL is not defined
 é‰‚?[22m src/shared/api/db.ts:13:11
     11| 
     12| if (!connectionString) {
     13|     throw new Error(' DATABASE_URL is not defined');
       |           ^
     14| }
     15| 
 é‰‚?[22m src/features/service/installation/__tests__/debug-db.test.ts:3:1

éˆ³îˆ—å¹†éˆ³îˆ—å¹†éˆ³îˆ—å¹†éˆ³îˆ—å¹†éˆ³îˆ—å¹†éˆ³îˆ—å¹†éˆ³îˆ—å¹†éˆ³îˆ—å¹†éˆ³îˆ—å¹†éˆ³îˆ—å¹†éˆ³îˆ—å¹†[42/78]éˆ³?[22m

 FAIL  src/features/service/installation/__tests__/installation-flow.test.ts [ src/features/service/installation/__tests__/installation-flow.test.ts ]
Error:  DATABASE_URL is not defined
 é‰‚?[22m src/shared/api/db.ts:13:11
     11| 
     12| if (!connectionString) {
     13|     throw new Error(' DATABASE_URL is not defined');
       |           ^
     14| }
     15| 
 é‰‚?[22m src/features/service/installation/__tests__/installation-flow.test.ts:3:1

éˆ³îˆ—å¹†éˆ³îˆ—å¹†éˆ³îˆ—å¹†éˆ³îˆ—å¹†éˆ³îˆ—å¹†éˆ³îˆ—å¹†éˆ³îˆ—å¹†éˆ³îˆ—å¹†éˆ³îˆ—å¹†éˆ³îˆ—å¹†éˆ³îˆ—å¹†[43/78]éˆ³?[22m


éˆ³îˆ—å¹†éˆ³îˆ—å¹†éˆ³îˆ—å¹† Failed Tests 35 éˆ³îˆ—å¹†éˆ³îˆ—å¹†éˆ³îˆ—å¹†éˆ³?[39m

 FAIL  src/features/quotes/__tests__/risk-control.test.ts > Discount Risk Control > should detect low margin (Soft Stop)
AssertionError: expected 'è¤°æ’³å¢ é¶æ¨»å¢¸ (5.50é¶? æµ£åºç°¬éˆâ‚¬æµ£åº¢å§Œéµï½‰æªºé’?(8.00é¶?éŠ†? to contain 'æµ£åºç°¬éˆâ‚¬æµ£åº¢ç˜ºé’â•…æªºé’?

Expected: "æµ£åºç°¬éˆâ‚¬æµ£åº¢ç˜ºé’â•…æªºé’?
Received: "è¤°æ’³å¢ é¶æ¨»å¢¸ (5.50é¶? æµ£åºç°¬éˆâ‚¬æµ£åº¢å§Œéµï½‰æªºé’?(8.00é¶?éŠ†?

 é‰‚?[22m src/features/quotes/__tests__/risk-control.test.ts:53:34
     51|         expect(result.isRisk).toBe(true);
     52|         expect(result.hardStop).toBe(false);
     53|         expect(result.reason[0]).toContain('æµ£åºç°¬éˆâ‚¬æµ£åº¢ç˜ºé’â•…æªºé’?);
       |                                  ^
     54|     });
     55| 

éˆ³îˆ—å¹†éˆ³îˆ—å¹†éˆ³îˆ—å¹†éˆ³îˆ—å¹†éˆ³îˆ—å¹†éˆ³îˆ—å¹†éˆ³îˆ—å¹†éˆ³îˆ—å¹†éˆ³îˆ—å¹†éˆ³îˆ—å¹†éˆ³îˆ—å¹†[44/78]éˆ³?[22m

 FAIL  src/features/orders/__tests__/order-finance-flow.test.ts > Order & Finance Integration Flow > Scenario 1: Cash Order - Create, Deposit, Confirm Production
Error: Cannot convert quote with status ACTIVE. Only WON quotes can be converted.
 é‰‚?[22m Module.createOrderFromQuote src/features/orders/actions/orders.ts:61:15
     59|         return order;
     60|     } catch (e: any) {
     61|         throw new Error(e.message || 'Failed to create order');
       |               ^
     62|     }
     63| }
 é‰‚?[22m src/features/orders/__tests__/order-finance-flow.test.ts:115:24

éˆ³îˆ—å¹†éˆ³îˆ—å¹†éˆ³îˆ—å¹†éˆ³îˆ—å¹†éˆ³îˆ—å¹†éˆ³îˆ—å¹†éˆ³îˆ—å¹†éˆ³îˆ—å¹†éˆ³îˆ—å¹†éˆ³îˆ—å¹†éˆ³îˆ—å¹†[45/78]éˆ³?[22m

 FAIL  src/features/orders/__tests__/order-finance-flow.test.ts > Order & Finance Integration Flow > Scenario 2: Monthly Settlement - No Deposit Required
TypeError: __vi_import_0__.confirmOrderProduction is not a function
 é‰‚?[22m src/features/orders/__tests__/order-finance-flow.test.ts:199:37
    197| 
    198|         // Confirm Production - Should Succeed immediately
    199|         const confirmResult = await confirmOrderProduction({ orderId }éˆ¥?       |                                     ^
    200|         expect(confirmResult.success).toBe(true);
    201|     });

éˆ³îˆ—å¹†éˆ³îˆ—å¹†éˆ³îˆ—å¹†éˆ³îˆ—å¹†éˆ³îˆ—å¹†éˆ³îˆ—å¹†éˆ³îˆ—å¹†éˆ³îˆ—å¹†éˆ³îˆ—å¹†éˆ³îˆ—å¹†éˆ³îˆ—å¹†[46/78]éˆ³?[22m

 FAIL  src/features/orders/__tests__/status-sync.test.ts > refreshOrderStatus > should stay PENDING_PO if no POs exist (even if prioritized logic implies otherwise)
TypeError: __vi_import_0__.refreshOrderStatus is not a function
 é‰‚?[22m src/features/orders/__tests__/status-sync.test.ts:51:30
     49| 
     50|         // Execute
     51|         const result = await refreshOrderStatus('o1');
       |                              ^
     52| 
     53|         // Verify

éˆ³îˆ—å¹†éˆ³îˆ—å¹†éˆ³îˆ—å¹†éˆ³îˆ—å¹†éˆ³îˆ—å¹†éˆ³îˆ—å¹†éˆ³îˆ—å¹†éˆ³îˆ—å¹†éˆ³îˆ—å¹†éˆ³îˆ—å¹†éˆ³îˆ—å¹†[47/78]éˆ³?[22m

 FAIL  src/features/orders/__tests__/status-sync.test.ts > refreshOrderStatus > should promote to IN_PRODUCTION if any PO is ORDERED
TypeError: __vi_import_0__.refreshOrderStatus is not a function
 é‰‚?[22m src/features/orders/__tests__/status-sync.test.ts:74:30
     72|         (db.query.orders.findFirst as typeof vi.fn).mockResolvedValue(éˆ¥?     73| 
     74|         const result = await refreshOrderStatus('o1');
       |                              ^
     75| 
     76|         expect(result.newStatus).toBe('IN_PRODUCTION');

éˆ³îˆ—å¹†éˆ³îˆ—å¹†éˆ³îˆ—å¹†éˆ³îˆ—å¹†éˆ³îˆ—å¹†éˆ³îˆ—å¹†éˆ³îˆ—å¹†éˆ³îˆ—å¹†éˆ³îˆ—å¹†éˆ³îˆ—å¹†éˆ³îˆ—å¹†[48/78]éˆ³?[22m

 FAIL  src/features/orders/__tests__/status-sync.test.ts > refreshOrderStatus > should promote to PENDING_DELIVERY only when ALL POs are RECEIVED or COMPLETED
TypeError: __vi_import_0__.refreshOrderStatus is not a function
 é‰‚?[22m src/features/orders/__tests__/status-sync.test.ts:94:28
     92|         (db.query.orders.findFirst as typeof vi.fn).mockResolvedValueOéˆ¥?     93| 
     94|         let result = await refreshOrderStatus('o1');
       |                            ^
     95|         expect(result.status).toBe('IN_PRODUCTION'); // Unchanged
     96| 

éˆ³îˆ—å¹†éˆ³îˆ—å¹†éˆ³îˆ—å¹†éˆ³îˆ—å¹†éˆ³îˆ—å¹†éˆ³îˆ—å¹†éˆ³îˆ—å¹†éˆ³îˆ—å¹†éˆ³îˆ—å¹†éˆ³îˆ—å¹†éˆ³îˆ—å¹†[49/78]éˆ³?[22m

 FAIL  src/features/orders/__tests__/status-sync.test.ts > refreshOrderStatus > should stay SHIPPED/PENDING_INSTALL if tasks exist but not started
TypeError: __vi_import_0__.refreshOrderStatus is not a function
 é‰‚?[22m src/features/orders/__tests__/status-sync.test.ts:127:30
    125|         });
    126| 
    127|         const result = await refreshOrderStatus('o1');
       |                              ^
    128| 
    129|         // Logic says: if at SHIPPED and tasks exist, maintain PENDINGéˆ¥?
éˆ³îˆ—å¹†éˆ³îˆ—å¹†éˆ³îˆ—å¹†éˆ³îˆ—å¹†éˆ³îˆ—å¹†éˆ³îˆ—å¹†éˆ³îˆ—å¹†éˆ³îˆ—å¹†éˆ³îˆ—å¹†éˆ³îˆ—å¹†éˆ³îˆ—å¹†[50/78]éˆ³?[22m

 FAIL  src/features/orders/__tests__/status-sync.test.ts > refreshOrderStatus > should stay PENDING_INSTALL if any task is installing
TypeError: __vi_import_0__.refreshOrderStatus is not a function
 é‰‚?[22m src/features/orders/__tests__/status-sync.test.ts:144:30
    142|         });
    143| 
    144|         const result = await refreshOrderStatus('o1');
       |                              ^
    145|         expect(result.status).toBe('PENDING_INSTALL'); // Unchanged
    146|     });

éˆ³îˆ—å¹†éˆ³îˆ—å¹†éˆ³îˆ—å¹†éˆ³îˆ—å¹†éˆ³îˆ—å¹†éˆ³îˆ—å¹†éˆ³îˆ—å¹†éˆ³îˆ—å¹†éˆ³îˆ—å¹†éˆ³îˆ—å¹†éˆ³îˆ—å¹†[51/78]éˆ³?[22m

 FAIL  src/features/orders/__tests__/status-sync.test.ts > refreshOrderStatus > should promote to COMPLETED only when ALL tasks are COMPLETED
TypeError: __vi_import_0__.refreshOrderStatus is not a function
 é‰‚?[22m src/features/orders/__tests__/status-sync.test.ts:159:30
    157|         });
    158| 
    159|         const result = await refreshOrderStatus('o1');
       |                              ^
    160|         expect(result.newStatus).toBe('COMPLETED');
    161|     });

éˆ³îˆ—å¹†éˆ³îˆ—å¹†éˆ³îˆ—å¹†éˆ³îˆ—å¹†éˆ³îˆ—å¹†éˆ³îˆ—å¹†éˆ³îˆ—å¹†éˆ³îˆ—å¹†éˆ³îˆ—å¹†éˆ³îˆ—å¹†éˆ³îˆ—å¹†[52/78]éˆ³?[22m

 FAIL  src/features/supply-chain/__tests__/po-lifecycle.test.ts > PO Lifecycle > should create a PO in DRAFT status
AssertionError: expected false to be true // Object.is equality

- Expected
+ Received

- true
+ false

 é‰‚?[22m src/features/supply-chain/__tests__/po-lifecycle.test.ts:139:32
    137|         const result = await createPO(input);
    138| 
    139|         expect(result.success).toBe(true);
       |                                ^
    140|         expect(result.data).toHaveProperty('id', 'new-po-id');
    141|         expect(result.data!.status).toBe('DRAFT');

éˆ³îˆ—å¹†éˆ³îˆ—å¹†éˆ³îˆ—å¹†éˆ³îˆ—å¹†éˆ³îˆ—å¹†éˆ³îˆ—å¹†éˆ³îˆ—å¹†éˆ³îˆ—å¹†éˆ³îˆ—å¹†éˆ³îˆ—å¹†éˆ³îˆ—å¹†[53/78]éˆ³?[22m

 FAIL  src/features/supply-chain/__tests__/po-lifecycle.test.ts > PO Lifecycle > should receive PO and trigger AP creation
TypeError: __vite_ssr_import_0__.db.query.purchaseOrders.findMany is not a function
 é‰‚?[22m Function.updateOrderStatusByPOs src/services/po-status-aggregator.service.ts:9:51
      7| 
      8|     static async updateOrderStatusByPOs(orderId: string, tenantId: stréˆ¥?      9|         const pos = await db.query.purchaseOrders.findMany({
       |                                                   ^
     10|             where: eq(purchaseOrders.orderId, orderId)
     11|         });
 é‰‚?[22m src/features/supply-chain/actions/po-actions.ts:175:38
 é‰‚?[22m Object.<anonymous> src/features/supply-chain/__tests__/po-lifecycle.test.ts:174:20

éˆ³îˆ—å¹†éˆ³îˆ—å¹†éˆ³îˆ—å¹†éˆ³îˆ—å¹†éˆ³îˆ—å¹†éˆ³îˆ—å¹†éˆ³îˆ—å¹†éˆ³îˆ—å¹†éˆ³îˆ—å¹†éˆ³îˆ—å¹†éˆ³îˆ—å¹†[54/78]éˆ³?[22m

 FAIL  src/features/supply-chain/__tests__/po-lifecycle.test.ts > PO Lifecycle > should NOT receive PO if not in correct status
TypeError: __vite_ssr_import_0__.db.query.purchaseOrders.findMany is not a function
 é‰‚?[22m Function.updateOrderStatusByPOs src/services/po-status-aggregator.service.ts:9:51
      7| 
      8|     static async updateOrderStatusByPOs(orderId: string, tenantId: stréˆ¥?      9|         const pos = await db.query.purchaseOrders.findMany({
       |                                                   ^
     10|             where: eq(purchaseOrders.orderId, orderId)
     11|         });
 é‰‚?[22m src/features/supply-chain/actions/po-actions.ts:175:38
 é‰‚?[22m Object.<anonymous> src/features/supply-chain/__tests__/po-lifecycle.test.ts:214:20

éˆ³îˆ—å¹†éˆ³îˆ—å¹†éˆ³îˆ—å¹†éˆ³îˆ—å¹†éˆ³îˆ—å¹†éˆ³îˆ—å¹†éˆ³îˆ—å¹†éˆ³îˆ—å¹†éˆ³îˆ—å¹†éˆ³îˆ—å¹†éˆ³îˆ—å¹†[55/78]éˆ³?[22m

 FAIL  src/features/supply-chain/__tests__/processing-actions.test.ts > Processing Actions > createProcessingOrder > should create a processing order successfully
AssertionError: the given combination of arguments (undefined and string) is invalid for this assertion. You can use an array, a map, an object, a set, a string, or a weakset instead of a string
 é‰‚?[22m src/features/supply-chain/__tests__/processing-actions.test.ts:118:36
    116| 
    117|             expect(result.success).toBe(true);
    118|             expect(result.message).toContain('Processing order createdéˆ¥?       |                                    ^
    119|         });
    120|     });

éˆ³îˆ—å¹†éˆ³îˆ—å¹†éˆ³îˆ—å¹†éˆ³îˆ—å¹†éˆ³îˆ—å¹†éˆ³îˆ—å¹†éˆ³îˆ—å¹†éˆ³îˆ—å¹†éˆ³îˆ—å¹†éˆ³îˆ—å¹†éˆ³îˆ—å¹†[56/78]éˆ³?[22m

 FAIL  src/features/supply-chain/__tests__/processing-actions.test.ts > Processing Actions > getProcessingOrder > should get processing order successfully
TypeError: __vi_import_1__.getProcessingOrder is not a function
 é‰‚?[22m src/features/supply-chain/__tests__/processing-actions.test.ts:144:34
    142|             };
    143| 
    144|             const result = await getProcessingOrder(undefined, input);
       |                                  ^
    145| 
    146|             expect(result.success).toBe(true);

éˆ³îˆ—å¹†éˆ³îˆ—å¹†éˆ³îˆ—å¹†éˆ³îˆ—å¹†éˆ³îˆ—å¹†éˆ³îˆ—å¹†éˆ³îˆ—å¹†éˆ³îˆ—å¹†éˆ³îˆ—å¹†éˆ³îˆ—å¹†éˆ³îˆ—å¹†[57/78]éˆ³?[22m

 FAIL  src/features/orders/logic/__tests__/order-state-machine.test.ts > Order State Machine > Valid Transitions (Happy Path) > should allow transition from PENDING_PO to IN_PRODUCTION
 FAIL  src/features/orders/logic/__tests__/order-state-machine.test.ts > Order State Machine > Valid Transitions (Happy Path) > should allow transition from PENDING_DELIVERY to DISPATCHING
 FAIL  src/features/orders/logic/__tests__/order-state-machine.test.ts > Order State Machine > Valid Transitions (Happy Path) > should allow transition from DISPATCHING to SHIPPED
 FAIL  src/features/orders/logic/__tests__/order-state-machine.test.ts > Order State Machine > Valid Transitions (Happy Path) > should allow transition from SHIPPED to PENDING_INSTALL
 FAIL  src/features/orders/logic/__tests__/order-state-machine.test.ts > Order State Machine > Valid Transitions (Happy Path) > should allow transition from PENDING_INSTALL to COMPLETED
 FAIL  src/features/orders/logic/__tests__/order-state-machine.test.ts > Order State Machine > Valid Transitions (Happy Path) > should allow transition from COMPLETED to CLOSED
AssertionError: expected false to be true // Object.is equality

- Expected
+ Received

- true
+ false

 é‰‚?[22m src/features/orders/logic/__tests__/order-state-machine.test.ts:20:72
     18|         validFlows.forEach(({ from, to }) => {
     19|             it(`should allow transition from ${from} to ${to}`, () => {
     20|                 expect(OrderStateMachine.validateTransition(from, to))éˆ¥?       |                                                                        ^
     21|             });
     22|         });

éˆ³îˆ—å¹†éˆ³îˆ—å¹†éˆ³îˆ—å¹†éˆ³îˆ—å¹†éˆ³îˆ—å¹†éˆ³îˆ—å¹†éˆ³îˆ—å¹†éˆ³îˆ—å¹†éˆ³îˆ—å¹†éˆ³îˆ—å¹†éˆ³îˆ—å¹†[58/78]éˆ³?[22m

 FAIL  src/features/orders/logic/__tests__/order-state-machine.test.ts > Order State Machine > Invalid Transitions > should prevent skipping steps (PENDING_PO -> SHIPPED)
AssertionError: expected [Function] to throw an error

- Expected: 
null

+ Received: 
undefined

 é‰‚?[22m src/features/orders/logic/__tests__/order-state-machine.test.ts:27:89
     25|     describe('Invalid Transitions', () => {
     26|         it('should prevent skipping steps (PENDING_PO -> SHIPPED)', ()éˆ¥?     27|             expect(() => OrderStateMachine.validateTransition('PENDINGéˆ¥?       |                                                                                         ^
     28|         });
     29| 

éˆ³îˆ—å¹†éˆ³îˆ—å¹†éˆ³îˆ—å¹†éˆ³îˆ—å¹†éˆ³îˆ—å¹†éˆ³îˆ—å¹†éˆ³îˆ—å¹†éˆ³îˆ—å¹†éˆ³îˆ—å¹†éˆ³îˆ—å¹†éˆ³îˆ—å¹†[59/78]éˆ³?[22m

 FAIL  src/features/orders/logic/__tests__/order-state-machine.test.ts > Order State Machine > Invalid Transitions > should prevent reversing steps (SHIPPED -> IN_PRODUCTION)
AssertionError: expected [Function] to throw an error

- Expected: 
null

+ Received: 
undefined

 é‰‚?[22m src/features/orders/logic/__tests__/order-state-machine.test.ts:31:92
     29| 
     30|         it('should prevent reversing steps (SHIPPED -> IN_PRODUCTION)'éˆ¥?     31|             expect(() => OrderStateMachine.validateTransition('SHIPPEDéˆ¥?       |                                                                                            ^
     32|         });
     33| 

éˆ³îˆ—å¹†éˆ³îˆ—å¹†éˆ³îˆ—å¹†éˆ³îˆ—å¹†éˆ³îˆ—å¹†éˆ³îˆ—å¹†éˆ³îˆ—å¹†éˆ³îˆ—å¹†éˆ³îˆ—å¹†éˆ³îˆ—å¹†éˆ³îˆ—å¹†[60/78]éˆ³?[22m

 FAIL  src/features/orders/logic/__tests__/order-state-machine.test.ts > Order State Machine > Invalid Transitions > should prevent modifying CLOSED orders
AssertionError: expected [Function] to throw an error

- Expected: 
null

+ Received: 
undefined

 é‰‚?[22m src/features/orders/logic/__tests__/order-state-machine.test.ts:35:87
     33| 
     34|         it('should prevent modifying CLOSED orders', () => {
     35|             expect(() => OrderStateMachine.validateTransition('CLOSED'éˆ¥?       |                                                                                       ^
     36|         });
     37|     });

éˆ³îˆ—å¹†éˆ³îˆ—å¹†éˆ³îˆ—å¹†éˆ³îˆ—å¹†éˆ³îˆ—å¹†éˆ³îˆ—å¹†éˆ³îˆ—å¹†éˆ³îˆ—å¹†éˆ³îˆ—å¹†éˆ³îˆ—å¹†éˆ³îˆ—å¹†[61/78]éˆ³?[22m

 FAIL  src/features/orders/logic/__tests__/order-state-machine.test.ts > Order State Machine > Cancellation Logic > should NOT allow cancellation from COMPLETED
AssertionError: expected [Function] to throw an error

- Expected: 
null

+ Received: 
undefined

 é‰‚?[22m src/features/orders/logic/__tests__/order-state-machine.test.ts:52:90
     50|         it('should NOT allow cancellation from COMPLETED', () => {
     51|             expect(OrderStateMachine.canCancel('COMPLETED')).toBe(falséˆ¥?     52|             expect(() => OrderStateMachine.validateTransition('COMPLETéˆ¥?       |                                                                                          ^
     53|         });
     54| 

éˆ³îˆ—å¹†éˆ³îˆ—å¹†éˆ³îˆ—å¹†éˆ³îˆ—å¹†éˆ³îˆ—å¹†éˆ³îˆ—å¹†éˆ³îˆ—å¹†éˆ³îˆ—å¹†éˆ³îˆ—å¹†éˆ³îˆ—å¹†éˆ³îˆ—å¹†[62/78]éˆ³?[22m

 FAIL  src/features/orders/logic/__tests__/order-state-machine.test.ts > Order State Machine > Cancellation Logic > should NOT allow cancellation from CLOSED
AssertionError: expected true to be false // Object.is equality

- Expected
+ Received

- false
+ true

 é‰‚?[22m src/features/orders/logic/__tests__/order-state-machine.test.ts:56:59
     54| 
     55|         it('should NOT allow cancellation from CLOSED', () => {
     56|             expect(OrderStateMachine.canCancel('CLOSED')).toBe(false);
       |                                                           ^
     57|             expect(() => OrderStateMachine.validateTransition('CLOSED'éˆ¥?     58|         });

éˆ³îˆ—å¹†éˆ³îˆ—å¹†éˆ³îˆ—å¹†éˆ³îˆ—å¹†éˆ³îˆ—å¹†éˆ³îˆ—å¹†éˆ³îˆ—å¹†éˆ³îˆ—å¹†éˆ³îˆ—å¹†éˆ³îˆ—å¹†éˆ³îˆ—å¹†[63/78]éˆ³?[22m

 FAIL  src/features/quotes/calc-strategies/__tests__/wallpaper-strategy.test.ts > WallpaperStrategy > æ¾§æ¬ç«·ç’ï¼„ç•» (WALLCLOTH - é—ˆãˆ¢Ğç’ï¼„ç•») > æ´æ—€î„œçº­î†¿î…¸ç» æ¥€î•¾ç”¯å†®æ½°ç»‰?- é—æ›î•¾é—ˆ?AssertionError: expected 3.2 to be close to 9.28, received difference is 6.079999999999999, but expected 0.05
 é‰‚?[22m src/features/quotes/calc-strategies/__tests__/wallpaper-strategy.test.ts:120:34
    118|             // é¢ã„¦æ¡æ¥‚æ¨ºå®³ = 2.8 + 0.1 = 2.9m
    119|             // é—ˆãˆ¢Ğ = 3.2 è„³ 2.9 = 9.28 mè™
    120|             expect(result.usage).toBeCloseTo(9.28, 1);
       |                                  ^
    121|             expect(result.subtotal).toBeCloseTo(464, 0); // 9.28 è„³ 50
    122|         });

éˆ³îˆ—å¹†éˆ³îˆ—å¹†éˆ³îˆ—å¹†éˆ³îˆ—å¹†éˆ³îˆ—å¹†éˆ³îˆ—å¹†éˆ³îˆ—å¹†éˆ³îˆ—å¹†éˆ³îˆ—å¹†éˆ³îˆ—å¹†éˆ³îˆ—å¹†[64/78]éˆ³?[22m

 FAIL  src/features/quotes/calc-strategies/__tests__/wallpaper-strategy.test.ts > WallpaperStrategy > æ¾§æ¬ç«·ç’ï¼„ç•» (WALLCLOTH - é—ˆãˆ¢Ğç’ï¼„ç•») > æ´æ—€î„œçº­î†¿î…¸ç» æ¥€î˜¿æ¾§æ¬î†Œæ¾§æ¬ç«·é—ˆãˆ¢Ğ
AssertionError: expected 10.1 to be close to 29.29, received difference is 19.189999999999998, but expected 0.05
 é‰‚?[22m src/features/quotes/calc-strategies/__tests__/wallpaper-strategy.test.ts:143:34
    141|             // é¢ã„¦æ¡æ¥‚æ¨ºå®³ = 2.8 + 0.1 = 2.9m
    142|             // é—ˆãˆ¢Ğ = 10.1 è„³ 2.9 = 29.29 mè™
    143|             expect(result.usage).toBeCloseTo(29.29, 1);
       |                                  ^
    144|         });
    145| 

éˆ³îˆ—å¹†éˆ³îˆ—å¹†éˆ³îˆ—å¹†éˆ³îˆ—å¹†éˆ³îˆ—å¹†éˆ³îˆ—å¹†éˆ³îˆ—å¹†éˆ³îˆ—å¹†éˆ³îˆ—å¹†éˆ³îˆ—å¹†éˆ³îˆ—å¹†[65/78]éˆ³?[22m

 FAIL  src/features/quotes/calc-strategies/__tests__/wallpaper-strategy.test.ts > WallpaperStrategy > æ¾§æ¬ç«·ç’ï¼„ç•» (WALLCLOTH - é—ˆãˆ¢Ğç’ï¼„ç•») > æ´æ–¿æ¹ªæ¾§æ¬“ç®ç“’å‘°ç¹ƒéªå‘­î†”éƒè·ºå½‚é‘é¸¿î„Ÿé›?AssertionError: expected 'æ¾§æ¬ç«·æ¥‚æ¨ºå®³æ¶“å¶ˆå†»é”›æ°¶æ¸¶ 310cm (éšî‚£å´¯é‘°?, é—ˆãˆ¡æ¡éªå‘­î†” 280cm' to contain 'exceeds'

Expected: "exceeds"
Received: "æ¾§æ¬ç«·æ¥‚æ¨ºå®³æ¶“å¶ˆå†»é”›æ°¶æ¸¶ 310cm (éšî‚£å´¯é‘°?, é—ˆãˆ¡æ¡éªå‘­î†” 280cm"

 é‰‚?[22m src/features/quotes/calc-strategies/__tests__/wallpaper-strategy.test.ts:157:44
    155| 
    156|             expect(result.details.warning).toBeDefined();
    157|             expect(result.details.warning).toContain('exceeds');
       |                                            ^
    158|         });
    159|     });

éˆ³îˆ—å¹†éˆ³îˆ—å¹†éˆ³îˆ—å¹†éˆ³îˆ—å¹†éˆ³îˆ—å¹†éˆ³îˆ—å¹†éˆ³îˆ—å¹†éˆ³îˆ—å¹†éˆ³îˆ—å¹†éˆ³îˆ—å¹†éˆ³îˆ—å¹†[66/78]éˆ³?[22m

 FAIL  src/features/service/installation/__tests__/finance-integration.test.ts > Installation Finance Integration (AP Logic) > should create a labor AP record when installation is confirmed
AssertionError: expected false to be true // Object.is equality

- Expected
+ Received

- true
+ false

 é‰‚?[22m src/features/service/installation/__tests__/finance-integration.test.ts:93:32
     91| 
     92|         // 4. Assertions
     93|         expect(result.success).toBe(true);
       |                                ^
     94|         expect(mockDbInsert).toHaveBeenCalled();
     95|         // Check that insert was called with apStatements

éˆ³îˆ—å¹†éˆ³îˆ—å¹†éˆ³îˆ—å¹†éˆ³îˆ—å¹†éˆ³îˆ—å¹†éˆ³îˆ—å¹†éˆ³îˆ—å¹†éˆ³îˆ—å¹†éˆ³îˆ—å¹†éˆ³îˆ—å¹†éˆ³îˆ—å¹†[67/78]éˆ³?[22m

 FAIL  src/features/service/installation/__tests__/integration/checklist.test.ts > ç€¹å¤î—Šå¨“å‘­å´Ÿæ¥ å²ƒç˜‰å¨´å¬­ç˜¯ > updateInstallChecklistAction > æ´æ—‡î‡šé´æ„¬å§›æ·‡æ¿†ç“¨é–®ã„¥åç€¹å±¾åšé¨å‹¬ç«»é—?TypeError: __vi_import_1__.updateInstallChecklistAction is not a function
 é‰‚?[22m src/features/service/installation/__tests__/integration/checklist.test.ts:59:34
     57|             };
     58| 
     59|             const result = await updateInstallChecklistAction(mockDataéˆ¥?       |                                  ^
     60|                 session: {
     61|                     user: {

éˆ³îˆ—å¹†éˆ³îˆ—å¹†éˆ³îˆ—å¹†éˆ³îˆ—å¹†éˆ³îˆ—å¹†éˆ³îˆ—å¹†éˆ³îˆ—å¹†éˆ³îˆ—å¹†éˆ³îˆ—å¹†éˆ³îˆ—å¹†éˆ³îˆ—å¹†[68/78]éˆ³?[22m

 FAIL  src/features/service/installation/__tests__/integration/checklist.test.ts > ç€¹å¤î—Šå¨“å‘­å´Ÿæ¥ å²ƒç˜‰å¨´å¬­ç˜¯ > updateInstallChecklistAction > æ´æ—‡î‡šå§ï½‡â€˜ç’ï¼„ç•» allCompleted é˜èˆµâ‚¬?- éˆî„ç•¬é´?TypeError: __vi_import_1__.updateInstallChecklistAction is not a function
 é‰‚?[22m src/features/service/installation/__tests__/integration/checklist.test.ts:81:19
     79|             };
     80| 
     81|             await updateInstallChecklistAction(mockData, {
       |                   ^
     82|                 session: {
     83|                     user: {

éˆ³îˆ—å¹†éˆ³îˆ—å¹†éˆ³îˆ—å¹†éˆ³îˆ—å¹†éˆ³îˆ—å¹†éˆ³îˆ—å¹†éˆ³îˆ—å¹†éˆ³îˆ—å¹†éˆ³îˆ—å¹†éˆ³îˆ—å¹†éˆ³îˆ—å¹†[69/78]éˆ³?[22m

 FAIL  src/features/service/installation/__tests__/integration/checklist.test.ts > ç€¹å¤î—Šå¨“å‘­å´Ÿæ¥ å²ƒç˜‰å¨´å¬­ç˜¯ > updateInstallChecklistAction > æ´æ—‡î‡šå§ï½‡â€˜ç’ï¼„ç•» allCompleted é˜èˆµâ‚¬?- å®¸æ’ç•¬é´?TypeError: __vi_import_1__.updateInstallChecklistAction is not a function
 é‰‚?[22m src/features/service/installation/__tests__/integration/checklist.test.ts:104:19
    102|             };
    103| 
    104|             await updateInstallChecklistAction(mockData, {
       |                   ^
    105|                 session: {
    106|                     user: {

éˆ³îˆ—å¹†éˆ³îˆ—å¹†éˆ³îˆ—å¹†éˆ³îˆ—å¹†éˆ³îˆ—å¹†éˆ³îˆ—å¹†éˆ³îˆ—å¹†éˆ³îˆ—å¹†éˆ³îˆ—å¹†éˆ³îˆ—å¹†éˆ³îˆ—å¹†[70/78]éˆ³?[22m

 FAIL  src/features/service/installation/__tests__/integration/checklist.test.ts > ç€¹å¤î—Šå¨“å‘­å´Ÿæ¥ å²ƒç˜‰å¨´å¬­ç˜¯ > checkOutInstallTaskAction - Checklist æ¥ å²ƒç˜‰ > æ´æ—‡î‡šé—ƒç»˜î„›ç»›é¹ƒâ‚¬â‚¬ - è¤°æ’´ç«»é—æ›Ÿæ¹­ç€¹å±¾åšéƒ?AssertionError: expected true to be false // Object.is equality

- Expected
+ Received

- false
+ true

 é‰‚?[22m src/features/service/installation/__tests__/integration/checklist.test.ts:144:36
    142|             } as any);
    143| 
    144|             expect(result.success).toBe(false);
       |                                    ^
    145|             expect(result.error).toBe('ç’‡å³°å›ç€¹å±¾åšéµâ‚¬éˆå¤‹çˆ£é‘å——å¯²æµ£æ»€ç¬Ÿå¦«â‚¬éŒãƒ©ã€');
    146|         });

éˆ³îˆ—å¹†éˆ³îˆ—å¹†éˆ³îˆ—å¹†éˆ³îˆ—å¹†éˆ³îˆ—å¹†éˆ³îˆ—å¹†éˆ³îˆ—å¹†éˆ³îˆ—å¹†éˆ³îˆ—å¹†éˆ³îˆ—å¹†éˆ³îˆ—å¹†[71/78]éˆ³?[22m

 FAIL  src/features/service/installation/__tests__/integration/checklist.test.ts > ç€¹å¤î—Šå¨“å‘­å´Ÿæ¥ å²ƒç˜‰å¨´å¬­ç˜¯ > checkOutInstallTaskAction - Checklist æ¥ å²ƒç˜‰ > æ´æ—‡î‡šéä½½î†ç»›é¹ƒâ‚¬â‚¬ - è¤°æ’´ç«»é—æ›å‡¡ç€¹å±¾åšéƒ?AssertionError: expected undefined to be 'å®¸å‰å½æµœã‚…ç•¬å®¸ãƒ§æ•µç’‡å‡¤ç´å¯°å‘´æ”¢éî‡€ç™é€? // Object.is equality

- Expected: 
"å®¸å‰å½æµœã‚…ç•¬å®¸ãƒ§æ•µç’‡å‡¤ç´å¯°å‘´æ”¢éî‡€ç™é€?

+ Received: 
undefined

 é‰‚?[22m src/features/service/installation/__tests__/integration/checklist.test.ts:175:36
    173| 
    174|             expect(result.success).toBe(true);
    175|             expect(result.message).toBe('å®¸å‰å½æµœã‚…ç•¬å®¸ãƒ§æ•µç’‡å‡¤ç´å¯°å‘´æ”¢éî‡€ç™é€?);
       |                                    ^
    176|         });
    177| 

éˆ³îˆ—å¹†éˆ³îˆ—å¹†éˆ³îˆ—å¹†éˆ³îˆ—å¹†éˆ³îˆ—å¹†éˆ³îˆ—å¹†éˆ³îˆ—å¹†éˆ³îˆ—å¹†éˆ³îˆ—å¹†éˆ³îˆ—å¹†éˆ³îˆ—å¹†[72/78]éˆ³?[22m

 FAIL  src/features/service/installation/__tests__/integration/checklist.test.ts > ç€¹å¤î—Šå¨“å‘­å´Ÿæ¥ å²ƒç˜‰å¨´å¬­ç˜¯ > checkOutInstallTaskAction - Checklist æ¥ å²ƒç˜‰ > æ´æ—‡î‡šé—ƒç»˜î„›ç»›é¹ƒâ‚¬â‚¬ - è¤°æ’´ç«»é—æ›šç¬‰ç€›æ¨ºæ¹ªéƒ?AssertionError: expected true to be false // Object.is equality

- Expected
+ Received

- false
+ true

 é‰‚?[22m src/features/service/installation/__tests__/integration/checklist.test.ts:197:36
    195|             } as any);
    196| 
    197|             expect(result.success).toBe(false);
       |                                    ^
    198|             expect(result.error).toBe('ç’‡å³°å›ç€¹å±¾åšéµâ‚¬éˆå¤‹çˆ£é‘å——å¯²æµ£æ»€ç¬Ÿå¦«â‚¬éŒãƒ©ã€');
    199|         });

éˆ³îˆ—å¹†éˆ³îˆ—å¹†éˆ³îˆ—å¹†éˆ³îˆ—å¹†éˆ³îˆ—å¹†éˆ³îˆ—å¹†éˆ³îˆ—å¹†éˆ³îˆ—å¹†éˆ³îˆ—å¹†éˆ³îˆ—å¹†éˆ³îˆ—å¹†[73/78]éˆ³?[22m


[2m Test Files [22m [1m[31m51 failed[39m[22m[2m | [22m[1m[32m30 passed[39m[22m[2m | [22m[33m1 skipped[39m[90m (82)[39m
[2m      Tests [22m [1m[31m35 failed[39m[22m[2m | [22m[1m[32m90 passed[39m[22m[2m | [22m[33m6 skipped[39m[90m (131)[39m
[2m   Start at [22m 23:36:29
[2m   Duration [22m 12.66s[2m (transform 5.61s, setup 0ms, import 18.78s, tests 6.20s, environment 136.61s)[22m

éˆ¥å¡ƒLIFECYCLEéˆ¥?Command failed with exit code 1.
