seed-e2e.ts(130,48): error TS2769: No overload matches this call.
  Overload 1 of 2, '(value: { name: string | SQL<unknown> | Placeholder<string, any>; code: "ECONOMIC" | "COMFORT" | "LUXURY" | SQL<unknown> | Placeholder<string, any>; tenantId: string | ... 1 more ... | Placeholder<...>; ... 4 more ...; description?: string | ... 3 more ... | undefined; }): PgInsertBase<...>', gave the following error.
    Type 'string' is not assignable to type '"ECONOMIC" | "COMFORT" | "LUXURY" | SQL<unknown> | Placeholder<string, any>'.
  Overload 2 of 2, '(values: { name: string | SQL<unknown> | Placeholder<string, any>; code: "ECONOMIC" | "COMFORT" | "LUXURY" | SQL<unknown> | Placeholder<string, any>; tenantId: string | ... 1 more ... | Placeholder<...>; ... 4 more ...; description?: string | ... 3 more ... | undefined; }[]): PgInsertBase<...>', gave the following error.
    Object literal may only specify known properties, and 'tenantId' does not exist in type '{ name: string | SQL<unknown> | Placeholder<string, any>; code: "ECONOMIC" | "COMFORT" | "LUXURY" | SQL<unknown> | Placeholder<string, any>; tenantId: string | ... 1 more ... | Placeholder<...>; ... 4 more ...; description?: string | ... 3 more ... | undefined; }[]'.
src/app/(dashboard)/quotes/page.tsx(19,27): error TS2339: Property 'search' does not exist on type '{ page?: string | undefined; status?: string | undefined; }'.
src/app/(dashboard)/quotes/page.tsx(69,29): error TS2322: Type '{ totalAmount: string; status: "DRAFT" | "ACTIVE" | "LOCKED" | "EXPIRED"; id: string; createdAt: Date | null; updatedAt: Date | null; tenantId: string; deletedAt: Date | null; ... 18 more ...; lead: { ...; } | null; }[]' is not assignable to type 'Quote[]'.
  Type '{ totalAmount: string; status: "DRAFT" | "ACTIVE" | "LOCKED" | "EXPIRED"; id: string; createdAt: Date | null; updatedAt: Date | null; tenantId: string; deletedAt: Date | null; ... 18 more ...; lead: { ...; } | null; }' is not assignable to type 'Quote'.
    Types of property 'finalAmount' are incompatible.
      Type 'string | null' is not assignable to type 'string'.
        Type 'null' is not assignable to type 'string'.
src/app/(dashboard)/workbench/alerts/page.tsx(25,27): error TS2345: Argument of type 'ActionState<{ type: string; module: string; level: string; message: string; href: string; }[]>' is not assignable to parameter of type 'SetStateAction<any[]>'.
src/app/(dashboard)/workbench/notifications/page.tsx(20,30): error TS2345: Argument of type 'ActionState<{ link: string | null; id: string; createdAt: Date | null; tenantId: string; type: "INFO" | "SUCCESS" | "WARNING" | "ERROR" | null; content: string; userId: string; title: string; ... 4 more ...; wechatStatus: string | null; }[]>' is not assignable to parameter of type 'SetStateAction<any[]>'.
src/app/(dashboard)/workbench/page.tsx(34,26): error TS2345: Argument of type 'ActionState<TodoItem[]>' is not assignable to parameter of type 'SetStateAction<TodoItem[]>'.
src/app/(dashboard)/workbench/page.tsx(35,27): error TS2345: Argument of type 'ActionState<{ type: string; module: string; level: string; message: string; href: string; }[]>' is not assignable to parameter of type 'SetStateAction<any[]>'.
src/features/after-sales/components/ticket-list-table.tsx(39,79): error TS2322: Type 'string' is not assignable to type 'never'.
src/features/finance/ap/actions.ts(63,76): error TS2345: Argument of type '(data: { type: "SUPPLIER" | "LABOR"; targetId: string; periodStart: Date; periodEnd: Date; dryRun?: boolean | undefined; }, { session }: { session: Session; }) => Promise<{ success: true; data: { ...; }; } | { ...; } | { ...; }>' is not assignable to parameter of type 'ActionHandler<{ type: "SUPPLIER" | "LABOR"; targetId: string; periodStart: Date; periodEnd: Date; dryRun?: boolean | undefined; }, { id: string; statementNo: string; }>'.
  Type 'Promise<{ success: true; data: { id: string; statementNo: string; }; } | { success: true; data: { preview: { items: { sourceType: string; sourceId: string; sourceNo: string; amount: number; remark: string; }[]; totalAmount: number; }; }; error?: undefined; } | { ...; }>' is not assignable to type 'Promise<{ success: boolean; message?: string | undefined; data?: { id: string; statementNo: string; } | undefined; error?: string | undefined; }>'.
    Type '{ success: true; data: { id: string; statementNo: string; }; } | { success: true; data: { preview: { items: { sourceType: string; sourceId: string; sourceNo: string; amount: number; remark: string; }[]; totalAmount: number; }; }; error?: undefined; } | { ...; }' is not assignable to type '{ success: boolean; message?: string | undefined; data?: { id: string; statementNo: string; } | undefined; error?: string | undefined; }'.
      Type '{ success: true; data: { preview: { items: { sourceType: string; sourceId: string; sourceNo: string; amount: number; remark: string; }[]; totalAmount: number; }; }; error?: undefined; }' is not assignable to type '{ success: boolean; message?: string | undefined; data?: { id: string; statementNo: string; } | undefined; error?: string | undefined; }'.
        Types of property 'data' are incompatible.
          Type '{ preview: { items: { sourceType: string; sourceId: string; sourceNo: string; amount: number; remark: string; }[]; totalAmount: number; }; }' is missing the following properties from type '{ id: string; statementNo: string; }': id, statementNo
src/features/finance/ap/actions.ts(200,47): error TS2769: No overload matches this call.
  Overload 1 of 2, '(value: { sourceType: "OTHER" | SQL<unknown> | "PURCHASE_ORDER" | "INSTALL_TASK" | "MEASURE_TASK" | Placeholder<string, any>; statementId: string | SQL<unknown> | Placeholder<string, any>; ... 6 more ...; deductionReason?: string | ... 3 more ... | undefined; }): PgInsertBase<...>', gave the following error.
    Type 'string' is not assignable to type '"OTHER" | SQL<unknown> | "PURCHASE_ORDER" | "INSTALL_TASK" | "MEASURE_TASK" | Placeholder<string, any>'.
  Overload 2 of 2, '(values: { sourceType: "OTHER" | SQL<unknown> | "PURCHASE_ORDER" | "INSTALL_TASK" | "MEASURE_TASK" | Placeholder<string, any>; statementId: string | SQL<unknown> | Placeholder<string, any>; ... 6 more ...; deductionReason?: string | ... 3 more ... | undefined; }[]): PgInsertBase<...>', gave the following error.
    Object literal may only specify known properties, and 'statementId' does not exist in type '{ sourceType: "OTHER" | SQL<unknown> | "PURCHASE_ORDER" | "INSTALL_TASK" | "MEASURE_TASK" | Placeholder<string, any>; statementId: string | SQL<unknown> | Placeholder<string, any>; ... 6 more ...; deductionReason?: string | ... 3 more ... | undefined; }[]'.
src/features/leads/components/lead-filters.tsx(26,37): error TS2345: Argument of type 'Dispatch<SetStateAction<{ id: string; name: string; }[]>>' is not assignable to parameter of type '(value: ActionState<{ id: string; createdAt: Date | null; name: string; code: string; isActive: boolean | null; tenantId: string; }[]>) => void | PromiseLike<void>'.
  Types of parameters 'value' and 'value' are incompatible.
    Type 'ActionState<{ id: string; createdAt: Date | null; name: string; code: string; isActive: boolean | null; tenantId: string; }[]>' is not assignable to type 'SetStateAction<{ id: string; name: string; }[]>'.
src/features/leads/components/lead-form.tsx(123,26): error TS2554: Expected 0 arguments, but got 1.
src/features/leads/components/lead-form.tsx(125,26): error TS2554: Expected 0 arguments, but got 1.
src/features/monitoring/components/notification-bell.tsx(29,30): error TS2345: Argument of type 'ActionState<{ link: string | null; id: string; createdAt: Date | null; tenantId: string; type: "INFO" | "SUCCESS" | "WARNING" | "ERROR" | null; content: string; userId: string; title: string; ... 4 more ...; wechatStatus: string | null; }[]>' is not assignable to parameter of type 'SetStateAction<any[]>'.
src/features/monitoring/components/notification-bell.tsx(30,28): error TS2345: Argument of type 'ActionState<number>' is not assignable to parameter of type 'SetStateAction<number>'.
src/features/monitoring/notification-actions.ts(49,42): error TS2339: Property 'NOTIFICATION' does not exist on type '{ readonly GLOBAL: { readonly VIEW: "*"; }; readonly LEAD: { readonly VIEW: "lead.view"; readonly CREATE: "lead.create"; readonly EDIT: "lead.edit"; readonly DELETE: "lead.delete"; readonly ASSIGN: "lead.assign"; readonly TRANSFER: "lead.transfer"; readonly IMPORT: "lead.import"; readonly EXPORT: "lead.export"; }; ....'.
src/features/orders/__tests__/status-sync.test.ts(3,10): error TS2305: Module '"../actions"' has no exported member 'refreshOrderStatus'.
src/features/products/actions.ts(32,29): error TS2769: No overload matches this call.
  Overload 1 of 3, '(left: PgColumn<{ name: "category"; tableName: "products"; dataType: "string"; columnType: "PgEnumColumn"; data: "CURTAIN_FABRIC" | "CURTAIN_SHEER" | "CURTAIN_TRACK" | "CURTAIN_ACCESSORY" | "WALLCLOTH" | "WALLPANEL" | "WINDOWPAD" | "STANDARD" | "MOTOR"; ... 9 more ...; generated: undefined; }, {}, {}>, right: "CURTAIN_FABRIC" | ... 8 more ... | SQLWrapper): SQL<...>', gave the following error.
    Argument of type 'string' is not assignable to parameter of type '"CURTAIN_FABRIC" | "CURTAIN_SHEER" | "CURTAIN_TRACK" | "CURTAIN_ACCESSORY" | "WALLCLOTH" | "WALLPANEL" | "WINDOWPAD" | "STANDARD" | "MOTOR" | SQLWrapper'.
  Overload 2 of 3, '(left: Aliased<string>, right: string | SQLWrapper): SQL<unknown>', gave the following error.
    Argument of type 'PgColumn<{ name: "category"; tableName: "products"; dataType: "string"; columnType: "PgEnumColumn"; data: "CURTAIN_FABRIC" | "CURTAIN_SHEER" | "CURTAIN_TRACK" | "CURTAIN_ACCESSORY" | "WALLCLOTH" | "WALLPANEL" | "WINDOWPAD" | "STANDARD" | "MOTOR"; ... 9 more ...; generated: undefined; }, {}, {}>' is not assignable to parameter of type 'Aliased<string>'.
      Type 'PgColumn<{ name: "category"; tableName: "products"; dataType: "string"; columnType: "PgEnumColumn"; data: "CURTAIN_FABRIC" | "CURTAIN_SHEER" | "CURTAIN_TRACK" | "CURTAIN_ACCESSORY" | "WALLCLOTH" | "WALLPANEL" | "WINDOWPAD" | "STANDARD" | "MOTOR"; ... 9 more ...; generated: undefined; }, {}, {}>' is missing the following properties from type 'Aliased<string>': sql, fieldAlias
  Overload 3 of 3, '(left: never, right: unknown): SQL<unknown>', gave the following error.
    Argument of type 'PgColumn<{ name: "category"; tableName: "products"; dataType: "string"; columnType: "PgEnumColumn"; data: "CURTAIN_FABRIC" | "CURTAIN_SHEER" | "CURTAIN_TRACK" | "CURTAIN_ACCESSORY" | "WALLCLOTH" | "WALLPANEL" | "WINDOWPAD" | "STANDARD" | "MOTOR"; ... 9 more ...; generated: undefined; }, {}, {}>' is not assignable to parameter of type 'never'.
src/features/products/actions.ts(80,18): error TS2769: No overload matches this call.
  Overload 1 of 2, '(value: { name: string | SQL<unknown> | Placeholder<string, any>; tenantId: string | SQL<unknown> | Placeholder<string, any>; category: "CURTAIN_FABRIC" | ... 9 more ... | Placeholder<...>; ... 14 more ...; attributes?: unknown; }): PgInsertBase<...>', gave the following error.
    Argument of type '{ tenantId: string; sku: string; name: string; category: "CURTAIN_FABRIC" | "CURTAIN_SHEER" | "CURTAIN_TRACK" | "CURTAIN_ACCESSORY" | "WALLCLOTH" | "WALLPANEL" | "WINDOWPAD" | "STANDARD" | "MOTOR"; ... 8 more ...; safetyStock?: number | undefined; }' is not assignable to parameter of type '{ name: string | SQL<unknown> | Placeholder<string, any>; tenantId: string | SQL<unknown> | Placeholder<string, any>; category: "CURTAIN_FABRIC" | "CURTAIN_SHEER" | ... 8 more ... | Placeholder<...>; ... 14 more ...; attributes?: unknown; }'.
      Types of property 'basePrice' are incompatible.
        Type 'number' is not assignable to type 'string | SQL<unknown> | Placeholder<string, any>'.
  Overload 2 of 2, '(values: { name: string | SQL<unknown> | Placeholder<string, any>; tenantId: string | SQL<unknown> | Placeholder<string, any>; category: "CURTAIN_FABRIC" | ... 9 more ... | Placeholder<...>; ... 14 more ...; attributes?: unknown; }[]): PgInsertBase<...>', gave the following error.
    Object literal may only specify known properties, and 'tenantId' does not exist in type '{ name: string | SQL<unknown> | Placeholder<string, any>; tenantId: string | SQL<unknown> | Placeholder<string, any>; category: "CURTAIN_FABRIC" | "CURTAIN_SHEER" | ... 8 more ... | Placeholder<...>; ... 14 more ...; attributes?: unknown; }[]'.
src/features/products/actions.ts(144,22): error TS2345: Argument of type '{ name?: string | undefined; basePrice?: number | undefined; costPrice?: number | undefined; defaultSupplierId?: string | undefined; stockQuantity?: number | undefined; images?: string[] | undefined; attributes?: Record<...> | undefined; }' is not assignable to parameter of type '{ name?: string | SQL<unknown> | PgColumn<ColumnBaseConfig<ColumnDataType, string>, {}, {}> | undefined; tenantId?: string | SQL<unknown> | PgColumn<...> | undefined; ... 15 more ...; attributes?: unknown; }'.
  Types of property 'basePrice' are incompatible.
    Type 'number | undefined' is not assignable to type 'string | SQL<unknown> | PgColumn<ColumnBaseConfig<ColumnDataType, string>, {}, {}> | undefined'.
      Type 'number' is not assignable to type 'string | SQL<unknown> | PgColumn<ColumnBaseConfig<ColumnDataType, string>, {}, {}> | undefined'.
src/features/products/components/product-selector.tsx(83,33): error TS2345: Argument of type '{ id: string; name: string; isActive: boolean | null; createdAt: Date | null; updatedAt: Date | null; tenantId: string; deletedAt: Date | null; category: "CURTAIN_FABRIC" | ... 7 more ... | "MOTOR"; ... 9 more ...; attributes: unknown; }[]' is not assignable to parameter of type 'SetStateAction<Product[]>'.
  Type '{ id: string; name: string; isActive: boolean | null; createdAt: Date | null; updatedAt: Date | null; tenantId: string; deletedAt: Date | null; category: "CURTAIN_FABRIC" | ... 7 more ... | "MOTOR"; ... 9 more ...; attributes: unknown; }[]' is not assignable to type 'Product[]'.
    Type '{ id: string; name: string; isActive: boolean | null; createdAt: Date | null; updatedAt: Date | null; tenantId: string; deletedAt: Date | null; category: "CURTAIN_FABRIC" | ... 7 more ... | "MOTOR"; ... 9 more ...; attributes: unknown; }' is not assignable to type 'Product'.
      Types of property 'attributes' are incompatible.
        Type 'unknown' is not assignable to type 'Record<string, unknown>'.
src/features/quotes/components/quick-quote-dialog.tsx(114,47): error TS2339: Property 'id' does not exist on type 'ActionState<{ id: string; quoteId: string; quoteNo: string; }>'.
src/features/quotes/components/quote-to-order-button.tsx(33,46): error TS2339: Property 'id' does not exist on type 'ActionState<{ id: string; orderNo: string; }>'.
src/features/quotes/components/quote-to-order-button.tsx(34,48): error TS2339: Property 'orderNo' does not exist on type 'ActionState<{ id: string; orderNo: string; }>'.
src/features/quotes/components/quote-to-order-button.tsx(35,51): error TS2339: Property 'id' does not exist on type 'ActionState<{ id: string; orderNo: string; }>'.
src/features/search/components/global-search-command.tsx(47,28): error TS2345: Argument of type 'ActionState<SearchResult[]>' is not assignable to parameter of type 'SetStateAction<SearchResult[]>'.
src/features/service-delivery/actions/install-tasks.ts(102,36): error TS2339: Property 'roomName' does not exist on type '{ id: string; category: "CURTAIN_FABRIC" | "CURTAIN_SHEER" | "CURTAIN_TRACK" | "CURTAIN_ACCESSORY" | "WALLCLOTH" | "WALLPANEL" | "WINDOWPAD" | "STANDARD" | "MOTOR" | null; unitPrice: string; ... 17 more ...; subtotal: string; }'.
src/features/service-delivery/actions/measure-tasks.ts(39,19): error TS2554: Expected 2-3 arguments, but got 1.
src/features/service/installation/__tests__/install-tasks.test.ts(188,33): error TS2339: Property 'itemsCount' does not exist on type '{ orderId: string; category: "CURTAIN_FABRIC" | "CURTAIN_SHEER" | "CURTAIN_TRACK" | "CURTAIN_ACCESSORY" | "WALLCLOTH" | "WALLPANEL" | "WINDOWPAD" | "STANDARD" | "MOTOR" | null; ... 22 more ...; ratingComment: string | null; }'.
src/features/service/measurement/__tests__/sync-manager.test.ts(70,9): error TS2741: Property 'timestamp' is missing in type '{ lat: number; lng: number; address: string; }' but required in type '{ lat: number; lng: number; timestamp: string; address?: string | undefined; }'.
src/features/service/measurement/__tests__/sync-manager.test.ts(106,68): error TS2345: Argument of type '(mode: TransactionMode, stores: string | Table<any, any, any>, callback: string | Table<any, any, any>) => Promise<void>' is not assignable to parameter of type '(mode: TransactionMode, table: string | Table<any, any, any>, table2: string | Table<any, any, any>, table3: string | Table<any, any, any>, table5: string | Table<...>, scope: (trans: Transaction & { ...; }) => unknown) => PromiseExtended<...>'.
  Property 'timeout' is missing in type 'Promise<void>' but required in type 'PromiseExtended<unknown>'.
src/features/service/measurement/__tests__/sync-manager.test.ts(128,25): error TS2322: Type 'MockServerTask[]' is not assignable to type '{ id: string; leadId: string; createdAt: Date | null; status: "PENDING" | "DISPATCHING" | "PENDING_VISIT" | "PENDING_CONFIRM" | "COMPLETED" | "CANCELLED" | null; updatedAt: Date | null; ... 24 more ...; worker: { ...; } | null; }[]'.
  Type 'MockServerTask' is missing the following properties from type '{ id: string; leadId: string; createdAt: Date | null; status: "PENDING" | "DISPATCHING" | "PENDING_VISIT" | "PENDING_CONFIRM" | "COMPLETED" | "CANCELLED" | null; updatedAt: Date | null; ... 24 more ...; worker: { ...; } | null; }': status, updatedAt, remark, isActive, and 22 more.
src/features/service/measurement/__tests__/sync-manager.test.ts(141,68): error TS2345: Argument of type '(mode: TransactionMode, stores: string | Table<any, any, any>, callback: string | Table<any, any, any>) => Promise<void>' is not assignable to parameter of type '(mode: TransactionMode, table: string | Table<any, any, any>, table2: string | Table<any, any, any>, table3: string | Table<any, any, any>, table5: string | Table<...>, scope: (trans: Transaction & { ...; }) => unknown) => PromiseExtended<...>'.
  Property 'timeout' is missing in type 'Promise<void>' but required in type 'PromiseExtended<unknown>'.
src/features/service/measurement/__tests__/sync-manager.test.ts(186,41): error TS2353: Object literal may only specify known properties, and 'name' does not exist in type '{ type: "STRAIGHT" | "L_SHAPE" | "U_SHAPE" | "ARC"; width: number; height: number; photos: string[]; id?: string | undefined; widthA?: number | undefined; widthB?: number | undefined; widthC?: number | undefined; installHigh?: number | undefined; boxWidth?: number | undefined; boxDepth?: number | undefined; remark?:...'.
src/features/service/measurement/__tests__/sync-manager.test.ts(195,25): error TS2741: Property 'timestamp' is missing in type '{ lat: number; lng: number; address: string; }' but required in type '{ lat: number; lng: number; timestamp: string; address?: string | undefined; }'.
src/features/service/measurement/__tests__/sync-manager.test.ts(240,68): error TS2741: Property 'timestamp' is missing in type '{ lat: number; lng: number; address: string; }' but required in type '{ lat: number; lng: number; timestamp: string; address?: string | undefined; }'.
src/features/service/measurement/__tests__/sync-manager.test.ts(245,68): error TS2741: Property 'timestamp' is missing in type '{ lat: number; lng: number; address: string; }' but required in type '{ lat: number; lng: number; timestamp: string; address?: string | undefined; }'.
