src/app/(dashboard)/quotes/page.tsx(69,29): error TS2322: Type '{ totalAmount: string; status: "DRAFT" | "ACTIVE" | "LOCKED" | "EXPIRED"; id: string; createdAt: Date | null; updatedAt: Date | null; tenantId: string; deletedAt: Date | null; ... 18 more ...; lead: { ...; } | null; }[]' is not assignable to type 'Quote[]'.
  Type '{ totalAmount: string; status: "DRAFT" | "ACTIVE" | "LOCKED" | "EXPIRED"; id: string; createdAt: Date | null; updatedAt: Date | null; tenantId: string; deletedAt: Date | null; ... 18 more ...; lead: { ...; } | null; }' is not assignable to type 'Quote'.
    Types of property 'finalAmount' are incompatible.
      Type 'string | null' is not assignable to type 'string'.
        Type 'null' is not assignable to type 'string'.
src/app/(dashboard)/workbench/alerts/page.tsx(25,27): error TS2345: Argument of type 'ActionState<{ type: string; module: string; level: string; message: string; href: string; }[]>' is not assignable to parameter of type 'SetStateAction<any[]>'.
src/app/(dashboard)/workbench/notifications/page.tsx(20,30): error TS2345: Argument of type 'ActionState<{ link: string | null; id: string; createdAt: Date | null; tenantId: string; type: "INFO" | "SUCCESS" | "WARNING" | "ERROR" | null; content: string; userId: string; title: string; ... 4 more ...; wechatStatus: string | null; }[]>' is not assignable to parameter of type 'SetStateAction<any[]>'.
src/features/after-sales/components/ticket-list-table.tsx(42,23): error TS2322: Type 'string' is not assignable to type 'never'.
src/features/finance/ap/actions.ts(63,76): error TS2345: Argument of type '(data: { type: "SUPPLIER" | "LABOR"; targetId: string; periodStart: Date; periodEnd: Date; dryRun?: boolean | undefined; }, { session }: { session: Session; }) => Promise<{ success: true; data: { ...; }; } | { ...; } | { ...; }>' is not assignable to parameter of type 'ActionHandler<{ type: "SUPPLIER" | "LABOR"; targetId: string; periodStart: Date; periodEnd: Date; dryRun?: boolean | undefined; }, { id: string; statementNo: string; }>'.
  Type 'Promise<{ success: true; data: { id: string; statementNo: string; }; } | { success: true; data: { preview: { items: { sourceType: string; sourceId: string; sourceNo: string; amount: number; remark: string; }[]; totalAmount: number; }; }; error?: undefined; } | { ...; }>' is not assignable to type 'Promise<{ success: boolean; message?: string | undefined; data?: { id: string; statementNo: string; } | undefined; error?: string | undefined; }>'.
    Type '{ success: true; data: { id: string; statementNo: string; }; } | { success: true; data: { preview: { items: { sourceType: string; sourceId: string; sourceNo: string; amount: number; remark: string; }[]; totalAmount: number; }; }; error?: undefined; } | { ...; }' is not assignable to type '{ success: boolean; message?: string | undefined; data?: { id: string; statementNo: string; } | undefined; error?: string | undefined; }'.
      Type '{ success: true; data: { preview: { items: { sourceType: string; sourceId: string; sourceNo: string; amount: number; remark: string; }[]; totalAmount: number; }; }; error?: undefined; }' is not assignable to type '{ success: boolean; message?: string | undefined; data?: { id: string; statementNo: string; } | undefined; error?: string | undefined; }'.
        Types of property 'data' are incompatible.
          Type '{ preview: { items: { sourceType: string; sourceId: string; sourceNo: string; amount: number; remark: string; }[]; totalAmount: number; }; }' is missing the following properties from type '{ id: string; statementNo: string; }': id, statementNo
src/features/finance/ap/actions.ts(200,47): error TS2769: No overload matches this call.
  Overload 1 of 2, '(value: { sourceType: "OTHER" | SQL<unknown> | "PURCHASE_ORDER" | "INSTALL_TASK" | "MEASURE_TASK" | Placeholder<string, any>; statementId: string | SQL<unknown> | Placeholder<string, any>; ... 6 more ...; deductionReason?: string | ... 3 more ... | undefined; }): PgInsertBase<...>', gave the following error.
    Type 'string' is not assignable to type '"OTHER" | SQL<unknown> | "PURCHASE_ORDER" | "INSTALL_TASK" | "MEASURE_TASK" | Placeholder<string, any>'.
  Overload 2 of 2, '(values: { sourceType: "OTHER" | SQL<unknown> | "PURCHASE_ORDER" | "INSTALL_TASK" | "MEASURE_TASK" | Placeholder<string, any>; statementId: string | SQL<unknown> | Placeholder<string, any>; ... 6 more ...; deductionReason?: string | ... 3 more ... | undefined; }[]): PgInsertBase<...>', gave the following error.
    Object literal may only specify known properties, and 'statementId' does not exist in type '{ sourceType: "OTHER" | SQL<unknown> | "PURCHASE_ORDER" | "INSTALL_TASK" | "MEASURE_TASK" | Placeholder<string, any>; statementId: string | SQL<unknown> | Placeholder<string, any>; ... 6 more ...; deductionReason?: string | ... 3 more ... | undefined; }[]'.
src/features/leads/components/lead-form.tsx(123,26): error TS2554: Expected 0 arguments, but got 1.
src/features/leads/components/lead-form.tsx(125,26): error TS2554: Expected 0 arguments, but got 1.
src/features/monitoring/notification-actions.ts(49,42): error TS2339: Property 'NOTIFICATION' does not exist on type '{ readonly GLOBAL: { readonly VIEW: "*"; }; readonly LEAD: { readonly VIEW: "lead.view"; readonly CREATE: "lead.create"; readonly EDIT: "lead.edit"; readonly DELETE: "lead.delete"; readonly ASSIGN: "lead.assign"; readonly TRANSFER: "lead.transfer"; readonly IMPORT: "lead.import"; readonly EXPORT: "lead.export"; }; ....'.
src/features/orders/__tests__/status-sync.test.ts(3,10): error TS2305: Module '"../actions"' has no exported member 'refreshOrderStatus'.
src/features/products/actions.ts(80,18): error TS2769: No overload matches this call.
  Overload 1 of 2, '(value: { category: "CURTAIN_FABRIC" | "CURTAIN_SHEER" | "CURTAIN_TRACK" | "CURTAIN_ACCESSORY" | "WALLCLOTH" | "WALLPANEL" | "WINDOWPAD" | "STANDARD" | "MOTOR" | SQL<unknown> | Placeholder<string, any>; ... 16 more ...; attributes?: unknown; }): PgInsertBase<...>', gave the following error.
    Argument of type '{ tenantId: string; sku: string; name: string; category: "CURTAIN_FABRIC" | "CURTAIN_SHEER" | "CURTAIN_TRACK" | "CURTAIN_ACCESSORY" | "WALLCLOTH" | "WALLPANEL" | "WINDOWPAD" | "STANDARD" | "MOTOR"; ... 8 more ...; safetyStock?: number | undefined; }' is not assignable to parameter of type '{ category: "CURTAIN_FABRIC" | "CURTAIN_SHEER" | "CURTAIN_TRACK" | "CURTAIN_ACCESSORY" | "WALLCLOTH" | "WALLPANEL" | "WINDOWPAD" | "STANDARD" | "MOTOR" | SQL<unknown> | Placeholder<string, any>; ... 16 more ...; attributes?: unknown; }'.
      Types of property 'basePrice' are incompatible.
        Type 'number' is not assignable to type 'string | SQL<unknown> | Placeholder<string, any>'.
  Overload 2 of 2, '(values: { category: "CURTAIN_FABRIC" | "CURTAIN_SHEER" | "CURTAIN_TRACK" | "CURTAIN_ACCESSORY" | "WALLCLOTH" | "WALLPANEL" | "WINDOWPAD" | "STANDARD" | "MOTOR" | SQL<unknown> | Placeholder<string, any>; ... 16 more ...; attributes?: unknown; }[]): PgInsertBase<...>', gave the following error.
    Object literal may only specify known properties, and 'tenantId' does not exist in type '{ category: "CURTAIN_FABRIC" | "CURTAIN_SHEER" | "CURTAIN_TRACK" | "CURTAIN_ACCESSORY" | "WALLCLOTH" | "WALLPANEL" | "WINDOWPAD" | "STANDARD" | "MOTOR" | SQL<unknown> | Placeholder<string, any>; ... 16 more ...; attributes?: unknown; }[]'.
src/features/products/actions.ts(144,22): error TS2345: Argument of type '{ name?: string | undefined; basePrice?: number | undefined; costPrice?: number | undefined; defaultSupplierId?: string | undefined; stockQuantity?: number | undefined; images?: string[] | undefined; attributes?: Record<...> | undefined; }' is not assignable to parameter of type '{ category?: "CURTAIN_FABRIC" | "CURTAIN_SHEER" | "CURTAIN_TRACK" | "CURTAIN_ACCESSORY" | "WALLCLOTH" | "WALLPANEL" | "WINDOWPAD" | "STANDARD" | "MOTOR" | SQL<unknown> | PgColumn<ColumnBaseConfig<ColumnDataType, string>, {}, {}> | undefined; ... 16 more ...; attributes?: unknown; }'.
  Types of property 'basePrice' are incompatible.
    Type 'number | undefined' is not assignable to type 'string | SQL<unknown> | PgColumn<ColumnBaseConfig<ColumnDataType, string>, {}, {}> | undefined'.
      Type 'number' is not assignable to type 'string | SQL<unknown> | PgColumn<ColumnBaseConfig<ColumnDataType, string>, {}, {}> | undefined'.
